Using TensorFlow backend.
/home/rice/jmc32/anaconda2/envs/tensorflow-gpu/lib/python2.7/site-packages/keras/models.py:981: UserWarning: The `nb_epoch` argument in `fit` has been renamed `epochs`.
  warnings.warn('The `nb_epoch` argument in `fit` '
2018-06-29 20:31:42.716838: I tensorflow/core/platform/cpu_feature_guard.cc:140] Your CPU supports instructions that this TensorFlow binary was not compiled to use: SSE4.1 SSE4.2 AVX AVX2 FMA
2018-06-29 20:31:43.523550: I tensorflow/core/common_runtime/gpu/gpu_device.cc:1356] Found device 0 with properties: 
name: Tesla V100-PCIE-16GB major: 7 minor: 0 memoryClockRate(GHz): 1.38
pciBusID: 0000:05:00.0
totalMemory: 15.77GiB freeMemory: 15.36GiB
2018-06-29 20:31:44.019526: I tensorflow/core/common_runtime/gpu/gpu_device.cc:1356] Found device 1 with properties: 
name: Tesla V100-PCIE-16GB major: 7 minor: 0 memoryClockRate(GHz): 1.38
pciBusID: 0000:08:00.0
totalMemory: 15.77GiB freeMemory: 15.36GiB
2018-06-29 20:31:44.566261: I tensorflow/core/common_runtime/gpu/gpu_device.cc:1356] Found device 2 with properties: 
name: Tesla V100-PCIE-16GB major: 7 minor: 0 memoryClockRate(GHz): 1.38
pciBusID: 0000:0d:00.0
totalMemory: 15.77GiB freeMemory: 15.36GiB
2018-06-29 20:31:45.072666: I tensorflow/core/common_runtime/gpu/gpu_device.cc:1356] Found device 3 with properties: 
name: Tesla V100-PCIE-16GB major: 7 minor: 0 memoryClockRate(GHz): 1.38
pciBusID: 0000:13:00.0
totalMemory: 15.77GiB freeMemory: 15.36GiB
2018-06-29 20:31:45.578966: I tensorflow/core/common_runtime/gpu/gpu_device.cc:1356] Found device 4 with properties: 
name: Tesla V100-PCIE-16GB major: 7 minor: 0 memoryClockRate(GHz): 1.38
pciBusID: 0000:83:00.0
totalMemory: 15.77GiB freeMemory: 15.36GiB
2018-06-29 20:31:46.105357: I tensorflow/core/common_runtime/gpu/gpu_device.cc:1356] Found device 5 with properties: 
name: Tesla V100-PCIE-16GB major: 7 minor: 0 memoryClockRate(GHz): 1.38
pciBusID: 0000:89:00.0
totalMemory: 15.77GiB freeMemory: 15.36GiB
2018-06-29 20:31:46.636428: I tensorflow/core/common_runtime/gpu/gpu_device.cc:1356] Found device 6 with properties: 
name: Tesla V100-PCIE-16GB major: 7 minor: 0 memoryClockRate(GHz): 1.38
pciBusID: 0000:8e:00.0
totalMemory: 15.77GiB freeMemory: 15.36GiB
2018-06-29 20:31:47.168419: I tensorflow/core/common_runtime/gpu/gpu_device.cc:1356] Found device 7 with properties: 
name: Tesla V100-PCIE-16GB major: 7 minor: 0 memoryClockRate(GHz): 1.38
pciBusID: 0000:91:00.0
totalMemory: 15.77GiB freeMemory: 15.36GiB
2018-06-29 20:31:47.191532: I tensorflow/core/common_runtime/gpu/gpu_device.cc:1435] Adding visible gpu devices: 0, 1, 2, 3, 4, 5, 6, 7
2018-06-29 20:31:50.854139: I tensorflow/core/common_runtime/gpu/gpu_device.cc:923] Device interconnect StreamExecutor with strength 1 edge matrix:
2018-06-29 20:31:50.854487: I tensorflow/core/common_runtime/gpu/gpu_device.cc:929]      0 1 2 3 4 5 6 7 
2018-06-29 20:31:50.854503: I tensorflow/core/common_runtime/gpu/gpu_device.cc:942] 0:   N Y Y Y N N N N 
2018-06-29 20:31:50.854511: I tensorflow/core/common_runtime/gpu/gpu_device.cc:942] 1:   Y N Y Y N N N N 
2018-06-29 20:31:50.854518: I tensorflow/core/common_runtime/gpu/gpu_device.cc:942] 2:   Y Y N Y N N N N 
2018-06-29 20:31:50.854525: I tensorflow/core/common_runtime/gpu/gpu_device.cc:942] 3:   Y Y Y N N N N N 
2018-06-29 20:31:50.854532: I tensorflow/core/common_runtime/gpu/gpu_device.cc:942] 4:   N N N N N Y Y Y 
2018-06-29 20:31:50.854539: I tensorflow/core/common_runtime/gpu/gpu_device.cc:942] 5:   N N N N Y N Y Y 
2018-06-29 20:31:50.854546: I tensorflow/core/common_runtime/gpu/gpu_device.cc:942] 6:   N N N N Y Y N Y 
2018-06-29 20:31:50.854553: I tensorflow/core/common_runtime/gpu/gpu_device.cc:942] 7:   N N N N Y Y Y N 
2018-06-29 20:31:50.858061: I tensorflow/core/common_runtime/gpu/gpu_device.cc:1053] Created TensorFlow device (/job:localhost/replica:0/task:0/device:GPU:0 with 14867 MB memory) -> physical GPU (device: 0, name: Tesla V100-PCIE-16GB, pci bus id: 0000:05:00.0, compute capability: 7.0)
2018-06-29 20:31:51.034655: I tensorflow/core/common_runtime/gpu/gpu_device.cc:1053] Created TensorFlow device (/job:localhost/replica:0/task:0/device:GPU:1 with 14867 MB memory) -> physical GPU (device: 1, name: Tesla V100-PCIE-16GB, pci bus id: 0000:08:00.0, compute capability: 7.0)
2018-06-29 20:31:51.214211: I tensorflow/core/common_runtime/gpu/gpu_device.cc:1053] Created TensorFlow device (/job:localhost/replica:0/task:0/device:GPU:2 with 14867 MB memory) -> physical GPU (device: 2, name: Tesla V100-PCIE-16GB, pci bus id: 0000:0d:00.0, compute capability: 7.0)
2018-06-29 20:31:51.374573: I tensorflow/core/common_runtime/gpu/gpu_device.cc:1053] Created TensorFlow device (/job:localhost/replica:0/task:0/device:GPU:3 with 14867 MB memory) -> physical GPU (device: 3, name: Tesla V100-PCIE-16GB, pci bus id: 0000:13:00.0, compute capability: 7.0)
2018-06-29 20:31:51.543446: I tensorflow/core/common_runtime/gpu/gpu_device.cc:1053] Created TensorFlow device (/job:localhost/replica:0/task:0/device:GPU:4 with 14867 MB memory) -> physical GPU (device: 4, name: Tesla V100-PCIE-16GB, pci bus id: 0000:83:00.0, compute capability: 7.0)
2018-06-29 20:31:51.718296: I tensorflow/core/common_runtime/gpu/gpu_device.cc:1053] Created TensorFlow device (/job:localhost/replica:0/task:0/device:GPU:5 with 14867 MB memory) -> physical GPU (device: 5, name: Tesla V100-PCIE-16GB, pci bus id: 0000:89:00.0, compute capability: 7.0)
2018-06-29 20:31:51.903538: I tensorflow/core/common_runtime/gpu/gpu_device.cc:1053] Created TensorFlow device (/job:localhost/replica:0/task:0/device:GPU:6 with 14867 MB memory) -> physical GPU (device: 6, name: Tesla V100-PCIE-16GB, pci bus id: 0000:8e:00.0, compute capability: 7.0)
2018-06-29 20:31:52.086375: I tensorflow/core/common_runtime/gpu/gpu_device.cc:1053] Created TensorFlow device (/job:localhost/replica:0/task:0/device:GPU:7 with 14867 MB memory) -> physical GPU (device: 7, name: Tesla V100-PCIE-16GB, pci bus id: 0000:91:00.0, compute capability: 7.0)
MaxAbs

Epoch 1/337
 - 24s - loss: 0.2459 - acc: 0.8957
Epoch 2/337
 - 13s - loss: 0.1793 - acc: 0.9276
Epoch 3/337
 - 13s - loss: 0.1697 - acc: 0.9316
Epoch 4/337
 - 13s - loss: 0.1650 - acc: 0.9332
Epoch 5/337
 - 13s - loss: 0.1610 - acc: 0.9346
Epoch 6/337
 - 13s - loss: 0.1595 - acc: 0.9354
Epoch 7/337
 - 13s - loss: 0.1586 - acc: 0.9354
Epoch 8/337
 - 13s - loss: 0.1575 - acc: 0.9358
Epoch 9/337
 - 14s - loss: 0.1560 - acc: 0.9364
Epoch 10/337
 - 14s - loss: 0.1558 - acc: 0.9363
Epoch 11/337
 - 13s - loss: 0.1552 - acc: 0.9366
Epoch 12/337
 - 13s - loss: 0.1552 - acc: 0.9365
Epoch 13/337
 - 13s - loss: 0.1555 - acc: 0.9365
Epoch 14/337
 - 13s - loss: 0.1540 - acc: 0.9370
Epoch 15/337
 - 14s - loss: 0.1538 - acc: 0.9370
Epoch 16/337
 - 13s - loss: 0.1530 - acc: 0.9372
Epoch 17/337
 - 13s - loss: 0.1522 - acc: 0.9376
Epoch 18/337
 - 13s - loss: 0.1524 - acc: 0.9375
Epoch 19/337
 - 13s - loss: 0.1522 - acc: 0.9375
Epoch 20/337
 - 14s - loss: 0.1523 - acc: 0.9374
Epoch 21/337
 - 14s - loss: 0.1520 - acc: 0.9375
Epoch 22/337
 - 14s - loss: 0.1517 - acc: 0.9378
Epoch 23/337
 - 14s - loss: 0.1513 - acc: 0.9379
Epoch 24/337
 - 14s - loss: 0.1520 - acc: 0.9375
Epoch 25/337
 - 14s - loss: 0.1510 - acc: 0.9381
Epoch 26/337
 - 14s - loss: 0.1510 - acc: 0.9380
Epoch 27/337
 - 14s - loss: 0.1504 - acc: 0.9381
Epoch 28/337
 - 14s - loss: 0.1501 - acc: 0.9382
Epoch 29/337
 - 14s - loss: 0.1496 - acc: 0.9385
Epoch 30/337
 - 14s - loss: 0.1498 - acc: 0.9384
Epoch 31/337
 - 14s - loss: 0.1495 - acc: 0.9384
Epoch 32/337
 - 13s - loss: 0.1490 - acc: 0.9390
Epoch 33/337
 - 13s - loss: 0.1495 - acc: 0.9386
Epoch 34/337
 - 13s - loss: 0.1492 - acc: 0.9385
Epoch 35/337
 - 13s - loss: 0.1489 - acc: 0.9388
Epoch 36/337
 - 13s - loss: 0.1483 - acc: 0.9389
Epoch 37/337
 - 13s - loss: 0.1486 - acc: 0.9388
Epoch 38/337
 - 13s - loss: 0.1482 - acc: 0.9390
Epoch 39/337
 - 13s - loss: 0.1474 - acc: 0.9394
Epoch 40/337
 - 13s - loss: 0.1480 - acc: 0.9392
Epoch 41/337
 - 13s - loss: 0.1476 - acc: 0.9392
Epoch 42/337
 - 13s - loss: 0.1475 - acc: 0.9394
Epoch 43/337
 - 13s - loss: 0.1474 - acc: 0.9392
Epoch 44/337
 - 13s - loss: 0.1470 - acc: 0.9394
Epoch 45/337
 - 13s - loss: 0.1470 - acc: 0.9394
Epoch 46/337
 - 13s - loss: 0.1464 - acc: 0.9396
Epoch 47/337
 - 13s - loss: 0.1464 - acc: 0.9396
Epoch 48/337
 - 13s - loss: 0.1461 - acc: 0.9397
Epoch 49/337
 - 13s - loss: 0.1461 - acc: 0.9398
Epoch 50/337
 - 13s - loss: 0.1460 - acc: 0.9397
Epoch 51/337
 - 13s - loss: 0.1456 - acc: 0.9397
Epoch 52/337
 - 13s - loss: 0.1456 - acc: 0.9397
Epoch 53/337
 - 13s - loss: 0.1452 - acc: 0.9402
Epoch 54/337
 - 13s - loss: 0.1453 - acc: 0.9400
Epoch 55/337
 - 13s - loss: 0.1453 - acc: 0.9400
Epoch 56/337
 - 13s - loss: 0.1449 - acc: 0.9401
Epoch 57/337
 - 13s - loss: 0.1447 - acc: 0.9402
Epoch 58/337
 - 13s - loss: 0.1445 - acc: 0.9402
Epoch 59/337
 - 13s - loss: 0.1448 - acc: 0.9403
Epoch 60/337
 - 13s - loss: 0.1444 - acc: 0.9404
Epoch 61/337
 - 13s - loss: 0.1442 - acc: 0.9405
Epoch 62/337
 - 13s - loss: 0.1441 - acc: 0.9405
Epoch 63/337
 - 13s - loss: 0.1435 - acc: 0.9407
Epoch 64/337
 - 13s - loss: 0.1437 - acc: 0.9406
Epoch 65/337
 - 13s - loss: 0.1434 - acc: 0.9405
Epoch 66/337
 - 13s - loss: 0.1431 - acc: 0.9407
Epoch 67/337
 - 13s - loss: 0.1432 - acc: 0.9408
Epoch 68/337
 - 13s - loss: 0.1432 - acc: 0.9407
Epoch 69/337
 - 13s - loss: 0.1425 - acc: 0.9410
Epoch 70/337
 - 13s - loss: 0.1426 - acc: 0.9410
Epoch 71/337
 - 13s - loss: 0.1423 - acc: 0.9410
Epoch 72/337
 - 13s - loss: 0.1424 - acc: 0.9410
Epoch 73/337
 - 13s - loss: 0.1421 - acc: 0.9411
Epoch 74/337
 - 13s - loss: 0.1420 - acc: 0.9412
Epoch 75/337
 - 13s - loss: 0.1422 - acc: 0.9411
Epoch 76/337
 - 13s - loss: 0.1418 - acc: 0.9411
Epoch 77/337
 - 13s - loss: 0.1417 - acc: 0.9412
Epoch 78/337
 - 13s - loss: 0.1416 - acc: 0.9413
Epoch 79/337
 - 13s - loss: 0.1414 - acc: 0.9413
Epoch 80/337
 - 13s - loss: 0.1413 - acc: 0.9416
Epoch 81/337
 - 13s - loss: 0.1408 - acc: 0.9417
Epoch 82/337
 - 13s - loss: 0.1406 - acc: 0.9417
Epoch 83/337
 - 13s - loss: 0.1405 - acc: 0.9417
Epoch 84/337
 - 13s - loss: 0.1407 - acc: 0.9416
Epoch 85/337
 - 13s - loss: 0.1402 - acc: 0.9419
Epoch 86/337
 - 13s - loss: 0.1401 - acc: 0.9419
Epoch 87/337
 - 13s - loss: 0.1399 - acc: 0.9418
Epoch 88/337
 - 13s - loss: 0.1399 - acc: 0.9419
Epoch 89/337
 - 13s - loss: 0.1399 - acc: 0.9418
Epoch 90/337
 - 13s - loss: 0.1392 - acc: 0.9423
Epoch 91/337
 - 13s - loss: 0.1394 - acc: 0.9420
Epoch 92/337
 - 13s - loss: 0.1394 - acc: 0.9423
Epoch 93/337
 - 13s - loss: 0.1390 - acc: 0.9423
Epoch 94/337
 - 13s - loss: 0.1389 - acc: 0.9422
Epoch 95/337
 - 13s - loss: 0.1384 - acc: 0.9426
Epoch 96/337
 - 13s - loss: 0.1388 - acc: 0.9424
Epoch 97/337
 - 13s - loss: 0.1384 - acc: 0.9426
Epoch 98/337
 - 13s - loss: 0.1386 - acc: 0.9425
Epoch 99/337
 - 13s - loss: 0.1383 - acc: 0.9425
Epoch 100/337
 - 13s - loss: 0.1380 - acc: 0.9428
Epoch 101/337
 - 13s - loss: 0.1380 - acc: 0.9426
Epoch 102/337
 - 13s - loss: 0.1374 - acc: 0.9429
Epoch 103/337
 - 13s - loss: 0.1372 - acc: 0.9430
Epoch 104/337
 - 13s - loss: 0.1372 - acc: 0.9429
Epoch 105/337
 - 13s - loss: 0.1369 - acc: 0.9430
Epoch 106/337
 - 13s - loss: 0.1367 - acc: 0.9431
Epoch 107/337
 - 13s - loss: 0.1367 - acc: 0.9429
Epoch 108/337
 - 13s - loss: 0.1367 - acc: 0.9430
Epoch 109/337
 - 13s - loss: 0.1363 - acc: 0.9432
Epoch 110/337
 - 13s - loss: 0.1362 - acc: 0.9431
Epoch 111/337
 - 13s - loss: 0.1360 - acc: 0.9433
Epoch 112/337
 - 13s - loss: 0.1361 - acc: 0.9434
Epoch 113/337
 - 13s - loss: 0.1357 - acc: 0.9434
Epoch 114/337
 - 13s - loss: 0.1354 - acc: 0.9437
Epoch 115/337
 - 13s - loss: 0.1356 - acc: 0.9435
Epoch 116/337
 - 13s - loss: 0.1351 - acc: 0.9438
Epoch 117/337
 - 13s - loss: 0.1350 - acc: 0.9436
Epoch 118/337
 - 13s - loss: 0.1347 - acc: 0.9439
Epoch 119/337
 - 13s - loss: 0.1346 - acc: 0.9438
Epoch 120/337
 - 13s - loss: 0.1344 - acc: 0.9439
Epoch 121/337
 - 13s - loss: 0.1343 - acc: 0.9441
Epoch 122/337
 - 13s - loss: 0.1339 - acc: 0.9442
Epoch 123/337
 - 13s - loss: 0.1347 - acc: 0.9438
Epoch 124/337
 - 13s - loss: 0.1339 - acc: 0.9441
Epoch 125/337
 - 13s - loss: 0.1334 - acc: 0.9443
Epoch 126/337
 - 13s - loss: 0.1332 - acc: 0.9444
Epoch 127/337
 - 13s - loss: 0.1337 - acc: 0.9443
Epoch 128/337
 - 13s - loss: 0.1328 - acc: 0.9445
Epoch 129/337
 - 13s - loss: 0.1328 - acc: 0.9443
Epoch 130/337
 - 13s - loss: 0.1329 - acc: 0.9445
Epoch 131/337
 - 13s - loss: 0.1324 - acc: 0.9446
Epoch 132/337
 - 13s - loss: 0.1326 - acc: 0.9446
Epoch 133/337
 - 13s - loss: 0.1322 - acc: 0.9448
Epoch 134/337
 - 13s - loss: 0.1322 - acc: 0.9447
Epoch 135/337
 - 13s - loss: 0.1322 - acc: 0.9447
Epoch 136/337
 - 13s - loss: 0.1318 - acc: 0.9448
Epoch 137/337
 - 13s - loss: 0.1315 - acc: 0.9452
Epoch 138/337
 - 13s - loss: 0.1313 - acc: 0.9450
Epoch 139/337
 - 13s - loss: 0.1311 - acc: 0.9453
Epoch 140/337
 - 13s - loss: 0.1312 - acc: 0.9452
Epoch 141/337
 - 13s - loss: 0.1315 - acc: 0.9450
Epoch 142/337
 - 13s - loss: 0.1308 - acc: 0.9453
Epoch 143/337
 - 13s - loss: 0.1304 - acc: 0.9454
Epoch 144/337
 - 13s - loss: 0.1300 - acc: 0.9456
Epoch 145/337
 - 13s - loss: 0.1300 - acc: 0.9455
Epoch 146/337
 - 13s - loss: 0.1302 - acc: 0.9455
Epoch 147/337
 - 13s - loss: 0.1300 - acc: 0.9458
Epoch 148/337
 - 13s - loss: 0.1302 - acc: 0.9454
Epoch 149/337
 - 13s - loss: 0.1298 - acc: 0.9456
Epoch 150/337
 - 13s - loss: 0.1290 - acc: 0.9459
Epoch 151/337
 - 13s - loss: 0.1292 - acc: 0.9459
Epoch 152/337
 - 13s - loss: 0.1290 - acc: 0.9462
Epoch 153/337
 - 13s - loss: 0.1286 - acc: 0.9461
Epoch 154/337
 - 13s - loss: 0.1289 - acc: 0.9458
Epoch 155/337
 - 13s - loss: 0.1285 - acc: 0.9463
Epoch 156/337
 - 13s - loss: 0.1284 - acc: 0.9462
Epoch 157/337
 - 13s - loss: 0.1284 - acc: 0.9461
Epoch 158/337
 - 13s - loss: 0.1279 - acc: 0.9463
Epoch 159/337
 - 13s - loss: 0.1277 - acc: 0.9464
Epoch 160/337
 - 13s - loss: 0.1278 - acc: 0.9462
Epoch 161/337
 - 13s - loss: 0.1271 - acc: 0.9467
Epoch 162/337
 - 13s - loss: 0.1272 - acc: 0.9466
Epoch 163/337
 - 13s - loss: 0.1276 - acc: 0.9464
Epoch 164/337
 - 13s - loss: 0.1271 - acc: 0.9467
Epoch 165/337
 - 13s - loss: 0.1267 - acc: 0.9468
Epoch 166/337
 - 13s - loss: 0.1272 - acc: 0.9465
Epoch 167/337
 - 13s - loss: 0.1264 - acc: 0.9469
Epoch 168/337
 - 13s - loss: 0.1265 - acc: 0.9469
Epoch 169/337
 - 13s - loss: 0.1264 - acc: 0.9468
Epoch 170/337
 - 13s - loss: 0.1258 - acc: 0.9473
Epoch 171/337
 - 13s - loss: 0.1263 - acc: 0.9471
Epoch 172/337
 - 13s - loss: 0.1258 - acc: 0.9472
Epoch 173/337
 - 13s - loss: 0.1255 - acc: 0.9471
Epoch 174/337
 - 13s - loss: 0.1254 - acc: 0.9473
Epoch 175/337
 - 13s - loss: 0.1250 - acc: 0.9475
Epoch 176/337
 - 13s - loss: 0.1253 - acc: 0.9474
Epoch 177/337
 - 13s - loss: 0.1249 - acc: 0.9476
Epoch 178/337
 - 13s - loss: 0.1247 - acc: 0.9475
Epoch 179/337
 - 13s - loss: 0.1248 - acc: 0.9476
Epoch 180/337
 - 13s - loss: 0.1244 - acc: 0.9477
Epoch 181/337
 - 13s - loss: 0.1244 - acc: 0.9475
Epoch 182/337
 - 13s - loss: 0.1240 - acc: 0.9478
Epoch 183/337
 - 13s - loss: 0.1241 - acc: 0.9478
Epoch 184/337
 - 13s - loss: 0.1239 - acc: 0.9480
Epoch 185/337
 - 13s - loss: 0.1240 - acc: 0.9478
Epoch 186/337
 - 13s - loss: 0.1234 - acc: 0.9482
Epoch 187/337
 - 13s - loss: 0.1236 - acc: 0.9480
Epoch 188/337
 - 13s - loss: 0.1233 - acc: 0.9481
Epoch 189/337
 - 13s - loss: 0.1230 - acc: 0.9484
Epoch 190/337
 - 13s - loss: 0.1229 - acc: 0.9483
Epoch 191/337
 - 13s - loss: 0.1228 - acc: 0.9485
Epoch 192/337
 - 13s - loss: 0.1228 - acc: 0.9484
Epoch 193/337
 - 13s - loss: 0.1226 - acc: 0.9484
Epoch 194/337
 - 13s - loss: 0.1230 - acc: 0.9483
Epoch 195/337
 - 13s - loss: 0.1225 - acc: 0.9485
Epoch 196/337
 - 13s - loss: 0.1224 - acc: 0.9485
Epoch 197/337
 - 13s - loss: 0.1218 - acc: 0.9487
Epoch 198/337
 - 13s - loss: 0.1216 - acc: 0.9486
Epoch 199/337
 - 13s - loss: 0.1215 - acc: 0.9489
Epoch 200/337
 - 13s - loss: 0.1213 - acc: 0.9489
Epoch 201/337
 - 13s - loss: 0.1212 - acc: 0.9489
Epoch 202/337
 - 13s - loss: 0.1208 - acc: 0.9491
Epoch 203/337
 - 13s - loss: 0.1209 - acc: 0.9492
Epoch 204/337
 - 13s - loss: 0.1206 - acc: 0.9490
Epoch 205/337
 - 13s - loss: 0.1205 - acc: 0.9492
Epoch 206/337
 - 13s - loss: 0.1207 - acc: 0.9492
Epoch 207/337
 - 13s - loss: 0.1205 - acc: 0.9491
Epoch 208/337
 - 13s - loss: 0.1204 - acc: 0.9491
Epoch 209/337
 - 13s - loss: 0.1201 - acc: 0.9494
Epoch 210/337
 - 13s - loss: 0.1198 - acc: 0.9494
Epoch 211/337
 - 13s - loss: 0.1199 - acc: 0.9494
Epoch 212/337
 - 13s - loss: 0.1196 - acc: 0.9495
Epoch 213/337
 - 13s - loss: 0.1196 - acc: 0.9495
Epoch 214/337
 - 13s - loss: 0.1191 - acc: 0.9497
Epoch 215/337
 - 13s - loss: 0.1192 - acc: 0.9498
Epoch 216/337
 - 13s - loss: 0.1195 - acc: 0.9497
Epoch 217/337
 - 13s - loss: 0.1188 - acc: 0.9498
Epoch 218/337
 - 13s - loss: 0.1193 - acc: 0.9496
Epoch 219/337
 - 13s - loss: 0.1193 - acc: 0.9497
Epoch 220/337
 - 13s - loss: 0.1188 - acc: 0.9499
Epoch 221/337
 - 13s - loss: 0.1191 - acc: 0.9496
Epoch 222/337
 - 13s - loss: 0.1182 - acc: 0.9500
Epoch 223/337
 - 13s - loss: 0.1186 - acc: 0.9498
Epoch 224/337
 - 13s - loss: 0.1180 - acc: 0.9502
Epoch 225/337
 - 13s - loss: 0.1184 - acc: 0.9500
Epoch 226/337
 - 13s - loss: 0.1180 - acc: 0.9499
Epoch 227/337
 - 13s - loss: 0.1171 - acc: 0.9504
Epoch 228/337
 - 13s - loss: 0.1177 - acc: 0.9503
Epoch 229/337
 - 13s - loss: 0.1174 - acc: 0.9503
Epoch 230/337
 - 13s - loss: 0.1172 - acc: 0.9506
Epoch 231/337
 - 13s - loss: 0.1175 - acc: 0.9503
Epoch 232/337
 - 13s - loss: 0.1168 - acc: 0.9506
Epoch 233/337
 - 13s - loss: 0.1172 - acc: 0.9504
Epoch 234/337
 - 13s - loss: 0.1169 - acc: 0.9505
Epoch 235/337
 - 13s - loss: 0.1165 - acc: 0.9507
Epoch 236/337
 - 13s - loss: 0.1162 - acc: 0.9508
Epoch 237/337
 - 13s - loss: 0.1167 - acc: 0.9507
Epoch 238/337
 - 13s - loss: 0.1158 - acc: 0.9510
Epoch 239/337
 - 13s - loss: 0.1163 - acc: 0.9506
Epoch 240/337
 - 13s - loss: 0.1158 - acc: 0.9510
Epoch 241/337
 - 13s - loss: 0.1160 - acc: 0.9510
Epoch 242/337
 - 13s - loss: 0.1155 - acc: 0.9512
Epoch 243/337
 - 13s - loss: 0.1154 - acc: 0.9512
Epoch 244/337
 - 13s - loss: 0.1156 - acc: 0.9512
Epoch 245/337
 - 13s - loss: 0.1156 - acc: 0.9512
Epoch 246/337
 - 13s - loss: 0.1158 - acc: 0.9510
Epoch 247/337
 - 13s - loss: 0.1146 - acc: 0.9513
Epoch 248/337
 - 13s - loss: 0.1145 - acc: 0.9515
Epoch 249/337
 - 13s - loss: 0.1146 - acc: 0.9514
Epoch 250/337
 - 13s - loss: 0.1140 - acc: 0.9517
Epoch 251/337
 - 13s - loss: 0.1147 - acc: 0.9515
Epoch 252/337
 - 13s - loss: 0.1151 - acc: 0.9513
Epoch 253/337
 - 13s - loss: 0.1145 - acc: 0.9514
Epoch 254/337
 - 13s - loss: 0.1138 - acc: 0.9518
Epoch 255/337
 - 13s - loss: 0.1144 - acc: 0.9515
Epoch 256/337
 - 13s - loss: 0.1145 - acc: 0.9514
Epoch 257/337
 - 13s - loss: 0.1136 - acc: 0.9518
Epoch 258/337
 - 13s - loss: 0.1140 - acc: 0.9518
Epoch 259/337
 - 13s - loss: 0.1134 - acc: 0.9520
Epoch 260/337
 - 13s - loss: 0.1134 - acc: 0.9518
Epoch 261/337
 - 13s - loss: 0.1134 - acc: 0.9519
Epoch 262/337
 - 13s - loss: 0.1136 - acc: 0.9519
Epoch 263/337
 - 13s - loss: 0.1128 - acc: 0.9522
Epoch 264/337
 - 13s - loss: 0.1128 - acc: 0.9523
Epoch 265/337
 - 13s - loss: 0.1130 - acc: 0.9521
Epoch 266/337
 - 13s - loss: 0.1120 - acc: 0.9525
Epoch 267/337
 - 13s - loss: 0.1130 - acc: 0.9520
Epoch 268/337
 - 13s - loss: 0.1123 - acc: 0.9524
Epoch 269/337
 - 13s - loss: 0.1121 - acc: 0.9525
Epoch 270/337
 - 13s - loss: 0.1124 - acc: 0.9524
Epoch 271/337
 - 13s - loss: 0.1127 - acc: 0.9523
Epoch 272/337
 - 13s - loss: 0.1123 - acc: 0.9524
Epoch 273/337
 - 13s - loss: 0.1117 - acc: 0.9526
Epoch 274/337
 - 13s - loss: 0.1111 - acc: 0.9528
Epoch 275/337
 - 13s - loss: 0.1115 - acc: 0.9526
Epoch 276/337
 - 13s - loss: 0.1112 - acc: 0.9528
Epoch 277/337
 - 13s - loss: 0.1113 - acc: 0.9528
Epoch 278/337
 - 13s - loss: 0.1119 - acc: 0.9525
Epoch 279/337
 - 13s - loss: 0.1123 - acc: 0.9524
Epoch 280/337
 - 13s - loss: 0.1108 - acc: 0.9530
Epoch 281/337
 - 13s - loss: 0.1110 - acc: 0.9528
Epoch 282/337
 - 13s - loss: 0.1109 - acc: 0.9528
Epoch 283/337
 - 13s - loss: 0.1112 - acc: 0.9529
Epoch 284/337
 - 13s - loss: 0.1116 - acc: 0.9526
Epoch 285/337
 - 13s - loss: 0.1111 - acc: 0.9528
Epoch 286/337
 - 13s - loss: 0.1104 - acc: 0.9530
Epoch 287/337
 - 13s - loss: 0.1102 - acc: 0.9533
Epoch 288/337
 - 13s - loss: 0.1099 - acc: 0.9530
Epoch 289/337
 - 13s - loss: 0.1096 - acc: 0.9533
Epoch 290/337
 - 13s - loss: 0.1093 - acc: 0.9536
Epoch 291/337
 - 13s - loss: 0.1099 - acc: 0.9533
Epoch 292/337
 - 13s - loss: 0.1098 - acc: 0.9533
Epoch 293/337
 - 13s - loss: 0.1095 - acc: 0.9535
Epoch 294/337
 - 13s - loss: 0.1090 - acc: 0.9537
Epoch 295/337
 - 13s - loss: 0.1098 - acc: 0.9533
Epoch 296/337
 - 13s - loss: 0.1087 - acc: 0.9537
Epoch 297/337
 - 13s - loss: 0.1096 - acc: 0.9534
Epoch 298/337
 - 13s - loss: 0.1091 - acc: 0.9536
Epoch 299/337
 - 13s - loss: 0.1089 - acc: 0.9538
Epoch 300/337
 - 13s - loss: 0.1097 - acc: 0.9535
Epoch 301/337
 - 13s - loss: 0.1086 - acc: 0.9540
Epoch 302/337
 - 13s - loss: 0.1082 - acc: 0.9541
Epoch 303/337
 - 13s - loss: 0.1083 - acc: 0.9537
Epoch 304/337
 - 13s - loss: 0.1085 - acc: 0.9540
Epoch 305/337
 - 13s - loss: 0.1089 - acc: 0.9537
Epoch 306/337
 - 13s - loss: 0.1086 - acc: 0.9539
Epoch 307/337
 - 13s - loss: 0.1082 - acc: 0.9541
Epoch 308/337
 - 13s - loss: 0.1078 - acc: 0.9541
Epoch 309/337
 - 13s - loss: 0.1086 - acc: 0.9536
Epoch 310/337
 - 13s - loss: 0.1082 - acc: 0.9541
Epoch 311/337
 - 13s - loss: 0.1077 - acc: 0.9543
Epoch 312/337
 - 13s - loss: 0.1082 - acc: 0.9540
Epoch 313/337
 - 13s - loss: 0.1078 - acc: 0.9542
Epoch 314/337
 - 13s - loss: 0.1078 - acc: 0.9542
Epoch 315/337
 - 13s - loss: 0.1078 - acc: 0.9542
Epoch 316/337
 - 13s - loss: 0.1066 - acc: 0.9543
Epoch 317/337
 - 13s - loss: 0.1068 - acc: 0.9546
Epoch 318/337
 - 13s - loss: 0.1068 - acc: 0.9545
Epoch 319/337
 - 13s - loss: 0.1073 - acc: 0.9543
Epoch 320/337
 - 13s - loss: 0.1063 - acc: 0.9547
Epoch 321/337
 - 13s - loss: 0.1066 - acc: 0.9545
Epoch 322/337
 - 13s - loss: 0.1067 - acc: 0.9547
Epoch 323/337
 - 13s - loss: 0.1066 - acc: 0.9547
Epoch 324/337
 - 13s - loss: 0.1066 - acc: 0.9545
Epoch 325/337
 - 13s - loss: 0.1071 - acc: 0.9545
Epoch 326/337
 - 13s - loss: 0.1069 - acc: 0.9544
Epoch 327/337
 - 13s - loss: 0.1059 - acc: 0.9546
Epoch 328/337
 - 13s - loss: 0.1058 - acc: 0.9550
Epoch 329/337
 - 13s - loss: 0.1063 - acc: 0.9547
Epoch 330/337
 - 13s - loss: 0.1054 - acc: 0.9552
Epoch 331/337
 - 13s - loss: 0.1060 - acc: 0.9549
Epoch 332/337
 - 13s - loss: 0.1061 - acc: 0.9549
Epoch 333/337
 - 13s - loss: 0.1053 - acc: 0.9552
Epoch 334/337
 - 13s - loss: 0.1056 - acc: 0.9551
Epoch 335/337
 - 13s - loss: 0.1059 - acc: 0.9550
Epoch 336/337
 - 13s - loss: 0.1058 - acc: 0.9550
Epoch 337/337
 - 13s - loss: 0.1054 - acc: 0.9552


AUC: 0.931614
Done
('True negative total is ', 40711, 'out of', 100000)
('True positive total is ', 52398)
('False negative total is ', 4091)
('False positive total is ', 2800)
('Any missed ones? ', 0)
