Using TensorFlow backend.
/home/rice/jmc32/anaconda2/envs/tensorflow-gpu/lib/python2.7/site-packages/keras/models.py:981: UserWarning: The `nb_epoch` argument in `fit` has been renamed `epochs`.
  warnings.warn('The `nb_epoch` argument in `fit` '
2018-07-18 16:47:45.757283: I tensorflow/core/platform/cpu_feature_guard.cc:140] Your CPU supports instructions that this TensorFlow binary was not compiled to use: SSE4.1 SSE4.2 AVX AVX2 FMA
2018-07-18 16:47:46.227928: I tensorflow/core/common_runtime/gpu/gpu_device.cc:1356] Found device 0 with properties: 
name: Tesla P100-PCIE-16GB major: 6 minor: 0 memoryClockRate(GHz): 1.3285
pciBusID: 0000:05:00.0
totalMemory: 15.90GiB freeMemory: 15.61GiB
2018-07-18 16:47:46.471534: I tensorflow/core/common_runtime/gpu/gpu_device.cc:1356] Found device 1 with properties: 
name: Tesla P100-PCIE-16GB major: 6 minor: 0 memoryClockRate(GHz): 1.3285
pciBusID: 0000:06:00.0
totalMemory: 15.90GiB freeMemory: 15.61GiB
2018-07-18 16:47:46.741774: I tensorflow/core/common_runtime/gpu/gpu_device.cc:1356] Found device 2 with properties: 
name: Tesla P100-PCIE-16GB major: 6 minor: 0 memoryClockRate(GHz): 1.3285
pciBusID: 0000:0d:00.0
totalMemory: 15.90GiB freeMemory: 15.61GiB
2018-07-18 16:47:47.025691: I tensorflow/core/common_runtime/gpu/gpu_device.cc:1356] Found device 3 with properties: 
name: Tesla P100-PCIE-16GB major: 6 minor: 0 memoryClockRate(GHz): 1.3285
pciBusID: 0000:0e:00.0
totalMemory: 15.90GiB freeMemory: 15.61GiB
2018-07-18 16:47:47.040070: I tensorflow/core/common_runtime/gpu/gpu_device.cc:1435] Adding visible gpu devices: 0, 1, 2, 3
2018-07-18 16:47:52.247113: I tensorflow/core/common_runtime/gpu/gpu_device.cc:923] Device interconnect StreamExecutor with strength 1 edge matrix:
2018-07-18 16:47:52.247566: I tensorflow/core/common_runtime/gpu/gpu_device.cc:929]      0 1 2 3 
2018-07-18 16:47:52.247585: I tensorflow/core/common_runtime/gpu/gpu_device.cc:942] 0:   N Y Y Y 
2018-07-18 16:47:52.247592: I tensorflow/core/common_runtime/gpu/gpu_device.cc:942] 1:   Y N Y Y 
2018-07-18 16:47:52.247598: I tensorflow/core/common_runtime/gpu/gpu_device.cc:942] 2:   Y Y N Y 
2018-07-18 16:47:52.247603: I tensorflow/core/common_runtime/gpu/gpu_device.cc:942] 3:   Y Y Y N 
2018-07-18 16:47:52.249226: I tensorflow/core/common_runtime/gpu/gpu_device.cc:1053] Created TensorFlow device (/job:localhost/replica:0/task:0/device:GPU:0 with 15135 MB memory) -> physical GPU (device: 0, name: Tesla P100-PCIE-16GB, pci bus id: 0000:05:00.0, compute capability: 6.0)
2018-07-18 16:47:52.433105: I tensorflow/core/common_runtime/gpu/gpu_device.cc:1053] Created TensorFlow device (/job:localhost/replica:0/task:0/device:GPU:1 with 15135 MB memory) -> physical GPU (device: 1, name: Tesla P100-PCIE-16GB, pci bus id: 0000:06:00.0, compute capability: 6.0)
2018-07-18 16:47:52.617421: I tensorflow/core/common_runtime/gpu/gpu_device.cc:1053] Created TensorFlow device (/job:localhost/replica:0/task:0/device:GPU:2 with 15135 MB memory) -> physical GPU (device: 2, name: Tesla P100-PCIE-16GB, pci bus id: 0000:0d:00.0, compute capability: 6.0)
2018-07-18 16:47:52.801734: I tensorflow/core/common_runtime/gpu/gpu_device.cc:1053] Created TensorFlow device (/job:localhost/replica:0/task:0/device:GPU:3 with 15135 MB memory) -> physical GPU (device: 3, name: Tesla P100-PCIE-16GB, pci bus id: 0000:0e:00.0, compute capability: 6.0)
Using New network


AUC: 0.926360
Done
  File "/home/rice/jmc32/DNN_for_Pt_Assignment-master/DNN_Hyperparameters/compare_truth.py", line 24
    else
       ^
SyntaxError: invalid syntax
