Using TensorFlow backend.
2018-07-10 10:51:11.387165: I tensorflow/core/platform/cpu_feature_guard.cc:140] Your CPU supports instructions that this TensorFlow binary was not compiled to use: SSE4.1 SSE4.2 AVX AVX2 FMA
2018-07-10 10:51:11.884041: I tensorflow/core/common_runtime/gpu/gpu_device.cc:1356] Found device 0 with properties: 
name: Tesla P100-PCIE-16GB major: 6 minor: 0 memoryClockRate(GHz): 1.3285
pciBusID: 0000:08:00.0
totalMemory: 15.90GiB freeMemory: 15.61GiB
2018-07-10 10:51:12.133641: I tensorflow/core/common_runtime/gpu/gpu_device.cc:1356] Found device 1 with properties: 
name: Tesla P100-PCIE-16GB major: 6 minor: 0 memoryClockRate(GHz): 1.3285
pciBusID: 0000:0b:00.0
totalMemory: 15.90GiB freeMemory: 15.61GiB
2018-07-10 10:51:12.398858: I tensorflow/core/common_runtime/gpu/gpu_device.cc:1356] Found device 2 with properties: 
name: Tesla P100-PCIE-16GB major: 6 minor: 0 memoryClockRate(GHz): 1.3285
pciBusID: 0000:0e:00.0
totalMemory: 15.90GiB freeMemory: 15.61GiB
2018-07-10 10:51:12.686068: I tensorflow/core/common_runtime/gpu/gpu_device.cc:1356] Found device 3 with properties: 
name: Tesla P100-PCIE-16GB major: 6 minor: 0 memoryClockRate(GHz): 1.3285
pciBusID: 0000:11:00.0
totalMemory: 15.90GiB freeMemory: 15.61GiB
2018-07-10 10:51:12.965410: I tensorflow/core/common_runtime/gpu/gpu_device.cc:1356] Found device 4 with properties: 
name: Tesla P100-PCIE-16GB major: 6 minor: 0 memoryClockRate(GHz): 1.3285
pciBusID: 0000:16:00.0
totalMemory: 15.90GiB freeMemory: 15.61GiB
2018-07-10 10:51:13.293445: I tensorflow/core/common_runtime/gpu/gpu_device.cc:1356] Found device 5 with properties: 
name: Tesla P100-PCIE-16GB major: 6 minor: 0 memoryClockRate(GHz): 1.3285
pciBusID: 0000:19:00.0
totalMemory: 15.90GiB freeMemory: 15.61GiB
2018-07-10 10:51:43.693787: E tensorflow/core/common_runtime/direct_session.cc:154] Internal: failed initializing StreamExecutor for CUDA device ordinal 6: Internal: failed call to cuDevicePrimaryCtxRetain: CUDA_ERROR_ECC_UNCORRECTABLE
>>> Imports:
#coding=utf-8

from __future__ import print_function

try:
    import numpy
except:
    pass

try:
    from hyperopt import Trials, STATUS_OK, tpe
except:
    pass

try:
    from keras.datasets import mnist
except:
    pass

try:
    from keras.layers.core import Dense, Dropout, Activation
except:
    pass

try:
    from keras.models import Sequential
except:
    pass

try:
    from keras.utils import np_utils
except:
    pass

try:
    from keras.utils import to_categorical
except:
    pass

try:
    from keras.layers import LeakyReLU
except:
    pass

try:
    from keras.layers import PReLU
except:
    pass

try:
    from keras.layers import ELU
except:
    pass

try:
    from keras.layers import ThresholdedReLU
except:
    pass

try:
    from hyperas import optim
except:
    pass

try:
    from hyperas.distributions import choice, uniform
except:
    pass

try:
    from sklearn.model_selection import train_test_split
except:
    pass

try:
    from macros_AWS import scale_x
except:
    pass

>>> Hyperas search space:

def get_space():
    return {
        'Dense': hp.choice('Dense', [3500]),
        'add': hp.choice('add', [LeakyReLU(alpha=0.1),Activation('relu'),ELU(alpha=1.0)]),
        'Dropout': hp.uniform('Dropout', 0, 1),
        'Dense_1': hp.choice('Dense_1', [3000]),
        'add_1': hp.choice('add_1', [LeakyReLU(alpha=0.1),Activation('relu'),ELU(alpha=1.0)]),
        'Dropout_1': hp.uniform('Dropout_1', 0, 1),
        'Dense_2': hp.choice('Dense_2', [1000]),
        'add_2': hp.choice('add_2', [LeakyReLU(alpha=0.1),Activation('relu'),ELU(alpha=1.0)]),
        'Dropout_2': hp.uniform('Dropout_2', 0, 1),
        'Activation': hp.choice('Activation', ['sigmoid']),
        'optimizer': hp.choice('optimizer', ['adam']),
        'batch_size': hp.choice('batch_size', range(4000,5001)),
        'epochs': hp.choice('epochs', range(400,501)),
    }

>>> Data
   1: 
   2: """
   3: Data providing function:
   4: 
   5: This function is separated from create_model() so that hyperopt
   6: won't reload data for each evaluation run.
   7: """
   8: #(x_train, y_train), (x_test, y_test) = mnist.load_data()
   9: #x_train = x_train.reshape(60000, 784)
  10: #x_test = x_test.reshape(10000, 784)
  11: #x_train = x_train.astype('float32')
  12: #x_test = x_test.astype('float32')
  13: #x_train /= 255
  14: #x_test /= 255
  15: #nb_classes = 10
  16: #y_train = np_utils.to_categorical(y_train, nb_classes)
  17: #y_test = np_utils.to_categorical(y_test, nb_classes)
  18: from sklearn.model_selection import train_test_split
  19: from macros_AWS import scale_x
  20: data_directory = '/home/rice/jmc32/Gridsearch_Data/'
  21: data_sample = 'PtRegression_for_DNN_Vars_MODE_15_noBitCompr_RPC_1m_redo.npy'
  22: scaler = 'robust'
  23: totalset = numpy.load(data_directory + data_sample)
  24: dataset, testset = train_test_split(totalset, test_size = 0.1)
  25: # Split into input (X) and output (Y) variables
  26: x_train_prescale = dataset[:,1:]
  27: y_train = dataset[:,0]
  28: x_test_prescale = testset[:,1:]
  29: y_test = testset[:,0]
  30: # Scale
  31: print(y_train.shape)
  32: print(y_test.shape)
  33: #print(numpy.matrix(y_train))
  34: x_train, x_test = scale_x(x_train_prescale, x_test_prescale, scaler)
  35: print(x_train.shape)
  36: print(x_test.shape)
  37: #y_train= to_categorical(y_train)
  38: #y_test= to_categorical(y_test)
  39: #x_train= to_categorical(x_train)
  40: #x_test= to_categorical(x_test)
  41: 
  42: 
  43: 
>>> Resulting replaced keras model:

   1: def keras_fmin_fnct(space):
   2: 
   3:     """
   4:     Model providing function:
   5: 
   6:     n=range(4000,5001)Create Keras model with double curly brackets dropped-in as needed.
   7:     Return value has to be a valid python dictionary with two customary keys:
   8:         - loss: Specify a numeric evaluation metric to be minimized
   9:         - status: Just use STATUS_OK and see hyperopt documentation if not feasible
  10:     The last one is optional, though recommended, namely:
  11:         - model: specify the model just created so that we can later use it again.
  12:     """
  13:     model = Sequential()
  14:     model.add(Dense(space['Dense'], input_dim=7))
  15:     model.add(space['add'])
  16:     model.add(Dropout(space['Dropout']))
  17:     model.add(Dense(space['Dense_1']))
  18:     model.add(space['add_1'])
  19:     model.add(Dropout(space['Dropout_1']))
  20:     model.add(Dense(space['Dense_2']))
  21:     model.add(space['add_2'])
  22:     model.add(Dropout(space['Dropout_2'])) 
  23:     model.add(Dense(1))
  24:     
  25:     model.add(Activation(space['Activation']))
  26: 
  27: 
  28:     model.compile(loss='binary_crossentropy', metrics=['accuracy'],
  29:                   optimizer=space['optimizer'])
  30: 
  31:     model.fit(x_train, y_train,
  32:               batch_size=space['batch_size'],
  33:               epochs=space['epochs'],
  34:               verbose=2,
  35:               validation_data=(x_test, y_test))
  36:     score, acc = model.evaluate(x_test, y_test, verbose=0)
  37:     print('Test accuracy:', acc)
  38:     return {'loss': -acc, 'status': STATUS_OK, 'model': model}
  39: 
(900000,)
(100000,)
(900000, 7)
(100000, 7)
Train on 900000 samples, validate on 100000 samples
Epoch 1/465
Traceback (most recent call last):
  File "/home/rice/jmc32/DNN_for_Pt_Assignment-master/DNN_Hyperparameters/Hyperasexamplerun.py", line 105, in <module>
    trials=Trials())
  File "/home/rice/jmc32/anaconda2/envs/tensorflow-gpu/lib/python2.7/site-packages/hyperas/optim.py", line 67, in minimize
    verbose=verbose)
  File "/home/rice/jmc32/anaconda2/envs/tensorflow-gpu/lib/python2.7/site-packages/hyperas/optim.py", line 133, in base_minimizer
    return_argmin=True),
  File "/home/rice/jmc32/anaconda2/envs/tensorflow-gpu/lib/python2.7/site-packages/hyperopt/fmin.py", line 307, in fmin
    return_argmin=return_argmin,
  File "/home/rice/jmc32/anaconda2/envs/tensorflow-gpu/lib/python2.7/site-packages/hyperopt/base.py", line 635, in fmin
    return_argmin=return_argmin)
  File "/home/rice/jmc32/anaconda2/envs/tensorflow-gpu/lib/python2.7/site-packages/hyperopt/fmin.py", line 320, in fmin
    rval.exhaust()
  File "/home/rice/jmc32/anaconda2/envs/tensorflow-gpu/lib/python2.7/site-packages/hyperopt/fmin.py", line 199, in exhaust
    self.run(self.max_evals - n_done, block_until_done=self.async)
  File "/home/rice/jmc32/anaconda2/envs/tensorflow-gpu/lib/python2.7/site-packages/hyperopt/fmin.py", line 173, in run
    self.serial_evaluate()
  File "/home/rice/jmc32/anaconda2/envs/tensorflow-gpu/lib/python2.7/site-packages/hyperopt/fmin.py", line 92, in serial_evaluate
    result = self.domain.evaluate(spec, ctrl)
  File "/home/rice/jmc32/anaconda2/envs/tensorflow-gpu/lib/python2.7/site-packages/hyperopt/base.py", line 840, in evaluate
    rval = self.fn(pyll_rval)
  File "/home/rice/jmc32/DNN_for_Pt_Assignment-master/DNN_Hyperparameters/temp_model.py", line 157, in keras_fmin_fnct
  File "/home/rice/jmc32/anaconda2/envs/tensorflow-gpu/lib/python2.7/site-packages/keras/models.py", line 1002, in fit
    validation_steps=validation_steps)
  File "/home/rice/jmc32/anaconda2/envs/tensorflow-gpu/lib/python2.7/site-packages/keras/engine/training.py", line 1705, in fit
    validation_steps=validation_steps)
  File "/home/rice/jmc32/anaconda2/envs/tensorflow-gpu/lib/python2.7/site-packages/keras/engine/training.py", line 1236, in _fit_loop
    outs = f(ins_batch)
  File "/home/rice/jmc32/anaconda2/envs/tensorflow-gpu/lib/python2.7/site-packages/keras/backend/tensorflow_backend.py", line 2480, in __call__
    session = get_session()
  File "/home/rice/jmc32/anaconda2/envs/tensorflow-gpu/lib/python2.7/site-packages/keras/backend/tensorflow_backend.py", line 180, in get_session
    _SESSION = tf.Session(config=config)
  File "/home/rice/jmc32/anaconda2/envs/tensorflow-gpu/lib/python2.7/site-packages/tensorflow/python/client/session.py", line 1560, in __init__
    super(Session, self).__init__(target, graph, config=config)
  File "/home/rice/jmc32/anaconda2/envs/tensorflow-gpu/lib/python2.7/site-packages/tensorflow/python/client/session.py", line 633, in __init__
    self._session = tf_session.TF_NewSession(self._graph._c_graph, opts)
tensorflow.python.framework.errors_impl.InternalError: Failed to create session.
