Using TensorFlow backend.
2018-07-12 12:02:37.179386: I tensorflow/core/platform/cpu_feature_guard.cc:140] Your CPU supports instructions that this TensorFlow binary was not compiled to use: SSE4.1 SSE4.2 AVX AVX2 FMA
2018-07-12 12:02:38.293390: I tensorflow/core/common_runtime/gpu/gpu_device.cc:1356] Found device 0 with properties: 
name: Tesla V100-PCIE-16GB major: 7 minor: 0 memoryClockRate(GHz): 1.38
pciBusID: 0000:05:00.0
totalMemory: 15.77GiB freeMemory: 15.35GiB
2018-07-12 12:02:38.994599: I tensorflow/core/common_runtime/gpu/gpu_device.cc:1356] Found device 1 with properties: 
name: Tesla V100-PCIE-16GB major: 7 minor: 0 memoryClockRate(GHz): 1.38
pciBusID: 0000:08:00.0
totalMemory: 15.77GiB freeMemory: 15.35GiB
2018-07-12 12:02:39.676135: I tensorflow/core/common_runtime/gpu/gpu_device.cc:1356] Found device 2 with properties: 
name: Tesla V100-PCIE-16GB major: 7 minor: 0 memoryClockRate(GHz): 1.38
pciBusID: 0000:0d:00.0
totalMemory: 15.77GiB freeMemory: 15.35GiB
2018-07-12 12:02:40.355989: I tensorflow/core/common_runtime/gpu/gpu_device.cc:1356] Found device 3 with properties: 
name: Tesla V100-PCIE-16GB major: 7 minor: 0 memoryClockRate(GHz): 1.38
pciBusID: 0000:13:00.0
totalMemory: 15.77GiB freeMemory: 15.35GiB
2018-07-12 12:02:41.072595: I tensorflow/core/common_runtime/gpu/gpu_device.cc:1356] Found device 4 with properties: 
name: Tesla V100-PCIE-16GB major: 7 minor: 0 memoryClockRate(GHz): 1.38
pciBusID: 0000:83:00.0
totalMemory: 15.77GiB freeMemory: 15.35GiB
2018-07-12 12:02:41.804756: I tensorflow/core/common_runtime/gpu/gpu_device.cc:1356] Found device 5 with properties: 
name: Tesla V100-PCIE-16GB major: 7 minor: 0 memoryClockRate(GHz): 1.38
pciBusID: 0000:89:00.0
totalMemory: 15.77GiB freeMemory: 15.35GiB
2018-07-12 12:02:42.558905: I tensorflow/core/common_runtime/gpu/gpu_device.cc:1356] Found device 6 with properties: 
name: Tesla V100-PCIE-16GB major: 7 minor: 0 memoryClockRate(GHz): 1.38
pciBusID: 0000:8e:00.0
totalMemory: 15.77GiB freeMemory: 15.35GiB
2018-07-12 12:02:43.326286: I tensorflow/core/common_runtime/gpu/gpu_device.cc:1356] Found device 7 with properties: 
name: Tesla V100-PCIE-16GB major: 7 minor: 0 memoryClockRate(GHz): 1.38
pciBusID: 0000:91:00.0
totalMemory: 15.77GiB freeMemory: 15.35GiB
2018-07-12 12:02:43.349752: I tensorflow/core/common_runtime/gpu/gpu_device.cc:1435] Adding visible gpu devices: 0, 1, 2, 3, 4, 5, 6, 7
2018-07-12 12:02:46.789992: I tensorflow/core/common_runtime/gpu/gpu_device.cc:923] Device interconnect StreamExecutor with strength 1 edge matrix:
2018-07-12 12:02:46.790446: I tensorflow/core/common_runtime/gpu/gpu_device.cc:929]      0 1 2 3 4 5 6 7 
2018-07-12 12:02:46.790469: I tensorflow/core/common_runtime/gpu/gpu_device.cc:942] 0:   N Y Y Y N N N N 
2018-07-12 12:02:46.790477: I tensorflow/core/common_runtime/gpu/gpu_device.cc:942] 1:   Y N Y Y N N N N 
2018-07-12 12:02:46.790484: I tensorflow/core/common_runtime/gpu/gpu_device.cc:942] 2:   Y Y N Y N N N N 
2018-07-12 12:02:46.790491: I tensorflow/core/common_runtime/gpu/gpu_device.cc:942] 3:   Y Y Y N N N N N 
2018-07-12 12:02:46.790498: I tensorflow/core/common_runtime/gpu/gpu_device.cc:942] 4:   N N N N N Y Y Y 
2018-07-12 12:02:46.790505: I tensorflow/core/common_runtime/gpu/gpu_device.cc:942] 5:   N N N N Y N Y Y 
2018-07-12 12:02:46.790511: I tensorflow/core/common_runtime/gpu/gpu_device.cc:942] 6:   N N N N Y Y N Y 
2018-07-12 12:02:46.790518: I tensorflow/core/common_runtime/gpu/gpu_device.cc:942] 7:   N N N N Y Y Y N 
2018-07-12 12:02:46.794076: I tensorflow/core/common_runtime/gpu/gpu_device.cc:1053] Created TensorFlow device (/job:localhost/replica:0/task:0/device:GPU:0 with 14866 MB memory) -> physical GPU (device: 0, name: Tesla V100-PCIE-16GB, pci bus id: 0000:05:00.0, compute capability: 7.0)
2018-07-12 12:02:46.976985: I tensorflow/core/common_runtime/gpu/gpu_device.cc:1053] Created TensorFlow device (/job:localhost/replica:0/task:0/device:GPU:1 with 14866 MB memory) -> physical GPU (device: 1, name: Tesla V100-PCIE-16GB, pci bus id: 0000:08:00.0, compute capability: 7.0)
2018-07-12 12:02:47.145775: I tensorflow/core/common_runtime/gpu/gpu_device.cc:1053] Created TensorFlow device (/job:localhost/replica:0/task:0/device:GPU:2 with 14866 MB memory) -> physical GPU (device: 2, name: Tesla V100-PCIE-16GB, pci bus id: 0000:0d:00.0, compute capability: 7.0)
2018-07-12 12:02:47.322802: I tensorflow/core/common_runtime/gpu/gpu_device.cc:1053] Created TensorFlow device (/job:localhost/replica:0/task:0/device:GPU:3 with 14866 MB memory) -> physical GPU (device: 3, name: Tesla V100-PCIE-16GB, pci bus id: 0000:13:00.0, compute capability: 7.0)
2018-07-12 12:02:47.499587: I tensorflow/core/common_runtime/gpu/gpu_device.cc:1053] Created TensorFlow device (/job:localhost/replica:0/task:0/device:GPU:4 with 14866 MB memory) -> physical GPU (device: 4, name: Tesla V100-PCIE-16GB, pci bus id: 0000:83:00.0, compute capability: 7.0)
2018-07-12 12:02:47.678261: I tensorflow/core/common_runtime/gpu/gpu_device.cc:1053] Created TensorFlow device (/job:localhost/replica:0/task:0/device:GPU:5 with 14866 MB memory) -> physical GPU (device: 5, name: Tesla V100-PCIE-16GB, pci bus id: 0000:89:00.0, compute capability: 7.0)
2018-07-12 12:02:47.856661: I tensorflow/core/common_runtime/gpu/gpu_device.cc:1053] Created TensorFlow device (/job:localhost/replica:0/task:0/device:GPU:6 with 14866 MB memory) -> physical GPU (device: 6, name: Tesla V100-PCIE-16GB, pci bus id: 0000:8e:00.0, compute capability: 7.0)
2018-07-12 12:02:48.022663: I tensorflow/core/common_runtime/gpu/gpu_device.cc:1053] Created TensorFlow device (/job:localhost/replica:0/task:0/device:GPU:7 with 14866 MB memory) -> physical GPU (device: 7, name: Tesla V100-PCIE-16GB, pci bus id: 0000:91:00.0, compute capability: 7.0)
>>> Imports:
#coding=utf-8

from __future__ import print_function

try:
    import numpy
except:
    pass

try:
    from hyperopt import Trials, STATUS_OK, tpe
except:
    pass

try:
    from keras.datasets import mnist
except:
    pass

try:
    from keras.layers.core import Dense, Dropout, Activation
except:
    pass

try:
    from keras.models import Sequential
except:
    pass

try:
    from keras.utils import np_utils
except:
    pass

try:
    from keras.utils import to_categorical
except:
    pass

try:
    from keras.layers import LeakyReLU
except:
    pass

try:
    from keras.layers import PReLU
except:
    pass

try:
    from keras.layers import ELU
except:
    pass

try:
    from keras.layers import ThresholdedReLU
except:
    pass

try:
    from hyperas import optim
except:
    pass

try:
    from hyperas.distributions import choice, uniform
except:
    pass

try:
    from sklearn.model_selection import train_test_split
except:
    pass

try:
    from macros_AWS import scale_x
except:
    pass

>>> Hyperas search space:

def get_space():
    return {
        'Dense': hp.choice('Dense', [3500]),
        'add': hp.choice('add', [LeakyReLU(alpha=0.1),Activation('relu'),ELU(alpha=1.0)]),
        'Dropout': hp.uniform('Dropout', 0, 1),
        'Dense_1': hp.choice('Dense_1', [3000]),
        'add_1': hp.choice('add_1', [LeakyReLU(alpha=0.1),Activation('relu'),ELU(alpha=1.0)]),
        'Dropout_1': hp.uniform('Dropout_1', 0, 1),
        'Dense_2': hp.choice('Dense_2', [1000]),
        'add_2': hp.choice('add_2', [LeakyReLU(alpha=0.1),Activation('relu'),ELU(alpha=1.0)]),
        'Dropout_2': hp.uniform('Dropout_2', 0, 1),
        'Activation': hp.choice('Activation', ['sigmoid']),
        'optimizer': hp.choice('optimizer', ['adam']),
        'batch_size': hp.choice('batch_size', range(4000,5001)),
        'epochs': hp.choice('epochs', range(400,501)),
    }

>>> Data
   1: 
   2: """
   3: Data providing function:
   4: 
   5: This function is separated from create_model() so that hyperopt
   6: won't reload data for each evaluation run.
   7: """
   8: #(x_train, y_train), (x_test, y_test) = mnist.load_data()
   9: #x_train = x_train.reshape(60000, 784)
  10: #x_test = x_test.reshape(10000, 784)
  11: #x_train = x_train.astype('float32')
  12: #x_test = x_test.astype('float32')
  13: #x_train /= 255
  14: #x_test /= 255
  15: #nb_classes = 10
  16: #y_train = np_utils.to_categorical(y_train, nb_classes)
  17: #y_test = np_utils.to_categorical(y_test, nb_classes)
  18: from sklearn.model_selection import train_test_split
  19: from macros_AWS import scale_x
  20: data_directory = '/home/rice/jmc32/Gridsearch_Data/'
  21: data_sample = 'PtRegression_for_DNN_Vars_MODE_15_noBitCompr_RPC_1m_redo.npy'
  22: scaler = 'robust'
  23: totalset = numpy.load(data_directory + data_sample)
  24: dataset, testset = train_test_split(totalset, test_size = 0.1)
  25: # Split into input (X) and output (Y) variables
  26: x_train_prescale = dataset[:,1:]
  27: y_train = dataset[:,0]
  28: x_test_prescale = testset[:,1:]
  29: y_test = testset[:,0]
  30: # Scale
  31: print(y_train.shape)
  32: print(y_test.shape)
  33: #print(numpy.matrix(y_train))
  34: x_train, x_test = scale_x(x_train_prescale, x_test_prescale, scaler)
  35: print(x_train.shape)
  36: print(x_test.shape)
  37: #y_train= to_categorical(y_train)
  38: #y_test= to_categorical(y_test)
  39: #x_train= to_categorical(x_train)
  40: #x_test= to_categorical(x_test)
  41: 
  42: 
  43: 
>>> Resulting replaced keras model:

   1: def keras_fmin_fnct(space):
   2: 
   3:     """
   4:     Model providing function:
   5: 
   6:     n=range(4000,5001)Create Keras model with double curly brackets dropped-in as needed.
   7:     Return value has to be a valid python dictionary with two customary keys:
   8:         - loss: Specify a numeric evaluation metric to be minimized
   9:         - status: Just use STATUS_OK and see hyperopt documentation if not feasible
  10:     The last one is optional, though recommended, namely:
  11:         - model: specify the model just created so that we can later use it again.
  12:     """
  13:     model = Sequential()
  14:     model.add(Dense(space['Dense'], input_dim=7))
  15:     model.add(space['add'])
  16:     model.add(Dropout(space['Dropout']))
  17:     model.add(Dense(space['Dense_1']))
  18:     model.add(space['add_1'])
  19:     model.add(Dropout(space['Dropout_1']))
  20:     model.add(Dense(space['Dense_2']))
  21:     model.add(space['add_2'])
  22:     model.add(Dropout(space['Dropout_2'])) 
  23:     model.add(Dense(1))
  24:     
  25:     model.add(Activation(space['Activation']))
  26: 
  27: 
  28:     model.compile(loss='binary_crossentropy', metrics=['accuracy'],
  29:                   optimizer=space['optimizer'])
  30: 
  31:     model.fit(x_train, y_train,
  32:               batch_size=space['batch_size'],
  33:               epochs=space['epochs'],
  34:               verbose=2,
  35:               validation_data=(x_test, y_test))
  36:     score, acc = model.evaluate(x_test, y_test, verbose=0)
  37:     print('Test accuracy:', acc)
  38:     return {'loss': -acc, 'status': STATUS_OK, 'model': model}
  39: 
(900000,)
(100000,)
(900000, 7)
(100000, 7)
Train on 900000 samples, validate on 100000 samples
Epoch 1/465
 - 21s - loss: 0.2262 - acc: 0.9060 - val_loss: 0.1755 - val_acc: 0.9296
Epoch 2/465
 - 9s - loss: 0.1708 - acc: 0.9324 - val_loss: 0.1628 - val_acc: 0.9339
Epoch 3/465
 - 9s - loss: 0.1647 - acc: 0.9342 - val_loss: 0.1587 - val_acc: 0.9356
Epoch 4/465
 - 9s - loss: 0.1611 - acc: 0.9352 - val_loss: 0.1551 - val_acc: 0.9367
Epoch 5/465
 - 9s - loss: 0.1594 - acc: 0.9357 - val_loss: 0.1557 - val_acc: 0.9369
Epoch 6/465
 - 9s - loss: 0.1584 - acc: 0.9362 - val_loss: 0.1538 - val_acc: 0.9367
Epoch 7/465
 - 9s - loss: 0.1571 - acc: 0.9365 - val_loss: 0.1533 - val_acc: 0.9375
Epoch 8/465
 - 9s - loss: 0.1565 - acc: 0.9367 - val_loss: 0.1550 - val_acc: 0.9364
Epoch 9/465
 - 9s - loss: 0.1561 - acc: 0.9369 - val_loss: 0.1522 - val_acc: 0.9372
Epoch 10/465
 - 9s - loss: 0.1555 - acc: 0.9371 - val_loss: 0.1522 - val_acc: 0.9378
Epoch 11/465
 - 9s - loss: 0.1551 - acc: 0.9374 - val_loss: 0.1555 - val_acc: 0.9364
Epoch 12/465
 - 9s - loss: 0.1548 - acc: 0.9373 - val_loss: 0.1521 - val_acc: 0.9371
Epoch 13/465
 - 9s - loss: 0.1541 - acc: 0.9375 - val_loss: 0.1521 - val_acc: 0.9373
Epoch 14/465
 - 9s - loss: 0.1540 - acc: 0.9376 - val_loss: 0.1517 - val_acc: 0.9377
Epoch 15/465
 - 9s - loss: 0.1538 - acc: 0.9373 - val_loss: 0.1515 - val_acc: 0.9378
Epoch 16/465
 - 9s - loss: 0.1531 - acc: 0.9377 - val_loss: 0.1515 - val_acc: 0.9378
Epoch 17/465
 - 9s - loss: 0.1531 - acc: 0.9377 - val_loss: 0.1518 - val_acc: 0.9378
Epoch 18/465
 - 9s - loss: 0.1525 - acc: 0.9379 - val_loss: 0.1515 - val_acc: 0.9380
Epoch 19/465
 - 9s - loss: 0.1523 - acc: 0.9381 - val_loss: 0.1529 - val_acc: 0.9376
Epoch 20/465
 - 9s - loss: 0.1520 - acc: 0.9382 - val_loss: 0.1510 - val_acc: 0.9382
Epoch 21/465
 - 9s - loss: 0.1518 - acc: 0.9381 - val_loss: 0.1507 - val_acc: 0.9381
Epoch 22/465
 - 9s - loss: 0.1518 - acc: 0.9382 - val_loss: 0.1516 - val_acc: 0.9380
Epoch 23/465
 - 8s - loss: 0.1513 - acc: 0.9385 - val_loss: 0.1508 - val_acc: 0.9387
Epoch 24/465
 - 9s - loss: 0.1518 - acc: 0.9386 - val_loss: 0.1519 - val_acc: 0.9382
Epoch 25/465
 - 9s - loss: 0.1512 - acc: 0.9384 - val_loss: 0.1511 - val_acc: 0.9380
Epoch 26/465
 - 9s - loss: 0.1509 - acc: 0.9385 - val_loss: 0.1514 - val_acc: 0.9379
Epoch 27/465
 - 9s - loss: 0.1507 - acc: 0.9385 - val_loss: 0.1512 - val_acc: 0.9383
Epoch 28/465
 - 9s - loss: 0.1502 - acc: 0.9386 - val_loss: 0.1514 - val_acc: 0.9384
Epoch 29/465
 - 9s - loss: 0.1500 - acc: 0.9388 - val_loss: 0.1504 - val_acc: 0.9382
Epoch 30/465
 - 9s - loss: 0.1501 - acc: 0.9387 - val_loss: 0.1500 - val_acc: 0.9384
Epoch 31/465
 - 9s - loss: 0.1495 - acc: 0.9388 - val_loss: 0.1506 - val_acc: 0.9382
Epoch 32/465
 - 9s - loss: 0.1496 - acc: 0.9390 - val_loss: 0.1509 - val_acc: 0.9385
Epoch 33/465
 - 9s - loss: 0.1492 - acc: 0.9390 - val_loss: 0.1503 - val_acc: 0.9390
Epoch 34/465
 - 9s - loss: 0.1493 - acc: 0.9391 - val_loss: 0.1499 - val_acc: 0.9386
Epoch 35/465
 - 9s - loss: 0.1488 - acc: 0.9392 - val_loss: 0.1495 - val_acc: 0.9384
Epoch 36/465
 - 9s - loss: 0.1488 - acc: 0.9393 - val_loss: 0.1495 - val_acc: 0.9389
Epoch 37/465
 - 8s - loss: 0.1487 - acc: 0.9392 - val_loss: 0.1502 - val_acc: 0.9381
Epoch 38/465
 - 9s - loss: 0.1484 - acc: 0.9393 - val_loss: 0.1499 - val_acc: 0.9389
Epoch 39/465
 - 9s - loss: 0.1481 - acc: 0.9393 - val_loss: 0.1505 - val_acc: 0.9384
Epoch 40/465
 - 9s - loss: 0.1480 - acc: 0.9395 - val_loss: 0.1498 - val_acc: 0.9386
Epoch 41/465
 - 8s - loss: 0.1477 - acc: 0.9395 - val_loss: 0.1500 - val_acc: 0.9387
Epoch 42/465
 - 9s - loss: 0.1477 - acc: 0.9395 - val_loss: 0.1496 - val_acc: 0.9386
Epoch 43/465
 - 9s - loss: 0.1472 - acc: 0.9396 - val_loss: 0.1496 - val_acc: 0.9389
Epoch 44/465
 - 9s - loss: 0.1473 - acc: 0.9395 - val_loss: 0.1498 - val_acc: 0.9393
Epoch 45/465
 - 8s - loss: 0.1471 - acc: 0.9397 - val_loss: 0.1494 - val_acc: 0.9388
Epoch 46/465
 - 9s - loss: 0.1467 - acc: 0.9399 - val_loss: 0.1492 - val_acc: 0.9389
Epoch 47/465
 - 9s - loss: 0.1466 - acc: 0.9397 - val_loss: 0.1499 - val_acc: 0.9383
Epoch 48/465
 - 9s - loss: 0.1465 - acc: 0.9399 - val_loss: 0.1507 - val_acc: 0.9387
Epoch 49/465
 - 9s - loss: 0.1462 - acc: 0.9399 - val_loss: 0.1494 - val_acc: 0.9392
Epoch 50/465
 - 9s - loss: 0.1460 - acc: 0.9400 - val_loss: 0.1511 - val_acc: 0.9389
Epoch 51/465
 - 9s - loss: 0.1462 - acc: 0.9398 - val_loss: 0.1511 - val_acc: 0.9388
Epoch 52/465
 - 9s - loss: 0.1459 - acc: 0.9399 - val_loss: 0.1502 - val_acc: 0.9387
Epoch 53/465
 - 9s - loss: 0.1455 - acc: 0.9401 - val_loss: 0.1496 - val_acc: 0.9386
Epoch 54/465
 - 9s - loss: 0.1452 - acc: 0.9403 - val_loss: 0.1506 - val_acc: 0.9387
Epoch 55/465
 - 9s - loss: 0.1451 - acc: 0.9403 - val_loss: 0.1499 - val_acc: 0.9392
Epoch 56/465
 - 9s - loss: 0.1447 - acc: 0.9403 - val_loss: 0.1497 - val_acc: 0.9386
Epoch 57/465
 - 8s - loss: 0.1445 - acc: 0.9404 - val_loss: 0.1504 - val_acc: 0.9387
Epoch 58/465
 - 9s - loss: 0.1444 - acc: 0.9405 - val_loss: 0.1509 - val_acc: 0.9388
Epoch 59/465
 - 9s - loss: 0.1443 - acc: 0.9407 - val_loss: 0.1498 - val_acc: 0.9392
Epoch 60/465
 - 9s - loss: 0.1441 - acc: 0.9405 - val_loss: 0.1500 - val_acc: 0.9388
Epoch 61/465
 - 8s - loss: 0.1440 - acc: 0.9406 - val_loss: 0.1497 - val_acc: 0.9392
Epoch 62/465
 - 9s - loss: 0.1436 - acc: 0.9407 - val_loss: 0.1512 - val_acc: 0.9386
Epoch 63/465
 - 9s - loss: 0.1436 - acc: 0.9408 - val_loss: 0.1513 - val_acc: 0.9389
Epoch 64/465
 - 9s - loss: 0.1434 - acc: 0.9407 - val_loss: 0.1502 - val_acc: 0.9389
Epoch 65/465
 - 9s - loss: 0.1432 - acc: 0.9408 - val_loss: 0.1512 - val_acc: 0.9388
Epoch 66/465
 - 9s - loss: 0.1430 - acc: 0.9410 - val_loss: 0.1512 - val_acc: 0.9388
Epoch 67/465
 - 9s - loss: 0.1427 - acc: 0.9409 - val_loss: 0.1504 - val_acc: 0.9390
Epoch 68/465
 - 9s - loss: 0.1427 - acc: 0.9411 - val_loss: 0.1510 - val_acc: 0.9394
Epoch 69/465
 - 9s - loss: 0.1423 - acc: 0.9411 - val_loss: 0.1510 - val_acc: 0.9390
Epoch 70/465
 - 9s - loss: 0.1422 - acc: 0.9412 - val_loss: 0.1510 - val_acc: 0.9389
Epoch 71/465
 - 9s - loss: 0.1421 - acc: 0.9412 - val_loss: 0.1514 - val_acc: 0.9382
Epoch 72/465
 - 9s - loss: 0.1418 - acc: 0.9410 - val_loss: 0.1515 - val_acc: 0.9385
Epoch 73/465
 - 9s - loss: 0.1416 - acc: 0.9414 - val_loss: 0.1512 - val_acc: 0.9385
Epoch 74/465
 - 9s - loss: 0.1416 - acc: 0.9412 - val_loss: 0.1522 - val_acc: 0.9382
Epoch 75/465
 - 9s - loss: 0.1413 - acc: 0.9415 - val_loss: 0.1513 - val_acc: 0.9392
Epoch 76/465
 - 8s - loss: 0.1413 - acc: 0.9415 - val_loss: 0.1508 - val_acc: 0.9386
Epoch 77/465
 - 9s - loss: 0.1407 - acc: 0.9416 - val_loss: 0.1524 - val_acc: 0.9382
Epoch 78/465
 - 9s - loss: 0.1406 - acc: 0.9415 - val_loss: 0.1517 - val_acc: 0.9392
Epoch 79/465
 - 8s - loss: 0.1405 - acc: 0.9417 - val_loss: 0.1516 - val_acc: 0.9383
Epoch 80/465
 - 9s - loss: 0.1402 - acc: 0.9417 - val_loss: 0.1525 - val_acc: 0.9389
Epoch 81/465
 - 9s - loss: 0.1400 - acc: 0.9418 - val_loss: 0.1518 - val_acc: 0.9387
Epoch 82/465
 - 8s - loss: 0.1399 - acc: 0.9418 - val_loss: 0.1525 - val_acc: 0.9385
Epoch 83/465
 - 8s - loss: 0.1395 - acc: 0.9419 - val_loss: 0.1529 - val_acc: 0.9384
Epoch 84/465
 - 9s - loss: 0.1397 - acc: 0.9418 - val_loss: 0.1522 - val_acc: 0.9393
Epoch 85/465
 - 9s - loss: 0.1392 - acc: 0.9419 - val_loss: 0.1533 - val_acc: 0.9384
Epoch 86/465
 - 9s - loss: 0.1390 - acc: 0.9422 - val_loss: 0.1537 - val_acc: 0.9389
Epoch 87/465
 - 9s - loss: 0.1390 - acc: 0.9421 - val_loss: 0.1526 - val_acc: 0.9385
Epoch 88/465
 - 8s - loss: 0.1390 - acc: 0.9421 - val_loss: 0.1535 - val_acc: 0.9392
Epoch 89/465
 - 9s - loss: 0.1385 - acc: 0.9423 - val_loss: 0.1537 - val_acc: 0.9382
Epoch 90/465
 - 9s - loss: 0.1384 - acc: 0.9422 - val_loss: 0.1540 - val_acc: 0.9390
Epoch 91/465
 - 9s - loss: 0.1382 - acc: 0.9424 - val_loss: 0.1537 - val_acc: 0.9384
Epoch 92/465
 - 9s - loss: 0.1378 - acc: 0.9425 - val_loss: 0.1542 - val_acc: 0.9378
Epoch 93/465
 - 9s - loss: 0.1376 - acc: 0.9426 - val_loss: 0.1553 - val_acc: 0.9384
Epoch 94/465
 - 9s - loss: 0.1376 - acc: 0.9424 - val_loss: 0.1549 - val_acc: 0.9384
Epoch 95/465
 - 9s - loss: 0.1376 - acc: 0.9425 - val_loss: 0.1553 - val_acc: 0.9391
Epoch 96/465
 - 9s - loss: 0.1373 - acc: 0.9426 - val_loss: 0.1546 - val_acc: 0.9386
Epoch 97/465
 - 8s - loss: 0.1371 - acc: 0.9426 - val_loss: 0.1548 - val_acc: 0.9387
Epoch 98/465
 - 9s - loss: 0.1370 - acc: 0.9426 - val_loss: 0.1558 - val_acc: 0.9388
Epoch 99/465
 - 9s - loss: 0.1368 - acc: 0.9429 - val_loss: 0.1551 - val_acc: 0.9385
Epoch 100/465
 - 9s - loss: 0.1364 - acc: 0.9429 - val_loss: 0.1550 - val_acc: 0.9389
Epoch 101/465
 - 9s - loss: 0.1364 - acc: 0.9428 - val_loss: 0.1555 - val_acc: 0.9384
Epoch 102/465
 - 9s - loss: 0.1364 - acc: 0.9430 - val_loss: 0.1558 - val_acc: 0.9386
Epoch 103/465
 - 8s - loss: 0.1359 - acc: 0.9430 - val_loss: 0.1562 - val_acc: 0.9385
Epoch 104/465
 - 9s - loss: 0.1357 - acc: 0.9430 - val_loss: 0.1562 - val_acc: 0.9385
Epoch 105/465
 - 9s - loss: 0.1359 - acc: 0.9430 - val_loss: 0.1562 - val_acc: 0.9382
Epoch 106/465
 - 8s - loss: 0.1354 - acc: 0.9431 - val_loss: 0.1558 - val_acc: 0.9386
Epoch 107/465
 - 9s - loss: 0.1354 - acc: 0.9433 - val_loss: 0.1559 - val_acc: 0.9387
Epoch 108/465
 - 8s - loss: 0.1350 - acc: 0.9433 - val_loss: 0.1569 - val_acc: 0.9383
Epoch 109/465
 - 9s - loss: 0.1348 - acc: 0.9433 - val_loss: 0.1568 - val_acc: 0.9386
Epoch 110/465
 - 9s - loss: 0.1345 - acc: 0.9433 - val_loss: 0.1585 - val_acc: 0.9384
Epoch 111/465
 - 8s - loss: 0.1342 - acc: 0.9434 - val_loss: 0.1582 - val_acc: 0.9383
Epoch 112/465
 - 9s - loss: 0.1345 - acc: 0.9434 - val_loss: 0.1569 - val_acc: 0.9385
Epoch 113/465
 - 9s - loss: 0.1343 - acc: 0.9435 - val_loss: 0.1577 - val_acc: 0.9381
Epoch 114/465
 - 9s - loss: 0.1339 - acc: 0.9435 - val_loss: 0.1592 - val_acc: 0.9382
Epoch 115/465
 - 9s - loss: 0.1336 - acc: 0.9438 - val_loss: 0.1597 - val_acc: 0.9386
Epoch 116/465
 - 9s - loss: 0.1334 - acc: 0.9436 - val_loss: 0.1582 - val_acc: 0.9385
Epoch 117/465
 - 9s - loss: 0.1338 - acc: 0.9437 - val_loss: 0.1596 - val_acc: 0.9378
Epoch 118/465
 - 9s - loss: 0.1333 - acc: 0.9437 - val_loss: 0.1604 - val_acc: 0.9378
Epoch 119/465
 - 9s - loss: 0.1333 - acc: 0.9436 - val_loss: 0.1605 - val_acc: 0.9385
Epoch 120/465
 - 8s - loss: 0.1327 - acc: 0.9440 - val_loss: 0.1604 - val_acc: 0.9386
Epoch 121/465
 - 8s - loss: 0.1327 - acc: 0.9439 - val_loss: 0.1601 - val_acc: 0.9386
Epoch 122/465
 - 8s - loss: 0.1325 - acc: 0.9440 - val_loss: 0.1630 - val_acc: 0.9385
Epoch 123/465
 - 8s - loss: 0.1326 - acc: 0.9438 - val_loss: 0.1613 - val_acc: 0.9379
Epoch 124/465
 - 8s - loss: 0.1324 - acc: 0.9440 - val_loss: 0.1617 - val_acc: 0.9375
Epoch 125/465
 - 8s - loss: 0.1324 - acc: 0.9440 - val_loss: 0.1636 - val_acc: 0.9378
Epoch 126/465
 - 8s - loss: 0.1319 - acc: 0.9442 - val_loss: 0.1620 - val_acc: 0.9382
Epoch 127/465
 - 8s - loss: 0.1316 - acc: 0.9443 - val_loss: 0.1606 - val_acc: 0.9378
Epoch 128/465
 - 8s - loss: 0.1316 - acc: 0.9443 - val_loss: 0.1616 - val_acc: 0.9382
Epoch 129/465
 - 8s - loss: 0.1312 - acc: 0.9443 - val_loss: 0.1624 - val_acc: 0.9379
Epoch 130/465
 - 8s - loss: 0.1311 - acc: 0.9446 - val_loss: 0.1623 - val_acc: 0.9378
Epoch 131/465
 - 8s - loss: 0.1311 - acc: 0.9447 - val_loss: 0.1631 - val_acc: 0.9381
Epoch 132/465
 - 8s - loss: 0.1311 - acc: 0.9446 - val_loss: 0.1634 - val_acc: 0.9380
Epoch 133/465
 - 8s - loss: 0.1308 - acc: 0.9444 - val_loss: 0.1628 - val_acc: 0.9373
Epoch 134/465
 - 8s - loss: 0.1304 - acc: 0.9447 - val_loss: 0.1640 - val_acc: 0.9382
Epoch 135/465
 - 8s - loss: 0.1303 - acc: 0.9446 - val_loss: 0.1632 - val_acc: 0.9379
Epoch 136/465
 - 8s - loss: 0.1301 - acc: 0.9449 - val_loss: 0.1641 - val_acc: 0.9378
Epoch 137/465
 - 8s - loss: 0.1301 - acc: 0.9448 - val_loss: 0.1635 - val_acc: 0.9375
Epoch 138/465
 - 8s - loss: 0.1301 - acc: 0.9448 - val_loss: 0.1667 - val_acc: 0.9379
Epoch 139/465
 - 8s - loss: 0.1300 - acc: 0.9450 - val_loss: 0.1676 - val_acc: 0.9379
Epoch 140/465
 - 8s - loss: 0.1299 - acc: 0.9447 - val_loss: 0.1655 - val_acc: 0.9376
Epoch 141/465
 - 8s - loss: 0.1293 - acc: 0.9449 - val_loss: 0.1638 - val_acc: 0.9375
Epoch 142/465
 - 8s - loss: 0.1292 - acc: 0.9450 - val_loss: 0.1653 - val_acc: 0.9383
Epoch 143/465
 - 8s - loss: 0.1295 - acc: 0.9449 - val_loss: 0.1659 - val_acc: 0.9373
Epoch 144/465
 - 8s - loss: 0.1291 - acc: 0.9450 - val_loss: 0.1668 - val_acc: 0.9378
Epoch 145/465
 - 8s - loss: 0.1291 - acc: 0.9451 - val_loss: 0.1657 - val_acc: 0.9368
Epoch 146/465
 - 8s - loss: 0.1288 - acc: 0.9452 - val_loss: 0.1665 - val_acc: 0.9372
Epoch 147/465
 - 8s - loss: 0.1286 - acc: 0.9453 - val_loss: 0.1672 - val_acc: 0.9378
Epoch 148/465
 - 8s - loss: 0.1286 - acc: 0.9452 - val_loss: 0.1665 - val_acc: 0.9376
Epoch 149/465
 - 8s - loss: 0.1287 - acc: 0.9450 - val_loss: 0.1686 - val_acc: 0.9379
Epoch 150/465
 - 8s - loss: 0.1290 - acc: 0.9450 - val_loss: 0.1673 - val_acc: 0.9378
Epoch 151/465
 - 8s - loss: 0.1282 - acc: 0.9452 - val_loss: 0.1697 - val_acc: 0.9376
Epoch 152/465
 - 8s - loss: 0.1278 - acc: 0.9457 - val_loss: 0.1697 - val_acc: 0.9376
Epoch 153/465
 - 8s - loss: 0.1281 - acc: 0.9453 - val_loss: 0.1678 - val_acc: 0.9375
Epoch 154/465
 - 8s - loss: 0.1276 - acc: 0.9457 - val_loss: 0.1683 - val_acc: 0.9377
Epoch 155/465
 - 8s - loss: 0.1272 - acc: 0.9456 - val_loss: 0.1685 - val_acc: 0.9371
Epoch 156/465
 - 8s - loss: 0.1274 - acc: 0.9457 - val_loss: 0.1703 - val_acc: 0.9373
Epoch 157/465
 - 8s - loss: 0.1273 - acc: 0.9457 - val_loss: 0.1701 - val_acc: 0.9374
Epoch 158/465
 - 8s - loss: 0.1273 - acc: 0.9458 - val_loss: 0.1694 - val_acc: 0.9377
Epoch 159/465
 - 8s - loss: 0.1269 - acc: 0.9460 - val_loss: 0.1717 - val_acc: 0.9376
Epoch 160/465
 - 8s - loss: 0.1272 - acc: 0.9457 - val_loss: 0.1699 - val_acc: 0.9373
Epoch 161/465
 - 8s - loss: 0.1269 - acc: 0.9459 - val_loss: 0.1691 - val_acc: 0.9372
Epoch 162/465
 - 8s - loss: 0.1264 - acc: 0.9460 - val_loss: 0.1700 - val_acc: 0.9373
Epoch 163/465
 - 8s - loss: 0.1263 - acc: 0.9459 - val_loss: 0.1724 - val_acc: 0.9372
Epoch 164/465
 - 8s - loss: 0.1264 - acc: 0.9460 - val_loss: 0.1733 - val_acc: 0.9369
Epoch 165/465
 - 8s - loss: 0.1260 - acc: 0.9461 - val_loss: 0.1740 - val_acc: 0.9369
Epoch 166/465
 - 9s - loss: 0.1262 - acc: 0.9462 - val_loss: 0.1716 - val_acc: 0.9376
Epoch 167/465
 - 8s - loss: 0.1260 - acc: 0.9460 - val_loss: 0.1748 - val_acc: 0.9368
Epoch 168/465
 - 8s - loss: 0.1258 - acc: 0.9461 - val_loss: 0.1746 - val_acc: 0.9374
Epoch 169/465
 - 8s - loss: 0.1256 - acc: 0.9461 - val_loss: 0.1739 - val_acc: 0.9375
Epoch 170/465
 - 8s - loss: 0.1261 - acc: 0.9461 - val_loss: 0.1713 - val_acc: 0.9372
Epoch 171/465
 - 8s - loss: 0.1255 - acc: 0.9465 - val_loss: 0.1745 - val_acc: 0.9378
Epoch 172/465
 - 8s - loss: 0.1255 - acc: 0.9461 - val_loss: 0.1742 - val_acc: 0.9377
Epoch 173/465
 - 8s - loss: 0.1254 - acc: 0.9463 - val_loss: 0.1737 - val_acc: 0.9371
Epoch 174/465
 - 8s - loss: 0.1250 - acc: 0.9464 - val_loss: 0.1743 - val_acc: 0.9373
Epoch 175/465
 - 8s - loss: 0.1249 - acc: 0.9464 - val_loss: 0.1754 - val_acc: 0.9373
Epoch 176/465
 - 8s - loss: 0.1254 - acc: 0.9463 - val_loss: 0.1750 - val_acc: 0.9373
Epoch 177/465
 - 8s - loss: 0.1249 - acc: 0.9466 - val_loss: 0.1743 - val_acc: 0.9370
Epoch 178/465
 - 8s - loss: 0.1247 - acc: 0.9466 - val_loss: 0.1760 - val_acc: 0.9371
Epoch 179/465
 - 8s - loss: 0.1244 - acc: 0.9468 - val_loss: 0.1763 - val_acc: 0.9367
Epoch 180/465
 - 8s - loss: 0.1244 - acc: 0.9464 - val_loss: 0.1759 - val_acc: 0.9373
Epoch 181/465
 - 8s - loss: 0.1239 - acc: 0.9468 - val_loss: 0.1759 - val_acc: 0.9377
Epoch 182/465
 - 8s - loss: 0.1241 - acc: 0.9467 - val_loss: 0.1763 - val_acc: 0.9372
Epoch 183/465
 - 8s - loss: 0.1241 - acc: 0.9467 - val_loss: 0.1767 - val_acc: 0.9372
Epoch 184/465
 - 8s - loss: 0.1239 - acc: 0.9466 - val_loss: 0.1762 - val_acc: 0.9373
Epoch 185/465
 - 8s - loss: 0.1237 - acc: 0.9469 - val_loss: 0.1774 - val_acc: 0.9373
Epoch 186/465
 - 8s - loss: 0.1239 - acc: 0.9467 - val_loss: 0.1793 - val_acc: 0.9372
Epoch 187/465
 - 8s - loss: 0.1237 - acc: 0.9468 - val_loss: 0.1778 - val_acc: 0.9367
Epoch 188/465
 - 8s - loss: 0.1234 - acc: 0.9468 - val_loss: 0.1771 - val_acc: 0.9372
Epoch 189/465
 - 8s - loss: 0.1235 - acc: 0.9469 - val_loss: 0.1775 - val_acc: 0.9370
Epoch 190/465
 - 8s - loss: 0.1230 - acc: 0.9471 - val_loss: 0.1813 - val_acc: 0.9371
Epoch 191/465
 - 8s - loss: 0.1232 - acc: 0.9469 - val_loss: 0.1793 - val_acc: 0.9369
Epoch 192/465
 - 8s - loss: 0.1229 - acc: 0.9470 - val_loss: 0.1807 - val_acc: 0.9373
Epoch 193/465
 - 8s - loss: 0.1226 - acc: 0.9472 - val_loss: 0.1787 - val_acc: 0.9374
Epoch 194/465
 - 8s - loss: 0.1224 - acc: 0.9472 - val_loss: 0.1813 - val_acc: 0.9369
Epoch 195/465
 - 9s - loss: 0.1225 - acc: 0.9473 - val_loss: 0.1811 - val_acc: 0.9373
Epoch 196/465
 - 8s - loss: 0.1224 - acc: 0.9473 - val_loss: 0.1809 - val_acc: 0.9368
Epoch 197/465
 - 8s - loss: 0.1225 - acc: 0.9474 - val_loss: 0.1821 - val_acc: 0.9370
Epoch 198/465
 - 8s - loss: 0.1225 - acc: 0.9472 - val_loss: 0.1808 - val_acc: 0.9369
Epoch 199/465
 - 8s - loss: 0.1223 - acc: 0.9472 - val_loss: 0.1809 - val_acc: 0.9366
Epoch 200/465
 - 8s - loss: 0.1224 - acc: 0.9474 - val_loss: 0.1818 - val_acc: 0.9365
Epoch 201/465
 - 8s - loss: 0.1220 - acc: 0.9474 - val_loss: 0.1817 - val_acc: 0.9370
Epoch 202/465
 - 8s - loss: 0.1216 - acc: 0.9475 - val_loss: 0.1840 - val_acc: 0.9369
Epoch 203/465
 - 8s - loss: 0.1219 - acc: 0.9476 - val_loss: 0.1813 - val_acc: 0.9365
Epoch 204/465
 - 8s - loss: 0.1214 - acc: 0.9475 - val_loss: 0.1832 - val_acc: 0.9369
Epoch 205/465
 - 8s - loss: 0.1216 - acc: 0.9476 - val_loss: 0.1824 - val_acc: 0.9370
Epoch 206/465
 - 8s - loss: 0.1215 - acc: 0.9475 - val_loss: 0.1829 - val_acc: 0.9371
Epoch 207/465
 - 8s - loss: 0.1213 - acc: 0.9476 - val_loss: 0.1827 - val_acc: 0.9369
Epoch 208/465
 - 8s - loss: 0.1213 - acc: 0.9476 - val_loss: 0.1861 - val_acc: 0.9364
Epoch 209/465
 - 8s - loss: 0.1211 - acc: 0.9477 - val_loss: 0.1822 - val_acc: 0.9366
Epoch 210/465
 - 8s - loss: 0.1210 - acc: 0.9477 - val_loss: 0.1836 - val_acc: 0.9366
Epoch 211/465
 - 8s - loss: 0.1211 - acc: 0.9478 - val_loss: 0.1847 - val_acc: 0.9360
Epoch 212/465
 - 9s - loss: 0.1209 - acc: 0.9478 - val_loss: 0.1872 - val_acc: 0.9365
Epoch 213/465
 - 8s - loss: 0.1208 - acc: 0.9478 - val_loss: 0.1841 - val_acc: 0.9365
Epoch 214/465
 - 8s - loss: 0.1207 - acc: 0.9478 - val_loss: 0.1837 - val_acc: 0.9369
Epoch 215/465
 - 8s - loss: 0.1206 - acc: 0.9478 - val_loss: 0.1857 - val_acc: 0.9368
Epoch 216/465
 - 8s - loss: 0.1204 - acc: 0.9478 - val_loss: 0.1887 - val_acc: 0.9366
Epoch 217/465
 - 8s - loss: 0.1205 - acc: 0.9479 - val_loss: 0.1849 - val_acc: 0.9364
Epoch 218/465
 - 8s - loss: 0.1203 - acc: 0.9481 - val_loss: 0.1868 - val_acc: 0.9367
Epoch 219/465
 - 8s - loss: 0.1200 - acc: 0.9482 - val_loss: 0.1870 - val_acc: 0.9365
Epoch 220/465
 - 8s - loss: 0.1204 - acc: 0.9480 - val_loss: 0.1863 - val_acc: 0.9365
Epoch 221/465
 - 8s - loss: 0.1206 - acc: 0.9479 - val_loss: 0.1879 - val_acc: 0.9368
Epoch 222/465
 - 8s - loss: 0.1197 - acc: 0.9482 - val_loss: 0.1847 - val_acc: 0.9364
Epoch 223/465
 - 8s - loss: 0.1198 - acc: 0.9480 - val_loss: 0.1892 - val_acc: 0.9364
Epoch 224/465
 - 8s - loss: 0.1201 - acc: 0.9481 - val_loss: 0.1869 - val_acc: 0.9359
Epoch 225/465
 - 8s - loss: 0.1191 - acc: 0.9484 - val_loss: 0.1887 - val_acc: 0.9368
Epoch 226/465
 - 8s - loss: 0.1194 - acc: 0.9485 - val_loss: 0.1876 - val_acc: 0.9364
Epoch 227/465
 - 8s - loss: 0.1192 - acc: 0.9484 - val_loss: 0.1903 - val_acc: 0.9368
Epoch 228/465
 - 9s - loss: 0.1195 - acc: 0.9483 - val_loss: 0.1910 - val_acc: 0.9366
Epoch 229/465
 - 8s - loss: 0.1190 - acc: 0.9484 - val_loss: 0.1906 - val_acc: 0.9367
Epoch 230/465
 - 8s - loss: 0.1191 - acc: 0.9484 - val_loss: 0.1876 - val_acc: 0.9371
Epoch 231/465
 - 8s - loss: 0.1190 - acc: 0.9484 - val_loss: 0.1905 - val_acc: 0.9365
Epoch 232/465
 - 9s - loss: 0.1187 - acc: 0.9486 - val_loss: 0.1888 - val_acc: 0.9364
Epoch 233/465
 - 8s - loss: 0.1188 - acc: 0.9487 - val_loss: 0.1907 - val_acc: 0.9366
Epoch 234/465
 - 8s - loss: 0.1190 - acc: 0.9485 - val_loss: 0.1912 - val_acc: 0.9362
Epoch 235/465
 - 8s - loss: 0.1191 - acc: 0.9484 - val_loss: 0.1904 - val_acc: 0.9369
Epoch 236/465
 - 8s - loss: 0.1186 - acc: 0.9487 - val_loss: 0.1902 - val_acc: 0.9362
Epoch 237/465
 - 8s - loss: 0.1183 - acc: 0.9485 - val_loss: 0.1909 - val_acc: 0.9366
Epoch 238/465
 - 8s - loss: 0.1182 - acc: 0.9488 - val_loss: 0.1909 - val_acc: 0.9362
Epoch 239/465
 - 9s - loss: 0.1181 - acc: 0.9489 - val_loss: 0.1908 - val_acc: 0.9368
Epoch 240/465
 - 8s - loss: 0.1183 - acc: 0.9486 - val_loss: 0.1927 - val_acc: 0.9363
Epoch 241/465
 - 8s - loss: 0.1183 - acc: 0.9489 - val_loss: 0.1895 - val_acc: 0.9362
Epoch 242/465
 - 8s - loss: 0.1178 - acc: 0.9488 - val_loss: 0.1928 - val_acc: 0.9365
Epoch 243/465
 - 8s - loss: 0.1178 - acc: 0.9488 - val_loss: 0.1921 - val_acc: 0.9366
Epoch 244/465
 - 8s - loss: 0.1180 - acc: 0.9488 - val_loss: 0.1927 - val_acc: 0.9365
Epoch 245/465
 - 9s - loss: 0.1182 - acc: 0.9489 - val_loss: 0.1924 - val_acc: 0.9364
Epoch 246/465
 - 8s - loss: 0.1177 - acc: 0.9490 - val_loss: 0.1928 - val_acc: 0.9358
Epoch 247/465
 - 8s - loss: 0.1178 - acc: 0.9490 - val_loss: 0.1916 - val_acc: 0.9358
Epoch 248/465
 - 8s - loss: 0.1173 - acc: 0.9491 - val_loss: 0.1945 - val_acc: 0.9363
Epoch 249/465
 - 8s - loss: 0.1176 - acc: 0.9487 - val_loss: 0.1901 - val_acc: 0.9359
Epoch 250/465
 - 8s - loss: 0.1174 - acc: 0.9491 - val_loss: 0.1957 - val_acc: 0.9365
Epoch 251/465
 - 9s - loss: 0.1173 - acc: 0.9492 - val_loss: 0.1967 - val_acc: 0.9359
Epoch 252/465
 - 8s - loss: 0.1171 - acc: 0.9493 - val_loss: 0.1933 - val_acc: 0.9367
Epoch 253/465
 - 8s - loss: 0.1170 - acc: 0.9489 - val_loss: 0.1917 - val_acc: 0.9361
Epoch 254/465
 - 8s - loss: 0.1166 - acc: 0.9493 - val_loss: 0.1931 - val_acc: 0.9359
Epoch 255/465
 - 8s - loss: 0.1173 - acc: 0.9491 - val_loss: 0.1939 - val_acc: 0.9361
Epoch 256/465
 - 8s - loss: 0.1171 - acc: 0.9491 - val_loss: 0.1943 - val_acc: 0.9364
Epoch 257/465
 - 8s - loss: 0.1168 - acc: 0.9493 - val_loss: 0.1964 - val_acc: 0.9359
Epoch 258/465
 - 8s - loss: 0.1166 - acc: 0.9494 - val_loss: 0.1957 - val_acc: 0.9361
Epoch 259/465
 - 8s - loss: 0.1168 - acc: 0.9493 - val_loss: 0.1945 - val_acc: 0.9359
Epoch 260/465
 - 8s - loss: 0.1164 - acc: 0.9494 - val_loss: 0.1970 - val_acc: 0.9359
Epoch 261/465
 - 8s - loss: 0.1163 - acc: 0.9495 - val_loss: 0.1974 - val_acc: 0.9361
Epoch 262/465
 - 8s - loss: 0.1164 - acc: 0.9493 - val_loss: 0.1953 - val_acc: 0.9357
Epoch 263/465
 - 8s - loss: 0.1163 - acc: 0.9495 - val_loss: 0.1964 - val_acc: 0.9357
Epoch 264/465
 - 8s - loss: 0.1166 - acc: 0.9494 - val_loss: 0.1986 - val_acc: 0.9363
Epoch 265/465
 - 8s - loss: 0.1158 - acc: 0.9496 - val_loss: 0.1958 - val_acc: 0.9362
Epoch 266/465
 - 8s - loss: 0.1159 - acc: 0.9495 - val_loss: 0.1988 - val_acc: 0.9359
Epoch 267/465
 - 8s - loss: 0.1162 - acc: 0.9498 - val_loss: 0.1969 - val_acc: 0.9364
Epoch 268/465
 - 8s - loss: 0.1158 - acc: 0.9497 - val_loss: 0.1964 - val_acc: 0.9358
Epoch 269/465
 - 8s - loss: 0.1159 - acc: 0.9497 - val_loss: 0.1971 - val_acc: 0.9359
Epoch 270/465
 - 8s - loss: 0.1154 - acc: 0.9496 - val_loss: 0.1976 - val_acc: 0.9361
Epoch 271/465
 - 8s - loss: 0.1155 - acc: 0.9499 - val_loss: 0.1995 - val_acc: 0.9359
Epoch 272/465
 - 8s - loss: 0.1157 - acc: 0.9496 - val_loss: 0.1978 - val_acc: 0.9362
Epoch 273/465
 - 8s - loss: 0.1156 - acc: 0.9497 - val_loss: 0.1974 - val_acc: 0.9357
Epoch 274/465
 - 8s - loss: 0.1152 - acc: 0.9498 - val_loss: 0.2011 - val_acc: 0.9360
Epoch 275/465
 - 8s - loss: 0.1153 - acc: 0.9497 - val_loss: 0.1968 - val_acc: 0.9363
Epoch 276/465
 - 9s - loss: 0.1159 - acc: 0.9496 - val_loss: 0.1992 - val_acc: 0.9360
Epoch 277/465
 - 8s - loss: 0.1152 - acc: 0.9500 - val_loss: 0.2001 - val_acc: 0.9358
Epoch 278/465
 - 8s - loss: 0.1151 - acc: 0.9499 - val_loss: 0.1999 - val_acc: 0.9358
Epoch 279/465
 - 9s - loss: 0.1147 - acc: 0.9499 - val_loss: 0.2032 - val_acc: 0.9356
Epoch 280/465
 - 8s - loss: 0.1148 - acc: 0.9500 - val_loss: 0.2026 - val_acc: 0.9357
Epoch 281/465
 - 8s - loss: 0.1151 - acc: 0.9501 - val_loss: 0.1993 - val_acc: 0.9357
Epoch 282/465
 - 8s - loss: 0.1154 - acc: 0.9501 - val_loss: 0.2018 - val_acc: 0.9354
Epoch 283/465
 - 8s - loss: 0.1149 - acc: 0.9501 - val_loss: 0.2020 - val_acc: 0.9359
Epoch 284/465
 - 8s - loss: 0.1148 - acc: 0.9499 - val_loss: 0.2047 - val_acc: 0.9361
Epoch 285/465
 - 8s - loss: 0.1145 - acc: 0.9500 - val_loss: 0.2020 - val_acc: 0.9360
Epoch 286/465
 - 9s - loss: 0.1144 - acc: 0.9503 - val_loss: 0.2018 - val_acc: 0.9358
Epoch 287/465
 - 8s - loss: 0.1143 - acc: 0.9501 - val_loss: 0.2011 - val_acc: 0.9359
Epoch 288/465
 - 8s - loss: 0.1147 - acc: 0.9501 - val_loss: 0.2021 - val_acc: 0.9351
Epoch 289/465
 - 8s - loss: 0.1142 - acc: 0.9502 - val_loss: 0.2034 - val_acc: 0.9357
Epoch 290/465
 - 8s - loss: 0.1141 - acc: 0.9503 - val_loss: 0.2028 - val_acc: 0.9352
Epoch 291/465
 - 8s - loss: 0.1143 - acc: 0.9503 - val_loss: 0.2039 - val_acc: 0.9359
Epoch 292/465
 - 8s - loss: 0.1144 - acc: 0.9501 - val_loss: 0.2039 - val_acc: 0.9357
Epoch 293/465
 - 8s - loss: 0.1142 - acc: 0.9502 - val_loss: 0.1995 - val_acc: 0.9359
Epoch 294/465
 - 8s - loss: 0.1141 - acc: 0.9502 - val_loss: 0.2053 - val_acc: 0.9360
Epoch 295/465
 - 8s - loss: 0.1142 - acc: 0.9502 - val_loss: 0.2036 - val_acc: 0.9357
Epoch 296/465
 - 9s - loss: 0.1140 - acc: 0.9503 - val_loss: 0.2043 - val_acc: 0.9359
Epoch 297/465
 - 8s - loss: 0.1137 - acc: 0.9505 - val_loss: 0.2040 - val_acc: 0.9354
Epoch 298/465
 - 8s - loss: 0.1140 - acc: 0.9504 - val_loss: 0.2077 - val_acc: 0.9355
Epoch 299/465
 - 8s - loss: 0.1138 - acc: 0.9504 - val_loss: 0.2062 - val_acc: 0.9363
Epoch 300/465
 - 8s - loss: 0.1138 - acc: 0.9503 - val_loss: 0.2046 - val_acc: 0.9358
Epoch 301/465
 - 8s - loss: 0.1133 - acc: 0.9505 - val_loss: 0.2032 - val_acc: 0.9358
Epoch 302/465
 - 8s - loss: 0.1135 - acc: 0.9504 - val_loss: 0.2051 - val_acc: 0.9357
Epoch 303/465
 - 8s - loss: 0.1134 - acc: 0.9504 - val_loss: 0.2079 - val_acc: 0.9357
Epoch 304/465
 - 8s - loss: 0.1131 - acc: 0.9504 - val_loss: 0.2036 - val_acc: 0.9361
Epoch 305/465
 - 8s - loss: 0.1130 - acc: 0.9506 - val_loss: 0.2059 - val_acc: 0.9357
Epoch 306/465
 - 8s - loss: 0.1130 - acc: 0.9507 - val_loss: 0.2044 - val_acc: 0.9358
Epoch 307/465
 - 8s - loss: 0.1133 - acc: 0.9506 - val_loss: 0.2059 - val_acc: 0.9357
Epoch 308/465
 - 8s - loss: 0.1129 - acc: 0.9505 - val_loss: 0.2073 - val_acc: 0.9356
Epoch 309/465
 - 8s - loss: 0.1132 - acc: 0.9504 - val_loss: 0.2065 - val_acc: 0.9347
Epoch 310/465
 - 8s - loss: 0.1135 - acc: 0.9508 - val_loss: 0.2049 - val_acc: 0.9356
Epoch 311/465
 - 8s - loss: 0.1132 - acc: 0.9505 - val_loss: 0.2049 - val_acc: 0.9353
Epoch 312/465
 - 8s - loss: 0.1133 - acc: 0.9506 - val_loss: 0.2049 - val_acc: 0.9359
Epoch 313/465
 - 8s - loss: 0.1132 - acc: 0.9506 - val_loss: 0.2068 - val_acc: 0.9352
Epoch 314/465
 - 9s - loss: 0.1128 - acc: 0.9507 - val_loss: 0.2054 - val_acc: 0.9357
Epoch 315/465
 - 9s - loss: 0.1126 - acc: 0.9508 - val_loss: 0.2081 - val_acc: 0.9353
Epoch 316/465
 - 8s - loss: 0.1128 - acc: 0.9507 - val_loss: 0.2075 - val_acc: 0.9358
Epoch 317/465
 - 8s - loss: 0.1122 - acc: 0.9509 - val_loss: 0.2111 - val_acc: 0.9353
Epoch 318/465
 - 8s - loss: 0.1127 - acc: 0.9508 - val_loss: 0.2100 - val_acc: 0.9357
Epoch 319/465
 - 8s - loss: 0.1129 - acc: 0.9505 - val_loss: 0.2089 - val_acc: 0.9347
Epoch 320/465
 - 8s - loss: 0.1123 - acc: 0.9508 - val_loss: 0.2058 - val_acc: 0.9355
Epoch 321/465
 - 8s - loss: 0.1123 - acc: 0.9508 - val_loss: 0.2099 - val_acc: 0.9354
Epoch 322/465
 - 8s - loss: 0.1126 - acc: 0.9507 - val_loss: 0.2097 - val_acc: 0.9352
Epoch 323/465
 - 8s - loss: 0.1124 - acc: 0.9509 - val_loss: 0.2105 - val_acc: 0.9350
Epoch 324/465
 - 8s - loss: 0.1126 - acc: 0.9508 - val_loss: 0.2085 - val_acc: 0.9352
Epoch 325/465
 - 8s - loss: 0.1121 - acc: 0.9508 - val_loss: 0.2101 - val_acc: 0.9353
Epoch 326/465
 - 8s - loss: 0.1113 - acc: 0.9512 - val_loss: 0.2119 - val_acc: 0.9351
Epoch 327/465
 - 8s - loss: 0.1121 - acc: 0.9508 - val_loss: 0.2094 - val_acc: 0.9353
Epoch 328/465
 - 8s - loss: 0.1115 - acc: 0.9511 - val_loss: 0.2124 - val_acc: 0.9353
Epoch 329/465
 - 8s - loss: 0.1115 - acc: 0.9510 - val_loss: 0.2128 - val_acc: 0.9353
Epoch 330/465
 - 9s - loss: 0.1113 - acc: 0.9511 - val_loss: 0.2123 - val_acc: 0.9351
Epoch 331/465
 - 8s - loss: 0.1119 - acc: 0.9509 - val_loss: 0.2088 - val_acc: 0.9350
Epoch 332/465
 - 8s - loss: 0.1118 - acc: 0.9512 - val_loss: 0.2117 - val_acc: 0.9355
Epoch 333/465
 - 8s - loss: 0.1118 - acc: 0.9511 - val_loss: 0.2102 - val_acc: 0.9351
Epoch 334/465
 - 8s - loss: 0.1115 - acc: 0.9511 - val_loss: 0.2137 - val_acc: 0.9353
Epoch 335/465
 - 8s - loss: 0.1114 - acc: 0.9513 - val_loss: 0.2125 - val_acc: 0.9350
Epoch 336/465
 - 8s - loss: 0.1114 - acc: 0.9513 - val_loss: 0.2120 - val_acc: 0.9352
Epoch 337/465
 - 8s - loss: 0.1115 - acc: 0.9512 - val_loss: 0.2130 - val_acc: 0.9355
Epoch 338/465
 - 8s - loss: 0.1115 - acc: 0.9513 - val_loss: 0.2118 - val_acc: 0.9350
Epoch 339/465
 - 9s - loss: 0.1111 - acc: 0.9515 - val_loss: 0.2133 - val_acc: 0.9354
Epoch 340/465
 - 8s - loss: 0.1114 - acc: 0.9513 - val_loss: 0.2105 - val_acc: 0.9359
Epoch 341/465
 - 8s - loss: 0.1110 - acc: 0.9515 - val_loss: 0.2131 - val_acc: 0.9354
Epoch 342/465
 - 8s - loss: 0.1109 - acc: 0.9517 - val_loss: 0.2134 - val_acc: 0.9353
Epoch 343/465
 - 8s - loss: 0.1107 - acc: 0.9513 - val_loss: 0.2183 - val_acc: 0.9354
Epoch 344/465
 - 9s - loss: 0.1112 - acc: 0.9512 - val_loss: 0.2141 - val_acc: 0.9357
Epoch 345/465
 - 8s - loss: 0.1109 - acc: 0.9515 - val_loss: 0.2107 - val_acc: 0.9354
Epoch 346/465
 - 8s - loss: 0.1111 - acc: 0.9512 - val_loss: 0.2161 - val_acc: 0.9355
Epoch 347/465
 - 8s - loss: 0.1109 - acc: 0.9514 - val_loss: 0.2136 - val_acc: 0.9354
Epoch 348/465
 - 8s - loss: 0.1109 - acc: 0.9515 - val_loss: 0.2132 - val_acc: 0.9353
Epoch 349/465
 - 8s - loss: 0.1108 - acc: 0.9514 - val_loss: 0.2115 - val_acc: 0.9349
Epoch 350/465
 - 8s - loss: 0.1106 - acc: 0.9516 - val_loss: 0.2111 - val_acc: 0.9352
Epoch 351/465
 - 9s - loss: 0.1106 - acc: 0.9517 - val_loss: 0.2146 - val_acc: 0.9349
Epoch 352/465
 - 9s - loss: 0.1105 - acc: 0.9514 - val_loss: 0.2139 - val_acc: 0.9353
Epoch 353/465
 - 8s - loss: 0.1106 - acc: 0.9515 - val_loss: 0.2133 - val_acc: 0.9352
Epoch 354/465
 - 8s - loss: 0.1102 - acc: 0.9517 - val_loss: 0.2135 - val_acc: 0.9354
Epoch 355/465
 - 8s - loss: 0.1106 - acc: 0.9515 - val_loss: 0.2140 - val_acc: 0.9351
Epoch 356/465
 - 8s - loss: 0.1101 - acc: 0.9517 - val_loss: 0.2164 - val_acc: 0.9352
Epoch 357/465
 - 8s - loss: 0.1101 - acc: 0.9517 - val_loss: 0.2176 - val_acc: 0.9354
Epoch 358/465
 - 8s - loss: 0.1106 - acc: 0.9516 - val_loss: 0.2173 - val_acc: 0.9355
Epoch 359/465
 - 8s - loss: 0.1105 - acc: 0.9516 - val_loss: 0.2166 - val_acc: 0.9353
Epoch 360/465
 - 8s - loss: 0.1103 - acc: 0.9517 - val_loss: 0.2139 - val_acc: 0.9354
Epoch 361/465
 - 8s - loss: 0.1096 - acc: 0.9520 - val_loss: 0.2189 - val_acc: 0.9355
Epoch 362/465
 - 8s - loss: 0.1103 - acc: 0.9516 - val_loss: 0.2135 - val_acc: 0.9346
Epoch 363/465
 - 8s - loss: 0.1100 - acc: 0.9518 - val_loss: 0.2142 - val_acc: 0.9354
Epoch 364/465
 - 8s - loss: 0.1094 - acc: 0.9520 - val_loss: 0.2130 - val_acc: 0.9348
Epoch 365/465
 - 8s - loss: 0.1095 - acc: 0.9518 - val_loss: 0.2214 - val_acc: 0.9351
Epoch 366/465
 - 8s - loss: 0.1099 - acc: 0.9519 - val_loss: 0.2152 - val_acc: 0.9348
Epoch 367/465
 - 8s - loss: 0.1096 - acc: 0.9519 - val_loss: 0.2184 - val_acc: 0.9349
Epoch 368/465
 - 8s - loss: 0.1098 - acc: 0.9517 - val_loss: 0.2171 - val_acc: 0.9352
Epoch 369/465
 - 8s - loss: 0.1098 - acc: 0.9519 - val_loss: 0.2194 - val_acc: 0.9350
Epoch 370/465
 - 8s - loss: 0.1097 - acc: 0.9519 - val_loss: 0.2199 - val_acc: 0.9346
Epoch 371/465
 - 8s - loss: 0.1098 - acc: 0.9520 - val_loss: 0.2193 - val_acc: 0.9351
Epoch 372/465
 - 8s - loss: 0.1097 - acc: 0.9516 - val_loss: 0.2186 - val_acc: 0.9348
Epoch 373/465
 - 8s - loss: 0.1096 - acc: 0.9519 - val_loss: 0.2191 - val_acc: 0.9352
Epoch 374/465
 - 8s - loss: 0.1089 - acc: 0.9521 - val_loss: 0.2199 - val_acc: 0.9350
Epoch 375/465
 - 8s - loss: 0.1092 - acc: 0.9522 - val_loss: 0.2170 - val_acc: 0.9349
Epoch 376/465
 - 8s - loss: 0.1092 - acc: 0.9520 - val_loss: 0.2188 - val_acc: 0.9351
Epoch 377/465
 - 8s - loss: 0.1092 - acc: 0.9522 - val_loss: 0.2182 - val_acc: 0.9349
Epoch 378/465
 - 8s - loss: 0.1093 - acc: 0.9519 - val_loss: 0.2196 - val_acc: 0.9353
Epoch 379/465
 - 8s - loss: 0.1091 - acc: 0.9520 - val_loss: 0.2197 - val_acc: 0.9344
Epoch 380/465
 - 8s - loss: 0.1091 - acc: 0.9520 - val_loss: 0.2199 - val_acc: 0.9348
Epoch 381/465
 - 8s - loss: 0.1090 - acc: 0.9520 - val_loss: 0.2209 - val_acc: 0.9352
Epoch 382/465
 - 8s - loss: 0.1090 - acc: 0.9520 - val_loss: 0.2198 - val_acc: 0.9348
Epoch 383/465
 - 8s - loss: 0.1089 - acc: 0.9522 - val_loss: 0.2201 - val_acc: 0.9354
Epoch 384/465
 - 8s - loss: 0.1087 - acc: 0.9522 - val_loss: 0.2219 - val_acc: 0.9348
Epoch 385/465
 - 8s - loss: 0.1088 - acc: 0.9521 - val_loss: 0.2184 - val_acc: 0.9352
Epoch 386/465
 - 8s - loss: 0.1089 - acc: 0.9521 - val_loss: 0.2198 - val_acc: 0.9350
Epoch 387/465
 - 8s - loss: 0.1088 - acc: 0.9522 - val_loss: 0.2215 - val_acc: 0.9355
Epoch 388/465
 - 8s - loss: 0.1087 - acc: 0.9522 - val_loss: 0.2229 - val_acc: 0.9347
Epoch 389/465
 - 8s - loss: 0.1091 - acc: 0.9521 - val_loss: 0.2192 - val_acc: 0.9349
Epoch 390/465
 - 8s - loss: 0.1090 - acc: 0.9521 - val_loss: 0.2214 - val_acc: 0.9353
Epoch 391/465
 - 8s - loss: 0.1087 - acc: 0.9521 - val_loss: 0.2224 - val_acc: 0.9345
Epoch 392/465
 - 8s - loss: 0.1083 - acc: 0.9524 - val_loss: 0.2199 - val_acc: 0.9349
Epoch 393/465
 - 8s - loss: 0.1083 - acc: 0.9524 - val_loss: 0.2249 - val_acc: 0.9354
Epoch 394/465
 - 8s - loss: 0.1088 - acc: 0.9521 - val_loss: 0.2213 - val_acc: 0.9351
Epoch 395/465
 - 8s - loss: 0.1084 - acc: 0.9522 - val_loss: 0.2225 - val_acc: 0.9348
Epoch 396/465
 - 8s - loss: 0.1080 - acc: 0.9524 - val_loss: 0.2217 - val_acc: 0.9349
Epoch 397/465
 - 8s - loss: 0.1080 - acc: 0.9525 - val_loss: 0.2229 - val_acc: 0.9353
Epoch 398/465
 - 8s - loss: 0.1081 - acc: 0.9524 - val_loss: 0.2241 - val_acc: 0.9348
Epoch 399/465
 - 8s - loss: 0.1081 - acc: 0.9524 - val_loss: 0.2235 - val_acc: 0.9345
Epoch 400/465
 - 8s - loss: 0.1077 - acc: 0.9526 - val_loss: 0.2227 - val_acc: 0.9347
Epoch 401/465
 - 8s - loss: 0.1081 - acc: 0.9524 - val_loss: 0.2288 - val_acc: 0.9354
Epoch 402/465
 - 8s - loss: 0.1084 - acc: 0.9524 - val_loss: 0.2220 - val_acc: 0.9353
Epoch 403/465
 - 8s - loss: 0.1079 - acc: 0.9524 - val_loss: 0.2288 - val_acc: 0.9353
Epoch 404/465
 - 8s - loss: 0.1085 - acc: 0.9524 - val_loss: 0.2242 - val_acc: 0.9354
Epoch 405/465
 - 8s - loss: 0.1079 - acc: 0.9525 - val_loss: 0.2252 - val_acc: 0.9346
Epoch 406/465
 - 8s - loss: 0.1079 - acc: 0.9525 - val_loss: 0.2229 - val_acc: 0.9341
Epoch 407/465
 - 8s - loss: 0.1077 - acc: 0.9527 - val_loss: 0.2248 - val_acc: 0.9352
Epoch 408/465
 - 8s - loss: 0.1079 - acc: 0.9527 - val_loss: 0.2255 - val_acc: 0.9345
Epoch 409/465
 - 8s - loss: 0.1075 - acc: 0.9528 - val_loss: 0.2247 - val_acc: 0.9350
Epoch 410/465
 - 8s - loss: 0.1078 - acc: 0.9526 - val_loss: 0.2252 - val_acc: 0.9349
Epoch 411/465
 - 8s - loss: 0.1075 - acc: 0.9524 - val_loss: 0.2262 - val_acc: 0.9348
Epoch 412/465
 - 8s - loss: 0.1072 - acc: 0.9528 - val_loss: 0.2267 - val_acc: 0.9344
Epoch 413/465
 - 8s - loss: 0.1072 - acc: 0.9528 - val_loss: 0.2220 - val_acc: 0.9354
Epoch 414/465
 - 8s - loss: 0.1077 - acc: 0.9525 - val_loss: 0.2248 - val_acc: 0.9349
Epoch 415/465
 - 8s - loss: 0.1076 - acc: 0.9526 - val_loss: 0.2275 - val_acc: 0.9354
Epoch 416/465
 - 8s - loss: 0.1069 - acc: 0.9528 - val_loss: 0.2280 - val_acc: 0.9348
Epoch 417/465
 - 8s - loss: 0.1078 - acc: 0.9525 - val_loss: 0.2263 - val_acc: 0.9342
Epoch 418/465
 - 8s - loss: 0.1076 - acc: 0.9527 - val_loss: 0.2309 - val_acc: 0.9349
Epoch 419/465
 - 8s - loss: 0.1074 - acc: 0.9526 - val_loss: 0.2283 - val_acc: 0.9344
Epoch 420/465
 - 8s - loss: 0.1069 - acc: 0.9529 - val_loss: 0.2251 - val_acc: 0.9348
Epoch 421/465
 - 8s - loss: 0.1071 - acc: 0.9528 - val_loss: 0.2279 - val_acc: 0.9342
Epoch 422/465
 - 8s - loss: 0.1072 - acc: 0.9529 - val_loss: 0.2243 - val_acc: 0.9345
Epoch 423/465
 - 8s - loss: 0.1070 - acc: 0.9528 - val_loss: 0.2244 - val_acc: 0.9348
Epoch 424/465
 - 8s - loss: 0.1068 - acc: 0.9530 - val_loss: 0.2263 - val_acc: 0.9344
Epoch 425/465
 - 8s - loss: 0.1068 - acc: 0.9529 - val_loss: 0.2278 - val_acc: 0.9346
Epoch 426/465
 - 8s - loss: 0.1073 - acc: 0.9528 - val_loss: 0.2258 - val_acc: 0.9345
Epoch 427/465
 - 8s - loss: 0.1070 - acc: 0.9529 - val_loss: 0.2277 - val_acc: 0.9347
Epoch 428/465
 - 8s - loss: 0.1073 - acc: 0.9528 - val_loss: 0.2270 - val_acc: 0.9351
Epoch 429/465
 - 8s - loss: 0.1065 - acc: 0.9531 - val_loss: 0.2305 - val_acc: 0.9351
Epoch 430/465
 - 8s - loss: 0.1064 - acc: 0.9531 - val_loss: 0.2299 - val_acc: 0.9346
Epoch 431/465
 - 8s - loss: 0.1063 - acc: 0.9532 - val_loss: 0.2255 - val_acc: 0.9346
Epoch 432/465
 - 8s - loss: 0.1067 - acc: 0.9529 - val_loss: 0.2277 - val_acc: 0.9347
Epoch 433/465
 - 8s - loss: 0.1067 - acc: 0.9530 - val_loss: 0.2277 - val_acc: 0.9343
Epoch 434/465
 - 8s - loss: 0.1068 - acc: 0.9531 - val_loss: 0.2262 - val_acc: 0.9345
Epoch 435/465
 - 8s - loss: 0.1063 - acc: 0.9533 - val_loss: 0.2306 - val_acc: 0.9342
Epoch 436/465
 - 8s - loss: 0.1062 - acc: 0.9532 - val_loss: 0.2307 - val_acc: 0.9344
Epoch 437/465
 - 8s - loss: 0.1068 - acc: 0.9529 - val_loss: 0.2291 - val_acc: 0.9343
Epoch 438/465
 - 8s - loss: 0.1070 - acc: 0.9531 - val_loss: 0.2241 - val_acc: 0.9343
Epoch 439/465
 - 8s - loss: 0.1063 - acc: 0.9532 - val_loss: 0.2279 - val_acc: 0.9344
Epoch 440/465
 - 8s - loss: 0.1059 - acc: 0.9532 - val_loss: 0.2280 - val_acc: 0.9351
Epoch 441/465
 - 8s - loss: 0.1065 - acc: 0.9533 - val_loss: 0.2272 - val_acc: 0.9340
Epoch 442/465
 - 9s - loss: 0.1060 - acc: 0.9533 - val_loss: 0.2330 - val_acc: 0.9347
Epoch 443/465
 - 8s - loss: 0.1063 - acc: 0.9531 - val_loss: 0.2301 - val_acc: 0.9354
Epoch 444/465
 - 8s - loss: 0.1061 - acc: 0.9532 - val_loss: 0.2299 - val_acc: 0.9347
Epoch 445/465
 - 9s - loss: 0.1063 - acc: 0.9532 - val_loss: 0.2298 - val_acc: 0.9353
Epoch 446/465
 - 8s - loss: 0.1063 - acc: 0.9533 - val_loss: 0.2281 - val_acc: 0.9344
Epoch 447/465
 - 8s - loss: 0.1054 - acc: 0.9534 - val_loss: 0.2308 - val_acc: 0.9346
Epoch 448/465
 - 9s - loss: 0.1061 - acc: 0.9532 - val_loss: 0.2319 - val_acc: 0.9350
Epoch 449/465
 - 8s - loss: 0.1057 - acc: 0.9535 - val_loss: 0.2320 - val_acc: 0.9338
Epoch 450/465
 - 8s - loss: 0.1063 - acc: 0.9531 - val_loss: 0.2328 - val_acc: 0.9347
Epoch 451/465
 - 8s - loss: 0.1056 - acc: 0.9534 - val_loss: 0.2348 - val_acc: 0.9342
Epoch 452/465
 - 8s - loss: 0.1060 - acc: 0.9532 - val_loss: 0.2284 - val_acc: 0.9351
Epoch 453/465
 - 8s - loss: 0.1061 - acc: 0.9533 - val_loss: 0.2310 - val_acc: 0.9344
Epoch 454/465
 - 8s - loss: 0.1058 - acc: 0.9536 - val_loss: 0.2332 - val_acc: 0.9348
Epoch 455/465
 - 8s - loss: 0.1058 - acc: 0.9534 - val_loss: 0.2298 - val_acc: 0.9342
Epoch 456/465
 - 8s - loss: 0.1055 - acc: 0.9534 - val_loss: 0.2298 - val_acc: 0.9338
Epoch 457/465
 - 8s - loss: 0.1057 - acc: 0.9534 - val_loss: 0.2347 - val_acc: 0.9348
Epoch 458/465
 - 8s - loss: 0.1058 - acc: 0.9535 - val_loss: 0.2320 - val_acc: 0.9349
Epoch 459/465
 - 8s - loss: 0.1058 - acc: 0.9534 - val_loss: 0.2311 - val_acc: 0.9344
Epoch 460/465
 - 8s - loss: 0.1051 - acc: 0.9537 - val_loss: 0.2318 - val_acc: 0.9350
Epoch 461/465
 - 8s - loss: 0.1054 - acc: 0.9535 - val_loss: 0.2369 - val_acc: 0.9340
Epoch 462/465
 - 8s - loss: 0.1056 - acc: 0.9535 - val_loss: 0.2297 - val_acc: 0.9337
Epoch 463/465
 - 8s - loss: 0.1050 - acc: 0.9536 - val_loss: 0.2318 - val_acc: 0.9342
Epoch 464/465
 - 8s - loss: 0.1053 - acc: 0.9536 - val_loss: 0.2320 - val_acc: 0.9347
Epoch 465/465
 - 8s - loss: 0.1050 - acc: 0.9536 - val_loss: 0.2354 - val_acc: 0.9340
Test accuracy: 0.93398
Train on 900000 samples, validate on 100000 samples
Epoch 1/436
 - 9s - loss: 0.2362 - acc: 0.9011 - val_loss: 0.1895 - val_acc: 0.9243
Epoch 2/436
 - 9s - loss: 0.1890 - acc: 0.9250 - val_loss: 0.1698 - val_acc: 0.9323
Epoch 3/436
 - 9s - loss: 0.1795 - acc: 0.9289 - val_loss: 0.1704 - val_acc: 0.9319
Epoch 4/436
 - 9s - loss: 0.1759 - acc: 0.9303 - val_loss: 0.1658 - val_acc: 0.9336
Epoch 5/436
 - 9s - loss: 0.1740 - acc: 0.9306 - val_loss: 0.1620 - val_acc: 0.9347
Epoch 6/436
 - 9s - loss: 0.1725 - acc: 0.9314 - val_loss: 0.1626 - val_acc: 0.9341
Epoch 7/436
 - 9s - loss: 0.1713 - acc: 0.9315 - val_loss: 0.1621 - val_acc: 0.9345
Epoch 8/436
 - 9s - loss: 0.1709 - acc: 0.9318 - val_loss: 0.1613 - val_acc: 0.9352
Epoch 9/436
 - 9s - loss: 0.1705 - acc: 0.9319 - val_loss: 0.1597 - val_acc: 0.9353
Epoch 10/436
 - 9s - loss: 0.1699 - acc: 0.9321 - val_loss: 0.1595 - val_acc: 0.9349
Epoch 11/436
 - 9s - loss: 0.1698 - acc: 0.9320 - val_loss: 0.1614 - val_acc: 0.9348
Epoch 12/436
 - 9s - loss: 0.1688 - acc: 0.9322 - val_loss: 0.1586 - val_acc: 0.9358
Epoch 13/436
 - 9s - loss: 0.1688 - acc: 0.9325 - val_loss: 0.1599 - val_acc: 0.9353
Epoch 14/436
 - 9s - loss: 0.1691 - acc: 0.9323 - val_loss: 0.1599 - val_acc: 0.9353
Epoch 15/436
 - 9s - loss: 0.1686 - acc: 0.9325 - val_loss: 0.1582 - val_acc: 0.9360
Epoch 16/436
 - 9s - loss: 0.1684 - acc: 0.9325 - val_loss: 0.1581 - val_acc: 0.9352
Epoch 17/436
 - 9s - loss: 0.1679 - acc: 0.9327 - val_loss: 0.1595 - val_acc: 0.9356
Epoch 18/436
 - 9s - loss: 0.1683 - acc: 0.9327 - val_loss: 0.1606 - val_acc: 0.9350
Epoch 19/436
 - 9s - loss: 0.1679 - acc: 0.9329 - val_loss: 0.1587 - val_acc: 0.9356
Epoch 20/436
 - 9s - loss: 0.1676 - acc: 0.9332 - val_loss: 0.1601 - val_acc: 0.9360
Epoch 21/436
 - 9s - loss: 0.1681 - acc: 0.9329 - val_loss: 0.1596 - val_acc: 0.9355
Epoch 22/436
 - 9s - loss: 0.1679 - acc: 0.9330 - val_loss: 0.1588 - val_acc: 0.9352
Epoch 23/436
 - 9s - loss: 0.1677 - acc: 0.9330 - val_loss: 0.1575 - val_acc: 0.9363
Epoch 24/436
 - 9s - loss: 0.1675 - acc: 0.9330 - val_loss: 0.1588 - val_acc: 0.9358
Epoch 25/436
 - 9s - loss: 0.1675 - acc: 0.9330 - val_loss: 0.1574 - val_acc: 0.9359
Epoch 26/436
 - 9s - loss: 0.1674 - acc: 0.9333 - val_loss: 0.1575 - val_acc: 0.9368
Epoch 27/436
 - 9s - loss: 0.1675 - acc: 0.9330 - val_loss: 0.1586 - val_acc: 0.9353
Epoch 28/436
 - 9s - loss: 0.1673 - acc: 0.9333 - val_loss: 0.1577 - val_acc: 0.9363
Epoch 29/436
 - 9s - loss: 0.1675 - acc: 0.9332 - val_loss: 0.1576 - val_acc: 0.9360
Epoch 30/436
 - 9s - loss: 0.1675 - acc: 0.9332 - val_loss: 0.1586 - val_acc: 0.9359
Epoch 31/436
 - 9s - loss: 0.1670 - acc: 0.9333 - val_loss: 0.1573 - val_acc: 0.9362
Epoch 32/436
 - 9s - loss: 0.1672 - acc: 0.9333 - val_loss: 0.1589 - val_acc: 0.9356
Epoch 33/436
 - 9s - loss: 0.1671 - acc: 0.9334 - val_loss: 0.1587 - val_acc: 0.9358
Epoch 34/436
 - 9s - loss: 0.1673 - acc: 0.9332 - val_loss: 0.1566 - val_acc: 0.9356
Epoch 35/436
 - 9s - loss: 0.1672 - acc: 0.9333 - val_loss: 0.1599 - val_acc: 0.9359
Epoch 36/436
 - 9s - loss: 0.1671 - acc: 0.9333 - val_loss: 0.1568 - val_acc: 0.9359
Epoch 37/436
 - 9s - loss: 0.1670 - acc: 0.9334 - val_loss: 0.1589 - val_acc: 0.9355
Epoch 38/436
 - 9s - loss: 0.1668 - acc: 0.9336 - val_loss: 0.1555 - val_acc: 0.9366
Epoch 39/436
 - 9s - loss: 0.1669 - acc: 0.9334 - val_loss: 0.1557 - val_acc: 0.9361
Epoch 40/436
 - 9s - loss: 0.1667 - acc: 0.9334 - val_loss: 0.1575 - val_acc: 0.9366
Epoch 41/436
 - 9s - loss: 0.1668 - acc: 0.9334 - val_loss: 0.1576 - val_acc: 0.9365
Epoch 42/436
 - 9s - loss: 0.1668 - acc: 0.9336 - val_loss: 0.1563 - val_acc: 0.9364
Epoch 43/436
 - 9s - loss: 0.1666 - acc: 0.9336 - val_loss: 0.1591 - val_acc: 0.9355
Epoch 44/436
 - 9s - loss: 0.1666 - acc: 0.9334 - val_loss: 0.1564 - val_acc: 0.9366
Epoch 45/436
 - 9s - loss: 0.1667 - acc: 0.9334 - val_loss: 0.1587 - val_acc: 0.9363
Epoch 46/436
 - 9s - loss: 0.1667 - acc: 0.9333 - val_loss: 0.1629 - val_acc: 0.9359
Epoch 47/436
 - 9s - loss: 0.1668 - acc: 0.9337 - val_loss: 0.1574 - val_acc: 0.9361
Epoch 48/436
 - 9s - loss: 0.1667 - acc: 0.9335 - val_loss: 0.1579 - val_acc: 0.9365
Epoch 49/436
 - 9s - loss: 0.1668 - acc: 0.9335 - val_loss: 0.1571 - val_acc: 0.9365
Epoch 50/436
 - 9s - loss: 0.1665 - acc: 0.9334 - val_loss: 0.1572 - val_acc: 0.9362
Epoch 51/436
 - 9s - loss: 0.1667 - acc: 0.9336 - val_loss: 0.1587 - val_acc: 0.9358
Epoch 52/436
 - 9s - loss: 0.1667 - acc: 0.9335 - val_loss: 0.1588 - val_acc: 0.9361
Epoch 53/436
 - 9s - loss: 0.1669 - acc: 0.9334 - val_loss: 0.1567 - val_acc: 0.9364
Epoch 54/436
 - 9s - loss: 0.1667 - acc: 0.9334 - val_loss: 0.1573 - val_acc: 0.9361
Epoch 55/436
 - 9s - loss: 0.1667 - acc: 0.9335 - val_loss: 0.1564 - val_acc: 0.9360
Epoch 56/436
 - 9s - loss: 0.1665 - acc: 0.9335 - val_loss: 0.1574 - val_acc: 0.9357
Epoch 57/436
 - 9s - loss: 0.1665 - acc: 0.9335 - val_loss: 0.1549 - val_acc: 0.9368
Epoch 58/436
 - 9s - loss: 0.1665 - acc: 0.9336 - val_loss: 0.1562 - val_acc: 0.9369
Epoch 59/436
 - 9s - loss: 0.1666 - acc: 0.9334 - val_loss: 0.1571 - val_acc: 0.9359
Epoch 60/436
 - 9s - loss: 0.1663 - acc: 0.9336 - val_loss: 0.1596 - val_acc: 0.9360
Epoch 61/436
 - 9s - loss: 0.1665 - acc: 0.9336 - val_loss: 0.1580 - val_acc: 0.9360
Epoch 62/436
 - 9s - loss: 0.1663 - acc: 0.9337 - val_loss: 0.1597 - val_acc: 0.9364
Epoch 63/436
 - 9s - loss: 0.1663 - acc: 0.9336 - val_loss: 0.1565 - val_acc: 0.9370
Epoch 64/436
 - 9s - loss: 0.1660 - acc: 0.9339 - val_loss: 0.1558 - val_acc: 0.9371
Epoch 65/436
 - 9s - loss: 0.1662 - acc: 0.9337 - val_loss: 0.1573 - val_acc: 0.9363
Epoch 66/436
 - 9s - loss: 0.1663 - acc: 0.9335 - val_loss: 0.1566 - val_acc: 0.9369
Epoch 67/436
 - 9s - loss: 0.1666 - acc: 0.9336 - val_loss: 0.1554 - val_acc: 0.9364
Epoch 68/436
 - 9s - loss: 0.1663 - acc: 0.9336 - val_loss: 0.1571 - val_acc: 0.9364
Epoch 69/436
 - 9s - loss: 0.1662 - acc: 0.9335 - val_loss: 0.1564 - val_acc: 0.9363
Epoch 70/436
 - 9s - loss: 0.1662 - acc: 0.9337 - val_loss: 0.1567 - val_acc: 0.9367
Epoch 71/436
 - 9s - loss: 0.1664 - acc: 0.9336 - val_loss: 0.1576 - val_acc: 0.9368
Epoch 72/436
 - 9s - loss: 0.1660 - acc: 0.9336 - val_loss: 0.1554 - val_acc: 0.9363
Epoch 73/436
 - 9s - loss: 0.1659 - acc: 0.9339 - val_loss: 0.1548 - val_acc: 0.9366
Epoch 74/436
 - 9s - loss: 0.1664 - acc: 0.9338 - val_loss: 0.1592 - val_acc: 0.9360
Epoch 75/436
 - 9s - loss: 0.1662 - acc: 0.9336 - val_loss: 0.1593 - val_acc: 0.9357
Epoch 76/436
 - 9s - loss: 0.1661 - acc: 0.9339 - val_loss: 0.1584 - val_acc: 0.9364
Epoch 77/436
 - 9s - loss: 0.1660 - acc: 0.9335 - val_loss: 0.1572 - val_acc: 0.9357
Epoch 78/436
 - 9s - loss: 0.1661 - acc: 0.9338 - val_loss: 0.1580 - val_acc: 0.9365
Epoch 79/436
 - 9s - loss: 0.1659 - acc: 0.9336 - val_loss: 0.1560 - val_acc: 0.9364
Epoch 80/436
 - 9s - loss: 0.1662 - acc: 0.9335 - val_loss: 0.1573 - val_acc: 0.9363
Epoch 81/436
 - 9s - loss: 0.1663 - acc: 0.9335 - val_loss: 0.1562 - val_acc: 0.9368
Epoch 82/436
 - 9s - loss: 0.1659 - acc: 0.9337 - val_loss: 0.1570 - val_acc: 0.9350
Epoch 83/436
 - 9s - loss: 0.1660 - acc: 0.9339 - val_loss: 0.1565 - val_acc: 0.9362
Epoch 84/436
 - 9s - loss: 0.1662 - acc: 0.9333 - val_loss: 0.1571 - val_acc: 0.9369
Epoch 85/436
 - 9s - loss: 0.1661 - acc: 0.9338 - val_loss: 0.1564 - val_acc: 0.9365
Epoch 86/436
 - 9s - loss: 0.1658 - acc: 0.9339 - val_loss: 0.1546 - val_acc: 0.9367
Epoch 87/436
 - 9s - loss: 0.1664 - acc: 0.9336 - val_loss: 0.1578 - val_acc: 0.9363
Epoch 88/436
 - 9s - loss: 0.1657 - acc: 0.9337 - val_loss: 0.1576 - val_acc: 0.9351
Epoch 89/436
 - 9s - loss: 0.1659 - acc: 0.9335 - val_loss: 0.1579 - val_acc: 0.9358
Epoch 90/436
 - 9s - loss: 0.1661 - acc: 0.9337 - val_loss: 0.1560 - val_acc: 0.9372
Epoch 91/436
 - 9s - loss: 0.1658 - acc: 0.9339 - val_loss: 0.1548 - val_acc: 0.9365
Epoch 92/436
 - 9s - loss: 0.1661 - acc: 0.9336 - val_loss: 0.1573 - val_acc: 0.9357
Epoch 93/436
 - 9s - loss: 0.1660 - acc: 0.9337 - val_loss: 0.1568 - val_acc: 0.9355
Epoch 94/436
 - 9s - loss: 0.1662 - acc: 0.9337 - val_loss: 0.1580 - val_acc: 0.9361
Epoch 95/436
 - 9s - loss: 0.1662 - acc: 0.9336 - val_loss: 0.1549 - val_acc: 0.9365
Epoch 96/436
 - 9s - loss: 0.1660 - acc: 0.9338 - val_loss: 0.1568 - val_acc: 0.9364
Epoch 97/436
 - 9s - loss: 0.1660 - acc: 0.9339 - val_loss: 0.1566 - val_acc: 0.9365
Epoch 98/436
 - 9s - loss: 0.1657 - acc: 0.9338 - val_loss: 0.1561 - val_acc: 0.9363
Epoch 99/436
 - 9s - loss: 0.1664 - acc: 0.9335 - val_loss: 0.1551 - val_acc: 0.9368
Epoch 100/436
 - 9s - loss: 0.1658 - acc: 0.9338 - val_loss: 0.1561 - val_acc: 0.9365
Epoch 101/436
 - 9s - loss: 0.1663 - acc: 0.9335 - val_loss: 0.1550 - val_acc: 0.9361
Epoch 102/436
 - 9s - loss: 0.1657 - acc: 0.9338 - val_loss: 0.1549 - val_acc: 0.9372
Epoch 103/436
 - 9s - loss: 0.1663 - acc: 0.9340 - val_loss: 0.1560 - val_acc: 0.9364
Epoch 104/436
 - 9s - loss: 0.1660 - acc: 0.9338 - val_loss: 0.1570 - val_acc: 0.9361
Epoch 105/436
 - 9s - loss: 0.1658 - acc: 0.9339 - val_loss: 0.1549 - val_acc: 0.9361
Epoch 106/436
 - 9s - loss: 0.1661 - acc: 0.9336 - val_loss: 0.1559 - val_acc: 0.9359
Epoch 107/436
 - 9s - loss: 0.1664 - acc: 0.9333 - val_loss: 0.1562 - val_acc: 0.9361
Epoch 108/436
 - 9s - loss: 0.1661 - acc: 0.9336 - val_loss: 0.1555 - val_acc: 0.9357
Epoch 109/436
 - 9s - loss: 0.1657 - acc: 0.9339 - val_loss: 0.1546 - val_acc: 0.9368
Epoch 110/436
 - 9s - loss: 0.1657 - acc: 0.9339 - val_loss: 0.1553 - val_acc: 0.9368
Epoch 111/436
 - 9s - loss: 0.1659 - acc: 0.9337 - val_loss: 0.1551 - val_acc: 0.9365
Epoch 112/436
 - 9s - loss: 0.1663 - acc: 0.9336 - val_loss: 0.1597 - val_acc: 0.9357
Epoch 113/436
 - 9s - loss: 0.1658 - acc: 0.9337 - val_loss: 0.1556 - val_acc: 0.9361
Epoch 114/436
 - 9s - loss: 0.1659 - acc: 0.9338 - val_loss: 0.1560 - val_acc: 0.9363
Epoch 115/436
 - 9s - loss: 0.1658 - acc: 0.9337 - val_loss: 0.1545 - val_acc: 0.9366
Epoch 116/436
 - 9s - loss: 0.1656 - acc: 0.9336 - val_loss: 0.1564 - val_acc: 0.9361
Epoch 117/436
 - 9s - loss: 0.1659 - acc: 0.9338 - val_loss: 0.1548 - val_acc: 0.9362
Epoch 118/436
 - 9s - loss: 0.1661 - acc: 0.9340 - val_loss: 0.1549 - val_acc: 0.9368
Epoch 119/436
 - 9s - loss: 0.1662 - acc: 0.9337 - val_loss: 0.1553 - val_acc: 0.9374
Epoch 120/436
 - 9s - loss: 0.1661 - acc: 0.9336 - val_loss: 0.1553 - val_acc: 0.9364
Epoch 121/436
 - 9s - loss: 0.1658 - acc: 0.9339 - val_loss: 0.1551 - val_acc: 0.9366
Epoch 122/436
 - 9s - loss: 0.1660 - acc: 0.9339 - val_loss: 0.1558 - val_acc: 0.9371
Epoch 123/436
 - 9s - loss: 0.1658 - acc: 0.9337 - val_loss: 0.1555 - val_acc: 0.9365
Epoch 124/436
 - 9s - loss: 0.1658 - acc: 0.9339 - val_loss: 0.1557 - val_acc: 0.9368
Epoch 125/436
 - 9s - loss: 0.1656 - acc: 0.9338 - val_loss: 0.1550 - val_acc: 0.9365
Epoch 126/436
 - 9s - loss: 0.1661 - acc: 0.9338 - val_loss: 0.1562 - val_acc: 0.9369
Epoch 127/436
 - 9s - loss: 0.1658 - acc: 0.9338 - val_loss: 0.1560 - val_acc: 0.9370
Epoch 128/436
 - 9s - loss: 0.1655 - acc: 0.9340 - val_loss: 0.1554 - val_acc: 0.9365
Epoch 129/436
 - 9s - loss: 0.1662 - acc: 0.9336 - val_loss: 0.1579 - val_acc: 0.9348
Epoch 130/436
 - 9s - loss: 0.1657 - acc: 0.9337 - val_loss: 0.1561 - val_acc: 0.9364
Epoch 131/436
 - 9s - loss: 0.1661 - acc: 0.9336 - val_loss: 0.1565 - val_acc: 0.9362
Epoch 132/436
 - 9s - loss: 0.1659 - acc: 0.9339 - val_loss: 0.1539 - val_acc: 0.9370
Epoch 133/436
 - 9s - loss: 0.1660 - acc: 0.9336 - val_loss: 0.1579 - val_acc: 0.9347
Epoch 134/436
 - 9s - loss: 0.1656 - acc: 0.9340 - val_loss: 0.1569 - val_acc: 0.9364
Epoch 135/436
 - 9s - loss: 0.1661 - acc: 0.9340 - val_loss: 0.1559 - val_acc: 0.9364
Epoch 136/436
 - 9s - loss: 0.1662 - acc: 0.9337 - val_loss: 0.1549 - val_acc: 0.9368
Epoch 137/436
 - 9s - loss: 0.1662 - acc: 0.9338 - val_loss: 0.1559 - val_acc: 0.9363
Epoch 138/436
 - 9s - loss: 0.1658 - acc: 0.9338 - val_loss: 0.1560 - val_acc: 0.9366
Epoch 139/436
 - 9s - loss: 0.1660 - acc: 0.9338 - val_loss: 0.1563 - val_acc: 0.9363
Epoch 140/436
 - 9s - loss: 0.1659 - acc: 0.9338 - val_loss: 0.1554 - val_acc: 0.9365
Epoch 141/436
 - 9s - loss: 0.1660 - acc: 0.9338 - val_loss: 0.1547 - val_acc: 0.9362
Epoch 142/436
 - 9s - loss: 0.1656 - acc: 0.9340 - val_loss: 0.1578 - val_acc: 0.9360
Epoch 143/436
 - 9s - loss: 0.1662 - acc: 0.9336 - val_loss: 0.1565 - val_acc: 0.9363
Epoch 144/436
 - 9s - loss: 0.1659 - acc: 0.9336 - val_loss: 0.1550 - val_acc: 0.9362
Epoch 145/436
 - 9s - loss: 0.1660 - acc: 0.9338 - val_loss: 0.1544 - val_acc: 0.9371
Epoch 146/436
 - 9s - loss: 0.1663 - acc: 0.9338 - val_loss: 0.1556 - val_acc: 0.9358
Epoch 147/436
 - 9s - loss: 0.1661 - acc: 0.9339 - val_loss: 0.1569 - val_acc: 0.9357
Epoch 148/436
 - 9s - loss: 0.1661 - acc: 0.9337 - val_loss: 0.1549 - val_acc: 0.9371
Epoch 149/436
 - 9s - loss: 0.1660 - acc: 0.9337 - val_loss: 0.1562 - val_acc: 0.9356
Epoch 150/436
 - 9s - loss: 0.1661 - acc: 0.9338 - val_loss: 0.1551 - val_acc: 0.9366
Epoch 151/436
 - 9s - loss: 0.1657 - acc: 0.9339 - val_loss: 0.1547 - val_acc: 0.9365
Epoch 152/436
 - 9s - loss: 0.1659 - acc: 0.9339 - val_loss: 0.1565 - val_acc: 0.9364
Epoch 153/436
 - 9s - loss: 0.1655 - acc: 0.9337 - val_loss: 0.1558 - val_acc: 0.9362
Epoch 154/436
 - 9s - loss: 0.1659 - acc: 0.9339 - val_loss: 0.1552 - val_acc: 0.9363
Epoch 155/436
 - 9s - loss: 0.1656 - acc: 0.9340 - val_loss: 0.1553 - val_acc: 0.9371
Epoch 156/436
 - 9s - loss: 0.1661 - acc: 0.9338 - val_loss: 0.1537 - val_acc: 0.9366
Epoch 157/436
 - 9s - loss: 0.1662 - acc: 0.9336 - val_loss: 0.1540 - val_acc: 0.9367
Epoch 158/436
 - 9s - loss: 0.1659 - acc: 0.9340 - val_loss: 0.1538 - val_acc: 0.9371
Epoch 159/436
 - 9s - loss: 0.1657 - acc: 0.9338 - val_loss: 0.1544 - val_acc: 0.9368
Epoch 160/436
 - 9s - loss: 0.1659 - acc: 0.9339 - val_loss: 0.1537 - val_acc: 0.9367
Epoch 161/436
 - 9s - loss: 0.1657 - acc: 0.9339 - val_loss: 0.1563 - val_acc: 0.9364
Epoch 162/436
 - 9s - loss: 0.1659 - acc: 0.9337 - val_loss: 0.1553 - val_acc: 0.9368
Epoch 163/436
 - 9s - loss: 0.1659 - acc: 0.9339 - val_loss: 0.1567 - val_acc: 0.9368
Epoch 164/436
 - 9s - loss: 0.1658 - acc: 0.9339 - val_loss: 0.1589 - val_acc: 0.9357
Epoch 165/436
 - 9s - loss: 0.1662 - acc: 0.9339 - val_loss: 0.1561 - val_acc: 0.9368
Epoch 166/436
 - 9s - loss: 0.1657 - acc: 0.9337 - val_loss: 0.1572 - val_acc: 0.9373
Epoch 167/436
 - 9s - loss: 0.1659 - acc: 0.9340 - val_loss: 0.1543 - val_acc: 0.9369
Epoch 168/436
 - 9s - loss: 0.1658 - acc: 0.9339 - val_loss: 0.1553 - val_acc: 0.9366
Epoch 169/436
 - 9s - loss: 0.1659 - acc: 0.9338 - val_loss: 0.1572 - val_acc: 0.9356
Epoch 170/436
 - 9s - loss: 0.1655 - acc: 0.9340 - val_loss: 0.1543 - val_acc: 0.9366
Epoch 171/436
 - 9s - loss: 0.1659 - acc: 0.9339 - val_loss: 0.1582 - val_acc: 0.9354
Epoch 172/436
 - 9s - loss: 0.1657 - acc: 0.9339 - val_loss: 0.1542 - val_acc: 0.9366
Epoch 173/436
 - 9s - loss: 0.1659 - acc: 0.9337 - val_loss: 0.1567 - val_acc: 0.9365
Epoch 174/436
 - 9s - loss: 0.1659 - acc: 0.9338 - val_loss: 0.1547 - val_acc: 0.9369
Epoch 175/436
 - 9s - loss: 0.1660 - acc: 0.9337 - val_loss: 0.1553 - val_acc: 0.9362
Epoch 176/436
 - 9s - loss: 0.1660 - acc: 0.9337 - val_loss: 0.1547 - val_acc: 0.9360
Epoch 177/436
 - 9s - loss: 0.1660 - acc: 0.9338 - val_loss: 0.1551 - val_acc: 0.9374
Epoch 178/436
 - 9s - loss: 0.1660 - acc: 0.9338 - val_loss: 0.1556 - val_acc: 0.9363
Epoch 179/436
 - 9s - loss: 0.1659 - acc: 0.9338 - val_loss: 0.1567 - val_acc: 0.9358
Epoch 180/436
 - 9s - loss: 0.1658 - acc: 0.9338 - val_loss: 0.1543 - val_acc: 0.9374
Epoch 181/436
 - 9s - loss: 0.1658 - acc: 0.9339 - val_loss: 0.1542 - val_acc: 0.9369
Epoch 182/436
 - 9s - loss: 0.1655 - acc: 0.9338 - val_loss: 0.1541 - val_acc: 0.9373
Epoch 183/436
 - 9s - loss: 0.1659 - acc: 0.9338 - val_loss: 0.1549 - val_acc: 0.9361
Epoch 184/436
 - 9s - loss: 0.1657 - acc: 0.9339 - val_loss: 0.1550 - val_acc: 0.9367
Epoch 185/436
 - 9s - loss: 0.1661 - acc: 0.9339 - val_loss: 0.1538 - val_acc: 0.9366
Epoch 186/436
 - 9s - loss: 0.1655 - acc: 0.9340 - val_loss: 0.1537 - val_acc: 0.9368
Epoch 187/436
 - 9s - loss: 0.1657 - acc: 0.9339 - val_loss: 0.1555 - val_acc: 0.9369
Epoch 188/436
 - 9s - loss: 0.1660 - acc: 0.9339 - val_loss: 0.1578 - val_acc: 0.9360
Epoch 189/436
 - 9s - loss: 0.1662 - acc: 0.9336 - val_loss: 0.1554 - val_acc: 0.9369
Epoch 190/436
 - 9s - loss: 0.1661 - acc: 0.9337 - val_loss: 0.1576 - val_acc: 0.9356
Epoch 191/436
 - 9s - loss: 0.1663 - acc: 0.9338 - val_loss: 0.1557 - val_acc: 0.9365
Epoch 192/436
 - 9s - loss: 0.1662 - acc: 0.9337 - val_loss: 0.1546 - val_acc: 0.9365
Epoch 193/436
 - 9s - loss: 0.1654 - acc: 0.9339 - val_loss: 0.1551 - val_acc: 0.9369
Epoch 194/436
 - 9s - loss: 0.1659 - acc: 0.9337 - val_loss: 0.1558 - val_acc: 0.9373
Epoch 195/436
 - 9s - loss: 0.1659 - acc: 0.9340 - val_loss: 0.1553 - val_acc: 0.9371
Epoch 196/436
 - 9s - loss: 0.1658 - acc: 0.9338 - val_loss: 0.1541 - val_acc: 0.9369
Epoch 197/436
 - 9s - loss: 0.1656 - acc: 0.9341 - val_loss: 0.1549 - val_acc: 0.9373
Epoch 198/436
 - 9s - loss: 0.1661 - acc: 0.9341 - val_loss: 0.1599 - val_acc: 0.9363
Epoch 199/436
 - 9s - loss: 0.1663 - acc: 0.9336 - val_loss: 0.1556 - val_acc: 0.9362
Epoch 200/436
 - 9s - loss: 0.1655 - acc: 0.9339 - val_loss: 0.1547 - val_acc: 0.9365
Epoch 201/436
 - 9s - loss: 0.1658 - acc: 0.9339 - val_loss: 0.1551 - val_acc: 0.9361
Epoch 202/436
 - 9s - loss: 0.1657 - acc: 0.9342 - val_loss: 0.1542 - val_acc: 0.9367
Epoch 203/436
 - 9s - loss: 0.1658 - acc: 0.9338 - val_loss: 0.1550 - val_acc: 0.9359
Epoch 204/436
 - 9s - loss: 0.1657 - acc: 0.9338 - val_loss: 0.1568 - val_acc: 0.9369
Epoch 205/436
 - 9s - loss: 0.1662 - acc: 0.9337 - val_loss: 0.1546 - val_acc: 0.9361
Epoch 206/436
 - 9s - loss: 0.1657 - acc: 0.9338 - val_loss: 0.1554 - val_acc: 0.9356
Epoch 207/436
 - 9s - loss: 0.1657 - acc: 0.9340 - val_loss: 0.1556 - val_acc: 0.9364
Epoch 208/436
 - 9s - loss: 0.1658 - acc: 0.9338 - val_loss: 0.1563 - val_acc: 0.9366
Epoch 209/436
 - 9s - loss: 0.1658 - acc: 0.9338 - val_loss: 0.1532 - val_acc: 0.9372
Epoch 210/436
 - 9s - loss: 0.1659 - acc: 0.9337 - val_loss: 0.1542 - val_acc: 0.9363
Epoch 211/436
 - 9s - loss: 0.1658 - acc: 0.9338 - val_loss: 0.1546 - val_acc: 0.9365
Epoch 212/436
 - 9s - loss: 0.1657 - acc: 0.9340 - val_loss: 0.1555 - val_acc: 0.9364
Epoch 213/436
 - 9s - loss: 0.1659 - acc: 0.9340 - val_loss: 0.1575 - val_acc: 0.9363
Epoch 214/436
 - 9s - loss: 0.1657 - acc: 0.9338 - val_loss: 0.1546 - val_acc: 0.9366
Epoch 215/436
 - 9s - loss: 0.1658 - acc: 0.9339 - val_loss: 0.1559 - val_acc: 0.9370
Epoch 216/436
 - 9s - loss: 0.1657 - acc: 0.9337 - val_loss: 0.1556 - val_acc: 0.9369
Epoch 217/436
 - 9s - loss: 0.1660 - acc: 0.9338 - val_loss: 0.1545 - val_acc: 0.9370
Epoch 218/436
 - 9s - loss: 0.1654 - acc: 0.9337 - val_loss: 0.1553 - val_acc: 0.9367
Epoch 219/436
 - 9s - loss: 0.1658 - acc: 0.9340 - val_loss: 0.1542 - val_acc: 0.9371
Epoch 220/436
 - 9s - loss: 0.1662 - acc: 0.9338 - val_loss: 0.1559 - val_acc: 0.9363
Epoch 221/436
 - 9s - loss: 0.1662 - acc: 0.9338 - val_loss: 0.1543 - val_acc: 0.9366
Epoch 222/436
 - 9s - loss: 0.1660 - acc: 0.9337 - val_loss: 0.1539 - val_acc: 0.9374
Epoch 223/436
 - 9s - loss: 0.1663 - acc: 0.9339 - val_loss: 0.1538 - val_acc: 0.9367
Epoch 224/436
 - 9s - loss: 0.1658 - acc: 0.9339 - val_loss: 0.1537 - val_acc: 0.9373
Epoch 225/436
 - 9s - loss: 0.1655 - acc: 0.9341 - val_loss: 0.1552 - val_acc: 0.9366
Epoch 226/436
 - 9s - loss: 0.1655 - acc: 0.9341 - val_loss: 0.1555 - val_acc: 0.9367
Epoch 227/436
 - 9s - loss: 0.1663 - acc: 0.9339 - val_loss: 0.1542 - val_acc: 0.9372
Epoch 228/436
 - 9s - loss: 0.1657 - acc: 0.9339 - val_loss: 0.1551 - val_acc: 0.9368
Epoch 229/436
 - 9s - loss: 0.1657 - acc: 0.9341 - val_loss: 0.1549 - val_acc: 0.9369
Epoch 230/436
 - 9s - loss: 0.1661 - acc: 0.9340 - val_loss: 0.1560 - val_acc: 0.9368
Epoch 231/436
 - 9s - loss: 0.1657 - acc: 0.9338 - val_loss: 0.1547 - val_acc: 0.9376
Epoch 232/436
 - 9s - loss: 0.1657 - acc: 0.9339 - val_loss: 0.1550 - val_acc: 0.9365
Epoch 233/436
 - 9s - loss: 0.1660 - acc: 0.9339 - val_loss: 0.1544 - val_acc: 0.9361
Epoch 234/436
 - 9s - loss: 0.1658 - acc: 0.9336 - val_loss: 0.1557 - val_acc: 0.9363
Epoch 235/436
 - 9s - loss: 0.1662 - acc: 0.9336 - val_loss: 0.1584 - val_acc: 0.9354
Epoch 236/436
 - 9s - loss: 0.1655 - acc: 0.9341 - val_loss: 0.1536 - val_acc: 0.9368
Epoch 237/436
 - 9s - loss: 0.1658 - acc: 0.9339 - val_loss: 0.1540 - val_acc: 0.9369
Epoch 238/436
 - 9s - loss: 0.1661 - acc: 0.9336 - val_loss: 0.1567 - val_acc: 0.9370
Epoch 239/436
 - 9s - loss: 0.1661 - acc: 0.9338 - val_loss: 0.1535 - val_acc: 0.9372
Epoch 240/436
 - 9s - loss: 0.1664 - acc: 0.9338 - val_loss: 0.1533 - val_acc: 0.9371
Epoch 241/436
 - 9s - loss: 0.1661 - acc: 0.9340 - val_loss: 0.1534 - val_acc: 0.9375
Epoch 242/436
 - 9s - loss: 0.1664 - acc: 0.9336 - val_loss: 0.1538 - val_acc: 0.9368
Epoch 243/436
 - 9s - loss: 0.1660 - acc: 0.9339 - val_loss: 0.1543 - val_acc: 0.9368
Epoch 244/436
 - 9s - loss: 0.1663 - acc: 0.9337 - val_loss: 0.1539 - val_acc: 0.9370
Epoch 245/436
 - 9s - loss: 0.1653 - acc: 0.9340 - val_loss: 0.1562 - val_acc: 0.9369
Epoch 246/436
 - 9s - loss: 0.1660 - acc: 0.9339 - val_loss: 0.1538 - val_acc: 0.9370
Epoch 247/436
 - 9s - loss: 0.1658 - acc: 0.9336 - val_loss: 0.1546 - val_acc: 0.9368
Epoch 248/436
 - 9s - loss: 0.1659 - acc: 0.9338 - val_loss: 0.1546 - val_acc: 0.9367
Epoch 249/436
 - 9s - loss: 0.1659 - acc: 0.9340 - val_loss: 0.1536 - val_acc: 0.9373
Epoch 250/436
 - 9s - loss: 0.1662 - acc: 0.9338 - val_loss: 0.1544 - val_acc: 0.9368
Epoch 251/436
 - 9s - loss: 0.1658 - acc: 0.9340 - val_loss: 0.1543 - val_acc: 0.9368
Epoch 252/436
 - 9s - loss: 0.1662 - acc: 0.9340 - val_loss: 0.1541 - val_acc: 0.9365
Epoch 253/436
 - 9s - loss: 0.1662 - acc: 0.9337 - val_loss: 0.1548 - val_acc: 0.9362
Epoch 254/436
 - 9s - loss: 0.1664 - acc: 0.9337 - val_loss: 0.1547 - val_acc: 0.9361
Epoch 255/436
 - 9s - loss: 0.1661 - acc: 0.9340 - val_loss: 0.1536 - val_acc: 0.9366
Epoch 256/436
 - 9s - loss: 0.1658 - acc: 0.9337 - val_loss: 0.1544 - val_acc: 0.9368
Epoch 257/436
 - 9s - loss: 0.1662 - acc: 0.9337 - val_loss: 0.1572 - val_acc: 0.9350
Epoch 258/436
 - 9s - loss: 0.1655 - acc: 0.9339 - val_loss: 0.1554 - val_acc: 0.9364
Epoch 259/436
 - 9s - loss: 0.1660 - acc: 0.9338 - val_loss: 0.1553 - val_acc: 0.9367
Epoch 260/436
 - 9s - loss: 0.1656 - acc: 0.9336 - val_loss: 0.1538 - val_acc: 0.9367
Epoch 261/436
 - 9s - loss: 0.1660 - acc: 0.9339 - val_loss: 0.1542 - val_acc: 0.9370
Epoch 262/436
 - 9s - loss: 0.1662 - acc: 0.9337 - val_loss: 0.1544 - val_acc: 0.9364
Epoch 263/436
 - 9s - loss: 0.1664 - acc: 0.9337 - val_loss: 0.1551 - val_acc: 0.9357
Epoch 264/436
 - 9s - loss: 0.1663 - acc: 0.9337 - val_loss: 0.1553 - val_acc: 0.9364
Epoch 265/436
 - 9s - loss: 0.1659 - acc: 0.9335 - val_loss: 0.1553 - val_acc: 0.9366
Epoch 266/436
 - 9s - loss: 0.1662 - acc: 0.9337 - val_loss: 0.1558 - val_acc: 0.9365
Epoch 267/436
 - 9s - loss: 0.1663 - acc: 0.9339 - val_loss: 0.1576 - val_acc: 0.9362
Epoch 268/436
 - 9s - loss: 0.1660 - acc: 0.9339 - val_loss: 0.1560 - val_acc: 0.9363
Epoch 269/436
 - 9s - loss: 0.1659 - acc: 0.9340 - val_loss: 0.1553 - val_acc: 0.9368
Epoch 270/436
 - 9s - loss: 0.1658 - acc: 0.9339 - val_loss: 0.1554 - val_acc: 0.9366
Epoch 271/436
 - 9s - loss: 0.1661 - acc: 0.9336 - val_loss: 0.1546 - val_acc: 0.9364
Epoch 272/436
 - 9s - loss: 0.1662 - acc: 0.9338 - val_loss: 0.1553 - val_acc: 0.9360
Epoch 273/436
 - 9s - loss: 0.1657 - acc: 0.9338 - val_loss: 0.1547 - val_acc: 0.9367
Epoch 274/436
 - 9s - loss: 0.1663 - acc: 0.9338 - val_loss: 0.1556 - val_acc: 0.9370
Epoch 275/436
 - 9s - loss: 0.1660 - acc: 0.9340 - val_loss: 0.1537 - val_acc: 0.9369
Epoch 276/436
 - 9s - loss: 0.1660 - acc: 0.9339 - val_loss: 0.1550 - val_acc: 0.9365
Epoch 277/436
 - 9s - loss: 0.1658 - acc: 0.9341 - val_loss: 0.1547 - val_acc: 0.9365
Epoch 278/436
 - 9s - loss: 0.1656 - acc: 0.9340 - val_loss: 0.1550 - val_acc: 0.9368
Epoch 279/436
 - 9s - loss: 0.1661 - acc: 0.9338 - val_loss: 0.1545 - val_acc: 0.9367
Epoch 280/436
 - 9s - loss: 0.1657 - acc: 0.9338 - val_loss: 0.1530 - val_acc: 0.9370
Epoch 281/436
 - 9s - loss: 0.1661 - acc: 0.9338 - val_loss: 0.1547 - val_acc: 0.9364
Epoch 282/436
 - 9s - loss: 0.1660 - acc: 0.9340 - val_loss: 0.1540 - val_acc: 0.9366
Epoch 283/436
 - 9s - loss: 0.1661 - acc: 0.9340 - val_loss: 0.1537 - val_acc: 0.9368
Epoch 284/436
 - 9s - loss: 0.1655 - acc: 0.9339 - val_loss: 0.1547 - val_acc: 0.9366
Epoch 285/436
 - 9s - loss: 0.1658 - acc: 0.9340 - val_loss: 0.1534 - val_acc: 0.9370
Epoch 286/436
 - 9s - loss: 0.1661 - acc: 0.9340 - val_loss: 0.1556 - val_acc: 0.9363
Epoch 287/436
 - 9s - loss: 0.1659 - acc: 0.9340 - val_loss: 0.1559 - val_acc: 0.9357
Epoch 288/436
 - 9s - loss: 0.1660 - acc: 0.9340 - val_loss: 0.1565 - val_acc: 0.9371
Epoch 289/436
 - 9s - loss: 0.1661 - acc: 0.9338 - val_loss: 0.1558 - val_acc: 0.9363
Epoch 290/436
 - 9s - loss: 0.1658 - acc: 0.9339 - val_loss: 0.1543 - val_acc: 0.9369
Epoch 291/436
 - 9s - loss: 0.1659 - acc: 0.9338 - val_loss: 0.1538 - val_acc: 0.9370
Epoch 292/436
 - 9s - loss: 0.1658 - acc: 0.9340 - val_loss: 0.1541 - val_acc: 0.9370
Epoch 293/436
 - 9s - loss: 0.1662 - acc: 0.9338 - val_loss: 0.1543 - val_acc: 0.9370
Epoch 294/436
 - 9s - loss: 0.1662 - acc: 0.9337 - val_loss: 0.1549 - val_acc: 0.9373
Epoch 295/436
 - 9s - loss: 0.1663 - acc: 0.9338 - val_loss: 0.1531 - val_acc: 0.9368
Epoch 296/436
 - 9s - loss: 0.1659 - acc: 0.9338 - val_loss: 0.1547 - val_acc: 0.9371
Epoch 297/436
 - 9s - loss: 0.1664 - acc: 0.9337 - val_loss: 0.1554 - val_acc: 0.9363
Epoch 298/436
 - 9s - loss: 0.1659 - acc: 0.9339 - val_loss: 0.1540 - val_acc: 0.9374
Epoch 299/436
 - 9s - loss: 0.1658 - acc: 0.9339 - val_loss: 0.1546 - val_acc: 0.9369
Epoch 300/436
 - 9s - loss: 0.1660 - acc: 0.9339 - val_loss: 0.1546 - val_acc: 0.9364
Epoch 301/436
 - 9s - loss: 0.1659 - acc: 0.9337 - val_loss: 0.1536 - val_acc: 0.9368
Epoch 302/436
 - 9s - loss: 0.1659 - acc: 0.9336 - val_loss: 0.1565 - val_acc: 0.9366
Epoch 303/436
 - 9s - loss: 0.1659 - acc: 0.9340 - val_loss: 0.1533 - val_acc: 0.9376
Epoch 304/436
 - 9s - loss: 0.1658 - acc: 0.9338 - val_loss: 0.1541 - val_acc: 0.9371
Epoch 305/436
 - 9s - loss: 0.1661 - acc: 0.9339 - val_loss: 0.1552 - val_acc: 0.9365
Epoch 306/436
 - 9s - loss: 0.1659 - acc: 0.9341 - val_loss: 0.1543 - val_acc: 0.9371
Epoch 307/436
 - 9s - loss: 0.1660 - acc: 0.9338 - val_loss: 0.1547 - val_acc: 0.9367
Epoch 308/436
 - 9s - loss: 0.1663 - acc: 0.9339 - val_loss: 0.1539 - val_acc: 0.9369
Epoch 309/436
 - 9s - loss: 0.1661 - acc: 0.9339 - val_loss: 0.1547 - val_acc: 0.9367
Epoch 310/436
 - 9s - loss: 0.1666 - acc: 0.9337 - val_loss: 0.1544 - val_acc: 0.9363
Epoch 311/436
 - 9s - loss: 0.1660 - acc: 0.9338 - val_loss: 0.1564 - val_acc: 0.9362
Epoch 312/436
 - 9s - loss: 0.1660 - acc: 0.9338 - val_loss: 0.1542 - val_acc: 0.9367
Epoch 313/436
 - 9s - loss: 0.1659 - acc: 0.9338 - val_loss: 0.1540 - val_acc: 0.9371
Epoch 314/436
 - 9s - loss: 0.1659 - acc: 0.9338 - val_loss: 0.1548 - val_acc: 0.9370
Epoch 315/436
 - 9s - loss: 0.1661 - acc: 0.9338 - val_loss: 0.1540 - val_acc: 0.9365
Epoch 316/436
 - 9s - loss: 0.1660 - acc: 0.9340 - val_loss: 0.1538 - val_acc: 0.9367
Epoch 317/436
 - 9s - loss: 0.1659 - acc: 0.9340 - val_loss: 0.1576 - val_acc: 0.9372
Epoch 318/436
 - 9s - loss: 0.1660 - acc: 0.9338 - val_loss: 0.1543 - val_acc: 0.9368
Epoch 319/436
 - 9s - loss: 0.1659 - acc: 0.9340 - val_loss: 0.1551 - val_acc: 0.9375
Epoch 320/436
 - 9s - loss: 0.1663 - acc: 0.9337 - val_loss: 0.1548 - val_acc: 0.9368
Epoch 321/436
 - 9s - loss: 0.1665 - acc: 0.9337 - val_loss: 0.1535 - val_acc: 0.9369
Epoch 322/436
 - 9s - loss: 0.1658 - acc: 0.9338 - val_loss: 0.1538 - val_acc: 0.9367
Epoch 323/436
 - 9s - loss: 0.1660 - acc: 0.9336 - val_loss: 0.1538 - val_acc: 0.9368
Epoch 324/436
 - 9s - loss: 0.1657 - acc: 0.9340 - val_loss: 0.1554 - val_acc: 0.9363
Epoch 325/436
 - 9s - loss: 0.1662 - acc: 0.9338 - val_loss: 0.1542 - val_acc: 0.9369
Epoch 326/436
 - 9s - loss: 0.1663 - acc: 0.9338 - val_loss: 0.1546 - val_acc: 0.9371
Epoch 327/436
 - 9s - loss: 0.1662 - acc: 0.9341 - val_loss: 0.1545 - val_acc: 0.9371
Epoch 328/436
 - 9s - loss: 0.1659 - acc: 0.9338 - val_loss: 0.1578 - val_acc: 0.9352
Epoch 329/436
 - 9s - loss: 0.1660 - acc: 0.9339 - val_loss: 0.1548 - val_acc: 0.9371
Epoch 330/436
 - 9s - loss: 0.1658 - acc: 0.9339 - val_loss: 0.1544 - val_acc: 0.9371
Epoch 331/436
 - 9s - loss: 0.1659 - acc: 0.9339 - val_loss: 0.1532 - val_acc: 0.9370
Epoch 332/436
 - 9s - loss: 0.1663 - acc: 0.9337 - val_loss: 0.1536 - val_acc: 0.9372
Epoch 333/436
 - 9s - loss: 0.1661 - acc: 0.9340 - val_loss: 0.1541 - val_acc: 0.9367
Epoch 334/436
 - 9s - loss: 0.1660 - acc: 0.9339 - val_loss: 0.1545 - val_acc: 0.9369
Epoch 335/436
 - 9s - loss: 0.1661 - acc: 0.9342 - val_loss: 0.1533 - val_acc: 0.9363
Epoch 336/436
 - 9s - loss: 0.1662 - acc: 0.9339 - val_loss: 0.1549 - val_acc: 0.9370
Epoch 337/436
 - 9s - loss: 0.1658 - acc: 0.9339 - val_loss: 0.1540 - val_acc: 0.9373
Epoch 338/436
 - 9s - loss: 0.1660 - acc: 0.9336 - val_loss: 0.1545 - val_acc: 0.9370
Epoch 339/436
 - 9s - loss: 0.1658 - acc: 0.9339 - val_loss: 0.1531 - val_acc: 0.9370
Epoch 340/436
 - 9s - loss: 0.1657 - acc: 0.9338 - val_loss: 0.1533 - val_acc: 0.9370
Epoch 341/436
 - 9s - loss: 0.1660 - acc: 0.9341 - val_loss: 0.1535 - val_acc: 0.9368
Epoch 342/436
 - 9s - loss: 0.1661 - acc: 0.9338 - val_loss: 0.1536 - val_acc: 0.9368
Epoch 343/436
 - 9s - loss: 0.1658 - acc: 0.9337 - val_loss: 0.1535 - val_acc: 0.9373
Epoch 344/436
 - 9s - loss: 0.1659 - acc: 0.9338 - val_loss: 0.1549 - val_acc: 0.9371
Epoch 345/436
 - 9s - loss: 0.1657 - acc: 0.9340 - val_loss: 0.1526 - val_acc: 0.9369
Epoch 346/436
 - 9s - loss: 0.1660 - acc: 0.9339 - val_loss: 0.1535 - val_acc: 0.9369
Epoch 347/436
 - 9s - loss: 0.1661 - acc: 0.9340 - val_loss: 0.1551 - val_acc: 0.9360
Epoch 348/436
 - 9s - loss: 0.1665 - acc: 0.9337 - val_loss: 0.1537 - val_acc: 0.9370
Epoch 349/436
 - 9s - loss: 0.1663 - acc: 0.9338 - val_loss: 0.1547 - val_acc: 0.9370
Epoch 350/436
 - 9s - loss: 0.1656 - acc: 0.9338 - val_loss: 0.1532 - val_acc: 0.9369
Epoch 351/436
 - 9s - loss: 0.1659 - acc: 0.9339 - val_loss: 0.1539 - val_acc: 0.9369
Epoch 352/436
 - 9s - loss: 0.1662 - acc: 0.9340 - val_loss: 0.1544 - val_acc: 0.9368
Epoch 353/436
 - 9s - loss: 0.1660 - acc: 0.9338 - val_loss: 0.1529 - val_acc: 0.9376
Epoch 354/436
 - 9s - loss: 0.1660 - acc: 0.9338 - val_loss: 0.1542 - val_acc: 0.9369
Epoch 355/436
 - 9s - loss: 0.1662 - acc: 0.9339 - val_loss: 0.1539 - val_acc: 0.9372
Epoch 356/436
 - 9s - loss: 0.1660 - acc: 0.9338 - val_loss: 0.1536 - val_acc: 0.9365
Epoch 357/436
 - 9s - loss: 0.1662 - acc: 0.9338 - val_loss: 0.1533 - val_acc: 0.9370
Epoch 358/436
 - 9s - loss: 0.1661 - acc: 0.9338 - val_loss: 0.1531 - val_acc: 0.9372
Epoch 359/436
 - 9s - loss: 0.1656 - acc: 0.9338 - val_loss: 0.1543 - val_acc: 0.9369
Epoch 360/436
 - 9s - loss: 0.1657 - acc: 0.9337 - val_loss: 0.1537 - val_acc: 0.9368
Epoch 361/436
 - 9s - loss: 0.1657 - acc: 0.9339 - val_loss: 0.1541 - val_acc: 0.9373
Epoch 362/436
 - 9s - loss: 0.1661 - acc: 0.9337 - val_loss: 0.1529 - val_acc: 0.9369
Epoch 363/436
 - 9s - loss: 0.1658 - acc: 0.9338 - val_loss: 0.1540 - val_acc: 0.9370
Epoch 364/436
 - 9s - loss: 0.1662 - acc: 0.9339 - val_loss: 0.1528 - val_acc: 0.9371
Epoch 365/436
 - 9s - loss: 0.1661 - acc: 0.9337 - val_loss: 0.1534 - val_acc: 0.9371
Epoch 366/436
 - 9s - loss: 0.1660 - acc: 0.9339 - val_loss: 0.1546 - val_acc: 0.9366
Epoch 367/436
 - 9s - loss: 0.1661 - acc: 0.9339 - val_loss: 0.1543 - val_acc: 0.9371
Epoch 368/436
 - 9s - loss: 0.1662 - acc: 0.9337 - val_loss: 0.1550 - val_acc: 0.9367
Epoch 369/436
 - 9s - loss: 0.1660 - acc: 0.9338 - val_loss: 0.1562 - val_acc: 0.9372
Epoch 370/436
 - 9s - loss: 0.1661 - acc: 0.9338 - val_loss: 0.1549 - val_acc: 0.9365
Epoch 371/436
 - 9s - loss: 0.1664 - acc: 0.9337 - val_loss: 0.1527 - val_acc: 0.9377
Epoch 372/436
 - 9s - loss: 0.1659 - acc: 0.9338 - val_loss: 0.1550 - val_acc: 0.9363
Epoch 373/436
 - 9s - loss: 0.1661 - acc: 0.9337 - val_loss: 0.1540 - val_acc: 0.9364
Epoch 374/436
 - 9s - loss: 0.1663 - acc: 0.9339 - val_loss: 0.1545 - val_acc: 0.9365
Epoch 375/436
 - 9s - loss: 0.1660 - acc: 0.9340 - val_loss: 0.1540 - val_acc: 0.9366
slurmstepd: error: *** JOB 264 ON ainode09 CANCELLED AT 2018-07-12T14:02:19 DUE TO TIME LIMIT ***
