Using TensorFlow backend.
2018-07-10 10:32:43.898230: I tensorflow/core/platform/cpu_feature_guard.cc:140] Your CPU supports instructions that this TensorFlow binary was not compiled to use: SSE4.1 SSE4.2 AVX AVX2 FMA
2018-07-10 10:32:44.406218: I tensorflow/core/common_runtime/gpu/gpu_device.cc:1356] Found device 0 with properties: 
name: Tesla P100-PCIE-16GB major: 6 minor: 0 memoryClockRate(GHz): 1.3285
pciBusID: 0000:08:00.0
totalMemory: 15.90GiB freeMemory: 15.61GiB
2018-07-10 10:32:44.642393: I tensorflow/core/common_runtime/gpu/gpu_device.cc:1356] Found device 1 with properties: 
name: Tesla P100-PCIE-16GB major: 6 minor: 0 memoryClockRate(GHz): 1.3285
pciBusID: 0000:0b:00.0
totalMemory: 15.90GiB freeMemory: 15.61GiB
2018-07-10 10:32:44.901178: I tensorflow/core/common_runtime/gpu/gpu_device.cc:1356] Found device 2 with properties: 
name: Tesla P100-PCIE-16GB major: 6 minor: 0 memoryClockRate(GHz): 1.3285
pciBusID: 0000:0e:00.0
totalMemory: 15.90GiB freeMemory: 15.61GiB
2018-07-10 10:32:45.166602: I tensorflow/core/common_runtime/gpu/gpu_device.cc:1356] Found device 3 with properties: 
name: Tesla P100-PCIE-16GB major: 6 minor: 0 memoryClockRate(GHz): 1.3285
pciBusID: 0000:11:00.0
totalMemory: 15.90GiB freeMemory: 15.61GiB
2018-07-10 10:32:45.435242: I tensorflow/core/common_runtime/gpu/gpu_device.cc:1356] Found device 4 with properties: 
name: Tesla P100-PCIE-16GB major: 6 minor: 0 memoryClockRate(GHz): 1.3285
pciBusID: 0000:16:00.0
totalMemory: 15.90GiB freeMemory: 15.61GiB
2018-07-10 10:32:45.720048: I tensorflow/core/common_runtime/gpu/gpu_device.cc:1356] Found device 5 with properties: 
name: Tesla P100-PCIE-16GB major: 6 minor: 0 memoryClockRate(GHz): 1.3285
pciBusID: 0000:19:00.0
totalMemory: 15.90GiB freeMemory: 15.61GiB
2018-07-10 10:32:46.009015: I tensorflow/core/common_runtime/gpu/gpu_device.cc:1356] Found device 6 with properties: 
name: Tesla P100-PCIE-16GB major: 6 minor: 0 memoryClockRate(GHz): 1.3285
pciBusID: 0000:1c:00.0
totalMemory: 15.90GiB freeMemory: 15.61GiB
2018-07-10 10:32:46.306393: I tensorflow/core/common_runtime/gpu/gpu_device.cc:1356] Found device 7 with properties: 
name: Tesla P100-PCIE-16GB major: 6 minor: 0 memoryClockRate(GHz): 1.3285
pciBusID: 0000:22:00.0
totalMemory: 15.90GiB freeMemory: 15.61GiB
2018-07-10 10:32:46.369513: I tensorflow/core/common_runtime/gpu/gpu_device.cc:1435] Adding visible gpu devices: 0, 1, 2, 3, 4, 5, 6, 7
2018-07-10 10:32:52.893467: I tensorflow/core/common_runtime/gpu/gpu_device.cc:923] Device interconnect StreamExecutor with strength 1 edge matrix:
2018-07-10 10:32:52.893836: I tensorflow/core/common_runtime/gpu/gpu_device.cc:929]      0 1 2 3 4 5 6 7 
2018-07-10 10:32:52.893849: I tensorflow/core/common_runtime/gpu/gpu_device.cc:942] 0:   N Y Y Y Y Y Y Y 
2018-07-10 10:32:52.893855: I tensorflow/core/common_runtime/gpu/gpu_device.cc:942] 1:   Y N Y Y Y Y Y Y 
2018-07-10 10:32:52.893860: I tensorflow/core/common_runtime/gpu/gpu_device.cc:942] 2:   Y Y N Y Y Y Y Y 
2018-07-10 10:32:52.893866: I tensorflow/core/common_runtime/gpu/gpu_device.cc:942] 3:   Y Y Y N Y Y Y Y 
2018-07-10 10:32:52.893871: I tensorflow/core/common_runtime/gpu/gpu_device.cc:942] 4:   Y Y Y Y N Y Y Y 
2018-07-10 10:32:52.893877: I tensorflow/core/common_runtime/gpu/gpu_device.cc:942] 5:   Y Y Y Y Y N Y Y 
2018-07-10 10:32:52.893882: I tensorflow/core/common_runtime/gpu/gpu_device.cc:942] 6:   Y Y Y Y Y Y N Y 
2018-07-10 10:32:52.893887: I tensorflow/core/common_runtime/gpu/gpu_device.cc:942] 7:   Y Y Y Y Y Y Y N 
2018-07-10 10:32:52.896703: I tensorflow/core/common_runtime/gpu/gpu_device.cc:1053] Created TensorFlow device (/job:localhost/replica:0/task:0/device:GPU:0 with 15135 MB memory) -> physical GPU (device: 0, name: Tesla P100-PCIE-16GB, pci bus id: 0000:08:00.0, compute capability: 6.0)
2018-07-10 10:32:53.083078: I tensorflow/core/common_runtime/gpu/gpu_device.cc:1053] Created TensorFlow device (/job:localhost/replica:0/task:0/device:GPU:1 with 15135 MB memory) -> physical GPU (device: 1, name: Tesla P100-PCIE-16GB, pci bus id: 0000:0b:00.0, compute capability: 6.0)
2018-07-10 10:32:53.265663: I tensorflow/core/common_runtime/gpu/gpu_device.cc:1053] Created TensorFlow device (/job:localhost/replica:0/task:0/device:GPU:2 with 15135 MB memory) -> physical GPU (device: 2, name: Tesla P100-PCIE-16GB, pci bus id: 0000:0e:00.0, compute capability: 6.0)
2018-07-10 10:32:53.452272: I tensorflow/core/common_runtime/gpu/gpu_device.cc:1053] Created TensorFlow device (/job:localhost/replica:0/task:0/device:GPU:3 with 15135 MB memory) -> physical GPU (device: 3, name: Tesla P100-PCIE-16GB, pci bus id: 0000:11:00.0, compute capability: 6.0)
2018-07-10 10:32:53.640474: I tensorflow/core/common_runtime/gpu/gpu_device.cc:1053] Created TensorFlow device (/job:localhost/replica:0/task:0/device:GPU:4 with 15135 MB memory) -> physical GPU (device: 4, name: Tesla P100-PCIE-16GB, pci bus id: 0000:16:00.0, compute capability: 6.0)
2018-07-10 10:32:53.828170: I tensorflow/core/common_runtime/gpu/gpu_device.cc:1053] Created TensorFlow device (/job:localhost/replica:0/task:0/device:GPU:5 with 15135 MB memory) -> physical GPU (device: 5, name: Tesla P100-PCIE-16GB, pci bus id: 0000:19:00.0, compute capability: 6.0)
2018-07-10 10:32:54.016747: I tensorflow/core/common_runtime/gpu/gpu_device.cc:1053] Created TensorFlow device (/job:localhost/replica:0/task:0/device:GPU:6 with 15135 MB memory) -> physical GPU (device: 6, name: Tesla P100-PCIE-16GB, pci bus id: 0000:1c:00.0, compute capability: 6.0)
2018-07-10 10:32:54.203451: I tensorflow/core/common_runtime/gpu/gpu_device.cc:1053] Created TensorFlow device (/job:localhost/replica:0/task:0/device:GPU:7 with 15135 MB memory) -> physical GPU (device: 7, name: Tesla P100-PCIE-16GB, pci bus id: 0000:22:00.0, compute capability: 6.0)
>>> Imports:
#coding=utf-8

from __future__ import print_function

try:
    import numpy as np
except:
    pass

try:
    import h5py
except:
    pass

try:
    from hyperopt import Trials, STATUS_OK, tpe
except:
    pass

try:
    from keras.datasets import mnist
except:
    pass

try:
    from keras.layers.core import Dense, Dropout, Activation
except:
    pass

try:
    from keras.models import Sequential
except:
    pass

try:
    from keras.utils import np_utils
except:
    pass

try:
    from keras.utils import to_categorical
except:
    pass

try:
    from keras.layers import LeakyReLU, ELU
except:
    pass

try:
    from hyperas import optim
except:
    pass

try:
    from hyperas.distributions import choice, uniform
except:
    pass

try:
    from workingwithpython import *
except:
    pass

try:
    from sklearn.model_selection import train_test_split
except:
    pass

try:
    from sklearn import preprocessing
except:
    pass

try:
    from macros_AWS import scale_x
except:
    pass

>>> Hyperas search space:

def get_space():
    return {
        'Dense': hp.choice('Dense', range(3501,4001)),
        'add': hp.choice('add', [LeakyReLU(alpha=0.1),Activation('relu'),ELU(alpha=1.0)]),
        'Dense_1': hp.choice('Dense_1', range(3001,35001)),
        'add_1': hp.choice('add_1', [LeakyReLU(alpha=0.1),Activation('relu'),ELU(alpha=1.0)]),
        'Dense_2': hp.choice('Dense_2', range(3501,4001)),
        'add_2': hp.choice('add_2', [LeakyReLU(alpha=0.1),Activation('relu'),ELU(alpha=1.0)]),
        'Dense_3': hp.choice('Dense_3', range(2501,3001)),
        'add_3': hp.choice('add_3', [LeakyReLU(alpha=0.1),Activation('relu'),ELU(alpha=1.0)]),
        'Dense_4': hp.choice('Dense_4', range(1501,2001)),
        'add_4': hp.choice('add_4', [LeakyReLU(alpha=0.1),Activation('relu'),ELU(alpha=1.0)]),
        'optimizer': hp.choice('optimizer', ['adam','nadam','adamax']),
        'batch_size': hp.choice('batch_size', range(4001,5001)),
        'epochs': hp.choice('epochs', range(300,501)),
    }

>>> Data
   1: 
   2: """
   3: Data providing function:
   4: 
   5: This function is separated from create_model() so that hyperopt
   6: won't reload data for each evaluation run.
   7: """
   8: #(x_train, y_train), (x_test, y_test) = mnist.load_data()
   9: #x_train = x_train.reshape(60000, 784)
  10: #x_test = x_test.reshape(10000, 784)
  11: #x_train = x_train.astype('float32')
  12: #x_test = x_test.astype('float32')
  13: #x_train /= 255
  14: #x_test /= 255
  15: #nb_classes = 10
  16: #y_train = np_utils.to_categorical(y_train, nb_classes)
  17: #y_test = np_utils.to_categorical(y_test, nb_classes)
  18: from sklearn.model_selection import train_test_split
  19: from sklearn import preprocessing
  20: from macros_AWS import scale_x
  21: data_directory = '/home/rice/jmc32/Gridsearch_Data/'
  22: data_sample = 'PtRegression_for_DNN_Vars_MODE_15_noBitCompr_RPC_1m_redo.npy'
  23: scaler = 'robust'
  24: totalset = np.load(data_directory + data_sample)
  25: dataset, testset = train_test_split(totalset, test_size = 0.1)
  26: # Split into input (X) and output (Y) variables
  27: x_train_prescale = dataset[:,1:]
  28: y_train = dataset[:,0]
  29: x_test_prescale = testset[:,1:]
  30: y_test = testset[:,0]
  31: # Scale
  32: print(y_train.shape)
  33: print(y_test.shape)
  34: #print(numpy.matrix(y_train))
  35: x_train, x_test = scale_x(x_train_prescale, x_test_prescale, scaler)
  36: #min_max_scaler = preprocessing.MinMaxScaler()
  37: #x_test = min_max_scaler.fit_transform(x_train)
  38: #y_test = min_max_scaler.fit_transform(y_train)
  39: #x_train = min_max_scaler.fit_transform(x_train)
  40: #y_train = min_max_scaler.fit_transform(y_train)
  41: #x_test=x_test.reshape((900000, 7))
  42: #y_test=y_test.reshape((y_test.shape[0], 7))
  43: #x_train=x_train.reshape((x_train.shape[0], 7))
  44: #y_train=y_train.reshape((y_train.shape[0],  7))
  45: 
  46: print(x_train.shape)
  47: print(x_test.shape)
  48: #y_train= to_categorical(y_train)
  49: #y_test= to_categorical(y_test)
  50: #x_train= to_categorical(x_train)
  51: #x_test= to_categorical(x_test)
  52: 
  53: 
  54: 
  55: 
>>> Resulting replaced keras model:

   1: def keras_fmin_fnct(space):
   2: 
   3:     """
   4:     Model providing function:
   5: 
   6:     Create Keras model with double curly brackets dropped-in as needed.
   7:     Return value has to be a valid python dictionary with two customary keys:
   8:         - loss: Specify a numeric evaluation metric to be minimized
   9:         - status: Just use STATUS_OK and see hyperopt documentation if not feasible
  10:     The last one is optional, though recommended, namely:
  11:         - model: specify the model just created so that we can later use it again.
  12:     """
  13:     model = Sequential()
  14:     model.add(Dense(space['Dense'], input_dim=7))
  15:     model.add(space['add'])
  16:     model.add(Dense(space['Dense_1']))
  17:     model.add(space['add_1'])
  18:     model.add(Dense(space['Dense_2']))
  19:     model.add(space['add_2'])
  20:     model.add(Dense(space['Dense_3']))
  21:     model.add(space['add_3'])
  22:     model.add(Dense(space['Dense_4']))
  23:     model.add(space['add_4'])
  24:     model.add(Dense(1))
  25:   
  26:     model.add(Activation('sigmoid'))
  27:   
  28:   
  29:     model.compile(loss='binary_crossentropy', metrics=['accuracy'],
  30:                      optimizer=space['optimizer'])
  31: 
  32:     
  33:     model.fit(x_train, y_train,
  34:               batch_size=space['batch_size'],
  35:               epochs=space['epochs'],
  36:               verbose=2,
  37:               validation_data=(x_test, y_test))
  38:     score, acc = model.evaluate(x_test, y_test, verbose=0)
  39:     print('Test accuracy:', acc)
  40:     return {'loss': -acc, 'status': STATUS_OK, 'model': model}
  41: 
(900000,)
(100000,)
(900000, 7)
(100000, 7)
Train on 900000 samples, validate on 100000 samples
Epoch 1/493
 - 117s - loss: 0.3369 - acc: 0.8932 - val_loss: 0.1949 - val_acc: 0.9226
Epoch 2/493
 - 104s - loss: 0.1782 - acc: 0.9282 - val_loss: 0.1675 - val_acc: 0.9332
Epoch 3/493
 - 104s - loss: 0.1634 - acc: 0.9340 - val_loss: 0.1596 - val_acc: 0.9358
Epoch 4/493
 - 104s - loss: 0.1596 - acc: 0.9351 - val_loss: 0.1586 - val_acc: 0.9350
Epoch 5/493
 - 104s - loss: 0.1576 - acc: 0.9358 - val_loss: 0.1573 - val_acc: 0.9360
Epoch 6/493
 - 104s - loss: 0.1575 - acc: 0.9356 - val_loss: 0.1592 - val_acc: 0.9348
Epoch 7/493
 - 104s - loss: 0.1563 - acc: 0.9361 - val_loss: 0.1562 - val_acc: 0.9359
Epoch 8/493
 - 104s - loss: 0.1560 - acc: 0.9363 - val_loss: 0.1565 - val_acc: 0.9355
Epoch 9/493
 - 104s - loss: 0.1562 - acc: 0.9362 - val_loss: 0.1563 - val_acc: 0.9359
Epoch 10/493
 - 105s - loss: 0.1551 - acc: 0.9366 - val_loss: 0.1583 - val_acc: 0.9352
Epoch 11/493
 - 105s - loss: 0.1551 - acc: 0.9367 - val_loss: 0.1537 - val_acc: 0.9372
Epoch 12/493
 - 105s - loss: 0.1547 - acc: 0.9368 - val_loss: 0.1550 - val_acc: 0.9368
Epoch 13/493
 - 105s - loss: 0.1545 - acc: 0.9368 - val_loss: 0.1551 - val_acc: 0.9372
Epoch 14/493
 - 105s - loss: 0.1542 - acc: 0.9369 - val_loss: 0.1563 - val_acc: 0.9365
Epoch 15/493
 - 105s - loss: 0.1529 - acc: 0.9373 - val_loss: 0.1550 - val_acc: 0.9370
Epoch 16/493
 - 105s - loss: 0.1531 - acc: 0.9373 - val_loss: 0.1585 - val_acc: 0.9353
Epoch 17/493
 - 105s - loss: 0.1525 - acc: 0.9375 - val_loss: 0.1557 - val_acc: 0.9365
Epoch 18/493
 - 105s - loss: 0.1518 - acc: 0.9377 - val_loss: 0.1535 - val_acc: 0.9377
Epoch 19/493
 - 105s - loss: 0.1513 - acc: 0.9379 - val_loss: 0.1562 - val_acc: 0.9369
Epoch 20/493
 - 105s - loss: 0.1509 - acc: 0.9380 - val_loss: 0.1546 - val_acc: 0.9368
Epoch 21/493
 - 105s - loss: 0.1508 - acc: 0.9383 - val_loss: 0.1538 - val_acc: 0.9369
Epoch 22/493
 - 105s - loss: 0.1500 - acc: 0.9386 - val_loss: 0.1530 - val_acc: 0.9381
Epoch 23/493
 - 105s - loss: 0.1496 - acc: 0.9388 - val_loss: 0.1528 - val_acc: 0.9379
Epoch 24/493
 - 105s - loss: 0.1490 - acc: 0.9387 - val_loss: 0.1524 - val_acc: 0.9381
Epoch 25/493
 - 105s - loss: 0.1480 - acc: 0.9392 - val_loss: 0.1526 - val_acc: 0.9378
Epoch 26/493
 - 105s - loss: 0.1478 - acc: 0.9391 - val_loss: 0.1545 - val_acc: 0.9372
Epoch 27/493
 - 105s - loss: 0.1470 - acc: 0.9394 - val_loss: 0.1534 - val_acc: 0.9386
Epoch 28/493
 - 105s - loss: 0.1464 - acc: 0.9397 - val_loss: 0.1531 - val_acc: 0.9376
Epoch 29/493
 - 105s - loss: 0.1456 - acc: 0.9402 - val_loss: 0.1534 - val_acc: 0.9377
Epoch 30/493
 - 105s - loss: 0.1453 - acc: 0.9402 - val_loss: 0.1554 - val_acc: 0.9378
Epoch 31/493
 - 105s - loss: 0.1445 - acc: 0.9405 - val_loss: 0.1534 - val_acc: 0.9379
Epoch 32/493
 - 105s - loss: 0.1441 - acc: 0.9404 - val_loss: 0.1526 - val_acc: 0.9376
Epoch 33/493
 - 105s - loss: 0.1430 - acc: 0.9407 - val_loss: 0.1522 - val_acc: 0.9389
Epoch 34/493
 - 105s - loss: 0.1427 - acc: 0.9410 - val_loss: 0.1529 - val_acc: 0.9380
Epoch 35/493
 - 105s - loss: 0.1419 - acc: 0.9414 - val_loss: 0.1526 - val_acc: 0.9386
Epoch 36/493
 - 105s - loss: 0.1414 - acc: 0.9414 - val_loss: 0.1542 - val_acc: 0.9389
Epoch 37/493
 - 105s - loss: 0.1411 - acc: 0.9415 - val_loss: 0.1540 - val_acc: 0.9385
Epoch 38/493
 - 105s - loss: 0.1402 - acc: 0.9419 - val_loss: 0.1542 - val_acc: 0.9387
Epoch 39/493
 - 105s - loss: 0.1393 - acc: 0.9422 - val_loss: 0.1573 - val_acc: 0.9375
Epoch 40/493
 - 105s - loss: 0.1386 - acc: 0.9427 - val_loss: 0.1541 - val_acc: 0.9382
Epoch 41/493
 - 105s - loss: 0.1380 - acc: 0.9427 - val_loss: 0.1563 - val_acc: 0.9384
Epoch 42/493
 - 105s - loss: 0.1373 - acc: 0.9429 - val_loss: 0.1571 - val_acc: 0.9380
Epoch 43/493
 - 105s - loss: 0.1367 - acc: 0.9432 - val_loss: 0.1556 - val_acc: 0.9387
Epoch 44/493
 - 105s - loss: 0.1357 - acc: 0.9436 - val_loss: 0.1565 - val_acc: 0.9384
Epoch 45/493
 - 105s - loss: 0.1354 - acc: 0.9437 - val_loss: 0.1575 - val_acc: 0.9383
Epoch 46/493
 - 104s - loss: 0.1343 - acc: 0.9441 - val_loss: 0.1594 - val_acc: 0.9377
Epoch 47/493
 - 105s - loss: 0.1336 - acc: 0.9444 - val_loss: 0.1616 - val_acc: 0.9372
Epoch 48/493
 - 105s - loss: 0.1330 - acc: 0.9445 - val_loss: 0.1599 - val_acc: 0.9379
Epoch 49/493
 - 104s - loss: 0.1320 - acc: 0.9452 - val_loss: 0.1642 - val_acc: 0.9380
Epoch 50/493
 - 104s - loss: 0.1313 - acc: 0.9452 - val_loss: 0.1630 - val_acc: 0.9379
Epoch 51/493
 - 105s - loss: 0.1308 - acc: 0.9454 - val_loss: 0.1622 - val_acc: 0.9363
Epoch 52/493
 - 104s - loss: 0.1297 - acc: 0.9459 - val_loss: 0.1646 - val_acc: 0.9374
Epoch 53/493
 - 104s - loss: 0.1293 - acc: 0.9458 - val_loss: 0.1630 - val_acc: 0.9372
Epoch 54/493
 - 104s - loss: 0.1287 - acc: 0.9462 - val_loss: 0.1674 - val_acc: 0.9367
Epoch 55/493
 - 104s - loss: 0.1275 - acc: 0.9466 - val_loss: 0.1688 - val_acc: 0.9365
Epoch 56/493
 - 104s - loss: 0.1266 - acc: 0.9471 - val_loss: 0.1687 - val_acc: 0.9365
Epoch 57/493
 - 104s - loss: 0.1261 - acc: 0.9471 - val_loss: 0.1706 - val_acc: 0.9363
Epoch 58/493
 - 104s - loss: 0.1253 - acc: 0.9475 - val_loss: 0.1705 - val_acc: 0.9368
Epoch 59/493
 - 104s - loss: 0.1241 - acc: 0.9479 - val_loss: 0.1743 - val_acc: 0.9366
Epoch 60/493
 - 104s - loss: 0.1240 - acc: 0.9480 - val_loss: 0.1737 - val_acc: 0.9358
Epoch 61/493
 - 104s - loss: 0.1229 - acc: 0.9485 - val_loss: 0.1744 - val_acc: 0.9357
Epoch 62/493
 - 104s - loss: 0.1224 - acc: 0.9485 - val_loss: 0.1777 - val_acc: 0.9355
Epoch 63/493
 - 104s - loss: 0.1214 - acc: 0.9489 - val_loss: 0.1795 - val_acc: 0.9358
Epoch 64/493
 - 104s - loss: 0.1208 - acc: 0.9492 - val_loss: 0.1778 - val_acc: 0.9355
Epoch 65/493
 - 104s - loss: 0.1201 - acc: 0.9494 - val_loss: 0.1817 - val_acc: 0.9354
Epoch 66/493
 - 104s - loss: 0.1194 - acc: 0.9497 - val_loss: 0.1841 - val_acc: 0.9346
Epoch 67/493
 - 104s - loss: 0.1187 - acc: 0.9501 - val_loss: 0.1883 - val_acc: 0.9343
Epoch 68/493
 - 104s - loss: 0.1177 - acc: 0.9504 - val_loss: 0.1845 - val_acc: 0.9358
Epoch 69/493
 - 104s - loss: 0.1169 - acc: 0.9508 - val_loss: 0.1879 - val_acc: 0.9354
Epoch 70/493
 - 104s - loss: 0.1164 - acc: 0.9509 - val_loss: 0.1896 - val_acc: 0.9337
Epoch 71/493
 - 104s - loss: 0.1158 - acc: 0.9512 - val_loss: 0.1921 - val_acc: 0.9342
Epoch 72/493
 - 104s - loss: 0.1151 - acc: 0.9516 - val_loss: 0.1979 - val_acc: 0.9348
Epoch 73/493
 - 104s - loss: 0.1143 - acc: 0.9517 - val_loss: 0.1961 - val_acc: 0.9340
Epoch 74/493
 - 104s - loss: 0.1137 - acc: 0.9518 - val_loss: 0.1950 - val_acc: 0.9347
Epoch 75/493
 - 104s - loss: 0.1130 - acc: 0.9523 - val_loss: 0.1990 - val_acc: 0.9345
Epoch 76/493
 - 104s - loss: 0.1125 - acc: 0.9526 - val_loss: 0.1964 - val_acc: 0.9332
Epoch 77/493
 - 104s - loss: 0.1122 - acc: 0.9527 - val_loss: 0.2003 - val_acc: 0.9342
Epoch 78/493
 - 104s - loss: 0.1115 - acc: 0.9527 - val_loss: 0.2013 - val_acc: 0.9341
Epoch 79/493
 - 104s - loss: 0.1107 - acc: 0.9531 - val_loss: 0.2019 - val_acc: 0.9334
Epoch 80/493
 - 104s - loss: 0.1098 - acc: 0.9535 - val_loss: 0.2087 - val_acc: 0.9337
Epoch 81/493
 - 104s - loss: 0.1092 - acc: 0.9536 - val_loss: 0.2095 - val_acc: 0.9332
Epoch 82/493
 - 104s - loss: 0.1090 - acc: 0.9538 - val_loss: 0.2101 - val_acc: 0.9338
Epoch 83/493
 - 104s - loss: 0.1083 - acc: 0.9541 - val_loss: 0.2105 - val_acc: 0.9343
Epoch 84/493
 - 104s - loss: 0.1080 - acc: 0.9543 - val_loss: 0.2139 - val_acc: 0.9330
Epoch 85/493
 - 104s - loss: 0.1071 - acc: 0.9546 - val_loss: 0.2140 - val_acc: 0.9334
Epoch 86/493
 - 104s - loss: 0.1069 - acc: 0.9546 - val_loss: 0.2153 - val_acc: 0.9313
Epoch 87/493
 - 104s - loss: 0.1056 - acc: 0.9550 - val_loss: 0.2143 - val_acc: 0.9331
Epoch 88/493
 - 104s - loss: 0.1057 - acc: 0.9551 - val_loss: 0.2207 - val_acc: 0.9329
Epoch 89/493
 - 104s - loss: 0.1046 - acc: 0.9558 - val_loss: 0.2228 - val_acc: 0.9326
Epoch 90/493
 - 104s - loss: 0.1045 - acc: 0.9559 - val_loss: 0.2265 - val_acc: 0.9321
Epoch 91/493
 - 104s - loss: 0.1037 - acc: 0.9559 - val_loss: 0.2270 - val_acc: 0.9330
Epoch 92/493
 - 104s - loss: 0.1035 - acc: 0.9561 - val_loss: 0.2233 - val_acc: 0.9327
Epoch 93/493
 - 103s - loss: 0.1032 - acc: 0.9562 - val_loss: 0.2291 - val_acc: 0.9333
Epoch 94/493
 - 104s - loss: 0.1025 - acc: 0.9566 - val_loss: 0.2316 - val_acc: 0.9328
Epoch 95/493
 - 104s - loss: 0.1021 - acc: 0.9567 - val_loss: 0.2341 - val_acc: 0.9319
Epoch 96/493
 - 104s - loss: 0.1016 - acc: 0.9567 - val_loss: 0.2325 - val_acc: 0.9321
Epoch 97/493
 - 103s - loss: 0.1010 - acc: 0.9570 - val_loss: 0.2337 - val_acc: 0.9331
Epoch 98/493
 - 103s - loss: 0.1011 - acc: 0.9570 - val_loss: 0.2322 - val_acc: 0.9319
Epoch 99/493
 - 103s - loss: 0.0998 - acc: 0.9574 - val_loss: 0.2381 - val_acc: 0.9326
Epoch 100/493
 - 104s - loss: 0.0998 - acc: 0.9574 - val_loss: 0.2399 - val_acc: 0.9324
Epoch 101/493
 - 104s - loss: 0.0991 - acc: 0.9578 - val_loss: 0.2412 - val_acc: 0.9309
Epoch 102/493
 - 104s - loss: 0.0991 - acc: 0.9577 - val_loss: 0.2441 - val_acc: 0.9323
Epoch 103/493
 - 104s - loss: 0.0979 - acc: 0.9582 - val_loss: 0.2462 - val_acc: 0.9312
Epoch 104/493
 - 103s - loss: 0.0981 - acc: 0.9582 - val_loss: 0.2368 - val_acc: 0.9319
Epoch 105/493
 - 103s - loss: 0.0978 - acc: 0.9585 - val_loss: 0.2514 - val_acc: 0.9327
Epoch 106/493
 - 104s - loss: 0.0969 - acc: 0.9588 - val_loss: 0.2500 - val_acc: 0.9315
Epoch 107/493
 - 103s - loss: 0.0968 - acc: 0.9587 - val_loss: 0.2498 - val_acc: 0.9311
Epoch 108/493
 - 103s - loss: 0.0959 - acc: 0.9591 - val_loss: 0.2456 - val_acc: 0.9313
Epoch 109/493
 - 104s - loss: 0.0959 - acc: 0.9591 - val_loss: 0.2509 - val_acc: 0.9316
Epoch 110/493
 - 104s - loss: 0.0953 - acc: 0.9594 - val_loss: 0.2565 - val_acc: 0.9311
Epoch 111/493
 - 103s - loss: 0.0951 - acc: 0.9594 - val_loss: 0.2609 - val_acc: 0.9310
Epoch 112/493
 - 103s - loss: 0.0950 - acc: 0.9595 - val_loss: 0.2557 - val_acc: 0.9306
Epoch 113/493
 - 103s - loss: 0.0942 - acc: 0.9599 - val_loss: 0.2650 - val_acc: 0.9314
Epoch 114/493
 - 103s - loss: 0.0941 - acc: 0.9598 - val_loss: 0.2618 - val_acc: 0.9310
Epoch 115/493
 - 103s - loss: 0.0936 - acc: 0.9602 - val_loss: 0.2624 - val_acc: 0.9310
Epoch 116/493
 - 103s - loss: 0.0936 - acc: 0.9601 - val_loss: 0.2673 - val_acc: 0.9301
Epoch 117/493
 - 103s - loss: 0.0935 - acc: 0.9601 - val_loss: 0.2656 - val_acc: 0.9312
Epoch 118/493
 - 104s - loss: 0.0926 - acc: 0.9605 - val_loss: 0.2707 - val_acc: 0.9298
Epoch 119/493
 - 104s - loss: 0.0922 - acc: 0.9606 - val_loss: 0.2672 - val_acc: 0.9304
Epoch 120/493
 - 104s - loss: 0.0916 - acc: 0.9609 - val_loss: 0.2693 - val_acc: 0.9300
Epoch 121/493
 - 104s - loss: 0.0916 - acc: 0.9609 - val_loss: 0.2743 - val_acc: 0.9308
Epoch 122/493
 - 104s - loss: 0.0916 - acc: 0.9608 - val_loss: 0.2745 - val_acc: 0.9305
Epoch 123/493
 - 104s - loss: 0.0906 - acc: 0.9612 - val_loss: 0.2772 - val_acc: 0.9311
Epoch 124/493
 - 104s - loss: 0.0906 - acc: 0.9613 - val_loss: 0.2783 - val_acc: 0.9301
Epoch 125/493
 - 104s - loss: 0.0903 - acc: 0.9615 - val_loss: 0.2794 - val_acc: 0.9305
Epoch 126/493
 - 104s - loss: 0.0892 - acc: 0.9618 - val_loss: 0.2826 - val_acc: 0.9309
Epoch 127/493
 - 104s - loss: 0.0888 - acc: 0.9619 - val_loss: 0.2855 - val_acc: 0.9306
Epoch 128/493
 - 103s - loss: 0.0894 - acc: 0.9618 - val_loss: 0.2896 - val_acc: 0.9302
Epoch 129/493
 - 103s - loss: 0.0885 - acc: 0.9622 - val_loss: 0.2899 - val_acc: 0.9305
Epoch 130/493
 - 103s - loss: 0.0887 - acc: 0.9621 - val_loss: 0.2820 - val_acc: 0.9299
Epoch 131/493
 - 103s - loss: 0.0887 - acc: 0.9620 - val_loss: 0.2852 - val_acc: 0.9306
Epoch 132/493
 - 104s - loss: 0.0877 - acc: 0.9626 - val_loss: 0.2890 - val_acc: 0.9291
Epoch 133/493
 - 103s - loss: 0.0874 - acc: 0.9627 - val_loss: 0.2858 - val_acc: 0.9294
Epoch 134/493
 - 103s - loss: 0.0875 - acc: 0.9625 - val_loss: 0.2859 - val_acc: 0.9303
Epoch 135/493
 - 104s - loss: 0.0873 - acc: 0.9627 - val_loss: 0.2887 - val_acc: 0.9308
Epoch 136/493
 - 104s - loss: 0.0868 - acc: 0.9629 - val_loss: 0.2925 - val_acc: 0.9300
Epoch 137/493
 - 104s - loss: 0.0857 - acc: 0.9633 - val_loss: 0.2964 - val_acc: 0.9296
Epoch 138/493
 - 103s - loss: 0.0861 - acc: 0.9632 - val_loss: 0.3023 - val_acc: 0.9287
Epoch 139/493
 - 104s - loss: 0.0860 - acc: 0.9633 - val_loss: 0.2946 - val_acc: 0.9300
Epoch 140/493
 - 103s - loss: 0.0865 - acc: 0.9630 - val_loss: 0.2988 - val_acc: 0.9303
Epoch 141/493
 - 104s - loss: 0.0854 - acc: 0.9635 - val_loss: 0.2965 - val_acc: 0.9290
Epoch 142/493
 - 104s - loss: 0.0849 - acc: 0.9637 - val_loss: 0.3010 - val_acc: 0.9293
Epoch 143/493
 - 103s - loss: 0.0842 - acc: 0.9639 - val_loss: 0.3027 - val_acc: 0.9299
Epoch 144/493
 - 103s - loss: 0.0851 - acc: 0.9636 - val_loss: 0.3031 - val_acc: 0.9301
Epoch 145/493
 - 104s - loss: 0.0844 - acc: 0.9639 - val_loss: 0.3085 - val_acc: 0.9292
Epoch 146/493
 - 103s - loss: 0.0841 - acc: 0.9639 - val_loss: 0.3047 - val_acc: 0.9292
Epoch 147/493
 - 103s - loss: 0.0838 - acc: 0.9641 - val_loss: 0.3054 - val_acc: 0.9294
Epoch 148/493
 - 103s - loss: 0.0832 - acc: 0.9643 - val_loss: 0.3170 - val_acc: 0.9291
Epoch 149/493
 - 103s - loss: 0.0835 - acc: 0.9643 - val_loss: 0.3084 - val_acc: 0.9289
Epoch 150/493
 - 103s - loss: 0.0830 - acc: 0.9644 - val_loss: 0.3108 - val_acc: 0.9297
Epoch 151/493
 - 103s - loss: 0.0830 - acc: 0.9645 - val_loss: 0.3115 - val_acc: 0.9291
Epoch 152/493
 - 103s - loss: 0.0824 - acc: 0.9649 - val_loss: 0.3114 - val_acc: 0.9288
Epoch 153/493
 - 103s - loss: 0.0825 - acc: 0.9647 - val_loss: 0.3125 - val_acc: 0.9295
Epoch 154/493
 - 103s - loss: 0.0818 - acc: 0.9649 - val_loss: 0.3172 - val_acc: 0.9293
Epoch 155/493
 - 103s - loss: 0.0822 - acc: 0.9648 - val_loss: 0.3149 - val_acc: 0.9298
Epoch 156/493
 - 103s - loss: 0.0808 - acc: 0.9653 - val_loss: 0.3253 - val_acc: 0.9283
Epoch 157/493
 - 103s - loss: 0.0813 - acc: 0.9653 - val_loss: 0.3142 - val_acc: 0.9281
Epoch 158/493
 - 104s - loss: 0.0810 - acc: 0.9652 - val_loss: 0.3243 - val_acc: 0.9298
Epoch 159/493
 - 103s - loss: 0.0810 - acc: 0.9654 - val_loss: 0.3223 - val_acc: 0.9285
Epoch 160/493
 - 103s - loss: 0.0804 - acc: 0.9656 - val_loss: 0.3308 - val_acc: 0.9295
Epoch 161/493
 - 103s - loss: 0.0802 - acc: 0.9656 - val_loss: 0.3220 - val_acc: 0.9286
Epoch 162/493
 - 103s - loss: 0.0810 - acc: 0.9654 - val_loss: 0.3236 - val_acc: 0.9277
Epoch 163/493
 - 103s - loss: 0.0798 - acc: 0.9659 - val_loss: 0.3226 - val_acc: 0.9282
Epoch 164/493
 - 103s - loss: 0.0798 - acc: 0.9658 - val_loss: 0.3239 - val_acc: 0.9289
Epoch 165/493
 - 103s - loss: 0.0793 - acc: 0.9657 - val_loss: 0.3250 - val_acc: 0.9286
Epoch 166/493
 - 103s - loss: 0.0793 - acc: 0.9660 - val_loss: 0.3328 - val_acc: 0.9300
Epoch 167/493
 - 103s - loss: 0.0789 - acc: 0.9660 - val_loss: 0.3370 - val_acc: 0.9286
Epoch 168/493
 - 104s - loss: 0.0797 - acc: 0.9660 - val_loss: 0.3292 - val_acc: 0.9286
Epoch 169/493
 - 103s - loss: 0.0785 - acc: 0.9664 - val_loss: 0.3297 - val_acc: 0.9279
Epoch 170/493
 - 103s - loss: 0.0787 - acc: 0.9664 - val_loss: 0.3385 - val_acc: 0.9289
Epoch 171/493
 - 103s - loss: 0.0785 - acc: 0.9664 - val_loss: 0.3381 - val_acc: 0.9279
Epoch 172/493
 - 103s - loss: 0.0784 - acc: 0.9665 - val_loss: 0.3366 - val_acc: 0.9277
Epoch 173/493
 - 104s - loss: 0.0785 - acc: 0.9664 - val_loss: 0.3437 - val_acc: 0.9289
Epoch 174/493
 - 103s - loss: 0.0773 - acc: 0.9668 - val_loss: 0.3495 - val_acc: 0.9294
Epoch 175/493
 - 103s - loss: 0.0779 - acc: 0.9667 - val_loss: 0.3413 - val_acc: 0.9282
Epoch 176/493
 - 103s - loss: 0.0773 - acc: 0.9669 - val_loss: 0.3434 - val_acc: 0.9287
Epoch 177/493
 - 103s - loss: 0.0773 - acc: 0.9669 - val_loss: 0.3464 - val_acc: 0.9285
Epoch 178/493
 - 103s - loss: 0.0770 - acc: 0.9669 - val_loss: 0.3402 - val_acc: 0.9280
Epoch 179/493
 - 103s - loss: 0.0765 - acc: 0.9673 - val_loss: 0.3489 - val_acc: 0.9280
Epoch 180/493
 - 103s - loss: 0.0767 - acc: 0.9670 - val_loss: 0.3473 - val_acc: 0.9284
Epoch 181/493
 - 103s - loss: 0.0759 - acc: 0.9674 - val_loss: 0.3475 - val_acc: 0.9272
Epoch 182/493
 - 103s - loss: 0.0769 - acc: 0.9672 - val_loss: 0.3440 - val_acc: 0.9280
Epoch 183/493
 - 103s - loss: 0.0758 - acc: 0.9674 - val_loss: 0.3538 - val_acc: 0.9293
Epoch 184/493
 - 103s - loss: 0.0757 - acc: 0.9675 - val_loss: 0.3524 - val_acc: 0.9284
Epoch 185/493
 - 103s - loss: 0.0760 - acc: 0.9674 - val_loss: 0.3485 - val_acc: 0.9288
Epoch 186/493
 - 103s - loss: 0.0763 - acc: 0.9673 - val_loss: 0.3464 - val_acc: 0.9275
Epoch 187/493
 - 103s - loss: 0.0758 - acc: 0.9675 - val_loss: 0.3479 - val_acc: 0.9272
Epoch 188/493
 - 103s - loss: 0.0748 - acc: 0.9679 - val_loss: 0.3514 - val_acc: 0.9284
Epoch 189/493
 - 103s - loss: 0.0754 - acc: 0.9676 - val_loss: 0.3545 - val_acc: 0.9283
Epoch 190/493
 - 103s - loss: 0.0739 - acc: 0.9680 - val_loss: 0.3567 - val_acc: 0.9271
Epoch 191/493
 - 103s - loss: 0.0746 - acc: 0.9679 - val_loss: 0.3617 - val_acc: 0.9295
Epoch 192/493
 - 103s - loss: 0.0740 - acc: 0.9682 - val_loss: 0.3591 - val_acc: 0.9283
Epoch 193/493
 - 103s - loss: 0.0741 - acc: 0.9682 - val_loss: 0.3569 - val_acc: 0.9283
Epoch 194/493
 - 103s - loss: 0.0736 - acc: 0.9683 - val_loss: 0.3672 - val_acc: 0.9283
Epoch 195/493
 - 103s - loss: 0.0740 - acc: 0.9682 - val_loss: 0.3599 - val_acc: 0.9271
Epoch 196/493
 - 103s - loss: 0.0737 - acc: 0.9683 - val_loss: 0.3609 - val_acc: 0.9276
Epoch 197/493
 - 103s - loss: 0.0731 - acc: 0.9686 - val_loss: 0.3708 - val_acc: 0.9277
Epoch 198/493
 - 103s - loss: 0.0736 - acc: 0.9683 - val_loss: 0.3612 - val_acc: 0.9282
Epoch 199/493
 - 103s - loss: 0.0736 - acc: 0.9684 - val_loss: 0.3596 - val_acc: 0.9259
Epoch 200/493
 - 104s - loss: 0.0738 - acc: 0.9684 - val_loss: 0.3690 - val_acc: 0.9276
Epoch 201/493
 - 103s - loss: 0.0730 - acc: 0.9685 - val_loss: 0.3685 - val_acc: 0.9278
Epoch 202/493
 - 104s - loss: 0.0725 - acc: 0.9688 - val_loss: 0.3708 - val_acc: 0.9287
Epoch 203/493
 - 103s - loss: 0.0724 - acc: 0.9688 - val_loss: 0.3662 - val_acc: 0.9277
Epoch 204/493
 - 103s - loss: 0.0729 - acc: 0.9686 - val_loss: 0.3691 - val_acc: 0.9281
Epoch 205/493
 - 103s - loss: 0.0725 - acc: 0.9688 - val_loss: 0.3734 - val_acc: 0.9273
Epoch 206/493
 - 103s - loss: 0.0727 - acc: 0.9687 - val_loss: 0.3707 - val_acc: 0.9281
Epoch 207/493
 - 103s - loss: 0.0720 - acc: 0.9690 - val_loss: 0.3673 - val_acc: 0.9272
Epoch 208/493
 - 103s - loss: 0.0722 - acc: 0.9689 - val_loss: 0.3708 - val_acc: 0.9275
Epoch 209/493
 - 103s - loss: 0.0715 - acc: 0.9692 - val_loss: 0.3738 - val_acc: 0.9288
Epoch 210/493
 - 103s - loss: 0.0714 - acc: 0.9693 - val_loss: 0.3695 - val_acc: 0.9275
Epoch 211/493
 - 103s - loss: 0.0707 - acc: 0.9694 - val_loss: 0.3778 - val_acc: 0.9277
Epoch 212/493
 - 103s - loss: 0.0715 - acc: 0.9692 - val_loss: 0.3783 - val_acc: 0.9282
Epoch 213/493
 - 103s - loss: 0.0711 - acc: 0.9693 - val_loss: 0.3721 - val_acc: 0.9276
Epoch 214/493
 - 103s - loss: 0.0712 - acc: 0.9693 - val_loss: 0.3851 - val_acc: 0.9267
Epoch 215/493
 - 103s - loss: 0.0711 - acc: 0.9694 - val_loss: 0.3796 - val_acc: 0.9279
Epoch 216/493
 - 103s - loss: 0.0714 - acc: 0.9695 - val_loss: 0.3708 - val_acc: 0.9272
Epoch 217/493
 - 103s - loss: 0.0701 - acc: 0.9696 - val_loss: 0.3880 - val_acc: 0.9275
Epoch 218/493
 - 103s - loss: 0.0709 - acc: 0.9694 - val_loss: 0.3794 - val_acc: 0.9265
Epoch 219/493
 - 103s - loss: 0.0702 - acc: 0.9696 - val_loss: 0.3847 - val_acc: 0.9265
Epoch 220/493
 - 103s - loss: 0.0704 - acc: 0.9698 - val_loss: 0.3805 - val_acc: 0.9268
Epoch 221/493
 - 103s - loss: 0.0702 - acc: 0.9698 - val_loss: 0.3956 - val_acc: 0.9279
Epoch 222/493
 - 103s - loss: 0.0701 - acc: 0.9697 - val_loss: 0.3901 - val_acc: 0.9280
Epoch 223/493
 - 103s - loss: 0.0692 - acc: 0.9701 - val_loss: 0.3858 - val_acc: 0.9278
Epoch 224/493
 - 103s - loss: 0.0689 - acc: 0.9702 - val_loss: 0.3867 - val_acc: 0.9267
Epoch 225/493
 - 103s - loss: 0.0694 - acc: 0.9700 - val_loss: 0.3859 - val_acc: 0.9271
Epoch 226/493
 - 103s - loss: 0.0694 - acc: 0.9701 - val_loss: 0.3881 - val_acc: 0.9270
Epoch 227/493
 - 103s - loss: 0.0693 - acc: 0.9702 - val_loss: 0.3910 - val_acc: 0.9266
Epoch 228/493
 - 103s - loss: 0.0691 - acc: 0.9700 - val_loss: 0.3818 - val_acc: 0.9272
Epoch 229/493
 - 103s - loss: 0.0689 - acc: 0.9703 - val_loss: 0.3903 - val_acc: 0.9277
Epoch 230/493
 - 103s - loss: 0.0686 - acc: 0.9704 - val_loss: 0.3932 - val_acc: 0.9266
Epoch 231/493
 - 103s - loss: 0.0691 - acc: 0.9700 - val_loss: 0.3938 - val_acc: 0.9277
Epoch 232/493
 - 104s - loss: 0.0686 - acc: 0.9705 - val_loss: 0.3925 - val_acc: 0.9278
Epoch 233/493
 - 103s - loss: 0.0679 - acc: 0.9708 - val_loss: 0.4001 - val_acc: 0.9275
Epoch 234/493
 - 104s - loss: 0.0679 - acc: 0.9706 - val_loss: 0.3910 - val_acc: 0.9264
Epoch 235/493
 - 104s - loss: 0.0684 - acc: 0.9707 - val_loss: 0.3905 - val_acc: 0.9267
Epoch 236/493
 - 103s - loss: 0.0677 - acc: 0.9707 - val_loss: 0.3967 - val_acc: 0.9275
Epoch 237/493
 - 103s - loss: 0.0681 - acc: 0.9706 - val_loss: 0.3960 - val_acc: 0.9271
Epoch 238/493
 - 103s - loss: 0.0672 - acc: 0.9709 - val_loss: 0.3892 - val_acc: 0.9266
Epoch 239/493
 - 104s - loss: 0.0680 - acc: 0.9708 - val_loss: 0.3932 - val_acc: 0.9274
Epoch 240/493
 - 103s - loss: 0.0670 - acc: 0.9710 - val_loss: 0.3975 - val_acc: 0.9274
Epoch 241/493
 - 103s - loss: 0.0673 - acc: 0.9709 - val_loss: 0.3964 - val_acc: 0.9280
Epoch 242/493
 - 103s - loss: 0.0676 - acc: 0.9708 - val_loss: 0.3979 - val_acc: 0.9260
Epoch 243/493
 - 103s - loss: 0.0672 - acc: 0.9711 - val_loss: 0.3911 - val_acc: 0.9271
Epoch 244/493
 - 103s - loss: 0.0678 - acc: 0.9708 - val_loss: 0.4007 - val_acc: 0.9256
Epoch 245/493
 - 104s - loss: 0.0666 - acc: 0.9711 - val_loss: 0.3990 - val_acc: 0.9272
Epoch 246/493
 - 103s - loss: 0.0666 - acc: 0.9712 - val_loss: 0.3945 - val_acc: 0.9263
Epoch 247/493
 - 103s - loss: 0.0668 - acc: 0.9711 - val_loss: 0.4036 - val_acc: 0.9264
Epoch 248/493
 - 103s - loss: 0.0663 - acc: 0.9713 - val_loss: 0.4011 - val_acc: 0.9276
Epoch 249/493
 - 103s - loss: 0.0669 - acc: 0.9711 - val_loss: 0.4044 - val_acc: 0.9269
Epoch 250/493
 - 103s - loss: 0.0665 - acc: 0.9714 - val_loss: 0.3987 - val_acc: 0.9266
Epoch 251/493
 - 103s - loss: 0.0658 - acc: 0.9716 - val_loss: 0.3999 - val_acc: 0.9264
Epoch 252/493
 - 103s - loss: 0.0658 - acc: 0.9716 - val_loss: 0.3946 - val_acc: 0.9256
Epoch 253/493
 - 103s - loss: 0.0665 - acc: 0.9712 - val_loss: 0.4029 - val_acc: 0.9262
Epoch 254/493
 - 103s - loss: 0.0662 - acc: 0.9714 - val_loss: 0.4061 - val_acc: 0.9270
Epoch 255/493
 - 103s - loss: 0.0651 - acc: 0.9719 - val_loss: 0.4139 - val_acc: 0.9268
Epoch 256/493
 - 103s - loss: 0.0655 - acc: 0.9717 - val_loss: 0.4083 - val_acc: 0.9264
Epoch 257/493
 - 103s - loss: 0.0664 - acc: 0.9714 - val_loss: 0.4091 - val_acc: 0.9264
Epoch 258/493
 - 103s - loss: 0.0656 - acc: 0.9717 - val_loss: 0.4102 - val_acc: 0.9275
Epoch 259/493
 - 103s - loss: 0.0648 - acc: 0.9718 - val_loss: 0.4150 - val_acc: 0.9269
Epoch 260/493
 - 103s - loss: 0.0656 - acc: 0.9717 - val_loss: 0.4139 - val_acc: 0.9263
Epoch 261/493
 - 103s - loss: 0.0650 - acc: 0.9719 - val_loss: 0.4143 - val_acc: 0.9273
Epoch 262/493
 - 103s - loss: 0.0654 - acc: 0.9717 - val_loss: 0.4123 - val_acc: 0.9256
Epoch 263/493
 - 103s - loss: 0.0652 - acc: 0.9718 - val_loss: 0.4127 - val_acc: 0.9284
Epoch 264/493
 - 103s - loss: 0.0640 - acc: 0.9721 - val_loss: 0.4200 - val_acc: 0.9267
Epoch 265/493
 - 103s - loss: 0.0645 - acc: 0.9721 - val_loss: 0.4180 - val_acc: 0.9262
Epoch 266/493
 - 103s - loss: 0.0638 - acc: 0.9721 - val_loss: 0.4134 - val_acc: 0.9267
Epoch 267/493
 - 103s - loss: 0.0638 - acc: 0.9723 - val_loss: 0.4129 - val_acc: 0.9263
Epoch 268/493
 - 103s - loss: 0.0647 - acc: 0.9719 - val_loss: 0.4167 - val_acc: 0.9266
Epoch 269/493
 - 103s - loss: 0.0643 - acc: 0.9722 - val_loss: 0.4097 - val_acc: 0.9268
Epoch 270/493
 - 103s - loss: 0.0640 - acc: 0.9723 - val_loss: 0.4166 - val_acc: 0.9256
Epoch 271/493
 - 103s - loss: 0.0636 - acc: 0.9724 - val_loss: 0.4121 - val_acc: 0.9267
Epoch 272/493
 - 103s - loss: 0.0644 - acc: 0.9722 - val_loss: 0.4210 - val_acc: 0.9259
Epoch 273/493
 - 103s - loss: 0.0642 - acc: 0.9723 - val_loss: 0.4136 - val_acc: 0.9269
Epoch 274/493
 - 103s - loss: 0.0643 - acc: 0.9722 - val_loss: 0.4232 - val_acc: 0.9258
Epoch 275/493
 - 103s - loss: 0.0639 - acc: 0.9723 - val_loss: 0.4261 - val_acc: 0.9267
Epoch 276/493
 - 103s - loss: 0.0629 - acc: 0.9728 - val_loss: 0.4129 - val_acc: 0.9265
Epoch 277/493
 - 103s - loss: 0.0635 - acc: 0.9725 - val_loss: 0.4307 - val_acc: 0.9267
Epoch 278/493
 - 103s - loss: 0.0633 - acc: 0.9725 - val_loss: 0.4286 - val_acc: 0.9260
Epoch 279/493
 - 103s - loss: 0.0626 - acc: 0.9728 - val_loss: 0.4296 - val_acc: 0.9268
Epoch 280/493
 - 103s - loss: 0.0629 - acc: 0.9728 - val_loss: 0.4308 - val_acc: 0.9250
Epoch 281/493
 - 103s - loss: 0.0628 - acc: 0.9728 - val_loss: 0.4333 - val_acc: 0.9267
Epoch 282/493
 - 103s - loss: 0.0622 - acc: 0.9729 - val_loss: 0.4282 - val_acc: 0.9259
Epoch 283/493
 - 103s - loss: 0.0621 - acc: 0.9729 - val_loss: 0.4294 - val_acc: 0.9263
Epoch 284/493
 - 103s - loss: 0.0631 - acc: 0.9726 - val_loss: 0.4400 - val_acc: 0.9267
Epoch 285/493
 - 103s - loss: 0.0631 - acc: 0.9729 - val_loss: 0.4312 - val_acc: 0.9257
Epoch 286/493
 - 103s - loss: 0.0628 - acc: 0.9726 - val_loss: 0.4211 - val_acc: 0.9263
Epoch 287/493
 - 103s - loss: 0.0625 - acc: 0.9730 - val_loss: 0.4323 - val_acc: 0.9263
Epoch 288/493
 - 103s - loss: 0.0626 - acc: 0.9730 - val_loss: 0.4319 - val_acc: 0.9259
Epoch 289/493
 - 103s - loss: 0.0620 - acc: 0.9730 - val_loss: 0.4268 - val_acc: 0.9267
Epoch 290/493
 - 103s - loss: 0.0623 - acc: 0.9730 - val_loss: 0.4321 - val_acc: 0.9256
Epoch 291/493
 - 103s - loss: 0.0626 - acc: 0.9729 - val_loss: 0.4329 - val_acc: 0.9257
Epoch 292/493
 - 103s - loss: 0.0621 - acc: 0.9731 - val_loss: 0.4156 - val_acc: 0.9251
Epoch 293/493
 - 103s - loss: 0.0626 - acc: 0.9729 - val_loss: 0.4368 - val_acc: 0.9261
Epoch 294/493
 - 103s - loss: 0.0617 - acc: 0.9732 - val_loss: 0.4350 - val_acc: 0.9258
Epoch 295/493
 - 103s - loss: 0.0619 - acc: 0.9732 - val_loss: 0.4315 - val_acc: 0.9261
Epoch 296/493
 - 103s - loss: 0.0616 - acc: 0.9732 - val_loss: 0.4303 - val_acc: 0.9253
Epoch 297/493
 - 103s - loss: 0.0617 - acc: 0.9731 - val_loss: 0.4287 - val_acc: 0.9260
Epoch 298/493
 - 103s - loss: 0.0621 - acc: 0.9730 - val_loss: 0.4390 - val_acc: 0.9255
Epoch 299/493
 - 103s - loss: 0.0621 - acc: 0.9732 - val_loss: 0.4372 - val_acc: 0.9265
Epoch 300/493
 - 103s - loss: 0.0615 - acc: 0.9732 - val_loss: 0.4366 - val_acc: 0.9262
Epoch 301/493
 - 103s - loss: 0.0609 - acc: 0.9735 - val_loss: 0.4429 - val_acc: 0.9256
Epoch 302/493
 - 103s - loss: 0.0615 - acc: 0.9733 - val_loss: 0.4356 - val_acc: 0.9259
Epoch 303/493
 - 103s - loss: 0.0612 - acc: 0.9735 - val_loss: 0.4416 - val_acc: 0.9256
Epoch 304/493
 - 103s - loss: 0.0611 - acc: 0.9735 - val_loss: 0.4349 - val_acc: 0.9263
Epoch 305/493
 - 103s - loss: 0.0609 - acc: 0.9734 - val_loss: 0.4394 - val_acc: 0.9250
Epoch 306/493
 - 103s - loss: 0.0610 - acc: 0.9736 - val_loss: 0.4440 - val_acc: 0.9267
Epoch 307/493
 - 103s - loss: 0.0607 - acc: 0.9736 - val_loss: 0.4467 - val_acc: 0.9260
Epoch 308/493
 - 103s - loss: 0.0615 - acc: 0.9734 - val_loss: 0.4386 - val_acc: 0.9255
Epoch 309/493
 - 103s - loss: 0.0605 - acc: 0.9738 - val_loss: 0.4462 - val_acc: 0.9263
Epoch 310/493
 - 103s - loss: 0.0606 - acc: 0.9737 - val_loss: 0.4321 - val_acc: 0.9258
Epoch 311/493
 - 103s - loss: 0.0602 - acc: 0.9738 - val_loss: 0.4420 - val_acc: 0.9265
Epoch 312/493
 - 103s - loss: 0.0597 - acc: 0.9740 - val_loss: 0.4446 - val_acc: 0.9256
Epoch 313/493
 - 103s - loss: 0.0601 - acc: 0.9737 - val_loss: 0.4520 - val_acc: 0.9253
Epoch 314/493
 - 103s - loss: 0.0601 - acc: 0.9740 - val_loss: 0.4412 - val_acc: 0.9260
Epoch 315/493
 - 103s - loss: 0.0607 - acc: 0.9737 - val_loss: 0.4440 - val_acc: 0.9263
Epoch 316/493
 - 103s - loss: 0.0601 - acc: 0.9738 - val_loss: 0.4559 - val_acc: 0.9252
Epoch 317/493
 - 104s - loss: 0.0600 - acc: 0.9739 - val_loss: 0.4513 - val_acc: 0.9257
Epoch 318/493
 - 103s - loss: 0.0595 - acc: 0.9742 - val_loss: 0.4354 - val_acc: 0.9255
Epoch 319/493
 - 103s - loss: 0.0595 - acc: 0.9740 - val_loss: 0.4425 - val_acc: 0.9256
Epoch 320/493
 - 103s - loss: 0.0596 - acc: 0.9740 - val_loss: 0.4428 - val_acc: 0.9254
Epoch 321/493
 - 103s - loss: 0.0592 - acc: 0.9741 - val_loss: 0.4521 - val_acc: 0.9254
Epoch 322/493
 - 103s - loss: 0.0594 - acc: 0.9740 - val_loss: 0.4463 - val_acc: 0.9259
Epoch 323/493
 - 103s - loss: 0.0592 - acc: 0.9742 - val_loss: 0.4589 - val_acc: 0.9248
Epoch 324/493
 - 103s - loss: 0.0595 - acc: 0.9741 - val_loss: 0.4486 - val_acc: 0.9257
Epoch 325/493
 - 103s - loss: 0.0594 - acc: 0.9742 - val_loss: 0.4535 - val_acc: 0.9258
Epoch 326/493
 - 103s - loss: 0.0590 - acc: 0.9742 - val_loss: 0.4566 - val_acc: 0.9264
Epoch 327/493
 - 103s - loss: 0.0594 - acc: 0.9742 - val_loss: 0.4499 - val_acc: 0.9260
Epoch 328/493
 - 103s - loss: 0.0593 - acc: 0.9742 - val_loss: 0.4580 - val_acc: 0.9237
Epoch 329/493
 - 103s - loss: 0.0592 - acc: 0.9743 - val_loss: 0.4531 - val_acc: 0.9260
Epoch 330/493
 - 103s - loss: 0.0587 - acc: 0.9745 - val_loss: 0.4567 - val_acc: 0.9261
Epoch 331/493
 - 103s - loss: 0.0597 - acc: 0.9740 - val_loss: 0.4561 - val_acc: 0.9252
Epoch 332/493
 - 103s - loss: 0.0589 - acc: 0.9743 - val_loss: 0.4522 - val_acc: 0.9252
Epoch 333/493
 - 103s - loss: 0.0591 - acc: 0.9743 - val_loss: 0.4595 - val_acc: 0.9264
Epoch 334/493
 - 103s - loss: 0.0582 - acc: 0.9746 - val_loss: 0.4612 - val_acc: 0.9259
Epoch 335/493
 - 103s - loss: 0.0587 - acc: 0.9745 - val_loss: 0.4509 - val_acc: 0.9255
Epoch 336/493
 - 103s - loss: 0.0589 - acc: 0.9744 - val_loss: 0.4617 - val_acc: 0.9260
Epoch 337/493
 - 104s - loss: 0.0585 - acc: 0.9745 - val_loss: 0.4514 - val_acc: 0.9253
Epoch 338/493
 - 103s - loss: 0.0581 - acc: 0.9746 - val_loss: 0.4583 - val_acc: 0.9250
Epoch 339/493
 - 103s - loss: 0.0586 - acc: 0.9745 - val_loss: 0.4579 - val_acc: 0.9255
Epoch 340/493
 - 103s - loss: 0.0580 - acc: 0.9746 - val_loss: 0.4604 - val_acc: 0.9251
Epoch 341/493
 - 103s - loss: 0.0586 - acc: 0.9746 - val_loss: 0.4645 - val_acc: 0.9257
Epoch 342/493
 - 103s - loss: 0.0577 - acc: 0.9749 - val_loss: 0.4512 - val_acc: 0.9246
Epoch 343/493
 - 103s - loss: 0.0581 - acc: 0.9748 - val_loss: 0.4637 - val_acc: 0.9263
Epoch 344/493
 - 103s - loss: 0.0577 - acc: 0.9750 - val_loss: 0.4599 - val_acc: 0.9255
Epoch 345/493
 - 103s - loss: 0.0586 - acc: 0.9746 - val_loss: 0.4563 - val_acc: 0.9252
Epoch 346/493
 - 103s - loss: 0.0580 - acc: 0.9748 - val_loss: 0.4644 - val_acc: 0.9260
Epoch 347/493
 - 103s - loss: 0.0574 - acc: 0.9750 - val_loss: 0.4632 - val_acc: 0.9250
Epoch 348/493
 - 103s - loss: 0.0581 - acc: 0.9747 - val_loss: 0.4585 - val_acc: 0.9250
Epoch 349/493
 - 103s - loss: 0.0577 - acc: 0.9749 - val_loss: 0.4624 - val_acc: 0.9262
Epoch 350/493
 - 103s - loss: 0.0572 - acc: 0.9752 - val_loss: 0.4629 - val_acc: 0.9249
Epoch 351/493
 - 103s - loss: 0.0575 - acc: 0.9751 - val_loss: 0.4637 - val_acc: 0.9253
Epoch 352/493
 - 103s - loss: 0.0570 - acc: 0.9752 - val_loss: 0.4676 - val_acc: 0.9254
Epoch 353/493
 - 103s - loss: 0.0576 - acc: 0.9749 - val_loss: 0.4653 - val_acc: 0.9250
Epoch 354/493
 - 103s - loss: 0.0580 - acc: 0.9749 - val_loss: 0.4608 - val_acc: 0.9261
Epoch 355/493
 - 103s - loss: 0.0568 - acc: 0.9752 - val_loss: 0.4653 - val_acc: 0.9256
Epoch 356/493
 - 103s - loss: 0.0575 - acc: 0.9750 - val_loss: 0.4560 - val_acc: 0.9256
Epoch 357/493
 - 103s - loss: 0.0577 - acc: 0.9749 - val_loss: 0.4684 - val_acc: 0.9254
Epoch 358/493
 - 103s - loss: 0.0574 - acc: 0.9750 - val_loss: 0.4552 - val_acc: 0.9235
Epoch 359/493
 - 103s - loss: 0.0567 - acc: 0.9751 - val_loss: 0.4647 - val_acc: 0.9254
Epoch 360/493
 - 103s - loss: 0.0577 - acc: 0.9750 - val_loss: 0.4692 - val_acc: 0.9259
Epoch 361/493
 - 103s - loss: 0.0573 - acc: 0.9750 - val_loss: 0.4655 - val_acc: 0.9252
Epoch 362/493
 - 103s - loss: 0.0563 - acc: 0.9754 - val_loss: 0.4716 - val_acc: 0.9251
Epoch 363/493
 - 103s - loss: 0.0565 - acc: 0.9754 - val_loss: 0.4599 - val_acc: 0.9245
Epoch 364/493
 - 103s - loss: 0.0561 - acc: 0.9754 - val_loss: 0.4665 - val_acc: 0.9258
Epoch 365/493
 - 103s - loss: 0.0575 - acc: 0.9750 - val_loss: 0.4654 - val_acc: 0.9255
Epoch 366/493
 - 103s - loss: 0.0566 - acc: 0.9753 - val_loss: 0.4768 - val_acc: 0.9247
Epoch 367/493
 - 103s - loss: 0.0562 - acc: 0.9754 - val_loss: 0.4699 - val_acc: 0.9253
Epoch 368/493
 - 103s - loss: 0.0570 - acc: 0.9752 - val_loss: 0.4709 - val_acc: 0.9260
Epoch 369/493
 - 103s - loss: 0.0564 - acc: 0.9753 - val_loss: 0.4632 - val_acc: 0.9241
Epoch 370/493
 - 103s - loss: 0.0564 - acc: 0.9754 - val_loss: 0.4777 - val_acc: 0.9253
Epoch 371/493
 - 103s - loss: 0.0559 - acc: 0.9757 - val_loss: 0.4702 - val_acc: 0.9266
Epoch 372/493
 - 103s - loss: 0.0560 - acc: 0.9756 - val_loss: 0.4739 - val_acc: 0.9250
Epoch 373/493
 - 103s - loss: 0.0562 - acc: 0.9755 - val_loss: 0.4762 - val_acc: 0.9239
Epoch 374/493
 - 103s - loss: 0.0564 - acc: 0.9754 - val_loss: 0.4772 - val_acc: 0.9250
Epoch 375/493
 - 103s - loss: 0.0561 - acc: 0.9757 - val_loss: 0.4814 - val_acc: 0.9245
Epoch 376/493
 - 103s - loss: 0.0555 - acc: 0.9758 - val_loss: 0.4780 - val_acc: 0.9240
Epoch 377/493
 - 103s - loss: 0.0559 - acc: 0.9757 - val_loss: 0.4698 - val_acc: 0.9265
Epoch 378/493
 - 103s - loss: 0.0563 - acc: 0.9757 - val_loss: 0.4648 - val_acc: 0.9247
Epoch 379/493
 - 103s - loss: 0.0551 - acc: 0.9760 - val_loss: 0.4820 - val_acc: 0.9252
Epoch 380/493
 - 103s - loss: 0.0551 - acc: 0.9759 - val_loss: 0.4809 - val_acc: 0.9252
Epoch 381/493
 - 103s - loss: 0.0555 - acc: 0.9757 - val_loss: 0.4895 - val_acc: 0.9252
Epoch 382/493
 - 103s - loss: 0.0556 - acc: 0.9758 - val_loss: 0.4783 - val_acc: 0.9246
Epoch 383/493
 - 103s - loss: 0.0558 - acc: 0.9759 - val_loss: 0.4853 - val_acc: 0.9246
Epoch 384/493
 - 103s - loss: 0.0553 - acc: 0.9760 - val_loss: 0.4712 - val_acc: 0.9238
Epoch 385/493
 - 103s - loss: 0.0556 - acc: 0.9758 - val_loss: 0.4734 - val_acc: 0.9249
Epoch 386/493
 - 103s - loss: 0.0549 - acc: 0.9760 - val_loss: 0.4844 - val_acc: 0.9249
Epoch 387/493
 - 103s - loss: 0.0556 - acc: 0.9758 - val_loss: 0.4756 - val_acc: 0.9240
Epoch 388/493
 - 103s - loss: 0.0548 - acc: 0.9762 - val_loss: 0.4788 - val_acc: 0.9242
Epoch 389/493
 - 103s - loss: 0.0544 - acc: 0.9762 - val_loss: 0.4803 - val_acc: 0.9246
Epoch 390/493
 - 103s - loss: 0.0552 - acc: 0.9760 - val_loss: 0.4823 - val_acc: 0.9246
Epoch 391/493
 - 103s - loss: 0.0554 - acc: 0.9760 - val_loss: 0.4861 - val_acc: 0.9246
Epoch 392/493
 - 103s - loss: 0.0546 - acc: 0.9760 - val_loss: 0.4835 - val_acc: 0.9241
Epoch 393/493
 - 103s - loss: 0.0539 - acc: 0.9764 - val_loss: 0.4903 - val_acc: 0.9250
Epoch 394/493
 - 103s - loss: 0.0542 - acc: 0.9763 - val_loss: 0.4820 - val_acc: 0.9233
Epoch 395/493
 - 103s - loss: 0.0550 - acc: 0.9760 - val_loss: 0.4758 - val_acc: 0.9256
Epoch 396/493
 - 103s - loss: 0.0544 - acc: 0.9762 - val_loss: 0.4783 - val_acc: 0.9243
Epoch 397/493
 - 103s - loss: 0.0544 - acc: 0.9761 - val_loss: 0.4956 - val_acc: 0.9252
Epoch 398/493
 - 103s - loss: 0.0551 - acc: 0.9759 - val_loss: 0.4848 - val_acc: 0.9243
Epoch 399/493
 - 103s - loss: 0.0540 - acc: 0.9763 - val_loss: 0.4868 - val_acc: 0.9250
Epoch 400/493
 - 104s - loss: 0.0552 - acc: 0.9759 - val_loss: 0.4893 - val_acc: 0.9241
Epoch 401/493
 - 103s - loss: 0.0548 - acc: 0.9760 - val_loss: 0.4885 - val_acc: 0.9240
Epoch 402/493
 - 104s - loss: 0.0542 - acc: 0.9763 - val_loss: 0.4826 - val_acc: 0.9245
Epoch 403/493
 - 103s - loss: 0.0538 - acc: 0.9763 - val_loss: 0.4815 - val_acc: 0.9244
Epoch 404/493
 - 103s - loss: 0.0547 - acc: 0.9762 - val_loss: 0.4832 - val_acc: 0.9240
Epoch 405/493
 - 103s - loss: 0.0539 - acc: 0.9765 - val_loss: 0.4918 - val_acc: 0.9230
Epoch 406/493
 - 103s - loss: 0.0541 - acc: 0.9763 - val_loss: 0.4877 - val_acc: 0.9244
Epoch 407/493
 - 103s - loss: 0.0543 - acc: 0.9763 - val_loss: 0.4926 - val_acc: 0.9244
Epoch 408/493
 - 103s - loss: 0.0545 - acc: 0.9763 - val_loss: 0.4923 - val_acc: 0.9245
Epoch 409/493
 - 103s - loss: 0.0540 - acc: 0.9765 - val_loss: 0.4958 - val_acc: 0.9250
Epoch 410/493
 - 103s - loss: 0.0541 - acc: 0.9763 - val_loss: 0.4871 - val_acc: 0.9238
Epoch 411/493
 - 103s - loss: 0.0548 - acc: 0.9763 - val_loss: 0.4920 - val_acc: 0.9246
Epoch 412/493
 - 103s - loss: 0.0537 - acc: 0.9765 - val_loss: 0.4928 - val_acc: 0.9252
Epoch 413/493
 - 103s - loss: 0.0533 - acc: 0.9766 - val_loss: 0.5022 - val_acc: 0.9244
Epoch 414/493
 - 103s - loss: 0.0534 - acc: 0.9765 - val_loss: 0.4893 - val_acc: 0.9250
Epoch 415/493
 - 103s - loss: 0.0529 - acc: 0.9768 - val_loss: 0.4947 - val_acc: 0.9255
Epoch 416/493
 - 103s - loss: 0.0535 - acc: 0.9767 - val_loss: 0.4897 - val_acc: 0.9245
Epoch 417/493
 - 103s - loss: 0.0535 - acc: 0.9766 - val_loss: 0.4920 - val_acc: 0.9253
Epoch 418/493
 - 103s - loss: 0.0535 - acc: 0.9766 - val_loss: 0.4899 - val_acc: 0.9254
Epoch 419/493
 - 103s - loss: 0.0528 - acc: 0.9768 - val_loss: 0.4984 - val_acc: 0.9238
Epoch 420/493
 - 103s - loss: 0.0529 - acc: 0.9768 - val_loss: 0.5001 - val_acc: 0.9236
Epoch 421/493
 - 103s - loss: 0.0535 - acc: 0.9766 - val_loss: 0.4933 - val_acc: 0.9248
Epoch 422/493
 - 103s - loss: 0.0538 - acc: 0.9766 - val_loss: 0.4937 - val_acc: 0.9241
Epoch 423/493
 - 103s - loss: 0.0536 - acc: 0.9766 - val_loss: 0.4944 - val_acc: 0.9248
Epoch 424/493
 - 103s - loss: 0.0532 - acc: 0.9769 - val_loss: 0.4942 - val_acc: 0.9250
Epoch 425/493
 - 103s - loss: 0.0524 - acc: 0.9770 - val_loss: 0.4995 - val_acc: 0.9251
Epoch 426/493
 - 103s - loss: 0.0529 - acc: 0.9770 - val_loss: 0.4994 - val_acc: 0.9245
Epoch 427/493
 - 103s - loss: 0.0531 - acc: 0.9766 - val_loss: 0.4988 - val_acc: 0.9247
Epoch 428/493
 - 103s - loss: 0.0540 - acc: 0.9765 - val_loss: 0.4952 - val_acc: 0.9245
Epoch 429/493
 - 103s - loss: 0.0520 - acc: 0.9771 - val_loss: 0.4954 - val_acc: 0.9240
Epoch 430/493
 - 103s - loss: 0.0526 - acc: 0.9770 - val_loss: 0.4890 - val_acc: 0.9247
Epoch 431/493
 - 103s - loss: 0.0524 - acc: 0.9770 - val_loss: 0.4848 - val_acc: 0.9249
Epoch 432/493
 - 103s - loss: 0.0526 - acc: 0.9769 - val_loss: 0.4971 - val_acc: 0.9249
Epoch 433/493
 - 103s - loss: 0.0517 - acc: 0.9771 - val_loss: 0.5097 - val_acc: 0.9255
Epoch 434/493
 - 103s - loss: 0.0526 - acc: 0.9769 - val_loss: 0.5021 - val_acc: 0.9255
Epoch 435/493
 - 103s - loss: 0.0526 - acc: 0.9769 - val_loss: 0.5005 - val_acc: 0.9238
Epoch 436/493
 - 103s - loss: 0.0532 - acc: 0.9767 - val_loss: 0.4934 - val_acc: 0.9246
Epoch 437/493
 - 103s - loss: 0.0531 - acc: 0.9768 - val_loss: 0.4997 - val_acc: 0.9247
Epoch 438/493
 - 103s - loss: 0.0524 - acc: 0.9770 - val_loss: 0.5113 - val_acc: 0.9254
Epoch 439/493
 - 103s - loss: 0.0527 - acc: 0.9770 - val_loss: 0.5093 - val_acc: 0.9244
Epoch 440/493
 - 103s - loss: 0.0520 - acc: 0.9773 - val_loss: 0.4994 - val_acc: 0.9241
Epoch 441/493
 - 103s - loss: 0.0526 - acc: 0.9769 - val_loss: 0.4918 - val_acc: 0.9250
Epoch 442/493
 - 103s - loss: 0.0521 - acc: 0.9772 - val_loss: 0.5012 - val_acc: 0.9252
Epoch 443/493
 - 103s - loss: 0.0529 - acc: 0.9768 - val_loss: 0.4888 - val_acc: 0.9228
Epoch 444/493
 - 103s - loss: 0.0531 - acc: 0.9768 - val_loss: 0.5037 - val_acc: 0.9249
Epoch 445/493
 - 103s - loss: 0.0519 - acc: 0.9772 - val_loss: 0.5093 - val_acc: 0.9246
Epoch 446/493
 - 103s - loss: 0.0521 - acc: 0.9771 - val_loss: 0.4973 - val_acc: 0.9235
Epoch 447/493
 - 103s - loss: 0.0522 - acc: 0.9771 - val_loss: 0.5064 - val_acc: 0.9232
Epoch 448/493
 - 103s - loss: 0.0522 - acc: 0.9771 - val_loss: 0.5033 - val_acc: 0.9241
Epoch 449/493
 - 103s - loss: 0.0518 - acc: 0.9774 - val_loss: 0.5051 - val_acc: 0.9253
Epoch 450/493
 - 103s - loss: 0.0518 - acc: 0.9773 - val_loss: 0.5098 - val_acc: 0.9240
Epoch 451/493
 - 103s - loss: 0.0514 - acc: 0.9776 - val_loss: 0.5008 - val_acc: 0.9236
Epoch 452/493
 - 103s - loss: 0.0521 - acc: 0.9772 - val_loss: 0.5005 - val_acc: 0.9235
Epoch 453/493
 - 103s - loss: 0.0528 - acc: 0.9770 - val_loss: 0.5070 - val_acc: 0.9243
Epoch 454/493
 - 103s - loss: 0.0522 - acc: 0.9772 - val_loss: 0.5050 - val_acc: 0.9246
Epoch 455/493
 - 103s - loss: 0.0514 - acc: 0.9774 - val_loss: 0.5116 - val_acc: 0.9232
Epoch 456/493
 - 103s - loss: 0.0512 - acc: 0.9776 - val_loss: 0.5000 - val_acc: 0.9250
Epoch 457/493
 - 103s - loss: 0.0525 - acc: 0.9772 - val_loss: 0.5026 - val_acc: 0.9242
Epoch 458/493
 - 103s - loss: 0.0513 - acc: 0.9775 - val_loss: 0.5026 - val_acc: 0.9240
Epoch 459/493
 - 103s - loss: 0.0514 - acc: 0.9775 - val_loss: 0.5120 - val_acc: 0.9240
Epoch 460/493
 - 103s - loss: 0.0521 - acc: 0.9772 - val_loss: 0.5072 - val_acc: 0.9236
Epoch 461/493
 - 103s - loss: 0.0512 - acc: 0.9776 - val_loss: 0.5014 - val_acc: 0.9252
Epoch 462/493
 - 103s - loss: 0.0514 - acc: 0.9775 - val_loss: 0.5168 - val_acc: 0.9241
Epoch 463/493
 - 103s - loss: 0.0516 - acc: 0.9775 - val_loss: 0.5056 - val_acc: 0.9236
Epoch 464/493
 - 103s - loss: 0.0517 - acc: 0.9774 - val_loss: 0.5117 - val_acc: 0.9247
Epoch 465/493
 - 103s - loss: 0.0515 - acc: 0.9775 - val_loss: 0.5089 - val_acc: 0.9241
Epoch 466/493
 - 103s - loss: 0.0520 - acc: 0.9773 - val_loss: 0.5099 - val_acc: 0.9242
Epoch 467/493
 - 103s - loss: 0.0511 - acc: 0.9776 - val_loss: 0.5035 - val_acc: 0.9230
Epoch 468/493
 - 103s - loss: 0.0510 - acc: 0.9777 - val_loss: 0.5098 - val_acc: 0.9238
Epoch 469/493
 - 103s - loss: 0.0513 - acc: 0.9776 - val_loss: 0.5108 - val_acc: 0.9237
Epoch 470/493
 - 103s - loss: 0.0508 - acc: 0.9777 - val_loss: 0.5174 - val_acc: 0.9241
Epoch 471/493
 - 103s - loss: 0.0509 - acc: 0.9777 - val_loss: 0.5147 - val_acc: 0.9243
Epoch 472/493
 - 103s - loss: 0.0513 - acc: 0.9776 - val_loss: 0.5100 - val_acc: 0.9246
Epoch 473/493
 - 103s - loss: 0.0511 - acc: 0.9776 - val_loss: 0.5162 - val_acc: 0.9242
Epoch 474/493
 - 103s - loss: 0.0511 - acc: 0.9776 - val_loss: 0.5194 - val_acc: 0.9247
Epoch 475/493
 - 103s - loss: 0.0518 - acc: 0.9774 - val_loss: 0.4975 - val_acc: 0.9236
Epoch 476/493
 - 103s - loss: 0.0499 - acc: 0.9780 - val_loss: 0.5092 - val_acc: 0.9241
Epoch 477/493
 - 103s - loss: 0.0504 - acc: 0.9779 - val_loss: 0.5116 - val_acc: 0.9235
Epoch 478/493
 - 103s - loss: 0.0499 - acc: 0.9780 - val_loss: 0.5203 - val_acc: 0.9240
Epoch 479/493
 - 103s - loss: 0.0501 - acc: 0.9779 - val_loss: 0.5133 - val_acc: 0.9241
Epoch 480/493
 - 103s - loss: 0.0506 - acc: 0.9777 - val_loss: 0.5053 - val_acc: 0.9238
Epoch 481/493
 - 103s - loss: 0.0507 - acc: 0.9778 - val_loss: 0.5195 - val_acc: 0.9241
Epoch 482/493
 - 103s - loss: 0.0520 - acc: 0.9774 - val_loss: 0.5098 - val_acc: 0.9239
Epoch 483/493
 - 103s - loss: 0.0514 - acc: 0.9775 - val_loss: 0.5113 - val_acc: 0.9236
Epoch 484/493
 - 103s - loss: 0.0511 - acc: 0.9777 - val_loss: 0.5126 - val_acc: 0.9234
Epoch 485/493
 - 103s - loss: 0.0503 - acc: 0.9779 - val_loss: 0.5207 - val_acc: 0.9236
Epoch 486/493
 - 103s - loss: 0.0509 - acc: 0.9777 - val_loss: 0.5109 - val_acc: 0.9237
Epoch 487/493
 - 103s - loss: 0.0509 - acc: 0.9777 - val_loss: 0.5201 - val_acc: 0.9236
Epoch 488/493
 - 103s - loss: 0.0496 - acc: 0.9781 - val_loss: 0.5141 - val_acc: 0.9240
Epoch 489/493
 - 103s - loss: 0.0500 - acc: 0.9780 - val_loss: 0.5185 - val_acc: 0.9242
Epoch 490/493
 - 103s - loss: 0.0506 - acc: 0.9778 - val_loss: 0.5105 - val_acc: 0.9238
Epoch 491/493
 - 103s - loss: 0.0507 - acc: 0.9776 - val_loss: 0.5121 - val_acc: 0.9242
Epoch 492/493
 - 103s - loss: 0.0507 - acc: 0.9777 - val_loss: 0.5228 - val_acc: 0.9235
Epoch 493/493
 - 103s - loss: 0.0501 - acc: 0.9781 - val_loss: 0.5157 - val_acc: 0.9236
Test accuracy: 0.92359
Train on 900000 samples, validate on 100000 samples
Epoch 1/338
 - 192s - loss: 8.9775 - acc: 0.4397 - val_loss: 9.0698 - val_acc: 0.4373
Epoch 2/338
 - 189s - loss: 9.0975 - acc: 0.4356 - val_loss: 9.0698 - val_acc: 0.4373
Epoch 3/338
 - 189s - loss: 9.0975 - acc: 0.4356 - val_loss: 9.0698 - val_acc: 0.4373
Epoch 4/338
 - 189s - loss: 9.0975 - acc: 0.4356 - val_loss: 9.0698 - val_acc: 0.4373
Epoch 5/338
 - 189s - loss: 9.0975 - acc: 0.4356 - val_loss: 9.0698 - val_acc: 0.4373
Epoch 6/338
 - 190s - loss: 9.0975 - acc: 0.4356 - val_loss: 9.0698 - val_acc: 0.4373
Epoch 7/338
 - 190s - loss: 9.0975 - acc: 0.4356 - val_loss: 9.0698 - val_acc: 0.4373
Epoch 8/338
 - 190s - loss: 9.0975 - acc: 0.4356 - val_loss: 9.0698 - val_acc: 0.4373
Epoch 9/338
 - 190s - loss: 9.0975 - acc: 0.4356 - val_loss: 9.0698 - val_acc: 0.4373
Epoch 10/338
 - 190s - loss: 9.0975 - acc: 0.4356 - val_loss: 9.0698 - val_acc: 0.4373
Epoch 11/338
 - 190s - loss: 9.0975 - acc: 0.4356 - val_loss: 9.0698 - val_acc: 0.4373
Epoch 12/338
 - 190s - loss: 9.0975 - acc: 0.4356 - val_loss: 9.0698 - val_acc: 0.4373
Epoch 13/338
 - 190s - loss: 9.0975 - acc: 0.4356 - val_loss: 9.0698 - val_acc: 0.4373
Epoch 14/338
 - 190s - loss: 9.0975 - acc: 0.4356 - val_loss: 9.0698 - val_acc: 0.4373
Epoch 15/338
 - 190s - loss: 9.0975 - acc: 0.4356 - val_loss: 9.0698 - val_acc: 0.4373
Epoch 16/338
 - 190s - loss: 9.0975 - acc: 0.4356 - val_loss: 9.0698 - val_acc: 0.4373
Epoch 17/338
 - 190s - loss: 9.0975 - acc: 0.4356 - val_loss: 9.0698 - val_acc: 0.4373
Epoch 18/338
 - 190s - loss: 9.0975 - acc: 0.4356 - val_loss: 9.0698 - val_acc: 0.4373
Epoch 19/338
 - 190s - loss: 9.0975 - acc: 0.4356 - val_loss: 9.0698 - val_acc: 0.4373
Epoch 20/338
 - 190s - loss: 9.0975 - acc: 0.4356 - val_loss: 9.0698 - val_acc: 0.4373
Epoch 21/338
 - 190s - loss: 9.0975 - acc: 0.4356 - val_loss: 9.0698 - val_acc: 0.4373
Epoch 22/338
 - 190s - loss: 9.0975 - acc: 0.4356 - val_loss: 9.0698 - val_acc: 0.4373
Epoch 23/338
 - 190s - loss: 9.0975 - acc: 0.4356 - val_loss: 9.0698 - val_acc: 0.4373
Epoch 24/338
 - 190s - loss: 9.0975 - acc: 0.4356 - val_loss: 9.0698 - val_acc: 0.4373
Epoch 25/338
 - 190s - loss: 9.0975 - acc: 0.4356 - val_loss: 9.0698 - val_acc: 0.4373
Epoch 26/338
 - 190s - loss: 9.0975 - acc: 0.4356 - val_loss: 9.0698 - val_acc: 0.4373
Epoch 27/338
 - 190s - loss: 9.0975 - acc: 0.4356 - val_loss: 9.0698 - val_acc: 0.4373
Epoch 28/338
 - 190s - loss: 9.0975 - acc: 0.4356 - val_loss: 9.0698 - val_acc: 0.4373
Epoch 29/338
 - 190s - loss: 9.0975 - acc: 0.4356 - val_loss: 9.0698 - val_acc: 0.4373
Epoch 30/338
 - 190s - loss: 9.0975 - acc: 0.4356 - val_loss: 9.0698 - val_acc: 0.4373
Epoch 31/338
 - 190s - loss: 9.0975 - acc: 0.4356 - val_loss: 9.0698 - val_acc: 0.4373
Epoch 32/338
 - 190s - loss: 9.0975 - acc: 0.4356 - val_loss: 9.0698 - val_acc: 0.4373
Epoch 33/338
 - 190s - loss: 9.0975 - acc: 0.4356 - val_loss: 9.0698 - val_acc: 0.4373
Epoch 34/338
 - 190s - loss: 9.0975 - acc: 0.4356 - val_loss: 9.0698 - val_acc: 0.4373
Epoch 35/338
 - 190s - loss: 9.0975 - acc: 0.4356 - val_loss: 9.0698 - val_acc: 0.4373
Epoch 36/338
 - 190s - loss: 9.0975 - acc: 0.4356 - val_loss: 9.0698 - val_acc: 0.4373
Epoch 37/338
 - 190s - loss: 9.0975 - acc: 0.4356 - val_loss: 9.0698 - val_acc: 0.4373
Epoch 38/338
 - 190s - loss: 9.0975 - acc: 0.4356 - val_loss: 9.0698 - val_acc: 0.4373
Epoch 39/338
 - 190s - loss: 9.0975 - acc: 0.4356 - val_loss: 9.0698 - val_acc: 0.4373
Epoch 40/338
 - 190s - loss: 9.0975 - acc: 0.4356 - val_loss: 9.0698 - val_acc: 0.4373
Epoch 41/338
 - 190s - loss: 9.0975 - acc: 0.4356 - val_loss: 9.0698 - val_acc: 0.4373
Epoch 42/338
 - 190s - loss: 9.0975 - acc: 0.4356 - val_loss: 9.0698 - val_acc: 0.4373
Epoch 43/338
 - 190s - loss: 9.0975 - acc: 0.4356 - val_loss: 9.0698 - val_acc: 0.4373
Epoch 44/338
 - 190s - loss: 9.0975 - acc: 0.4356 - val_loss: 9.0698 - val_acc: 0.4373
Epoch 45/338
 - 190s - loss: 9.0975 - acc: 0.4356 - val_loss: 9.0698 - val_acc: 0.4373
Epoch 46/338
 - 190s - loss: 9.0975 - acc: 0.4356 - val_loss: 9.0698 - val_acc: 0.4373
Epoch 47/338
 - 190s - loss: 9.0975 - acc: 0.4356 - val_loss: 9.0698 - val_acc: 0.4373
Epoch 48/338
 - 190s - loss: 9.0975 - acc: 0.4356 - val_loss: 9.0698 - val_acc: 0.4373
Epoch 49/338
 - 190s - loss: 9.0975 - acc: 0.4356 - val_loss: 9.0698 - val_acc: 0.4373
Epoch 50/338
 - 190s - loss: 9.0975 - acc: 0.4356 - val_loss: 9.0698 - val_acc: 0.4373
Epoch 51/338
 - 190s - loss: 9.0975 - acc: 0.4356 - val_loss: 9.0698 - val_acc: 0.4373
Epoch 52/338
 - 190s - loss: 9.0975 - acc: 0.4356 - val_loss: 9.0698 - val_acc: 0.4373
Epoch 53/338
 - 190s - loss: 9.0975 - acc: 0.4356 - val_loss: 9.0698 - val_acc: 0.4373
Epoch 54/338
 - 190s - loss: 9.0975 - acc: 0.4356 - val_loss: 9.0698 - val_acc: 0.4373
Epoch 55/338
 - 190s - loss: 9.0975 - acc: 0.4356 - val_loss: 9.0698 - val_acc: 0.4373
Epoch 56/338
 - 190s - loss: 9.0975 - acc: 0.4356 - val_loss: 9.0698 - val_acc: 0.4373
Epoch 57/338
 - 190s - loss: 9.0975 - acc: 0.4356 - val_loss: 9.0698 - val_acc: 0.4373
Epoch 58/338
 - 190s - loss: 9.0975 - acc: 0.4356 - val_loss: 9.0698 - val_acc: 0.4373
Epoch 59/338
 - 190s - loss: 9.0975 - acc: 0.4356 - val_loss: 9.0698 - val_acc: 0.4373
Epoch 60/338
 - 190s - loss: 9.0975 - acc: 0.4356 - val_loss: 9.0698 - val_acc: 0.4373
Epoch 61/338
 - 190s - loss: 9.0975 - acc: 0.4356 - val_loss: 9.0698 - val_acc: 0.4373
Epoch 62/338
 - 190s - loss: 9.0975 - acc: 0.4356 - val_loss: 9.0698 - val_acc: 0.4373
Epoch 63/338
 - 190s - loss: 9.0975 - acc: 0.4356 - val_loss: 9.0698 - val_acc: 0.4373
Epoch 64/338
 - 190s - loss: 9.0975 - acc: 0.4356 - val_loss: 9.0698 - val_acc: 0.4373
Epoch 65/338
 - 190s - loss: 9.0975 - acc: 0.4356 - val_loss: 9.0698 - val_acc: 0.4373
Epoch 66/338
 - 190s - loss: 9.0975 - acc: 0.4356 - val_loss: 9.0698 - val_acc: 0.4373
Epoch 67/338
 - 190s - loss: 9.0975 - acc: 0.4356 - val_loss: 9.0698 - val_acc: 0.4373
Epoch 68/338
 - 190s - loss: 9.0975 - acc: 0.4356 - val_loss: 9.0698 - val_acc: 0.4373
Epoch 69/338
 - 190s - loss: 9.0975 - acc: 0.4356 - val_loss: 9.0698 - val_acc: 0.4373
Epoch 70/338
 - 190s - loss: 9.0975 - acc: 0.4356 - val_loss: 9.0698 - val_acc: 0.4373
Epoch 71/338
 - 190s - loss: 9.0975 - acc: 0.4356 - val_loss: 9.0698 - val_acc: 0.4373
Epoch 72/338
 - 190s - loss: 9.0975 - acc: 0.4356 - val_loss: 9.0698 - val_acc: 0.4373
Epoch 73/338
 - 190s - loss: 9.0975 - acc: 0.4356 - val_loss: 9.0698 - val_acc: 0.4373
Epoch 74/338
 - 190s - loss: 9.0975 - acc: 0.4356 - val_loss: 9.0698 - val_acc: 0.4373
Epoch 75/338
 - 190s - loss: 9.0975 - acc: 0.4356 - val_loss: 9.0698 - val_acc: 0.4373
Epoch 76/338
 - 190s - loss: 9.0975 - acc: 0.4356 - val_loss: 9.0698 - val_acc: 0.4373
Epoch 77/338
 - 190s - loss: 9.0975 - acc: 0.4356 - val_loss: 9.0698 - val_acc: 0.4373
Epoch 78/338
 - 190s - loss: 9.0975 - acc: 0.4356 - val_loss: 9.0698 - val_acc: 0.4373
Epoch 79/338
 - 190s - loss: 9.0975 - acc: 0.4356 - val_loss: 9.0698 - val_acc: 0.4373
Epoch 80/338
 - 190s - loss: 9.0975 - acc: 0.4356 - val_loss: 9.0698 - val_acc: 0.4373
Epoch 81/338
 - 190s - loss: 9.0975 - acc: 0.4356 - val_loss: 9.0698 - val_acc: 0.4373
Epoch 82/338
 - 190s - loss: 9.0975 - acc: 0.4356 - val_loss: 9.0698 - val_acc: 0.4373
Epoch 83/338
 - 190s - loss: 9.0975 - acc: 0.4356 - val_loss: 9.0698 - val_acc: 0.4373
Epoch 84/338
 - 190s - loss: 9.0975 - acc: 0.4356 - val_loss: 9.0698 - val_acc: 0.4373
Epoch 85/338
 - 190s - loss: 9.0975 - acc: 0.4356 - val_loss: 9.0698 - val_acc: 0.4373
Epoch 86/338
 - 190s - loss: 9.0975 - acc: 0.4356 - val_loss: 9.0698 - val_acc: 0.4373
Epoch 87/338
 - 190s - loss: 9.0975 - acc: 0.4356 - val_loss: 9.0698 - val_acc: 0.4373
Epoch 88/338
 - 190s - loss: 9.0975 - acc: 0.4356 - val_loss: 9.0698 - val_acc: 0.4373
Epoch 89/338
 - 190s - loss: 9.0975 - acc: 0.4356 - val_loss: 9.0698 - val_acc: 0.4373
Epoch 90/338
 - 190s - loss: 9.0975 - acc: 0.4356 - val_loss: 9.0698 - val_acc: 0.4373
Epoch 91/338
 - 190s - loss: 9.0975 - acc: 0.4356 - val_loss: 9.0698 - val_acc: 0.4373
Epoch 92/338
 - 190s - loss: 9.0975 - acc: 0.4356 - val_loss: 9.0698 - val_acc: 0.4373
Epoch 93/338
 - 190s - loss: 9.0975 - acc: 0.4356 - val_loss: 9.0698 - val_acc: 0.4373
Epoch 94/338
 - 190s - loss: 9.0975 - acc: 0.4356 - val_loss: 9.0698 - val_acc: 0.4373
Epoch 95/338
 - 190s - loss: 9.0975 - acc: 0.4356 - val_loss: 9.0698 - val_acc: 0.4373
Epoch 96/338
 - 190s - loss: 9.0975 - acc: 0.4356 - val_loss: 9.0698 - val_acc: 0.4373
Epoch 97/338
 - 190s - loss: 9.0975 - acc: 0.4356 - val_loss: 9.0698 - val_acc: 0.4373
Epoch 98/338
 - 190s - loss: 9.0975 - acc: 0.4356 - val_loss: 9.0698 - val_acc: 0.4373
Epoch 99/338
 - 190s - loss: 9.0975 - acc: 0.4356 - val_loss: 9.0698 - val_acc: 0.4373
Epoch 100/338
 - 190s - loss: 9.0975 - acc: 0.4356 - val_loss: 9.0698 - val_acc: 0.4373
Epoch 101/338
 - 190s - loss: 9.0975 - acc: 0.4356 - val_loss: 9.0698 - val_acc: 0.4373
Epoch 102/338
 - 190s - loss: 9.0975 - acc: 0.4356 - val_loss: 9.0698 - val_acc: 0.4373
Epoch 103/338
 - 190s - loss: 9.0975 - acc: 0.4356 - val_loss: 9.0698 - val_acc: 0.4373
Epoch 104/338
 - 190s - loss: 9.0975 - acc: 0.4356 - val_loss: 9.0698 - val_acc: 0.4373
Epoch 105/338
 - 190s - loss: 9.0975 - acc: 0.4356 - val_loss: 9.0698 - val_acc: 0.4373
Epoch 106/338
 - 190s - loss: 9.0975 - acc: 0.4356 - val_loss: 9.0698 - val_acc: 0.4373
Epoch 107/338
 - 190s - loss: 9.0975 - acc: 0.4356 - val_loss: 9.0698 - val_acc: 0.4373
Epoch 108/338
 - 190s - loss: 9.0975 - acc: 0.4356 - val_loss: 9.0698 - val_acc: 0.4373
Epoch 109/338
 - 190s - loss: 9.0975 - acc: 0.4356 - val_loss: 9.0698 - val_acc: 0.4373
Epoch 110/338
 - 190s - loss: 9.0975 - acc: 0.4356 - val_loss: 9.0698 - val_acc: 0.4373
Epoch 111/338
 - 190s - loss: 9.0975 - acc: 0.4356 - val_loss: 9.0698 - val_acc: 0.4373
Epoch 112/338
 - 190s - loss: 9.0975 - acc: 0.4356 - val_loss: 9.0698 - val_acc: 0.4373
Epoch 113/338
 - 190s - loss: 9.0975 - acc: 0.4356 - val_loss: 9.0698 - val_acc: 0.4373
Epoch 114/338
 - 190s - loss: 9.0975 - acc: 0.4356 - val_loss: 9.0698 - val_acc: 0.4373
Epoch 115/338
 - 190s - loss: 9.0975 - acc: 0.4356 - val_loss: 9.0698 - val_acc: 0.4373
Epoch 116/338
 - 190s - loss: 9.0975 - acc: 0.4356 - val_loss: 9.0698 - val_acc: 0.4373
Epoch 117/338
 - 190s - loss: 9.0975 - acc: 0.4356 - val_loss: 9.0698 - val_acc: 0.4373
Epoch 118/338
 - 190s - loss: 9.0975 - acc: 0.4356 - val_loss: 9.0698 - val_acc: 0.4373
Epoch 119/338
 - 190s - loss: 9.0975 - acc: 0.4356 - val_loss: 9.0698 - val_acc: 0.4373
Epoch 120/338
 - 190s - loss: 9.0975 - acc: 0.4356 - val_loss: 9.0698 - val_acc: 0.4373
Epoch 121/338
 - 190s - loss: 9.0975 - acc: 0.4356 - val_loss: 9.0698 - val_acc: 0.4373
Epoch 122/338
 - 190s - loss: 9.0975 - acc: 0.4356 - val_loss: 9.0698 - val_acc: 0.4373
Epoch 123/338
 - 190s - loss: 9.0975 - acc: 0.4356 - val_loss: 9.0698 - val_acc: 0.4373
Epoch 124/338
 - 190s - loss: 9.0975 - acc: 0.4356 - val_loss: 9.0698 - val_acc: 0.4373
Epoch 125/338
 - 190s - loss: 9.0975 - acc: 0.4356 - val_loss: 9.0698 - val_acc: 0.4373
Epoch 126/338
 - 190s - loss: 9.0975 - acc: 0.4356 - val_loss: 9.0698 - val_acc: 0.4373
Epoch 127/338
 - 190s - loss: 9.0975 - acc: 0.4356 - val_loss: 9.0698 - val_acc: 0.4373
Epoch 128/338
 - 190s - loss: 9.0975 - acc: 0.4356 - val_loss: 9.0698 - val_acc: 0.4373
Epoch 129/338
 - 190s - loss: 9.0975 - acc: 0.4356 - val_loss: 9.0698 - val_acc: 0.4373
Epoch 130/338
 - 190s - loss: 9.0975 - acc: 0.4356 - val_loss: 9.0698 - val_acc: 0.4373
Epoch 131/338
 - 190s - loss: 9.0975 - acc: 0.4356 - val_loss: 9.0698 - val_acc: 0.4373
Epoch 132/338
 - 190s - loss: 9.0975 - acc: 0.4356 - val_loss: 9.0698 - val_acc: 0.4373
Epoch 133/338
 - 190s - loss: 9.0975 - acc: 0.4356 - val_loss: 9.0698 - val_acc: 0.4373
Epoch 134/338
 - 190s - loss: 9.0975 - acc: 0.4356 - val_loss: 9.0698 - val_acc: 0.4373
Epoch 135/338
 - 190s - loss: 9.0975 - acc: 0.4356 - val_loss: 9.0698 - val_acc: 0.4373
Epoch 136/338
 - 190s - loss: 9.0975 - acc: 0.4356 - val_loss: 9.0698 - val_acc: 0.4373
Epoch 137/338
 - 190s - loss: 9.0975 - acc: 0.4356 - val_loss: 9.0698 - val_acc: 0.4373
Epoch 138/338
 - 190s - loss: 9.0975 - acc: 0.4356 - val_loss: 9.0698 - val_acc: 0.4373
Epoch 139/338
 - 190s - loss: 9.0975 - acc: 0.4356 - val_loss: 9.0698 - val_acc: 0.4373
Epoch 140/338
 - 190s - loss: 9.0975 - acc: 0.4356 - val_loss: 9.0698 - val_acc: 0.4373
Epoch 141/338
 - 190s - loss: 9.0975 - acc: 0.4356 - val_loss: 9.0698 - val_acc: 0.4373
Epoch 142/338
 - 190s - loss: 9.0975 - acc: 0.4356 - val_loss: 9.0698 - val_acc: 0.4373
Epoch 143/338
 - 190s - loss: 9.0975 - acc: 0.4356 - val_loss: 9.0698 - val_acc: 0.4373
Epoch 144/338
 - 190s - loss: 9.0975 - acc: 0.4356 - val_loss: 9.0698 - val_acc: 0.4373
Epoch 145/338
 - 190s - loss: 9.0975 - acc: 0.4356 - val_loss: 9.0698 - val_acc: 0.4373
Epoch 146/338
 - 190s - loss: 9.0975 - acc: 0.4356 - val_loss: 9.0698 - val_acc: 0.4373
Epoch 147/338
 - 190s - loss: 9.0975 - acc: 0.4356 - val_loss: 9.0698 - val_acc: 0.4373
Epoch 148/338
 - 190s - loss: 9.0975 - acc: 0.4356 - val_loss: 9.0698 - val_acc: 0.4373
Epoch 149/338
 - 190s - loss: 9.0975 - acc: 0.4356 - val_loss: 9.0698 - val_acc: 0.4373
Epoch 150/338
 - 190s - loss: 9.0975 - acc: 0.4356 - val_loss: 9.0698 - val_acc: 0.4373
Epoch 151/338
 - 189s - loss: 9.0975 - acc: 0.4356 - val_loss: 9.0698 - val_acc: 0.4373
Epoch 152/338
 - 190s - loss: 9.0975 - acc: 0.4356 - val_loss: 9.0698 - val_acc: 0.4373
Epoch 153/338
 - 190s - loss: 9.0975 - acc: 0.4356 - val_loss: 9.0698 - val_acc: 0.4373
Epoch 154/338
 - 190s - loss: 9.0975 - acc: 0.4356 - val_loss: 9.0698 - val_acc: 0.4373
Epoch 155/338
 - 190s - loss: 9.0975 - acc: 0.4356 - val_loss: 9.0698 - val_acc: 0.4373
Epoch 156/338
 - 190s - loss: 9.0975 - acc: 0.4356 - val_loss: 9.0698 - val_acc: 0.4373
Epoch 157/338
 - 190s - loss: 9.0975 - acc: 0.4356 - val_loss: 9.0698 - val_acc: 0.4373
Epoch 158/338
 - 190s - loss: 9.0975 - acc: 0.4356 - val_loss: 9.0698 - val_acc: 0.4373
Epoch 159/338
 - 190s - loss: 9.0975 - acc: 0.4356 - val_loss: 9.0698 - val_acc: 0.4373
Epoch 160/338
 - 190s - loss: 9.0975 - acc: 0.4356 - val_loss: 9.0698 - val_acc: 0.4373
Epoch 161/338
 - 190s - loss: 9.0975 - acc: 0.4356 - val_loss: 9.0698 - val_acc: 0.4373
Epoch 162/338
 - 190s - loss: 9.0975 - acc: 0.4356 - val_loss: 9.0698 - val_acc: 0.4373
Epoch 163/338
 - 190s - loss: 9.0975 - acc: 0.4356 - val_loss: 9.0698 - val_acc: 0.4373
Epoch 164/338
 - 190s - loss: 9.0975 - acc: 0.4356 - val_loss: 9.0698 - val_acc: 0.4373
Epoch 165/338
 - 190s - loss: 9.0975 - acc: 0.4356 - val_loss: 9.0698 - val_acc: 0.4373
Epoch 166/338
 - 190s - loss: 9.0975 - acc: 0.4356 - val_loss: 9.0698 - val_acc: 0.4373
Epoch 167/338
 - 190s - loss: 9.0975 - acc: 0.4356 - val_loss: 9.0698 - val_acc: 0.4373
Epoch 168/338
 - 190s - loss: 9.0975 - acc: 0.4356 - val_loss: 9.0698 - val_acc: 0.4373
Epoch 169/338
 - 190s - loss: 9.0975 - acc: 0.4356 - val_loss: 9.0698 - val_acc: 0.4373
Epoch 170/338
 - 190s - loss: 9.0975 - acc: 0.4356 - val_loss: 9.0698 - val_acc: 0.4373
Epoch 171/338
 - 190s - loss: 9.0975 - acc: 0.4356 - val_loss: 9.0698 - val_acc: 0.4373
Epoch 172/338
 - 190s - loss: 9.0975 - acc: 0.4356 - val_loss: 9.0698 - val_acc: 0.4373
Epoch 173/338
 - 190s - loss: 9.0975 - acc: 0.4356 - val_loss: 9.0698 - val_acc: 0.4373
Epoch 174/338
 - 190s - loss: 9.0975 - acc: 0.4356 - val_loss: 9.0698 - val_acc: 0.4373
Epoch 175/338
 - 190s - loss: 9.0975 - acc: 0.4356 - val_loss: 9.0698 - val_acc: 0.4373
Epoch 176/338
 - 190s - loss: 9.0975 - acc: 0.4356 - val_loss: 9.0698 - val_acc: 0.4373
Epoch 177/338
 - 190s - loss: 9.0975 - acc: 0.4356 - val_loss: 9.0698 - val_acc: 0.4373
Epoch 178/338
 - 190s - loss: 9.0975 - acc: 0.4356 - val_loss: 9.0698 - val_acc: 0.4373
Epoch 179/338
 - 190s - loss: 9.0975 - acc: 0.4356 - val_loss: 9.0698 - val_acc: 0.4373
Epoch 180/338
 - 190s - loss: 9.0975 - acc: 0.4356 - val_loss: 9.0698 - val_acc: 0.4373
Epoch 181/338
 - 190s - loss: 9.0975 - acc: 0.4356 - val_loss: 9.0698 - val_acc: 0.4373
Epoch 182/338
 - 190s - loss: 9.0975 - acc: 0.4356 - val_loss: 9.0698 - val_acc: 0.4373
Epoch 183/338
 - 190s - loss: 9.0975 - acc: 0.4356 - val_loss: 9.0698 - val_acc: 0.4373
Epoch 184/338
 - 190s - loss: 9.0975 - acc: 0.4356 - val_loss: 9.0698 - val_acc: 0.4373
Epoch 185/338
 - 190s - loss: 9.0975 - acc: 0.4356 - val_loss: 9.0698 - val_acc: 0.4373
slurmstepd: error: *** JOB 205 ON ainode07 CANCELLED AT 2018-07-11T10:32:17 DUE TO TIME LIMIT ***
