Using TensorFlow backend.
MaxAbs

2018-06-08 13:05:29.585516: I tensorflow/core/platform/cpu_feature_guard.cc:140] Your CPU supports instructions that this TensorFlow binary was not compiled to use: AVX2 FMA
2018-06-08 13:05:29.680636: I tensorflow/core/platform/cpu_feature_guard.cc:140] Your CPU supports instructions that this TensorFlow binary was not compiled to use: AVX2 FMA
2018-06-08 13:05:30.007718: I tensorflow/core/platform/cpu_feature_guard.cc:140] Your CPU supports instructions that this TensorFlow binary was not compiled to use: AVX2 FMA
2018-06-08 13:05:30.023677: I tensorflow/core/platform/cpu_feature_guard.cc:140] Your CPU supports instructions that this TensorFlow binary was not compiled to use: AVX2 FMA
2018-06-08 13:05:30.162992: I tensorflow/core/platform/cpu_feature_guard.cc:140] Your CPU supports instructions that this TensorFlow binary was not compiled to use: AVX2 FMA
2018-06-08 13:05:30.392919: I tensorflow/core/platform/cpu_feature_guard.cc:140] Your CPU supports instructions that this TensorFlow binary was not compiled to use: AVX2 FMA
2018-06-08 13:05:30.534198: I tensorflow/core/platform/cpu_feature_guard.cc:140] Your CPU supports instructions that this TensorFlow binary was not compiled to use: AVX2 FMA
2018-06-08 13:05:30.787034: I tensorflow/core/platform/cpu_feature_guard.cc:140] Your CPU supports instructions that this TensorFlow binary was not compiled to use: AVX2 FMA
2018-06-08 13:05:30.924042: I tensorflow/core/platform/cpu_feature_guard.cc:140] Your CPU supports instructions that this TensorFlow binary was not compiled to use: AVX2 FMA
2018-06-08 13:05:31.296780: I tensorflow/core/platform/cpu_feature_guard.cc:140] Your CPU supports instructions that this TensorFlow binary was not compiled to use: AVX2 FMA
2018-06-08 13:05:31.330870: I tensorflow/core/platform/cpu_feature_guard.cc:140] Your CPU supports instructions that this TensorFlow binary was not compiled to use: AVX2 FMA
2018-06-08 13:05:31.783363: I tensorflow/core/platform/cpu_feature_guard.cc:140] Your CPU supports instructions that this TensorFlow binary was not compiled to use: AVX2 FMA
2018-06-08 13:05:31.806444: I tensorflow/core/platform/cpu_feature_guard.cc:140] Your CPU supports instructions that this TensorFlow binary was not compiled to use: AVX2 FMA
2018-06-08 13:05:31.955625: I tensorflow/core/platform/cpu_feature_guard.cc:140] Your CPU supports instructions that this TensorFlow binary was not compiled to use: AVX2 FMA
2018-06-08 13:05:32.792480: I tensorflow/core/platform/cpu_feature_guard.cc:140] Your CPU supports instructions that this TensorFlow binary was not compiled to use: AVX2 FMA
2018-06-08 13:05:33.119743: I tensorflow/core/platform/cpu_feature_guard.cc:140] Your CPU supports instructions that this TensorFlow binary was not compiled to use: AVX2 FMA
2018-06-08 13:05:33.235457: I tensorflow/core/platform/cpu_feature_guard.cc:140] Your CPU supports instructions that this TensorFlow binary was not compiled to use: AVX2 FMA
2018-06-08 13:05:34.988049: I tensorflow/core/platform/cpu_feature_guard.cc:140] Your CPU supports instructions that this TensorFlow binary was not compiled to use: AVX2 FMA
2018-06-08 13:05:35.051618: I tensorflow/core/platform/cpu_feature_guard.cc:140] Your CPU supports instructions that this TensorFlow binary was not compiled to use: AVX2 FMA
2018-06-08 13:05:35.219841: I tensorflow/core/platform/cpu_feature_guard.cc:140] Your CPU supports instructions that this TensorFlow binary was not compiled to use: AVX2 FMA
2018-06-08 13:05:36.092472: I tensorflow/core/platform/cpu_feature_guard.cc:140] Your CPU supports instructions that this TensorFlow binary was not compiled to use: AVX2 FMA
2018-06-08 13:05:36.501251: I tensorflow/core/platform/cpu_feature_guard.cc:140] Your CPU supports instructions that this TensorFlow binary was not compiled to use: AVX2 FMA
2018-06-08 13:05:37.537652: I tensorflow/core/platform/cpu_feature_guard.cc:140] Your CPU supports instructions that this TensorFlow binary was not compiled to use: AVX2 FMA
2018-06-08 13:05:38.078026: I tensorflow/core/platform/cpu_feature_guard.cc:140] Your CPU supports instructions that this TensorFlow binary was not compiled to use: AVX2 FMA
2018-06-08 13:05:38.436492: I tensorflow/core/platform/cpu_feature_guard.cc:140] Your CPU supports instructions that this TensorFlow binary was not compiled to use: AVX2 FMA
terminate called after throwing an instance of 'std::system_error'
  what():  Resource temporarily unavailable
terminate called after throwing an instance of 'std::system_error'
  what():  Resource temporarily unavailable
terminate called after throwing an instance of 'std::system_error'
  what():  Resource temporarily unavailable
terminate called after throwing an instance of 'std::system_error'
  what():  Resource temporarily unavailable
terminate called after throwing an instance of 'std::system_error'
  what():  Resource temporarily unavailable
2018-06-08 13:05:39.188995: I tensorflow/core/platform/cpu_feature_guard.cc:140] Your CPU supports instructions that this TensorFlow binary was not compiled to use: AVX2 FMA
terminate called after throwing an instance of 'std::system_error'
  what():  Resource temporarily unavailable
terminate called after throwing an instance of 'std::system_error'
  what():  Resource temporarily unavailable
2018-06-08 13:05:39.952623: I tensorflow/core/platform/cpu_feature_guard.cc:140] Your CPU supports instructions that this TensorFlow binary was not compiled to use: AVX2 FMA
2018-06-08 13:05:40.355056: I tensorflow/core/platform/cpu_feature_guard.cc:140] Your CPU supports instructions that this TensorFlow binary was not compiled to use: AVX2 FMA
2018-06-08 13:05:41.524264: I tensorflow/core/platform/cpu_feature_guard.cc:140] Your CPU supports instructions that this TensorFlow binary was not compiled to use: AVX2 FMA
2018-06-08 13:05:41.763493: I tensorflow/core/platform/cpu_feature_guard.cc:140] Your CPU supports instructions that this TensorFlow binary was not compiled to use: AVX2 FMA
2018-06-08 13:05:42.389850: I tensorflow/core/platform/cpu_feature_guard.cc:140] Your CPU supports instructions that this TensorFlow binary was not compiled to use: AVX2 FMA
2018-06-08 13:05:42.469095: I tensorflow/core/platform/cpu_feature_guard.cc:140] Your CPU supports instructions that this TensorFlow binary was not compiled to use: AVX2 FMA
terminate called after throwing an instance of 'std::system_error'
  what():  Resource temporarily unavailable
terminate called after throwing an instance of 'std::system_error'
  what():  Resource temporarily unavailable
terminate called after throwing an instance of 'std::system_error'
  what():  Resource temporarily unavailable
terminate called after throwing an instance of 'std::system_error'
  what():  Resource temporarily unavailable
terminate called after throwing an instance of 'std::system_error'
  what():  Resource temporarily unavailable
2018-06-08 13:05:42.823716: I tensorflow/core/platform/cpu_feature_guard.cc:140] Your CPU supports instructions that this TensorFlow binary was not compiled to use: AVX2 FMA
2018-06-08 13:05:45.356332: I tensorflow/core/platform/cpu_feature_guard.cc:140] Your CPU supports instructions that this TensorFlow binary was not compiled to use: AVX2 FMA
2018-06-08 13:05:45.565102: I tensorflow/core/platform/cpu_feature_guard.cc:140] Your CPU supports instructions that this TensorFlow binary was not compiled to use: AVX2 FMA
2018-06-08 13:05:46.200800: I tensorflow/core/platform/cpu_feature_guard.cc:140] Your CPU supports instructions that this TensorFlow binary was not compiled to use: AVX2 FMA
terminate called after throwing an instance of 'std::system_error'
  what():  Resource temporarily unavailable
terminate called after throwing an instance of 'std::system_error'
  what():  Resource temporarily unavailable
terminate called after throwing an instance of 'std::system_error'
  what():  Resource temporarily unavailable
terminate called after throwing an instance of 'std::system_error'
  what():  Resource temporarily unavailable
2018-06-08 13:05:47.363250: I tensorflow/core/platform/cpu_feature_guard.cc:140] Your CPU supports instructions that this TensorFlow binary was not compiled to use: AVX2 FMA
2018-06-08 13:05:47.505935: I tensorflow/core/platform/cpu_feature_guard.cc:140] Your CPU supports instructions that this TensorFlow binary was not compiled to use: AVX2 FMA
2018-06-08 13:05:48.557434: I tensorflow/core/platform/cpu_feature_guard.cc:140] Your CPU supports instructions that this TensorFlow binary was not compiled to use: AVX2 FMA
terminate called after throwing an instance of 'std::system_error'
  what():  Resource temporarily unavailable
terminate called after throwing an instance of 'std::system_error'
  what():  Resource temporarily unavailable
2018-06-08 13:05:48.733076: I tensorflow/core/platform/cpu_feature_guard.cc:140] Your CPU supports instructions that this TensorFlow binary was not compiled to use: AVX2 FMA
terminate called after throwing an instance of 'std::system_error'
  what():  Resource temporarily unavailable
terminate called after throwing an instance of 'std::system_error'
  what():  Resource temporarily unavailable
2018-06-08 13:05:50.317090: I tensorflow/core/platform/cpu_feature_guard.cc:140] Your CPU supports instructions that this TensorFlow binary was not compiled to use: AVX2 FMA
2018-06-08 13:05:51.344989: I tensorflow/core/platform/cpu_feature_guard.cc:140] Your CPU supports instructions that this TensorFlow binary was not compiled to use: AVX2 FMA
2018-06-08 13:05:51.364250: I tensorflow/core/platform/cpu_feature_guard.cc:140] Your CPU supports instructions that this TensorFlow binary was not compiled to use: AVX2 FMA
terminate called after throwing an instance of 'std::system_error'
  what():  Resource temporarily unavailable
terminate called after throwing an instance of 'std::system_error'
  what():  Resource temporarily unavailable
terminate called after throwing an instance of 'std::system_error'
  what():  Resource temporarily unavailable
terminate called after throwing an instance of 'std::system_error'
  what():  Resource temporarily unavailable
2018-06-08 13:05:51.820528: I tensorflow/core/platform/cpu_feature_guard.cc:140] Your CPU supports instructions that this TensorFlow binary was not compiled to use: AVX2 FMA
2018-06-08 13:05:52.626833: I tensorflow/core/platform/cpu_feature_guard.cc:140] Your CPU supports instructions that this TensorFlow binary was not compiled to use: AVX2 FMA
2018-06-08 13:05:54.308581: I tensorflow/core/platform/cpu_feature_guard.cc:140] Your CPU supports instructions that this TensorFlow binary was not compiled to use: AVX2 FMA
2018-06-08 13:05:54.395721: I tensorflow/core/platform/cpu_feature_guard.cc:140] Your CPU supports instructions that this TensorFlow binary was not compiled to use: AVX2 FMA
terminate called after throwing an instance of 'std::system_error'
  what():  Resource temporarily unavailable
terminate called after throwing an instance of 'std::system_error'
  what():  Resource temporarily unavailable
terminate called after throwing an instance of 'std::system_error'
  what():  Resource temporarily unavailable
terminate called after throwing an instance of 'std::system_error'
  what():  Resource temporarily unavailable
2018-06-08 13:05:54.863279: I tensorflow/core/platform/cpu_feature_guard.cc:140] Your CPU supports instructions that this TensorFlow binary was not compiled to use: AVX2 FMA
2018-06-08 13:05:55.023643: I tensorflow/core/platform/cpu_feature_guard.cc:140] Your CPU supports instructions that this TensorFlow binary was not compiled to use: AVX2 FMA
2018-06-08 13:05:57.052706: I tensorflow/core/platform/cpu_feature_guard.cc:140] Your CPU supports instructions that this TensorFlow binary was not compiled to use: AVX2 FMA
terminate called after throwing an instance of 'std::system_error'
  what():  Resource temporarily unavailable
terminate called after throwing an instance of 'std::system_error'
  what():  Resource temporarily unavailable
2018-06-08 13:05:58.727392: I tensorflow/core/platform/cpu_feature_guard.cc:140] Your CPU supports instructions that this TensorFlow binary was not compiled to use: AVX2 FMA
2018-06-08 13:05:59.223289: I tensorflow/core/platform/cpu_feature_guard.cc:140] Your CPU supports instructions that this TensorFlow binary was not compiled to use: AVX2 FMA
terminate called after throwing an instance of 'std::system_error'
  what():  Resource temporarily unavailable
terminate called after throwing an instance of 'std::system_error'
  what():  Resource temporarily unavailable
terminate called after throwing an instance of 'std::system_error'
  what():  Resource temporarily unavailable
2018-06-08 13:05:59.621200: I tensorflow/core/platform/cpu_feature_guard.cc:140] Your CPU supports instructions that this TensorFlow binary was not compiled to use: AVX2 FMA
2018-06-08 13:05:59.984229: I tensorflow/core/platform/cpu_feature_guard.cc:140] Your CPU supports instructions that this TensorFlow binary was not compiled to use: AVX2 FMA
terminate called after throwing an instance of 'std::system_error'
  what():  Resource temporarily unavailable
terminate called after throwing an instance of 'std::system_error'
  what():  Resource temporarily unavailable
terminate called after throwing an instance of 'std::system_error'
  what():  Resource temporarily unavailable
2018-06-08 13:06:00.964991: I tensorflow/core/platform/cpu_feature_guard.cc:140] Your CPU supports instructions that this TensorFlow binary was not compiled to use: AVX2 FMA
2018-06-08 13:06:01.347143: I tensorflow/core/platform/cpu_feature_guard.cc:140] Your CPU supports instructions that this TensorFlow binary was not compiled to use: AVX2 FMA
terminate called after throwing an instance of 'std::system_error'
  what():  Resource temporarily unavailable
terminate called after throwing an instance of 'std::system_error'
  what():  Resource temporarily unavailable
2018-06-08 13:06:01.613185: I tensorflow/core/platform/cpu_feature_guard.cc:140] Your CPU supports instructions that this TensorFlow binary was not compiled to use: AVX2 FMA
terminate called after throwing an instance of 'std::system_error'
  what():  Resource temporarily unavailable
2018-06-08 13:06:01.766488: I tensorflow/core/platform/cpu_feature_guard.cc:140] Your CPU supports instructions that this TensorFlow binary was not compiled to use: AVX2 FMA
2018-06-08 13:06:04.027128: I tensorflow/core/platform/cpu_feature_guard.cc:140] Your CPU supports instructions that this TensorFlow binary was not compiled to use: AVX2 FMA
terminate called after throwing an instance of 'std::system_error'
  what():  Resource temporarily unavailable
terminate called after throwing an instance of 'std::system_error'
  what():  Resource temporarily unavailable
2018-06-08 13:06:05.433576: I tensorflow/core/platform/cpu_feature_guard.cc:140] Your CPU supports instructions that this TensorFlow binary was not compiled to use: AVX2 FMA
2018-06-08 13:06:06.496985: I tensorflow/core/platform/cpu_feature_guard.cc:140] Your CPU supports instructions that this TensorFlow binary was not compiled to use: AVX2 FMA
2018-06-08 13:06:06.507841: I tensorflow/core/platform/cpu_feature_guard.cc:140] Your CPU supports instructions that this TensorFlow binary was not compiled to use: AVX2 FMA
terminate called after throwing an instance of 'std::system_error'
  what():  Resource temporarily unavailable
terminate called after throwing an instance of 'std::system_error'
  what():  Resource temporarily unavailable
2018-06-08 13:06:07.348931: I tensorflow/core/platform/cpu_feature_guard.cc:140] Your CPU supports instructions that this TensorFlow binary was not compiled to use: AVX2 FMA
terminate called after throwing an instance of 'std::system_error'
  what():  Resource temporarily unavailable
2018-06-08 13:06:07.934882: I tensorflow/core/platform/cpu_feature_guard.cc:140] Your CPU supports instructions that this TensorFlow binary was not compiled to use: AVX2 FMA
terminate called after throwing an instance of 'std::system_error'
  what():  Resource temporarily unavailable
terminate called after throwing an instance of 'std::system_error'
  what():  Resource temporarily unavailable
2018-06-08 13:06:07.988012: I tensorflow/core/platform/cpu_feature_guard.cc:140] Your CPU supports instructions that this TensorFlow binary was not compiled to use: AVX2 FMA
terminate called after throwing an instance of 'std::system_error'
  what():  Resource temporarily unavailable
2018-06-08 13:06:09.999269: I tensorflow/core/platform/cpu_feature_guard.cc:140] Your CPU supports instructions that this TensorFlow binary was not compiled to use: AVX2 FMA
2018-06-08 13:06:10.799418: I tensorflow/core/platform/cpu_feature_guard.cc:140] Your CPU supports instructions that this TensorFlow binary was not compiled to use: AVX2 FMA
2018-06-08 13:06:10.864762: I tensorflow/core/platform/cpu_feature_guard.cc:140] Your CPU supports instructions that this TensorFlow binary was not compiled to use: AVX2 FMA
terminate called after throwing an instance of 'std::system_error'
  what():  Resource temporarily unavailable
terminate called after throwing an instance of 'std::system_error'
  what():  Resource temporarily unavailable
terminate called after throwing an instance of 'std::system_error'
  what():  Resource temporarily unavailable
terminate called after throwing an instance of 'std::system_error'
  what():  Resource temporarily unavailable
2018-06-08 13:06:11.749882: I tensorflow/core/platform/cpu_feature_guard.cc:140] Your CPU supports instructions that this TensorFlow binary was not compiled to use: AVX2 FMA
2018-06-08 13:06:12.720883: I tensorflow/core/platform/cpu_feature_guard.cc:140] Your CPU supports instructions that this TensorFlow binary was not compiled to use: AVX2 FMA
terminate called after throwing an instance of 'std::system_error'
  what():  Resource temporarily unavailable
terminate called after throwing an instance of 'std::system_error'
  what():  Resource temporarily unavailable
2018-06-08 13:06:13.403860: I tensorflow/core/platform/cpu_feature_guard.cc:140] Your CPU supports instructions that this TensorFlow binary was not compiled to use: AVX2 FMA
2018-06-08 13:06:13.412635: I tensorflow/core/platform/cpu_feature_guard.cc:140] Your CPU supports instructions that this TensorFlow binary was not compiled to use: AVX2 FMA
2018-06-08 13:06:13.413295: I tensorflow/core/platform/cpu_feature_guard.cc:140] Your CPU supports instructions that this TensorFlow binary was not compiled to use: AVX2 FMA
terminate called after throwing an instance of 'terminate called after throwing an instance of 'std::system_errorstd::system_error'
'
  what():    what():  Resource temporarily unavailableResource temporarily unavailable

terminate called after throwing an instance of 'std::system_error'
  what():  Resource temporarily unavailable
terminate called after throwing an instance of 'std::system_error'
  what():  Resource temporarily unavailable
2018-06-08 13:06:14.252231: I tensorflow/core/platform/cpu_feature_guard.cc:140] Your CPU supports instructions that this TensorFlow binary was not compiled to use: AVX2 FMA
2018-06-08 13:06:16.778356: I tensorflow/core/platform/cpu_feature_guard.cc:140] Your CPU supports instructions that this TensorFlow binary was not compiled to use: AVX2 FMA
2018-06-08 13:06:16.812488: I tensorflow/core/platform/cpu_feature_guard.cc:140] Your CPU supports instructions that this TensorFlow binary was not compiled to use: AVX2 FMA
terminate called after throwing an instance of 'std::system_error'
  what():  Resource temporarily unavailable
terminate called after throwing an instance of 'std::system_error'
  what():  Resource temporarily unavailable
terminate called after throwing an instance of 'std::system_error'
  what():  Resource temporarily unavailable
2018-06-08 13:06:19.467649: I tensorflow/core/platform/cpu_feature_guard.cc:140] Your CPU supports instructions that this TensorFlow binary was not compiled to use: AVX2 FMA
2018-06-08 13:06:19.879371: I tensorflow/core/platform/cpu_feature_guard.cc:140] Your CPU supports instructions that this TensorFlow binary was not compiled to use: AVX2 FMA
terminate called after throwing an instance of 'std::system_error'
  what():  Resource temporarily unavailable
terminate called after throwing an instance of 'std::system_error'
  what():  Resource temporarily unavailable
terminate called after throwing an instance of 'std::system_error'
  what():  Resource temporarily unavailable
2018-06-08 13:06:21.216739: I tensorflow/core/platform/cpu_feature_guard.cc:140] Your CPU supports instructions that this TensorFlow binary was not compiled to use: AVX2 FMA
2018-06-08 13:06:21.218550: I tensorflow/core/platform/cpu_feature_guard.cc:140] Your CPU supports instructions that this TensorFlow binary was not compiled to use: AVX2 FMA
2018-06-08 13:06:21.321766: I tensorflow/core/platform/cpu_feature_guard.cc:140] Your CPU supports instructions that this TensorFlow binary was not compiled to use: AVX2 FMA
terminate called after throwing an instance of 'std::system_error'
  what():  Resource temporarily unavailable
terminate called after throwing an instance of 'std::system_error'
  what():  Resource temporarily unavailable
2018-06-08 13:06:24.053022: I tensorflow/core/platform/cpu_feature_guard.cc:140] Your CPU supports instructions that this TensorFlow binary was not compiled to use: AVX2 FMA
2018-06-08 13:06:24.234378: I tensorflow/core/platform/cpu_feature_guard.cc:140] Your CPU supports instructions that this TensorFlow binary was not compiled to use: AVX2 FMA
terminate called after throwing an instance of 'std::system_error'
  what():  Resource temporarily unavailable
terminate called after throwing an instance of 'std::system_error'
  what():  Resource temporarily unavailable
terminate called after throwing an instance of 'std::system_error'
  what():  Resource temporarily unavailable
2018-06-08 13:06:25.413267: I tensorflow/core/platform/cpu_feature_guard.cc:140] Your CPU supports instructions that this TensorFlow binary was not compiled to use: AVX2 FMA
terminate called after throwing an instance of 'std::system_error'
  what():  Resource temporarily unavailable
2018-06-08 13:06:26.836272: I tensorflow/core/platform/cpu_feature_guard.cc:140] Your CPU supports instructions that this TensorFlow binary was not compiled to use: AVX2 FMA
terminate called after throwing an instance of 'std::system_error'
  what():  Resource temporarily unavailable
terminate called after throwing an instance of 'std::system_error'
  what():  Resource temporarily unavailable
2018-06-08 13:06:27.906863: I tensorflow/core/platform/cpu_feature_guard.cc:140] Your CPU supports instructions that this TensorFlow binary was not compiled to use: AVX2 FMA
terminate called after throwing an instance of 'std::system_error'
  what():  Resource temporarily unavailable
terminate called after throwing an instance of 'std::system_error'
  what():  Resource temporarily unavailable
2018-06-08 13:06:28.465547: I tensorflow/core/platform/cpu_feature_guard.cc:140] Your CPU supports instructions that this TensorFlow binary was not compiled to use: AVX2 FMA
terminate called after throwing an instance of 'std::system_error'
  what():  Resource temporarily unavailable
2018-06-08 13:06:29.385895: I tensorflow/core/platform/cpu_feature_guard.cc:140] Your CPU supports instructions that this TensorFlow binary was not compiled to use: AVX2 FMA
terminate called after throwing an instance of 'std::system_error'
  what():  Resource temporarily unavailable
2018-06-08 13:06:30.977653: I tensorflow/core/platform/cpu_feature_guard.cc:140] Your CPU supports instructions that this TensorFlow binary was not compiled to use: AVX2 FMA
terminate called after throwing an instance of 'std::system_error'
  what():  Resource temporarily unavailable
2018-06-08 13:06:31.537268: I tensorflow/core/platform/cpu_feature_guard.cc:140] Your CPU supports instructions that this TensorFlow binary was not compiled to use: AVX2 FMA
terminate called after throwing an instance of 'std::system_error'
  what():  Resource temporarily unavailable
2018-06-08 13:06:32.478019: I tensorflow/core/platform/cpu_feature_guard.cc:140] Your CPU supports instructions that this TensorFlow binary was not compiled to use: AVX2 FMA
terminate called after throwing an instance of 'std::system_error'
  what():  Resource temporarily unavailable
2018-06-08 13:06:32.599012: I tensorflow/core/platform/cpu_feature_guard.cc:140] Your CPU supports instructions that this TensorFlow binary was not compiled to use: AVX2 FMA
terminate called after throwing an instance of 'std::system_error'
  what():  Resource temporarily unavailable
2018-06-08 13:06:35.681149: I tensorflow/core/platform/cpu_feature_guard.cc:140] Your CPU supports instructions that this TensorFlow binary was not compiled to use: AVX2 FMA
terminate called after throwing an instance of 'std::system_error'
  what():  Resource temporarily unavailable
2018-06-08 13:06:36.822317: I tensorflow/core/platform/cpu_feature_guard.cc:140] Your CPU supports instructions that this TensorFlow binary was not compiled to use: AVX2 FMA
terminate called after throwing an instance of 'std::system_error'
  what():  Resource temporarily unavailable
2018-06-08 13:06:37.139720: I tensorflow/core/platform/cpu_feature_guard.cc:140] Your CPU supports instructions that this TensorFlow binary was not compiled to use: AVX2 FMA
terminate called after throwing an instance of 'std::system_error'
  what():  Resource temporarily unavailable
2018-06-08 13:06:37.349339: I tensorflow/core/platform/cpu_feature_guard.cc:140] Your CPU supports instructions that this TensorFlow binary was not compiled to use: AVX2 FMA
2018-06-08 13:06:37.351965: I tensorflow/core/platform/cpu_feature_guard.cc:140] Your CPU supports instructions that this TensorFlow binary was not compiled to use: AVX2 FMA
terminate called after throwing an instance of 'std::system_error'
  what():  Resource temporarily unavailable
terminate called after throwing an instance of 'std::system_error'
  what():  Resource temporarily unavailable
terminate called after throwing an instance of 'std::system_error'
  what():  Resource temporarily unavailable
2018-06-08 13:06:37.818297: I tensorflow/core/platform/cpu_feature_guard.cc:140] Your CPU supports instructions that this TensorFlow binary was not compiled to use: AVX2 FMA
terminate called after throwing an instance of 'std::system_error'
  what():  Resource temporarily unavailable
2018-06-08 13:06:38.584134: I tensorflow/core/platform/cpu_feature_guard.cc:140] Your CPU supports instructions that this TensorFlow binary was not compiled to use: AVX2 FMA
terminate called after throwing an instance of 'std::system_error'
  what():  Resource temporarily unavailable
2018-06-08 13:06:39.383382: I tensorflow/core/platform/cpu_feature_guard.cc:140] Your CPU supports instructions that this TensorFlow binary was not compiled to use: AVX2 FMA
terminate called after throwing an instance of 'std::system_error'
  what():  Resource temporarily unavailable
2018-06-08 13:06:40.600714: I tensorflow/core/platform/cpu_feature_guard.cc:140] Your CPU supports instructions that this TensorFlow binary was not compiled to use: AVX2 FMA
terminate called after throwing an instance of 'std::system_error'
  what():  Resource temporarily unavailable
2018-06-08 13:06:41.045595: I tensorflow/core/platform/cpu_feature_guard.cc:140] Your CPU supports instructions that this TensorFlow binary was not compiled to use: AVX2 FMA
terminate called after throwing an instance of 'std::system_error'
  what():  Resource temporarily unavailable
2018-06-08 13:06:41.381003: I tensorflow/core/platform/cpu_feature_guard.cc:140] Your CPU supports instructions that this TensorFlow binary was not compiled to use: AVX2 FMA
2018-06-08 13:06:41.412219: I tensorflow/core/platform/cpu_feature_guard.cc:140] Your CPU supports instructions that this TensorFlow binary was not compiled to use: AVX2 FMA
terminate called after throwing an instance of 'std::system_error'
  what():  Resource temporarily unavailable
terminate called after throwing an instance of 'std::system_error'
  what():  Resource temporarily unavailable
2018-06-08 13:06:42.193542: I tensorflow/core/platform/cpu_feature_guard.cc:140] Your CPU supports instructions that this TensorFlow binary was not compiled to use: AVX2 FMA
terminate called after throwing an instance of 'std::system_error'
  what():  Resource temporarily unavailable
2018-06-08 13:06:43.493212: I tensorflow/core/platform/cpu_feature_guard.cc:140] Your CPU supports instructions that this TensorFlow binary was not compiled to use: AVX2 FMA
terminate called after throwing an instance of 'std::system_error'
  what():  Resource temporarily unavailable
2018-06-08 13:06:44.534525: I tensorflow/core/platform/cpu_feature_guard.cc:140] Your CPU supports instructions that this TensorFlow binary was not compiled to use: AVX2 FMA
2018-06-08 13:06:44.547795: I tensorflow/core/platform/cpu_feature_guard.cc:140] Your CPU supports instructions that this TensorFlow binary was not compiled to use: AVX2 FMA
terminate called after throwing an instance of 'std::system_error'
  what():  Resource temporarily unavailable
terminate called after throwing an instance of 'std::system_error'
  what():  Resource temporarily unavailable
2018-06-08 13:06:44.756381: I tensorflow/core/platform/cpu_feature_guard.cc:140] Your CPU supports instructions that this TensorFlow binary was not compiled to use: AVX2 FMA
terminate called after throwing an instance of 'std::system_error'
  what():  Resource temporarily unavailable
2018-06-08 13:06:45.651808: I tensorflow/core/platform/cpu_feature_guard.cc:140] Your CPU supports instructions that this TensorFlow binary was not compiled to use: AVX2 FMA
terminate called after throwing an instance of 'std::system_error'
  what():  Resource temporarily unavailable
2018-06-08 13:06:45.896805: I tensorflow/core/platform/cpu_feature_guard.cc:140] Your CPU supports instructions that this TensorFlow binary was not compiled to use: AVX2 FMA
terminate called after throwing an instance of 'std::system_error'
  what():  Resource temporarily unavailable
terminate called after throwing an instance of 'std::system_error'
  what():  Resource temporarily unavailable
2018-06-08 13:06:46.397668: I tensorflow/core/platform/cpu_feature_guard.cc:140] Your CPU supports instructions that this TensorFlow binary was not compiled to use: AVX2 FMA
terminate called after throwing an instance of 'std::system_error'
  what():  Resource temporarily unavailable
2018-06-08 13:06:47.605897: I tensorflow/core/platform/cpu_feature_guard.cc:140] Your CPU supports instructions that this TensorFlow binary was not compiled to use: AVX2 FMA
terminate called after throwing an instance of 'std::system_error'
  what():  Resource temporarily unavailable
2018-06-08 13:06:48.171801: I tensorflow/core/platform/cpu_feature_guard.cc:140] Your CPU supports instructions that this TensorFlow binary was not compiled to use: AVX2 FMA
terminate called after throwing an instance of 'std::system_error'
  what():  Resource temporarily unavailable
2018-06-08 13:06:48.830956: I tensorflow/core/platform/cpu_feature_guard.cc:140] Your CPU supports instructions that this TensorFlow binary was not compiled to use: AVX2 FMA
terminate called after throwing an instance of 'std::system_error'
  what():  Resource temporarily unavailable
terminate called after throwing an instance of 'std::system_error'
  what():  Resource temporarily unavailable
2018-06-08 13:06:49.788304: I tensorflow/core/platform/cpu_feature_guard.cc:140] Your CPU supports instructions that this TensorFlow binary was not compiled to use: AVX2 FMA
terminate called after throwing an instance of 'std::system_error'
  what():  Resource temporarily unavailable
2018-06-08 13:06:50.251914: I tensorflow/core/platform/cpu_feature_guard.cc:140] Your CPU supports instructions that this TensorFlow binary was not compiled to use: AVX2 FMA
terminate called after throwing an instance of 'std::system_error'
  what():  Resource temporarily unavailable
terminate called after throwing an instance of 'std::system_error'
  what():  Resource temporarily unavailable
2018-06-08 13:06:50.664413: I tensorflow/core/platform/cpu_feature_guard.cc:140] Your CPU supports instructions that this TensorFlow binary was not compiled to use: AVX2 FMA
terminate called after throwing an instance of 'std::system_error'
  what():  Resource temporarily unavailable
2018-06-08 13:06:52.291640: I tensorflow/core/platform/cpu_feature_guard.cc:140] Your CPU supports instructions that this TensorFlow binary was not compiled to use: AVX2 FMA
terminate called after throwing an instance of 'std::system_error'
  what():  Resource temporarily unavailable
terminate called after throwing an instance of 'std::system_error'
  what():  Resource temporarily unavailable
terminate called after throwing an instance of 'std::system_error'
  what():  Resource temporarily unavailable
2018-06-08 13:06:53.620792: I tensorflow/core/platform/cpu_feature_guard.cc:140] Your CPU supports instructions that this TensorFlow binary was not compiled to use: AVX2 FMA
terminate called after throwing an instance of 'std::system_error'
  what():  Resource temporarily unavailable
2018-06-08 13:06:53.652609: I tensorflow/core/platform/cpu_feature_guard.cc:140] Your CPU supports instructions that this TensorFlow binary was not compiled to use: AVX2 FMA
terminate called after throwing an instance of 'std::system_error'
  what():  Resource temporarily unavailable
terminate called after throwing an instance of 'std::system_error'
  what():  Resource temporarily unavailable
2018-06-08 13:06:55.217520: I tensorflow/core/platform/cpu_feature_guard.cc:140] Your CPU supports instructions that this TensorFlow binary was not compiled to use: AVX2 FMA
terminate called after throwing an instance of 'std::system_error'
  what():  Resource temporarily unavailable
terminate called after throwing an instance of 'std::system_error'
  what():  Resource temporarily unavailable
2018-06-08 13:06:57.365311: I tensorflow/core/platform/cpu_feature_guard.cc:140] Your CPU supports instructions that this TensorFlow binary was not compiled to use: AVX2 FMA
2018-06-08 13:06:57.528966: I tensorflow/core/platform/cpu_feature_guard.cc:140] Your CPU supports instructions that this TensorFlow binary was not compiled to use: AVX2 FMA
terminate called after throwing an instance of 'std::system_error'
  what():  Resource temporarily unavailable
terminate called after throwing an instance of 'std::system_error'
  what():  Resource temporarily unavailable
2018-06-08 13:06:59.675022: I tensorflow/core/platform/cpu_feature_guard.cc:140] Your CPU supports instructions that this TensorFlow binary was not compiled to use: AVX2 FMA
terminate called after throwing an instance of 'std::system_error'
  what():  Resource temporarily unavailable
2018-06-08 13:07:00.359580: I tensorflow/core/platform/cpu_feature_guard.cc:140] Your CPU supports instructions that this TensorFlow binary was not compiled to use: AVX2 FMA
terminate called after throwing an instance of 'std::system_error'
  what():  Resource temporarily unavailable
2018-06-08 13:07:02.098207: I tensorflow/core/platform/cpu_feature_guard.cc:140] Your CPU supports instructions that this TensorFlow binary was not compiled to use: AVX2 FMA
terminate called after throwing an instance of 'std::system_error'
  what():  Resource temporarily unavailable
terminate called after throwing an instance of 'std::system_error'
  what():  Resource temporarily unavailable
2018-06-08 13:07:02.258937: I tensorflow/core/platform/cpu_feature_guard.cc:140] Your CPU supports instructions that this TensorFlow binary was not compiled to use: AVX2 FMA
terminate called after throwing an instance of 'std::system_error'
  what():  Resource temporarily unavailable
2018-06-08 13:07:02.686723: I tensorflow/core/platform/cpu_feature_guard.cc:140] Your CPU supports instructions that this TensorFlow binary was not compiled to use: AVX2 FMA
terminate called after throwing an instance of 'std::system_error'
  what():  Resource temporarily unavailable
2018-06-08 13:07:03.083199: I tensorflow/core/platform/cpu_feature_guard.cc:140] Your CPU supports instructions that this TensorFlow binary was not compiled to use: AVX2 FMA
terminate called after throwing an instance of 'std::system_error'
  what():  Resource temporarily unavailable
terminate called after throwing an instance of 'std::system_error'
  what():  Resource temporarily unavailable
2018-06-08 13:07:05.178681: I tensorflow/core/platform/cpu_feature_guard.cc:140] Your CPU supports instructions that this TensorFlow binary was not compiled to use: AVX2 FMA
terminate called after throwing an instance of 'std::system_error'
  what():  Resource temporarily unavailable
2018-06-08 13:07:05.637255: I tensorflow/core/platform/cpu_feature_guard.cc:140] Your CPU supports instructions that this TensorFlow binary was not compiled to use: AVX2 FMA
terminate called after throwing an instance of 'std::system_error'
  what():  Resource temporarily unavailable
2018-06-08 13:07:06.121917: I tensorflow/core/platform/cpu_feature_guard.cc:140] Your CPU supports instructions that this TensorFlow binary was not compiled to use: AVX2 FMA
terminate called after throwing an instance of 'std::system_error'
  what():  Resource temporarily unavailable
2018-06-08 13:07:06.383228: I tensorflow/core/platform/cpu_feature_guard.cc:140] Your CPU supports instructions that this TensorFlow binary was not compiled to use: AVX2 FMA
terminate called after throwing an instance of 'std::system_error'
  what():  Resource temporarily unavailable
2018-06-08 13:07:06.510319: I tensorflow/core/platform/cpu_feature_guard.cc:140] Your CPU supports instructions that this TensorFlow binary was not compiled to use: AVX2 FMA
terminate called after throwing an instance of 'std::system_error'
  what():  Resource temporarily unavailable
2018-06-08 13:07:07.949976: I tensorflow/core/platform/cpu_feature_guard.cc:140] Your CPU supports instructions that this TensorFlow binary was not compiled to use: AVX2 FMA
terminate called after throwing an instance of 'std::system_error'
  what():  Resource temporarily unavailable
2018-06-08 13:07:08.294259: I tensorflow/core/platform/cpu_feature_guard.cc:140] Your CPU supports instructions that this TensorFlow binary was not compiled to use: AVX2 FMA
terminate called after throwing an instance of 'std::system_error'
  what():  Resource temporarily unavailable
2018-06-08 13:07:09.065915: I tensorflow/core/platform/cpu_feature_guard.cc:140] Your CPU supports instructions that this TensorFlow binary was not compiled to use: AVX2 FMA
terminate called after throwing an instance of 'std::system_error'
  what():  Resource temporarily unavailable
2018-06-08 13:07:09.223191: I tensorflow/core/platform/cpu_feature_guard.cc:140] Your CPU supports instructions that this TensorFlow binary was not compiled to use: AVX2 FMA
terminate called after throwing an instance of 'std::system_error'
  what():  Resource temporarily unavailable
2018-06-08 13:10:51.034442: I tensorflow/core/platform/cpu_feature_guard.cc:140] Your CPU supports instructions that this TensorFlow binary was not compiled to use: AVX2 FMA
terminate called after throwing an instance of 'std::system_error'
  what():  Resource temporarily unavailable
2018-06-08 13:11:24.735889: I tensorflow/core/platform/cpu_feature_guard.cc:140] Your CPU supports instructions that this TensorFlow binary was not compiled to use: AVX2 FMA
terminate called after throwing an instance of 'std::system_error'
  what():  Resource temporarily unavailable
2018-06-08 13:12:00.763105: I tensorflow/core/platform/cpu_feature_guard.cc:140] Your CPU supports instructions that this TensorFlow binary was not compiled to use: AVX2 FMA
terminate called after throwing an instance of 'std::system_error'
  what():  Resource temporarily unavailable
2018-06-08 13:12:04.221631: I tensorflow/core/platform/cpu_feature_guard.cc:140] Your CPU supports instructions that this TensorFlow binary was not compiled to use: AVX2 FMA
terminate called after throwing an instance of 'std::system_error'
  what():  Resource temporarily unavailable
terminate called after throwing an instance of 'std::system_error'
  what():  Resource temporarily unavailable
2018-06-08 13:12:05.517868: I tensorflow/core/platform/cpu_feature_guard.cc:140] Your CPU supports instructions that this TensorFlow binary was not compiled to use: AVX2 FMA
terminate called after throwing an instance of 'std::system_error'
  what():  Resource temporarily unavailable
2018-06-08 13:12:07.089631: I tensorflow/core/platform/cpu_feature_guard.cc:140] Your CPU supports instructions that this TensorFlow binary was not compiled to use: AVX2 FMA
terminate called after throwing an instance of 'std::system_error'
  what():  Resource temporarily unavailable
2018-06-08 13:12:07.252799: I tensorflow/core/platform/cpu_feature_guard.cc:140] Your CPU supports instructions that this TensorFlow binary was not compiled to use: AVX2 FMA
terminate called after throwing an instance of 'std::system_error'
  what():  Resource temporarily unavailable
2018-06-08 13:12:07.407330: I tensorflow/core/platform/cpu_feature_guard.cc:140] Your CPU supports instructions that this TensorFlow binary was not compiled to use: AVX2 FMA
terminate called after throwing an instance of 'std::system_error'
  what():  Resource temporarily unavailable
2018-06-08 13:12:07.677229: I tensorflow/core/platform/cpu_feature_guard.cc:140] Your CPU supports instructions that this TensorFlow binary was not compiled to use: AVX2 FMA
terminate called after throwing an instance of 'std::system_error'
  what():  Resource temporarily unavailable
2018-06-08 13:12:09.165262: I tensorflow/core/platform/cpu_feature_guard.cc:140] Your CPU supports instructions that this TensorFlow binary was not compiled to use: AVX2 FMA
terminate called after throwing an instance of 'std::system_error'
  what():  Resource temporarily unavailable
2018-06-08 13:12:10.098089: I tensorflow/core/platform/cpu_feature_guard.cc:140] Your CPU supports instructions that this TensorFlow binary was not compiled to use: AVX2 FMA
terminate called after throwing an instance of 'std::system_error'
  what():  Resource temporarily unavailable
2018-06-08 13:12:12.903247: I tensorflow/core/platform/cpu_feature_guard.cc:140] Your CPU supports instructions that this TensorFlow binary was not compiled to use: AVX2 FMA
terminate called after throwing an instance of 'std::system_error'
  what():  Resource temporarily unavailable
2018-06-08 13:12:15.064655: I tensorflow/core/platform/cpu_feature_guard.cc:140] Your CPU supports instructions that this TensorFlow binary was not compiled to use: AVX2 FMA
terminate called after throwing an instance of 'std::system_error'
  what():  Resource temporarily unavailable
2018-06-08 13:12:15.820423: I tensorflow/core/platform/cpu_feature_guard.cc:140] Your CPU supports instructions that this TensorFlow binary was not compiled to use: AVX2 FMA
terminate called after throwing an instance of 'std::system_error'
  what():  Resource temporarily unavailable
2018-06-08 13:12:17.812081: I tensorflow/core/platform/cpu_feature_guard.cc:140] Your CPU supports instructions that this TensorFlow binary was not compiled to use: AVX2 FMA
terminate called after throwing an instance of 'std::system_error'
  what():  Resource temporarily unavailable
2018-06-08 13:12:18.105899: I tensorflow/core/platform/cpu_feature_guard.cc:140] Your CPU supports instructions that this TensorFlow binary was not compiled to use: AVX2 FMA
terminate called after throwing an instance of 'std::system_error'
  what():  Resource temporarily unavailable
terminate called after throwing an instance of 'std::system_error'
  what():  Resource temporarily unavailable
2018-06-08 13:12:18.880374: I tensorflow/core/platform/cpu_feature_guard.cc:140] Your CPU supports instructions that this TensorFlow binary was not compiled to use: AVX2 FMA
terminate called after throwing an instance of 'std::system_error'
  what():  Resource temporarily unavailable
2018-06-08 13:12:19.478412: I tensorflow/core/platform/cpu_feature_guard.cc:140] Your CPU supports instructions that this TensorFlow binary was not compiled to use: AVX2 FMA
terminate called after throwing an instance of 'std::system_error'
  what():  Resource temporarily unavailable
2018-06-08 13:12:21.313547: I tensorflow/core/platform/cpu_feature_guard.cc:140] Your CPU supports instructions that this TensorFlow binary was not compiled to use: AVX2 FMA
terminate called after throwing an instance of 'std::system_error'
  what():  Resource temporarily unavailable
2018-06-08 13:12:21.509748: I tensorflow/core/platform/cpu_feature_guard.cc:140] Your CPU supports instructions that this TensorFlow binary was not compiled to use: AVX2 FMA
terminate called after throwing an instance of 'std::system_error'
  what():  Resource temporarily unavailable
2018-06-08 13:12:21.633858: I tensorflow/core/platform/cpu_feature_guard.cc:140] Your CPU supports instructions that this TensorFlow binary was not compiled to use: AVX2 FMA
terminate called after throwing an instance of 'std::system_error'
  what():  Resource temporarily unavailable
2018-06-08 13:12:21.773491: I tensorflow/core/platform/cpu_feature_guard.cc:140] Your CPU supports instructions that this TensorFlow binary was not compiled to use: AVX2 FMA
terminate called after throwing an instance of 'std::system_error'
  what():  Resource temporarily unavailable
slurmstepd: error: *** JOB 1283 ON ainode07 CANCELLED AT 2018-06-08T15:05:28 DUE TO TIME LIMIT ***
