Using TensorFlow backend.
/home/rice/jmc32/anaconda2/envs/tensorflow-gpu/lib/python2.7/site-packages/keras/models.py:981: UserWarning: The `nb_epoch` argument in `fit` has been renamed `epochs`.
  warnings.warn('The `nb_epoch` argument in `fit` '
2018-07-09 11:32:35.946590: I tensorflow/core/platform/cpu_feature_guard.cc:140] Your CPU supports instructions that this TensorFlow binary was not compiled to use: SSE4.1 SSE4.2 AVX AVX2 FMA
2018-07-09 11:32:36.399673: I tensorflow/core/common_runtime/gpu/gpu_device.cc:1356] Found device 0 with properties: 
name: Tesla P100-PCIE-16GB major: 6 minor: 0 memoryClockRate(GHz): 1.3285
pciBusID: 0000:08:00.0
totalMemory: 15.90GiB freeMemory: 15.61GiB
2018-07-09 11:32:36.644204: I tensorflow/core/common_runtime/gpu/gpu_device.cc:1356] Found device 1 with properties: 
name: Tesla P100-PCIE-16GB major: 6 minor: 0 memoryClockRate(GHz): 1.3285
pciBusID: 0000:0b:00.0
totalMemory: 15.90GiB freeMemory: 15.61GiB
2018-07-09 11:32:36.910920: I tensorflow/core/common_runtime/gpu/gpu_device.cc:1356] Found device 2 with properties: 
name: Tesla P100-PCIE-16GB major: 6 minor: 0 memoryClockRate(GHz): 1.3285
pciBusID: 0000:0e:00.0
totalMemory: 15.90GiB freeMemory: 15.61GiB
2018-07-09 11:32:37.212491: I tensorflow/core/common_runtime/gpu/gpu_device.cc:1356] Found device 3 with properties: 
name: Tesla P100-PCIE-16GB major: 6 minor: 0 memoryClockRate(GHz): 1.3285
pciBusID: 0000:11:00.0
totalMemory: 15.90GiB freeMemory: 15.61GiB
2018-07-09 11:32:37.225846: I tensorflow/core/common_runtime/gpu/gpu_device.cc:1435] Adding visible gpu devices: 0, 1, 2, 3
2018-07-09 11:32:42.447512: I tensorflow/core/common_runtime/gpu/gpu_device.cc:923] Device interconnect StreamExecutor with strength 1 edge matrix:
2018-07-09 11:32:42.447825: I tensorflow/core/common_runtime/gpu/gpu_device.cc:929]      0 1 2 3 
2018-07-09 11:32:42.447838: I tensorflow/core/common_runtime/gpu/gpu_device.cc:942] 0:   N Y Y Y 
2018-07-09 11:32:42.447844: I tensorflow/core/common_runtime/gpu/gpu_device.cc:942] 1:   Y N Y Y 
2018-07-09 11:32:42.447849: I tensorflow/core/common_runtime/gpu/gpu_device.cc:942] 2:   Y Y N Y 
2018-07-09 11:32:42.447854: I tensorflow/core/common_runtime/gpu/gpu_device.cc:942] 3:   Y Y Y N 
2018-07-09 11:32:42.449277: I tensorflow/core/common_runtime/gpu/gpu_device.cc:1053] Created TensorFlow device (/job:localhost/replica:0/task:0/device:GPU:0 with 15135 MB memory) -> physical GPU (device: 0, name: Tesla P100-PCIE-16GB, pci bus id: 0000:08:00.0, compute capability: 6.0)
2018-07-09 11:32:42.630114: I tensorflow/core/common_runtime/gpu/gpu_device.cc:1053] Created TensorFlow device (/job:localhost/replica:0/task:0/device:GPU:1 with 15135 MB memory) -> physical GPU (device: 1, name: Tesla P100-PCIE-16GB, pci bus id: 0000:0b:00.0, compute capability: 6.0)
2018-07-09 11:32:42.807942: I tensorflow/core/common_runtime/gpu/gpu_device.cc:1053] Created TensorFlow device (/job:localhost/replica:0/task:0/device:GPU:2 with 15135 MB memory) -> physical GPU (device: 2, name: Tesla P100-PCIE-16GB, pci bus id: 0000:0e:00.0, compute capability: 6.0)
2018-07-09 11:32:42.990482: I tensorflow/core/common_runtime/gpu/gpu_device.cc:1053] Created TensorFlow device (/job:localhost/replica:0/task:0/device:GPU:3 with 15135 MB memory) -> physical GPU (device: 3, name: Tesla P100-PCIE-16GB, pci bus id: 0000:11:00.0, compute capability: 6.0)
slurmstepd: error: *** JOB 162 ON ainode05 CANCELLED AT 2018-07-09T13:32:34 DUE TO TIME LIMIT ***
