Using TensorFlow backend.
Traceback (most recent call last):
  File "/home/rice/jmc32/DNN_for_Pt_Assignment-master/DNN_Hyperparameters/TestandTrain1NetConfig1AI.py", line 108, in <module>
    x_train, x_test = scale_x(x_train_prescale, x_test_prescale, scaler)
  File "/home/rice/jmc32/DNN_for_Pt_Assignment-master/DNN_Hyperparameters/macros_AWS.py", line 90, in scale_x
    return X_train, X_test
UnboundLocalError: local variable 'X_train' referenced before assignment
/home/rice/jmc32/DNN_for_Pt_Assignment-master/DNN_Hyperparameters/compare_truth.py:3: UserWarning: loadtxt: Empty input file: "/home/rice/jmc32/DNN_for_Pt_Assignment-master/DNN_Hyperparameters/predictions/model_class_predictions_1m_kclassify.txt"
  predicts = np.loadtxt('/home/rice/jmc32/DNN_for_Pt_Assignment-master/DNN_Hyperparameters/predictions/model_class_predictions_1m_kclassify.txt')
/home/rice/jmc32/DNN_for_Pt_Assignment-master/DNN_Hyperparameters/compare_truth.py:6: UserWarning: loadtxt: Empty input file: "/home/rice/jmc32/DNN_for_Pt_Assignment-master/DNN_Hyperparameters/predictions/model_class_true_1m_kclassify.txt"
  truth = np.loadtxt('/home/rice/jmc32/DNN_for_Pt_Assignment-master/DNN_Hyperparameters/predictions/model_class_true_1m_kclassify.txt')
('True negative total is ', 0, 'out of', 0)
('True positive total is ', 0)
('False negative total is ', 0)
('False positive total is ', 0)
('Any missed ones? ', 0)
Traceback (most recent call last):
  File "/home/rice/jmc32/DNN_for_Pt_Assignment-master/DNN_Hyperparameters/compare_truth.py", line 41, in <module>
    file.write('Efficiency = %f \n' %(float(true_pos)/float(true_pos+false_neg)))
ZeroDivisionError: float division by zero
