Using TensorFlow backend.
2018-06-30 01:15:29.209802: I tensorflow/core/platform/cpu_feature_guard.cc:140] Your CPU supports instructions that this TensorFlow binary was not compiled to use: SSE4.1 SSE4.2 AVX AVX2 FMA
2018-06-30 01:15:30.269013: I tensorflow/core/common_runtime/gpu/gpu_device.cc:1356] Found device 0 with properties: 
name: Tesla V100-PCIE-16GB major: 7 minor: 0 memoryClockRate(GHz): 1.38
pciBusID: 0000:05:00.0
totalMemory: 15.77GiB freeMemory: 15.35GiB
2018-06-30 01:15:30.947843: I tensorflow/core/common_runtime/gpu/gpu_device.cc:1356] Found device 1 with properties: 
name: Tesla V100-PCIE-16GB major: 7 minor: 0 memoryClockRate(GHz): 1.38
pciBusID: 0000:08:00.0
totalMemory: 15.77GiB freeMemory: 15.35GiB
2018-06-30 01:15:31.633239: I tensorflow/core/common_runtime/gpu/gpu_device.cc:1356] Found device 2 with properties: 
name: Tesla V100-PCIE-16GB major: 7 minor: 0 memoryClockRate(GHz): 1.38
pciBusID: 0000:0d:00.0
totalMemory: 15.77GiB freeMemory: 15.35GiB
2018-06-30 01:15:32.339503: I tensorflow/core/common_runtime/gpu/gpu_device.cc:1356] Found device 3 with properties: 
name: Tesla V100-PCIE-16GB major: 7 minor: 0 memoryClockRate(GHz): 1.38
pciBusID: 0000:13:00.0
totalMemory: 15.77GiB freeMemory: 15.35GiB
2018-06-30 01:15:33.059840: I tensorflow/core/common_runtime/gpu/gpu_device.cc:1356] Found device 4 with properties: 
name: Tesla V100-PCIE-16GB major: 7 minor: 0 memoryClockRate(GHz): 1.38
pciBusID: 0000:83:00.0
totalMemory: 15.77GiB freeMemory: 15.35GiB
2018-06-30 01:15:33.801585: I tensorflow/core/common_runtime/gpu/gpu_device.cc:1356] Found device 5 with properties: 
name: Tesla V100-PCIE-16GB major: 7 minor: 0 memoryClockRate(GHz): 1.38
pciBusID: 0000:89:00.0
totalMemory: 15.77GiB freeMemory: 15.35GiB
2018-06-30 01:15:34.543804: I tensorflow/core/common_runtime/gpu/gpu_device.cc:1356] Found device 6 with properties: 
name: Tesla V100-PCIE-16GB major: 7 minor: 0 memoryClockRate(GHz): 1.38
pciBusID: 0000:8e:00.0
totalMemory: 15.77GiB freeMemory: 15.35GiB
2018-06-30 01:15:35.371671: I tensorflow/core/common_runtime/gpu/gpu_device.cc:1356] Found device 7 with properties: 
name: Tesla V100-PCIE-16GB major: 7 minor: 0 memoryClockRate(GHz): 1.38
pciBusID: 0000:91:00.0
totalMemory: 15.77GiB freeMemory: 15.35GiB
2018-06-30 01:15:35.396087: I tensorflow/core/common_runtime/gpu/gpu_device.cc:1435] Adding visible gpu devices: 0, 1, 2, 3, 4, 5, 6, 7
2018-06-30 01:15:38.799515: I tensorflow/core/common_runtime/gpu/gpu_device.cc:923] Device interconnect StreamExecutor with strength 1 edge matrix:
2018-06-30 01:15:38.799584: I tensorflow/core/common_runtime/gpu/gpu_device.cc:929]      0 1 2 3 4 5 6 7 
2018-06-30 01:15:38.799595: I tensorflow/core/common_runtime/gpu/gpu_device.cc:942] 0:   N Y Y Y N N N N 
2018-06-30 01:15:38.799602: I tensorflow/core/common_runtime/gpu/gpu_device.cc:942] 1:   Y N Y Y N N N N 
2018-06-30 01:15:38.799609: I tensorflow/core/common_runtime/gpu/gpu_device.cc:942] 2:   Y Y N Y N N N N 
2018-06-30 01:15:38.799616: I tensorflow/core/common_runtime/gpu/gpu_device.cc:942] 3:   Y Y Y N N N N N 
2018-06-30 01:15:38.799623: I tensorflow/core/common_runtime/gpu/gpu_device.cc:942] 4:   N N N N N Y Y Y 
2018-06-30 01:15:38.799630: I tensorflow/core/common_runtime/gpu/gpu_device.cc:942] 5:   N N N N Y N Y Y 
2018-06-30 01:15:38.799637: I tensorflow/core/common_runtime/gpu/gpu_device.cc:942] 6:   N N N N Y Y N Y 
2018-06-30 01:15:38.799644: I tensorflow/core/common_runtime/gpu/gpu_device.cc:942] 7:   N N N N Y Y Y N 
2018-06-30 01:15:38.803083: I tensorflow/core/common_runtime/gpu/gpu_device.cc:1053] Created TensorFlow device (/job:localhost/replica:0/task:0/device:GPU:0 with 14866 MB memory) -> physical GPU (device: 0, name: Tesla V100-PCIE-16GB, pci bus id: 0000:05:00.0, compute capability: 7.0)
2018-06-30 01:15:38.979815: I tensorflow/core/common_runtime/gpu/gpu_device.cc:1053] Created TensorFlow device (/job:localhost/replica:0/task:0/device:GPU:1 with 14866 MB memory) -> physical GPU (device: 1, name: Tesla V100-PCIE-16GB, pci bus id: 0000:08:00.0, compute capability: 7.0)
2018-06-30 01:15:39.162847: I tensorflow/core/common_runtime/gpu/gpu_device.cc:1053] Created TensorFlow device (/job:localhost/replica:0/task:0/device:GPU:2 with 14866 MB memory) -> physical GPU (device: 2, name: Tesla V100-PCIE-16GB, pci bus id: 0000:0d:00.0, compute capability: 7.0)
2018-06-30 01:15:39.336698: I tensorflow/core/common_runtime/gpu/gpu_device.cc:1053] Created TensorFlow device (/job:localhost/replica:0/task:0/device:GPU:3 with 14866 MB memory) -> physical GPU (device: 3, name: Tesla V100-PCIE-16GB, pci bus id: 0000:13:00.0, compute capability: 7.0)
2018-06-30 01:15:39.515097: I tensorflow/core/common_runtime/gpu/gpu_device.cc:1053] Created TensorFlow device (/job:localhost/replica:0/task:0/device:GPU:4 with 14866 MB memory) -> physical GPU (device: 4, name: Tesla V100-PCIE-16GB, pci bus id: 0000:83:00.0, compute capability: 7.0)
2018-06-30 01:15:39.690016: I tensorflow/core/common_runtime/gpu/gpu_device.cc:1053] Created TensorFlow device (/job:localhost/replica:0/task:0/device:GPU:5 with 14866 MB memory) -> physical GPU (device: 5, name: Tesla V100-PCIE-16GB, pci bus id: 0000:89:00.0, compute capability: 7.0)
2018-06-30 01:15:39.874527: I tensorflow/core/common_runtime/gpu/gpu_device.cc:1053] Created TensorFlow device (/job:localhost/replica:0/task:0/device:GPU:6 with 14866 MB memory) -> physical GPU (device: 6, name: Tesla V100-PCIE-16GB, pci bus id: 0000:8e:00.0, compute capability: 7.0)
2018-06-30 01:15:40.038997: I tensorflow/core/common_runtime/gpu/gpu_device.cc:1053] Created TensorFlow device (/job:localhost/replica:0/task:0/device:GPU:7 with 14866 MB memory) -> physical GPU (device: 7, name: Tesla V100-PCIE-16GB, pci bus id: 0000:91:00.0, compute capability: 7.0)
>>> Imports:
#coding=utf-8

from __future__ import print_function

try:
    import numpy
except:
    pass

try:
    from hyperopt import Trials, STATUS_OK, tpe
except:
    pass

try:
    from keras.datasets import mnist
except:
    pass

try:
    from keras.layers.core import Dense, Dropout, Activation
except:
    pass

try:
    from keras.models import Sequential
except:
    pass

try:
    from keras.utils import np_utils
except:
    pass

try:
    from keras.utils import to_categorical
except:
    pass

try:
    from keras.layers import LeakyReLU
except:
    pass

try:
    from keras.layers import PReLU
except:
    pass

try:
    from keras.layers import ELU
except:
    pass

try:
    from keras.layers import ThresholdedReLU
except:
    pass

try:
    from hyperas import optim
except:
    pass

try:
    from hyperas.distributions import choice, uniform
except:
    pass

try:
    from sklearn.model_selection import train_test_split
except:
    pass

try:
    from macros_AWS import scale_x
except:
    pass

>>> Hyperas search space:

def get_space():
    return {
        'Dense': hp.choice('Dense', [3751]+range(4000,5001)),
        'add': hp.choice('add', [LeakyReLU(alpha=0.1),Activation('relu'),ELU(alpha=1.0)]),
        'Dropout': hp.uniform('Dropout', 0, 1),
        'Dense_1': hp.choice('Dense_1', [3178]+range(4000,5001)),
        'add_1': hp.choice('add_1', [LeakyReLU(alpha=0.1),Activation('relu'),ELU(alpha=1.0)]),
        'Dropout_1': hp.uniform('Dropout_1', 0, 1),
        'Dense_2': hp.choice('Dense_2', [2090]+range(4000,5001)),
        'add_2': hp.choice('add_2', [LeakyReLU(alpha=0.1),Activation('relu'),ELU(alpha=1.0)]),
        'Dropout_2': hp.uniform('Dropout_2', 0, 1),
        'Activation': hp.choice('Activation', ['sigmoid']),
        'optimizer': hp.choice('optimizer', ['adam']),
        'batch_size': hp.choice('batch_size', range(1,5001)),
        'epochs': hp.choice('epochs', range(1,501)),
    }

>>> Data
   1: 
   2: """
   3: Data providing function:
   4: 
   5: This function is separated from create_model() so that hyperopt
   6: won't reload data for each evaluation run.
   7: """
   8: #(x_train, y_train), (x_test, y_test) = mnist.load_data()
   9: #x_train = x_train.reshape(60000, 784)
  10: #x_test = x_test.reshape(10000, 784)
  11: #x_train = x_train.astype('float32')
  12: #x_test = x_test.astype('float32')
  13: #x_train /= 255
  14: #x_test /= 255
  15: #nb_classes = 10
  16: #y_train = np_utils.to_categorical(y_train, nb_classes)
  17: #y_test = np_utils.to_categorical(y_test, nb_classes)
  18: from sklearn.model_selection import train_test_split
  19: from macros_AWS import scale_x
  20: data_directory = '/home/rice/jmc32/Gridsearch_Data/'
  21: data_sample = 'PtRegression_for_DNN_Vars_MODE_15_noBitCompr_RPC_1m_redo.npy'
  22: scaler = 'maxabs'
  23: totalset = numpy.load(data_directory + data_sample)
  24: dataset, testset = train_test_split(totalset, test_size = 0.1)
  25: # Split into input (X) and output (Y) variables
  26: x_train_prescale = dataset[:,1:]
  27: y_train = dataset[:,0]
  28: x_test_prescale = testset[:,1:]
  29: y_test = testset[:,0]
  30: # Scale
  31: print(y_train.shape)
  32: print(y_test.shape)
  33: #print(numpy.matrix(y_train))
  34: x_train, x_test = scale_x(x_train_prescale, x_test_prescale, scaler)
  35: print(x_train.shape)
  36: print(x_test.shape)
  37: #y_train= to_categorical(y_train)
  38: #y_test= to_categorical(y_test)
  39: #x_train= to_categorical(x_train)
  40: #x_test= to_categorical(x_test)
  41: 
  42: 
  43: 
>>> Resulting replaced keras model:

   1: def keras_fmin_fnct(space):
   2: 
   3:     """
   4:     Model providing function:
   5: 
   6:     Create Keras model with double curly brackets dropped-in as needed.
   7:     Return value has to be a valid python dictionary with two customary keys:
   8:         - loss: Specify a numeric evaluation metric to be minimized
   9:         - status: Just use STATUS_OK and see hyperopt documentation if not feasible
  10:     The last one is optional, though recommended, namely:
  11:         - model: specify the model just created so that we can later use it again.
  12:     """
  13:     model = Sequential()
  14:     model.add(Dense(space['Dense'], input_dim=7))
  15:     model.add(space['add'])
  16:     model.add(Dropout(space['Dropout']))
  17:     model.add(Dense(space['Dense_1']))
  18:     model.add(space['add_1'])
  19:     model.add(Dropout(space['Dropout_1']))
  20:     model.add(Dense(space['Dense_2']))
  21:     model.add(space['add_2'])
  22:     model.add(Dropout(space['Dropout_2']))
  23:     model.add(Dense(1))
  24:     
  25:     model.add(Activation(space['Activation']))
  26: 
  27: 
  28:     model.compile(loss='binary_crossentropy', metrics=['accuracy'],
  29:                   optimizer=space['optimizer'])
  30: 
  31:     model.fit(x_train, y_train,
  32:               batch_size=space['batch_size'],
  33:               epochs=space['epochs'],
  34:               verbose=2,
  35:               validation_data=(x_test, y_test))
  36:     score, acc = model.evaluate(x_test, y_test, verbose=0)
  37:     print('Test accuracy:', acc)
  38:     return {'loss': -acc, 'status': STATUS_OK, 'model': model}
  39: 
(900000,)
(100000,)
MaxAbs

(900000, 7)
(100000, 7)
Train on 900000 samples, validate on 100000 samples
Epoch 1/194
 - 35s - loss: 0.2287 - acc: 0.9057 - val_loss: 0.1827 - val_acc: 0.9257
Epoch 2/194
 - 23s - loss: 0.1789 - acc: 0.9279 - val_loss: 0.1715 - val_acc: 0.9309
Epoch 3/194
 - 23s - loss: 0.1706 - acc: 0.9312 - val_loss: 0.1674 - val_acc: 0.9323
Epoch 4/194
 - 23s - loss: 0.1665 - acc: 0.9328 - val_loss: 0.1685 - val_acc: 0.9309
Epoch 5/194
 - 23s - loss: 0.1636 - acc: 0.9338 - val_loss: 0.1629 - val_acc: 0.9333
Epoch 6/194
 - 23s - loss: 0.1619 - acc: 0.9345 - val_loss: 0.1605 - val_acc: 0.9350
Epoch 7/194
 - 23s - loss: 0.1606 - acc: 0.9348 - val_loss: 0.1629 - val_acc: 0.9341
Epoch 8/194
 - 23s - loss: 0.1602 - acc: 0.9351 - val_loss: 0.1606 - val_acc: 0.9343
Epoch 9/194
 - 23s - loss: 0.1592 - acc: 0.9353 - val_loss: 0.1560 - val_acc: 0.9365
Epoch 10/194
 - 23s - loss: 0.1583 - acc: 0.9355 - val_loss: 0.1579 - val_acc: 0.9353
Epoch 11/194
 - 23s - loss: 0.1578 - acc: 0.9357 - val_loss: 0.1584 - val_acc: 0.9351
Epoch 12/194
 - 23s - loss: 0.1575 - acc: 0.9359 - val_loss: 0.1587 - val_acc: 0.9349
Epoch 13/194
 - 23s - loss: 0.1570 - acc: 0.9358 - val_loss: 0.1562 - val_acc: 0.9362
Epoch 14/194
 - 23s - loss: 0.1565 - acc: 0.9361 - val_loss: 0.1560 - val_acc: 0.9363
Epoch 15/194
 - 23s - loss: 0.1560 - acc: 0.9364 - val_loss: 0.1564 - val_acc: 0.9354
Epoch 16/194
 - 23s - loss: 0.1559 - acc: 0.9362 - val_loss: 0.1585 - val_acc: 0.9353
Epoch 17/194
 - 23s - loss: 0.1556 - acc: 0.9364 - val_loss: 0.1541 - val_acc: 0.9370
Epoch 18/194
 - 23s - loss: 0.1550 - acc: 0.9367 - val_loss: 0.1591 - val_acc: 0.9352
Epoch 19/194
 - 23s - loss: 0.1548 - acc: 0.9369 - val_loss: 0.1596 - val_acc: 0.9340
Epoch 20/194
 - 23s - loss: 0.1547 - acc: 0.9368 - val_loss: 0.1558 - val_acc: 0.9359
Epoch 21/194
 - 23s - loss: 0.1543 - acc: 0.9369 - val_loss: 0.1552 - val_acc: 0.9360
Epoch 22/194
 - 23s - loss: 0.1540 - acc: 0.9370 - val_loss: 0.1573 - val_acc: 0.9353
Epoch 23/194
 - 23s - loss: 0.1537 - acc: 0.9373 - val_loss: 0.1590 - val_acc: 0.9344
Epoch 24/194
 - 23s - loss: 0.1533 - acc: 0.9375 - val_loss: 0.1530 - val_acc: 0.9368
Epoch 25/194
 - 23s - loss: 0.1533 - acc: 0.9374 - val_loss: 0.1550 - val_acc: 0.9365
Epoch 26/194
 - 23s - loss: 0.1529 - acc: 0.9375 - val_loss: 0.1523 - val_acc: 0.9372
Epoch 27/194
 - 23s - loss: 0.1530 - acc: 0.9374 - val_loss: 0.1568 - val_acc: 0.9354
Epoch 28/194
 - 23s - loss: 0.1527 - acc: 0.9376 - val_loss: 0.1548 - val_acc: 0.9360
Epoch 29/194
 - 23s - loss: 0.1525 - acc: 0.9377 - val_loss: 0.1535 - val_acc: 0.9369
Epoch 30/194
 - 23s - loss: 0.1526 - acc: 0.9374 - val_loss: 0.1528 - val_acc: 0.9375
Epoch 31/194
 - 23s - loss: 0.1521 - acc: 0.9379 - val_loss: 0.1553 - val_acc: 0.9361
Epoch 32/194
 - 23s - loss: 0.1521 - acc: 0.9378 - val_loss: 0.1529 - val_acc: 0.9372
Epoch 33/194
 - 23s - loss: 0.1519 - acc: 0.9379 - val_loss: 0.1533 - val_acc: 0.9366
Epoch 34/194
 - 23s - loss: 0.1514 - acc: 0.9381 - val_loss: 0.1530 - val_acc: 0.9371
Epoch 35/194
 - 23s - loss: 0.1516 - acc: 0.9380 - val_loss: 0.1520 - val_acc: 0.9378
Epoch 36/194
 - 23s - loss: 0.1513 - acc: 0.9381 - val_loss: 0.1513 - val_acc: 0.9380
Epoch 37/194
 - 23s - loss: 0.1512 - acc: 0.9380 - val_loss: 0.1534 - val_acc: 0.9372
Epoch 38/194
 - 23s - loss: 0.1512 - acc: 0.9381 - val_loss: 0.1526 - val_acc: 0.9374
Epoch 39/194
 - 23s - loss: 0.1508 - acc: 0.9385 - val_loss: 0.1531 - val_acc: 0.9370
Epoch 40/194
 - 23s - loss: 0.1506 - acc: 0.9382 - val_loss: 0.1525 - val_acc: 0.9366
Epoch 41/194
 - 23s - loss: 0.1507 - acc: 0.9382 - val_loss: 0.1545 - val_acc: 0.9361
Epoch 42/194
 - 23s - loss: 0.1504 - acc: 0.9383 - val_loss: 0.1551 - val_acc: 0.9362
Epoch 43/194
 - 23s - loss: 0.1505 - acc: 0.9382 - val_loss: 0.1539 - val_acc: 0.9369
Epoch 44/194
 - 23s - loss: 0.1505 - acc: 0.9384 - val_loss: 0.1533 - val_acc: 0.9365
Epoch 45/194
 - 23s - loss: 0.1503 - acc: 0.9382 - val_loss: 0.1524 - val_acc: 0.9371
Epoch 46/194
 - 23s - loss: 0.1501 - acc: 0.9387 - val_loss: 0.1511 - val_acc: 0.9380
Epoch 47/194
 - 23s - loss: 0.1499 - acc: 0.9385 - val_loss: 0.1505 - val_acc: 0.9381
Epoch 48/194
 - 23s - loss: 0.1497 - acc: 0.9384 - val_loss: 0.1515 - val_acc: 0.9375
Epoch 49/194
 - 23s - loss: 0.1500 - acc: 0.9385 - val_loss: 0.1527 - val_acc: 0.9369
Epoch 50/194
 - 23s - loss: 0.1497 - acc: 0.9386 - val_loss: 0.1529 - val_acc: 0.9372
Epoch 51/194
 - 23s - loss: 0.1493 - acc: 0.9386 - val_loss: 0.1523 - val_acc: 0.9371
Epoch 52/194
 - 23s - loss: 0.1494 - acc: 0.9386 - val_loss: 0.1519 - val_acc: 0.9370
Epoch 53/194
 - 23s - loss: 0.1493 - acc: 0.9388 - val_loss: 0.1525 - val_acc: 0.9372
Epoch 54/194
 - 23s - loss: 0.1494 - acc: 0.9385 - val_loss: 0.1541 - val_acc: 0.9369
Epoch 55/194
 - 23s - loss: 0.1489 - acc: 0.9389 - val_loss: 0.1535 - val_acc: 0.9371
Epoch 56/194
 - 23s - loss: 0.1489 - acc: 0.9388 - val_loss: 0.1513 - val_acc: 0.9376
Epoch 57/194
 - 23s - loss: 0.1490 - acc: 0.9388 - val_loss: 0.1512 - val_acc: 0.9377
Epoch 58/194
 - 23s - loss: 0.1488 - acc: 0.9389 - val_loss: 0.1510 - val_acc: 0.9377
Epoch 59/194
 - 23s - loss: 0.1486 - acc: 0.9390 - val_loss: 0.1522 - val_acc: 0.9370
Epoch 60/194
 - 23s - loss: 0.1485 - acc: 0.9390 - val_loss: 0.1532 - val_acc: 0.9369
Epoch 61/194
 - 23s - loss: 0.1484 - acc: 0.9391 - val_loss: 0.1524 - val_acc: 0.9374
Epoch 62/194
 - 23s - loss: 0.1485 - acc: 0.9389 - val_loss: 0.1524 - val_acc: 0.9370
Epoch 63/194
 - 23s - loss: 0.1485 - acc: 0.9392 - val_loss: 0.1529 - val_acc: 0.9377
Epoch 64/194
 - 23s - loss: 0.1481 - acc: 0.9393 - val_loss: 0.1524 - val_acc: 0.9373
Epoch 65/194
 - 23s - loss: 0.1480 - acc: 0.9391 - val_loss: 0.1524 - val_acc: 0.9378
Epoch 66/194
 - 23s - loss: 0.1479 - acc: 0.9393 - val_loss: 0.1534 - val_acc: 0.9373
Epoch 67/194
 - 23s - loss: 0.1479 - acc: 0.9391 - val_loss: 0.1520 - val_acc: 0.9376
Epoch 68/194
 - 23s - loss: 0.1478 - acc: 0.9391 - val_loss: 0.1543 - val_acc: 0.9368
Epoch 69/194
 - 23s - loss: 0.1478 - acc: 0.9390 - val_loss: 0.1522 - val_acc: 0.9377
Epoch 70/194
 - 23s - loss: 0.1476 - acc: 0.9394 - val_loss: 0.1520 - val_acc: 0.9372
Epoch 71/194
 - 23s - loss: 0.1474 - acc: 0.9394 - val_loss: 0.1513 - val_acc: 0.9380
Epoch 72/194
 - 23s - loss: 0.1474 - acc: 0.9394 - val_loss: 0.1527 - val_acc: 0.9377
Epoch 73/194
 - 23s - loss: 0.1473 - acc: 0.9394 - val_loss: 0.1524 - val_acc: 0.9372
Epoch 74/194
 - 23s - loss: 0.1474 - acc: 0.9394 - val_loss: 0.1517 - val_acc: 0.9374
Epoch 75/194
 - 23s - loss: 0.1472 - acc: 0.9394 - val_loss: 0.1521 - val_acc: 0.9369
Epoch 76/194
 - 23s - loss: 0.1469 - acc: 0.9395 - val_loss: 0.1516 - val_acc: 0.9376
Epoch 77/194
 - 23s - loss: 0.1468 - acc: 0.9395 - val_loss: 0.1523 - val_acc: 0.9377
Epoch 78/194
 - 23s - loss: 0.1471 - acc: 0.9395 - val_loss: 0.1528 - val_acc: 0.9369
Epoch 79/194
 - 23s - loss: 0.1469 - acc: 0.9398 - val_loss: 0.1516 - val_acc: 0.9385
Epoch 80/194
 - 23s - loss: 0.1466 - acc: 0.9398 - val_loss: 0.1528 - val_acc: 0.9371
Epoch 81/194
 - 23s - loss: 0.1468 - acc: 0.9396 - val_loss: 0.1520 - val_acc: 0.9374
Epoch 82/194
 - 23s - loss: 0.1467 - acc: 0.9397 - val_loss: 0.1530 - val_acc: 0.9373
Epoch 83/194
 - 23s - loss: 0.1465 - acc: 0.9395 - val_loss: 0.1516 - val_acc: 0.9376
Epoch 84/194
 - 23s - loss: 0.1465 - acc: 0.9395 - val_loss: 0.1513 - val_acc: 0.9376
Epoch 85/194
 - 23s - loss: 0.1464 - acc: 0.9395 - val_loss: 0.1541 - val_acc: 0.9364
Epoch 86/194
 - 23s - loss: 0.1463 - acc: 0.9397 - val_loss: 0.1517 - val_acc: 0.9372
Epoch 87/194
 - 23s - loss: 0.1461 - acc: 0.9399 - val_loss: 0.1522 - val_acc: 0.9370
Epoch 88/194
 - 23s - loss: 0.1461 - acc: 0.9400 - val_loss: 0.1512 - val_acc: 0.9380
Epoch 89/194
 - 23s - loss: 0.1460 - acc: 0.9398 - val_loss: 0.1530 - val_acc: 0.9373
Epoch 90/194
 - 23s - loss: 0.1460 - acc: 0.9399 - val_loss: 0.1519 - val_acc: 0.9377
Epoch 91/194
 - 23s - loss: 0.1457 - acc: 0.9399 - val_loss: 0.1516 - val_acc: 0.9379
Epoch 92/194
 - 23s - loss: 0.1457 - acc: 0.9400 - val_loss: 0.1521 - val_acc: 0.9373
Epoch 93/194
 - 23s - loss: 0.1457 - acc: 0.9400 - val_loss: 0.1528 - val_acc: 0.9371
Epoch 94/194
 - 23s - loss: 0.1456 - acc: 0.9401 - val_loss: 0.1517 - val_acc: 0.9377
Epoch 95/194
 - 23s - loss: 0.1456 - acc: 0.9400 - val_loss: 0.1507 - val_acc: 0.9379
Epoch 96/194
 - 23s - loss: 0.1454 - acc: 0.9401 - val_loss: 0.1543 - val_acc: 0.9367
Epoch 97/194
 - 23s - loss: 0.1453 - acc: 0.9401 - val_loss: 0.1509 - val_acc: 0.9383
Epoch 98/194
 - 23s - loss: 0.1453 - acc: 0.9401 - val_loss: 0.1513 - val_acc: 0.9378
Epoch 99/194
 - 23s - loss: 0.1452 - acc: 0.9401 - val_loss: 0.1549 - val_acc: 0.9361
Epoch 100/194
 - 23s - loss: 0.1452 - acc: 0.9402 - val_loss: 0.1530 - val_acc: 0.9377
Epoch 101/194
 - 23s - loss: 0.1452 - acc: 0.9400 - val_loss: 0.1528 - val_acc: 0.9375
Epoch 102/194
 - 23s - loss: 0.1452 - acc: 0.9401 - val_loss: 0.1520 - val_acc: 0.9382
Epoch 103/194
 - 23s - loss: 0.1450 - acc: 0.9402 - val_loss: 0.1511 - val_acc: 0.9381
Epoch 104/194
 - 23s - loss: 0.1449 - acc: 0.9401 - val_loss: 0.1514 - val_acc: 0.9376
Epoch 105/194
 - 23s - loss: 0.1446 - acc: 0.9403 - val_loss: 0.1539 - val_acc: 0.9372
Epoch 106/194
 - 23s - loss: 0.1448 - acc: 0.9403 - val_loss: 0.1519 - val_acc: 0.9376
Epoch 107/194
 - 23s - loss: 0.1448 - acc: 0.9401 - val_loss: 0.1531 - val_acc: 0.9370
Epoch 108/194
 - 23s - loss: 0.1443 - acc: 0.9405 - val_loss: 0.1534 - val_acc: 0.9374
Epoch 109/194
 - 23s - loss: 0.1445 - acc: 0.9403 - val_loss: 0.1509 - val_acc: 0.9381
Epoch 110/194
 - 23s - loss: 0.1445 - acc: 0.9402 - val_loss: 0.1547 - val_acc: 0.9364
Epoch 111/194
 - 23s - loss: 0.1445 - acc: 0.9405 - val_loss: 0.1527 - val_acc: 0.9377
Epoch 112/194
 - 23s - loss: 0.1442 - acc: 0.9403 - val_loss: 0.1539 - val_acc: 0.9372
Epoch 113/194
 - 23s - loss: 0.1443 - acc: 0.9404 - val_loss: 0.1528 - val_acc: 0.9377
Epoch 114/194
 - 23s - loss: 0.1442 - acc: 0.9405 - val_loss: 0.1539 - val_acc: 0.9365
Epoch 115/194
 - 23s - loss: 0.1442 - acc: 0.9406 - val_loss: 0.1526 - val_acc: 0.9373
Epoch 116/194
 - 23s - loss: 0.1442 - acc: 0.9405 - val_loss: 0.1522 - val_acc: 0.9375
Epoch 117/194
 - 23s - loss: 0.1441 - acc: 0.9405 - val_loss: 0.1527 - val_acc: 0.9374
Epoch 118/194
 - 23s - loss: 0.1440 - acc: 0.9405 - val_loss: 0.1533 - val_acc: 0.9371
Epoch 119/194
 - 23s - loss: 0.1438 - acc: 0.9406 - val_loss: 0.1539 - val_acc: 0.9372
Epoch 120/194
 - 23s - loss: 0.1439 - acc: 0.9404 - val_loss: 0.1532 - val_acc: 0.9373
Epoch 121/194
 - 23s - loss: 0.1439 - acc: 0.9405 - val_loss: 0.1533 - val_acc: 0.9381
Epoch 122/194
 - 23s - loss: 0.1436 - acc: 0.9408 - val_loss: 0.1541 - val_acc: 0.9368
Epoch 123/194
 - 23s - loss: 0.1435 - acc: 0.9407 - val_loss: 0.1523 - val_acc: 0.9376
Epoch 124/194
 - 23s - loss: 0.1435 - acc: 0.9408 - val_loss: 0.1526 - val_acc: 0.9379
Epoch 125/194
 - 23s - loss: 0.1435 - acc: 0.9407 - val_loss: 0.1534 - val_acc: 0.9376
Epoch 126/194
 - 23s - loss: 0.1435 - acc: 0.9408 - val_loss: 0.1516 - val_acc: 0.9379
Epoch 127/194
 - 23s - loss: 0.1432 - acc: 0.9409 - val_loss: 0.1537 - val_acc: 0.9370
Epoch 128/194
 - 23s - loss: 0.1436 - acc: 0.9407 - val_loss: 0.1528 - val_acc: 0.9370
Epoch 129/194
 - 23s - loss: 0.1429 - acc: 0.9409 - val_loss: 0.1525 - val_acc: 0.9378
Epoch 130/194
 - 23s - loss: 0.1431 - acc: 0.9409 - val_loss: 0.1532 - val_acc: 0.9379
Epoch 131/194
 - 23s - loss: 0.1431 - acc: 0.9410 - val_loss: 0.1542 - val_acc: 0.9376
Epoch 132/194
 - 23s - loss: 0.1429 - acc: 0.9409 - val_loss: 0.1538 - val_acc: 0.9368
Epoch 133/194
 - 23s - loss: 0.1428 - acc: 0.9410 - val_loss: 0.1528 - val_acc: 0.9376
Epoch 134/194
 - 23s - loss: 0.1427 - acc: 0.9409 - val_loss: 0.1536 - val_acc: 0.9377
Epoch 135/194
 - 23s - loss: 0.1428 - acc: 0.9410 - val_loss: 0.1534 - val_acc: 0.9377
Epoch 136/194
 - 23s - loss: 0.1426 - acc: 0.9409 - val_loss: 0.1544 - val_acc: 0.9374
Epoch 137/194
 - 23s - loss: 0.1424 - acc: 0.9411 - val_loss: 0.1533 - val_acc: 0.9369
Epoch 138/194
 - 23s - loss: 0.1425 - acc: 0.9412 - val_loss: 0.1533 - val_acc: 0.9373
Epoch 139/194
 - 23s - loss: 0.1425 - acc: 0.9412 - val_loss: 0.1537 - val_acc: 0.9377
Epoch 140/194
 - 23s - loss: 0.1424 - acc: 0.9411 - val_loss: 0.1519 - val_acc: 0.9380
Epoch 141/194
 - 23s - loss: 0.1423 - acc: 0.9412 - val_loss: 0.1521 - val_acc: 0.9385
Epoch 142/194
 - 23s - loss: 0.1423 - acc: 0.9413 - val_loss: 0.1514 - val_acc: 0.9383
Epoch 143/194
 - 23s - loss: 0.1423 - acc: 0.9412 - val_loss: 0.1524 - val_acc: 0.9370
Epoch 144/194
 - 23s - loss: 0.1420 - acc: 0.9413 - val_loss: 0.1548 - val_acc: 0.9373
Epoch 145/194
 - 23s - loss: 0.1421 - acc: 0.9412 - val_loss: 0.1527 - val_acc: 0.9376
Epoch 146/194
 - 23s - loss: 0.1420 - acc: 0.9414 - val_loss: 0.1540 - val_acc: 0.9371
Epoch 147/194
 - 23s - loss: 0.1420 - acc: 0.9415 - val_loss: 0.1533 - val_acc: 0.9369
Epoch 148/194
 - 23s - loss: 0.1421 - acc: 0.9412 - val_loss: 0.1530 - val_acc: 0.9373
Epoch 149/194
 - 23s - loss: 0.1417 - acc: 0.9414 - val_loss: 0.1524 - val_acc: 0.9378
Epoch 150/194
 - 23s - loss: 0.1416 - acc: 0.9414 - val_loss: 0.1524 - val_acc: 0.9378
Epoch 151/194
 - 23s - loss: 0.1416 - acc: 0.9415 - val_loss: 0.1548 - val_acc: 0.9373
Epoch 152/194
 - 23s - loss: 0.1417 - acc: 0.9413 - val_loss: 0.1540 - val_acc: 0.9371
Epoch 153/194
 - 23s - loss: 0.1415 - acc: 0.9414 - val_loss: 0.1534 - val_acc: 0.9376
Epoch 154/194
 - 23s - loss: 0.1416 - acc: 0.9414 - val_loss: 0.1535 - val_acc: 0.9375
Epoch 155/194
 - 23s - loss: 0.1416 - acc: 0.9415 - val_loss: 0.1527 - val_acc: 0.9379
Epoch 156/194
 - 23s - loss: 0.1415 - acc: 0.9415 - val_loss: 0.1533 - val_acc: 0.9372
Epoch 157/194
 - 23s - loss: 0.1413 - acc: 0.9415 - val_loss: 0.1539 - val_acc: 0.9377
Epoch 158/194
 - 23s - loss: 0.1413 - acc: 0.9414 - val_loss: 0.1554 - val_acc: 0.9371
Epoch 159/194
 - 23s - loss: 0.1413 - acc: 0.9416 - val_loss: 0.1542 - val_acc: 0.9374
Epoch 160/194
 - 23s - loss: 0.1412 - acc: 0.9415 - val_loss: 0.1527 - val_acc: 0.9375
Epoch 161/194
 - 23s - loss: 0.1411 - acc: 0.9416 - val_loss: 0.1533 - val_acc: 0.9372
Epoch 162/194
 - 23s - loss: 0.1410 - acc: 0.9415 - val_loss: 0.1536 - val_acc: 0.9384
Epoch 163/194
 - 23s - loss: 0.1410 - acc: 0.9416 - val_loss: 0.1536 - val_acc: 0.9374
Epoch 164/194
 - 23s - loss: 0.1410 - acc: 0.9416 - val_loss: 0.1542 - val_acc: 0.9376
Epoch 165/194
 - 23s - loss: 0.1409 - acc: 0.9416 - val_loss: 0.1535 - val_acc: 0.9374
Epoch 166/194
 - 23s - loss: 0.1406 - acc: 0.9417 - val_loss: 0.1549 - val_acc: 0.9367
Epoch 167/194
 - 23s - loss: 0.1407 - acc: 0.9418 - val_loss: 0.1540 - val_acc: 0.9377
Epoch 168/194
 - 23s - loss: 0.1407 - acc: 0.9416 - val_loss: 0.1544 - val_acc: 0.9368
Epoch 169/194
 - 23s - loss: 0.1405 - acc: 0.9417 - val_loss: 0.1551 - val_acc: 0.9366
Epoch 170/194
 - 23s - loss: 0.1405 - acc: 0.9417 - val_loss: 0.1549 - val_acc: 0.9374
Epoch 171/194
 - 23s - loss: 0.1406 - acc: 0.9419 - val_loss: 0.1535 - val_acc: 0.9376
Epoch 172/194
 - 23s - loss: 0.1404 - acc: 0.9420 - val_loss: 0.1548 - val_acc: 0.9372
Epoch 173/194
 - 23s - loss: 0.1407 - acc: 0.9417 - val_loss: 0.1530 - val_acc: 0.9375
Epoch 174/194
 - 23s - loss: 0.1405 - acc: 0.9419 - val_loss: 0.1564 - val_acc: 0.9366
Epoch 175/194
 - 23s - loss: 0.1401 - acc: 0.9420 - val_loss: 0.1540 - val_acc: 0.9373
Epoch 176/194
 - 23s - loss: 0.1402 - acc: 0.9418 - val_loss: 0.1549 - val_acc: 0.9377
Epoch 177/194
 - 23s - loss: 0.1401 - acc: 0.9419 - val_loss: 0.1535 - val_acc: 0.9379
Epoch 178/194
 - 23s - loss: 0.1402 - acc: 0.9419 - val_loss: 0.1569 - val_acc: 0.9364
Epoch 179/194
 - 23s - loss: 0.1401 - acc: 0.9421 - val_loss: 0.1541 - val_acc: 0.9373
Epoch 180/194
 - 23s - loss: 0.1400 - acc: 0.9419 - val_loss: 0.1535 - val_acc: 0.9378
Epoch 181/194
 - 23s - loss: 0.1399 - acc: 0.9420 - val_loss: 0.1531 - val_acc: 0.9379
Epoch 182/194
 - 23s - loss: 0.1398 - acc: 0.9421 - val_loss: 0.1532 - val_acc: 0.9376
Epoch 183/194
 - 23s - loss: 0.1398 - acc: 0.9420 - val_loss: 0.1555 - val_acc: 0.9369
Epoch 184/194
 - 23s - loss: 0.1398 - acc: 0.9418 - val_loss: 0.1541 - val_acc: 0.9370
Epoch 185/194
 - 23s - loss: 0.1398 - acc: 0.9421 - val_loss: 0.1546 - val_acc: 0.9374
Epoch 186/194
 - 23s - loss: 0.1398 - acc: 0.9420 - val_loss: 0.1546 - val_acc: 0.9377
Epoch 187/194
 - 23s - loss: 0.1394 - acc: 0.9421 - val_loss: 0.1534 - val_acc: 0.9376
Epoch 188/194
 - 23s - loss: 0.1394 - acc: 0.9422 - val_loss: 0.1560 - val_acc: 0.9373
Epoch 189/194
 - 23s - loss: 0.1394 - acc: 0.9423 - val_loss: 0.1552 - val_acc: 0.9368
Epoch 190/194
 - 23s - loss: 0.1394 - acc: 0.9423 - val_loss: 0.1578 - val_acc: 0.9370
Epoch 191/194
 - 23s - loss: 0.1395 - acc: 0.9420 - val_loss: 0.1549 - val_acc: 0.9372
Epoch 192/194
 - 23s - loss: 0.1393 - acc: 0.9422 - val_loss: 0.1548 - val_acc: 0.9377
Epoch 193/194
 - 23s - loss: 0.1393 - acc: 0.9421 - val_loss: 0.1553 - val_acc: 0.9373
Epoch 194/194
 - 23s - loss: 0.1393 - acc: 0.9422 - val_loss: 0.1546 - val_acc: 0.9377
Test accuracy: 0.93765
Train on 900000 samples, validate on 100000 samples
Epoch 1/37
 - 22s - loss: 0.3522 - acc: 0.8447 - val_loss: 0.2373 - val_acc: 0.9084
Epoch 2/37
 - 21s - loss: 0.2733 - acc: 0.8918 - val_loss: 0.2306 - val_acc: 0.9090
Epoch 3/37
 - 21s - loss: 0.2659 - acc: 0.8953 - val_loss: 0.2239 - val_acc: 0.9102
Epoch 4/37
 - 21s - loss: 0.2619 - acc: 0.8972 - val_loss: 0.2233 - val_acc: 0.9109
Epoch 5/37
 - 21s - loss: 0.2602 - acc: 0.8978 - val_loss: 0.2197 - val_acc: 0.9121
Epoch 6/37
 - 21s - loss: 0.2584 - acc: 0.8990 - val_loss: 0.2203 - val_acc: 0.9122
Epoch 7/37
 - 21s - loss: 0.2568 - acc: 0.8997 - val_loss: 0.2176 - val_acc: 0.9120
Epoch 8/37
 - 21s - loss: 0.2544 - acc: 0.9009 - val_loss: 0.2182 - val_acc: 0.9115
Epoch 9/37
 - 21s - loss: 0.2534 - acc: 0.9010 - val_loss: 0.2172 - val_acc: 0.9127
Epoch 10/37
 - 21s - loss: 0.2523 - acc: 0.9016 - val_loss: 0.2171 - val_acc: 0.9121
Epoch 11/37
 - 21s - loss: 0.2512 - acc: 0.9017 - val_loss: 0.2181 - val_acc: 0.9114
Epoch 12/37
 - 21s - loss: 0.2493 - acc: 0.9023 - val_loss: 0.2170 - val_acc: 0.9125
Epoch 13/37
 - 21s - loss: 0.2494 - acc: 0.9027 - val_loss: 0.2176 - val_acc: 0.9127
Epoch 14/37
 - 21s - loss: 0.2481 - acc: 0.9032 - val_loss: 0.2171 - val_acc: 0.9128
Epoch 15/37
 - 21s - loss: 0.2484 - acc: 0.9032 - val_loss: 0.2197 - val_acc: 0.9129
Epoch 16/37
 - 21s - loss: 0.2481 - acc: 0.9030 - val_loss: 0.2160 - val_acc: 0.9129
Epoch 17/37
 - 21s - loss: 0.2482 - acc: 0.9031 - val_loss: 0.2185 - val_acc: 0.9129
Epoch 18/37
 - 21s - loss: 0.2475 - acc: 0.9031 - val_loss: 0.2203 - val_acc: 0.9136
Epoch 19/37
 - 21s - loss: 0.2468 - acc: 0.9035 - val_loss: 0.2180 - val_acc: 0.9138
Epoch 20/37
 - 21s - loss: 0.2463 - acc: 0.9038 - val_loss: 0.2160 - val_acc: 0.9132
Epoch 21/37
 - 21s - loss: 0.2479 - acc: 0.9034 - val_loss: 0.2226 - val_acc: 0.9127
Epoch 22/37
 - 21s - loss: 0.2470 - acc: 0.9038 - val_loss: 0.2188 - val_acc: 0.9125
Epoch 23/37
 - 21s - loss: 0.2461 - acc: 0.9043 - val_loss: 0.2200 - val_acc: 0.9129
Epoch 24/37
 - 21s - loss: 0.2470 - acc: 0.9038 - val_loss: 0.2207 - val_acc: 0.9129
Epoch 25/37
 - 21s - loss: 0.2461 - acc: 0.9039 - val_loss: 0.2208 - val_acc: 0.9129
Epoch 26/37
 - 21s - loss: 0.2445 - acc: 0.9046 - val_loss: 0.2194 - val_acc: 0.9130
Epoch 27/37
 - 21s - loss: 0.2448 - acc: 0.9045 - val_loss: 0.2224 - val_acc: 0.9117
Epoch 28/37
 - 21s - loss: 0.2461 - acc: 0.9045 - val_loss: 0.2203 - val_acc: 0.9135
Epoch 29/37
 - 21s - loss: 0.2449 - acc: 0.9045 - val_loss: 0.2201 - val_acc: 0.9134
Epoch 30/37
 - 21s - loss: 0.2450 - acc: 0.9047 - val_loss: 0.2231 - val_acc: 0.9119
Epoch 31/37
 - 21s - loss: 0.2448 - acc: 0.9046 - val_loss: 0.2200 - val_acc: 0.9135
Epoch 32/37
 - 21s - loss: 0.2446 - acc: 0.9049 - val_loss: 0.2202 - val_acc: 0.9135
Epoch 33/37
 - 21s - loss: 0.2435 - acc: 0.9052 - val_loss: 0.2219 - val_acc: 0.9120
Epoch 34/37
 - 21s - loss: 0.2441 - acc: 0.9050 - val_loss: 0.2211 - val_acc: 0.9134
Epoch 35/37
 - 21s - loss: 0.2441 - acc: 0.9053 - val_loss: 0.2201 - val_acc: 0.9144
Epoch 36/37
 - 21s - loss: 0.2438 - acc: 0.9054 - val_loss: 0.2218 - val_acc: 0.9133
Epoch 37/37
 - 21s - loss: 0.2434 - acc: 0.9055 - val_loss: 0.2236 - val_acc: 0.9126
Test accuracy: 0.91258
Train on 900000 samples, validate on 100000 samples
Epoch 1/182
 - 25s - loss: 0.2732 - acc: 0.8834 - val_loss: 0.1980 - val_acc: 0.9196
Epoch 2/182
 - 25s - loss: 0.2017 - acc: 0.9187 - val_loss: 0.1865 - val_acc: 0.9261
Epoch 3/182
 - 25s - loss: 0.1926 - acc: 0.9225 - val_loss: 0.1806 - val_acc: 0.9273
Epoch 4/182
 - 25s - loss: 0.1865 - acc: 0.9252 - val_loss: 0.1720 - val_acc: 0.9310
Epoch 5/182
 - 25s - loss: 0.1821 - acc: 0.9267 - val_loss: 0.1698 - val_acc: 0.9317
Epoch 6/182
 - 25s - loss: 0.1794 - acc: 0.9276 - val_loss: 0.1675 - val_acc: 0.9330
Epoch 7/182
 - 25s - loss: 0.1782 - acc: 0.9284 - val_loss: 0.1654 - val_acc: 0.9331
Epoch 8/182
 - 25s - loss: 0.1770 - acc: 0.9287 - val_loss: 0.1677 - val_acc: 0.9332
Epoch 9/182
 - 25s - loss: 0.1755 - acc: 0.9295 - val_loss: 0.1659 - val_acc: 0.9329
Epoch 10/182
 - 25s - loss: 0.1746 - acc: 0.9298 - val_loss: 0.1643 - val_acc: 0.9336
Epoch 11/182
 - 25s - loss: 0.1736 - acc: 0.9300 - val_loss: 0.1668 - val_acc: 0.9319
Epoch 12/182
 - 25s - loss: 0.1734 - acc: 0.9303 - val_loss: 0.1633 - val_acc: 0.9339
Epoch 13/182
 - 25s - loss: 0.1723 - acc: 0.9306 - val_loss: 0.1610 - val_acc: 0.9350
Epoch 14/182
 - 25s - loss: 0.1720 - acc: 0.9306 - val_loss: 0.1625 - val_acc: 0.9342
Epoch 15/182
 - 25s - loss: 0.1713 - acc: 0.9310 - val_loss: 0.1637 - val_acc: 0.9342
Epoch 16/182
 - 25s - loss: 0.1711 - acc: 0.9310 - val_loss: 0.1614 - val_acc: 0.9342
Epoch 17/182
 - 25s - loss: 0.1710 - acc: 0.9310 - val_loss: 0.1614 - val_acc: 0.9346
Epoch 18/182
 - 25s - loss: 0.1707 - acc: 0.9312 - val_loss: 0.1604 - val_acc: 0.9349
Epoch 19/182
 - 25s - loss: 0.1705 - acc: 0.9310 - val_loss: 0.1598 - val_acc: 0.9350
Epoch 20/182
 - 25s - loss: 0.1698 - acc: 0.9314 - val_loss: 0.1610 - val_acc: 0.9352
Epoch 21/182
 - 25s - loss: 0.1691 - acc: 0.9318 - val_loss: 0.1615 - val_acc: 0.9344
Epoch 22/182
 - 25s - loss: 0.1692 - acc: 0.9316 - val_loss: 0.1593 - val_acc: 0.9350
Epoch 23/182
 - 25s - loss: 0.1687 - acc: 0.9318 - val_loss: 0.1598 - val_acc: 0.9358
Epoch 24/182
 - 25s - loss: 0.1686 - acc: 0.9320 - val_loss: 0.1592 - val_acc: 0.9352
Epoch 25/182
 - 25s - loss: 0.1684 - acc: 0.9320 - val_loss: 0.1598 - val_acc: 0.9352
Epoch 26/182
 - 25s - loss: 0.1678 - acc: 0.9323 - val_loss: 0.1652 - val_acc: 0.9327
Epoch 27/182
 - 25s - loss: 0.1678 - acc: 0.9321 - val_loss: 0.1586 - val_acc: 0.9354
Epoch 28/182
 - 25s - loss: 0.1678 - acc: 0.9322 - val_loss: 0.1593 - val_acc: 0.9348
Epoch 29/182
 - 25s - loss: 0.1674 - acc: 0.9320 - val_loss: 0.1586 - val_acc: 0.9352
Epoch 30/182
 - 25s - loss: 0.1674 - acc: 0.9321 - val_loss: 0.1601 - val_acc: 0.9351
Epoch 31/182
 - 25s - loss: 0.1670 - acc: 0.9324 - val_loss: 0.1592 - val_acc: 0.9354
Epoch 32/182
 - 25s - loss: 0.1671 - acc: 0.9325 - val_loss: 0.1575 - val_acc: 0.9359
Epoch 33/182
 - 25s - loss: 0.1672 - acc: 0.9324 - val_loss: 0.1585 - val_acc: 0.9352
Epoch 34/182
 - 25s - loss: 0.1667 - acc: 0.9326 - val_loss: 0.1579 - val_acc: 0.9354
Epoch 35/182
 - 25s - loss: 0.1667 - acc: 0.9328 - val_loss: 0.1593 - val_acc: 0.9347
Epoch 36/182
 - 25s - loss: 0.1663 - acc: 0.9327 - val_loss: 0.1583 - val_acc: 0.9356
Epoch 37/182
 - 25s - loss: 0.1665 - acc: 0.9327 - val_loss: 0.1576 - val_acc: 0.9356
Epoch 38/182
 - 25s - loss: 0.1662 - acc: 0.9328 - val_loss: 0.1574 - val_acc: 0.9359
Epoch 39/182
 - 25s - loss: 0.1662 - acc: 0.9326 - val_loss: 0.1599 - val_acc: 0.9352
Epoch 40/182
 - 25s - loss: 0.1653 - acc: 0.9329 - val_loss: 0.1574 - val_acc: 0.9354
Epoch 41/182
 - 25s - loss: 0.1656 - acc: 0.9329 - val_loss: 0.1576 - val_acc: 0.9358
Epoch 42/182
 - 25s - loss: 0.1658 - acc: 0.9330 - val_loss: 0.1585 - val_acc: 0.9354
Epoch 43/182
 - 25s - loss: 0.1651 - acc: 0.9331 - val_loss: 0.1581 - val_acc: 0.9353
Epoch 44/182
 - 25s - loss: 0.1653 - acc: 0.9329 - val_loss: 0.1580 - val_acc: 0.9355
Epoch 45/182
 - 25s - loss: 0.1653 - acc: 0.9331 - val_loss: 0.1613 - val_acc: 0.9344
Epoch 46/182
 - 24s - loss: 0.1652 - acc: 0.9329 - val_loss: 0.1576 - val_acc: 0.9353
Epoch 47/182
 - 25s - loss: 0.1653 - acc: 0.9333 - val_loss: 0.1571 - val_acc: 0.9360
Epoch 48/182
 - 25s - loss: 0.1648 - acc: 0.9332 - val_loss: 0.1595 - val_acc: 0.9347
Epoch 49/182
 - 25s - loss: 0.1654 - acc: 0.9329 - val_loss: 0.1573 - val_acc: 0.9361
Epoch 50/182
 - 25s - loss: 0.1645 - acc: 0.9334 - val_loss: 0.1574 - val_acc: 0.9352
Epoch 51/182
 - 25s - loss: 0.1645 - acc: 0.9333 - val_loss: 0.1579 - val_acc: 0.9358
Epoch 52/182
 - 25s - loss: 0.1646 - acc: 0.9333 - val_loss: 0.1553 - val_acc: 0.9366
Epoch 53/182
 - 25s - loss: 0.1644 - acc: 0.9334 - val_loss: 0.1562 - val_acc: 0.9363
Epoch 54/182
 - 25s - loss: 0.1644 - acc: 0.9331 - val_loss: 0.1554 - val_acc: 0.9365
Epoch 55/182
 - 25s - loss: 0.1646 - acc: 0.9333 - val_loss: 0.1598 - val_acc: 0.9358
Epoch 56/182
 - 25s - loss: 0.1646 - acc: 0.9333 - val_loss: 0.1562 - val_acc: 0.9360
Epoch 57/182
 - 25s - loss: 0.1641 - acc: 0.9333 - val_loss: 0.1549 - val_acc: 0.9365
Epoch 58/182
 - 25s - loss: 0.1639 - acc: 0.9334 - val_loss: 0.1563 - val_acc: 0.9363
Epoch 59/182
 - 25s - loss: 0.1639 - acc: 0.9337 - val_loss: 0.1558 - val_acc: 0.9367
Epoch 60/182
 - 25s - loss: 0.1639 - acc: 0.9337 - val_loss: 0.1566 - val_acc: 0.9360
Epoch 61/182
 - 25s - loss: 0.1641 - acc: 0.9333 - val_loss: 0.1597 - val_acc: 0.9353
Epoch 62/182
 - 25s - loss: 0.1637 - acc: 0.9336 - val_loss: 0.1554 - val_acc: 0.9364
Epoch 63/182
 - 25s - loss: 0.1638 - acc: 0.9334 - val_loss: 0.1555 - val_acc: 0.9362
Epoch 64/182
 - 25s - loss: 0.1635 - acc: 0.9335 - val_loss: 0.1591 - val_acc: 0.9353
Epoch 65/182
 - 25s - loss: 0.1635 - acc: 0.9337 - val_loss: 0.1579 - val_acc: 0.9357
Epoch 66/182
 - 25s - loss: 0.1635 - acc: 0.9334 - val_loss: 0.1554 - val_acc: 0.9361
Epoch 67/182
 - 25s - loss: 0.1634 - acc: 0.9337 - val_loss: 0.1604 - val_acc: 0.9337
Epoch 68/182
 - 24s - loss: 0.1633 - acc: 0.9336 - val_loss: 0.1572 - val_acc: 0.9357
Epoch 69/182
 - 25s - loss: 0.1631 - acc: 0.9337 - val_loss: 0.1558 - val_acc: 0.9368
Epoch 70/182
 - 25s - loss: 0.1639 - acc: 0.9335 - val_loss: 0.1566 - val_acc: 0.9361
Epoch 71/182
 - 25s - loss: 0.1632 - acc: 0.9336 - val_loss: 0.1566 - val_acc: 0.9356
Epoch 72/182
 - 25s - loss: 0.1630 - acc: 0.9337 - val_loss: 0.1552 - val_acc: 0.9363
Epoch 73/182
 - 25s - loss: 0.1633 - acc: 0.9336 - val_loss: 0.1576 - val_acc: 0.9363
Epoch 74/182
 - 25s - loss: 0.1632 - acc: 0.9337 - val_loss: 0.1550 - val_acc: 0.9369
Epoch 75/182
 - 25s - loss: 0.1631 - acc: 0.9337 - val_loss: 0.1561 - val_acc: 0.9366
Epoch 76/182
 - 25s - loss: 0.1630 - acc: 0.9338 - val_loss: 0.1560 - val_acc: 0.9363
Epoch 77/182
 - 25s - loss: 0.1631 - acc: 0.9338 - val_loss: 0.1569 - val_acc: 0.9365
Epoch 78/182
 - 25s - loss: 0.1628 - acc: 0.9339 - val_loss: 0.1618 - val_acc: 0.9338
Epoch 79/182
 - 25s - loss: 0.1629 - acc: 0.9336 - val_loss: 0.1557 - val_acc: 0.9367
Epoch 80/182
 - 25s - loss: 0.1628 - acc: 0.9339 - val_loss: 0.1577 - val_acc: 0.9358
Epoch 81/182
 - 25s - loss: 0.1626 - acc: 0.9342 - val_loss: 0.1605 - val_acc: 0.9338
Epoch 82/182
 - 25s - loss: 0.1629 - acc: 0.9338 - val_loss: 0.1579 - val_acc: 0.9352
Epoch 83/182
 - 25s - loss: 0.1626 - acc: 0.9338 - val_loss: 0.1552 - val_acc: 0.9366
Epoch 84/182
 - 25s - loss: 0.1626 - acc: 0.9337 - val_loss: 0.1576 - val_acc: 0.9355
Epoch 85/182
 - 25s - loss: 0.1630 - acc: 0.9337 - val_loss: 0.1562 - val_acc: 0.9358
Epoch 86/182
 - 25s - loss: 0.1625 - acc: 0.9341 - val_loss: 0.1555 - val_acc: 0.9364
Epoch 87/182
 - 25s - loss: 0.1626 - acc: 0.9340 - val_loss: 0.1571 - val_acc: 0.9358
Epoch 88/182
 - 25s - loss: 0.1628 - acc: 0.9338 - val_loss: 0.1562 - val_acc: 0.9350
Epoch 89/182
 - 25s - loss: 0.1625 - acc: 0.9338 - val_loss: 0.1565 - val_acc: 0.9355
Epoch 90/182
 - 25s - loss: 0.1631 - acc: 0.9339 - val_loss: 0.1557 - val_acc: 0.9359
Epoch 91/182
 - 25s - loss: 0.1627 - acc: 0.9339 - val_loss: 0.1581 - val_acc: 0.9346
Epoch 92/182
 - 25s - loss: 0.1626 - acc: 0.9340 - val_loss: 0.1560 - val_acc: 0.9358
Epoch 93/182
 - 25s - loss: 0.1620 - acc: 0.9341 - val_loss: 0.1539 - val_acc: 0.9370
Epoch 94/182
 - 25s - loss: 0.1626 - acc: 0.9339 - val_loss: 0.1548 - val_acc: 0.9367
Epoch 95/182
 - 25s - loss: 0.1623 - acc: 0.9339 - val_loss: 0.1563 - val_acc: 0.9358
Epoch 96/182
 - 25s - loss: 0.1622 - acc: 0.9341 - val_loss: 0.1551 - val_acc: 0.9365
Epoch 97/182
 - 25s - loss: 0.1620 - acc: 0.9342 - val_loss: 0.1540 - val_acc: 0.9365
Epoch 98/182
 - 25s - loss: 0.1625 - acc: 0.9338 - val_loss: 0.1594 - val_acc: 0.9341
Epoch 99/182
 - 25s - loss: 0.1629 - acc: 0.9338 - val_loss: 0.1550 - val_acc: 0.9364
Epoch 100/182
 - 25s - loss: 0.1623 - acc: 0.9339 - val_loss: 0.1567 - val_acc: 0.9355
Epoch 101/182
 - 25s - loss: 0.1621 - acc: 0.9341 - val_loss: 0.1563 - val_acc: 0.9362
Epoch 102/182
 - 25s - loss: 0.1625 - acc: 0.9338 - val_loss: 0.1559 - val_acc: 0.9364
Epoch 103/182
 - 25s - loss: 0.1618 - acc: 0.9342 - val_loss: 0.1575 - val_acc: 0.9349
Epoch 104/182
 - 25s - loss: 0.1623 - acc: 0.9342 - val_loss: 0.1557 - val_acc: 0.9361
Epoch 105/182
 - 25s - loss: 0.1625 - acc: 0.9340 - val_loss: 0.1596 - val_acc: 0.9347
Epoch 106/182
 - 25s - loss: 0.1619 - acc: 0.9341 - val_loss: 0.1558 - val_acc: 0.9358
Epoch 107/182
 - 25s - loss: 0.1618 - acc: 0.9342 - val_loss: 0.1561 - val_acc: 0.9363
Epoch 108/182
 - 25s - loss: 0.1619 - acc: 0.9342 - val_loss: 0.1549 - val_acc: 0.9366
Epoch 109/182
 - 25s - loss: 0.1621 - acc: 0.9340 - val_loss: 0.1561 - val_acc: 0.9355
Epoch 110/182
 - 25s - loss: 0.1624 - acc: 0.9341 - val_loss: 0.1561 - val_acc: 0.9361
Epoch 111/182
 - 25s - loss: 0.1620 - acc: 0.9341 - val_loss: 0.1586 - val_acc: 0.9355
Epoch 112/182
 - 25s - loss: 0.1619 - acc: 0.9343 - val_loss: 0.1547 - val_acc: 0.9369
Epoch 113/182
 - 25s - loss: 0.1619 - acc: 0.9344 - val_loss: 0.1567 - val_acc: 0.9358
Epoch 114/182
 - 25s - loss: 0.1620 - acc: 0.9342 - val_loss: 0.1593 - val_acc: 0.9344
Epoch 115/182
 - 24s - loss: 0.1622 - acc: 0.9342 - val_loss: 0.1555 - val_acc: 0.9370
Epoch 116/182
 - 25s - loss: 0.1619 - acc: 0.9343 - val_loss: 0.1570 - val_acc: 0.9354
Epoch 117/182
 - 25s - loss: 0.1617 - acc: 0.9343 - val_loss: 0.1569 - val_acc: 0.9355
Epoch 118/182
 - 25s - loss: 0.1619 - acc: 0.9341 - val_loss: 0.1558 - val_acc: 0.9357
Epoch 119/182
 - 25s - loss: 0.1620 - acc: 0.9343 - val_loss: 0.1549 - val_acc: 0.9365
Epoch 120/182
 - 25s - loss: 0.1616 - acc: 0.9344 - val_loss: 0.1588 - val_acc: 0.9351
Epoch 121/182
 - 25s - loss: 0.1615 - acc: 0.9344 - val_loss: 0.1571 - val_acc: 0.9356
Epoch 122/182
 - 25s - loss: 0.1617 - acc: 0.9342 - val_loss: 0.1550 - val_acc: 0.9363
Epoch 123/182
 - 25s - loss: 0.1618 - acc: 0.9340 - val_loss: 0.1543 - val_acc: 0.9370
Epoch 124/182
 - 25s - loss: 0.1617 - acc: 0.9342 - val_loss: 0.1595 - val_acc: 0.9346
Epoch 125/182
 - 25s - loss: 0.1617 - acc: 0.9341 - val_loss: 0.1566 - val_acc: 0.9365
Epoch 126/182
 - 25s - loss: 0.1618 - acc: 0.9342 - val_loss: 0.1582 - val_acc: 0.9357
Epoch 127/182
 - 25s - loss: 0.1614 - acc: 0.9344 - val_loss: 0.1565 - val_acc: 0.9352
Epoch 128/182
 - 25s - loss: 0.1615 - acc: 0.9343 - val_loss: 0.1551 - val_acc: 0.9360
Epoch 129/182
 - 25s - loss: 0.1622 - acc: 0.9340 - val_loss: 0.1546 - val_acc: 0.9366
Epoch 130/182
 - 25s - loss: 0.1612 - acc: 0.9344 - val_loss: 0.1584 - val_acc: 0.9344
Epoch 131/182
 - 25s - loss: 0.1617 - acc: 0.9344 - val_loss: 0.1584 - val_acc: 0.9356
Epoch 132/182
 - 25s - loss: 0.1617 - acc: 0.9343 - val_loss: 0.1619 - val_acc: 0.9344
Epoch 133/182
 - 25s - loss: 0.1612 - acc: 0.9343 - val_loss: 0.1552 - val_acc: 0.9369
Epoch 134/182
 - 25s - loss: 0.1615 - acc: 0.9344 - val_loss: 0.1637 - val_acc: 0.9326
Epoch 135/182
 - 24s - loss: 0.1620 - acc: 0.9342 - val_loss: 0.1573 - val_acc: 0.9355
Epoch 136/182
 - 25s - loss: 0.1612 - acc: 0.9344 - val_loss: 0.1543 - val_acc: 0.9365
Epoch 137/182
 - 24s - loss: 0.1616 - acc: 0.9343 - val_loss: 0.1561 - val_acc: 0.9362
Epoch 138/182
 - 25s - loss: 0.1613 - acc: 0.9345 - val_loss: 0.1601 - val_acc: 0.9351
Epoch 139/182
 - 25s - loss: 0.1614 - acc: 0.9344 - val_loss: 0.1552 - val_acc: 0.9366
Epoch 140/182
 - 24s - loss: 0.1614 - acc: 0.9343 - val_loss: 0.1551 - val_acc: 0.9362
Epoch 141/182
 - 25s - loss: 0.1616 - acc: 0.9343 - val_loss: 0.1559 - val_acc: 0.9364
Epoch 142/182
 - 25s - loss: 0.1615 - acc: 0.9344 - val_loss: 0.1543 - val_acc: 0.9365
Epoch 143/182
 - 25s - loss: 0.1612 - acc: 0.9346 - val_loss: 0.1557 - val_acc: 0.9360
Epoch 144/182
 - 25s - loss: 0.1612 - acc: 0.9344 - val_loss: 0.1572 - val_acc: 0.9350
Epoch 145/182
 - 24s - loss: 0.1610 - acc: 0.9342 - val_loss: 0.1563 - val_acc: 0.9358
Epoch 146/182
 - 25s - loss: 0.1613 - acc: 0.9345 - val_loss: 0.1554 - val_acc: 0.9360
Epoch 147/182
 - 25s - loss: 0.1613 - acc: 0.9345 - val_loss: 0.1542 - val_acc: 0.9363
Epoch 148/182
 - 24s - loss: 0.1616 - acc: 0.9343 - val_loss: 0.1565 - val_acc: 0.9365
Epoch 149/182
 - 25s - loss: 0.1612 - acc: 0.9346 - val_loss: 0.1542 - val_acc: 0.9367
Epoch 150/182
 - 25s - loss: 0.1612 - acc: 0.9344 - val_loss: 0.1542 - val_acc: 0.9366
Epoch 151/182
 - 25s - loss: 0.1613 - acc: 0.9344 - val_loss: 0.1538 - val_acc: 0.9365
Epoch 152/182
 - 25s - loss: 0.1613 - acc: 0.9344 - val_loss: 0.1554 - val_acc: 0.9364
Epoch 153/182
 - 25s - loss: 0.1610 - acc: 0.9344 - val_loss: 0.1542 - val_acc: 0.9366
Epoch 154/182
 - 25s - loss: 0.1610 - acc: 0.9346 - val_loss: 0.1583 - val_acc: 0.9347
Epoch 155/182
 - 25s - loss: 0.1609 - acc: 0.9346 - val_loss: 0.1568 - val_acc: 0.9360
Epoch 156/182
 - 25s - loss: 0.1609 - acc: 0.9346 - val_loss: 0.1545 - val_acc: 0.9366
Epoch 157/182
 - 25s - loss: 0.1616 - acc: 0.9342 - val_loss: 0.1544 - val_acc: 0.9366
Epoch 158/182
 - 25s - loss: 0.1609 - acc: 0.9344 - val_loss: 0.1555 - val_acc: 0.9361
Epoch 159/182
 - 25s - loss: 0.1609 - acc: 0.9344 - val_loss: 0.1563 - val_acc: 0.9360
Epoch 160/182
 - 25s - loss: 0.1612 - acc: 0.9345 - val_loss: 0.1559 - val_acc: 0.9356
Epoch 161/182
 - 25s - loss: 0.1614 - acc: 0.9344 - val_loss: 0.1558 - val_acc: 0.9359
Epoch 162/182
 - 24s - loss: 0.1610 - acc: 0.9343 - val_loss: 0.1571 - val_acc: 0.9351
Epoch 163/182
 - 25s - loss: 0.1614 - acc: 0.9343 - val_loss: 0.1542 - val_acc: 0.9367
Epoch 164/182
 - 25s - loss: 0.1609 - acc: 0.9345 - val_loss: 0.1542 - val_acc: 0.9366
Epoch 165/182
 - 24s - loss: 0.1605 - acc: 0.9348 - val_loss: 0.1534 - val_acc: 0.9369
Epoch 166/182
 - 25s - loss: 0.1613 - acc: 0.9344 - val_loss: 0.1559 - val_acc: 0.9353
Epoch 167/182
 - 24s - loss: 0.1605 - acc: 0.9347 - val_loss: 0.1546 - val_acc: 0.9369
Epoch 168/182
 - 25s - loss: 0.1611 - acc: 0.9346 - val_loss: 0.1553 - val_acc: 0.9356
Epoch 169/182
 - 25s - loss: 0.1612 - acc: 0.9346 - val_loss: 0.1561 - val_acc: 0.9353
Epoch 170/182
 - 24s - loss: 0.1606 - acc: 0.9348 - val_loss: 0.1621 - val_acc: 0.9323
Epoch 171/182
 - 25s - loss: 0.1612 - acc: 0.9343 - val_loss: 0.1603 - val_acc: 0.9344
Epoch 172/182
 - 25s - loss: 0.1611 - acc: 0.9344 - val_loss: 0.1604 - val_acc: 0.9338
Epoch 173/182
 - 25s - loss: 0.1609 - acc: 0.9345 - val_loss: 0.1560 - val_acc: 0.9368
Epoch 174/182
 - 25s - loss: 0.1611 - acc: 0.9345 - val_loss: 0.1561 - val_acc: 0.9358
Epoch 175/182
 - 25s - loss: 0.1610 - acc: 0.9344 - val_loss: 0.1629 - val_acc: 0.9332
Epoch 176/182
 - 25s - loss: 0.1608 - acc: 0.9344 - val_loss: 0.1556 - val_acc: 0.9355
Epoch 177/182
 - 24s - loss: 0.1611 - acc: 0.9344 - val_loss: 0.1541 - val_acc: 0.9369
Epoch 178/182
 - 25s - loss: 0.1606 - acc: 0.9348 - val_loss: 0.1583 - val_acc: 0.9347
Epoch 179/182
 - 25s - loss: 0.1610 - acc: 0.9344 - val_loss: 0.1553 - val_acc: 0.9357
Epoch 180/182
 - 25s - loss: 0.1611 - acc: 0.9345 - val_loss: 0.1558 - val_acc: 0.9362
Epoch 181/182
 - 24s - loss: 0.1608 - acc: 0.9344 - val_loss: 0.1627 - val_acc: 0.9326
Epoch 182/182
 - 25s - loss: 0.1603 - acc: 0.9349 - val_loss: 0.1561 - val_acc: 0.9363
Test accuracy: 0.93632
Train on 900000 samples, validate on 100000 samples
Epoch 1/112
 - 43s - loss: 0.2038 - acc: 0.9177 - val_loss: 0.1739 - val_acc: 0.9300
Epoch 2/112
 - 42s - loss: 0.1757 - acc: 0.9302 - val_loss: 0.1667 - val_acc: 0.9326
Epoch 3/112
 - 42s - loss: 0.1699 - acc: 0.9319 - val_loss: 0.1815 - val_acc: 0.9261
Epoch 4/112
 - 42s - loss: 0.1678 - acc: 0.9326 - val_loss: 0.1599 - val_acc: 0.9355
Epoch 5/112
 - 42s - loss: 0.1660 - acc: 0.9330 - val_loss: 0.1628 - val_acc: 0.9341
Epoch 6/112
 - 42s - loss: 0.1649 - acc: 0.9337 - val_loss: 0.1611 - val_acc: 0.9349
Epoch 7/112
 - 42s - loss: 0.1642 - acc: 0.9340 - val_loss: 0.1564 - val_acc: 0.9366
Epoch 8/112
 - 42s - loss: 0.1634 - acc: 0.9343 - val_loss: 0.1608 - val_acc: 0.9337
Epoch 9/112
 - 42s - loss: 0.1627 - acc: 0.9342 - val_loss: 0.1612 - val_acc: 0.9340
Epoch 10/112
 - 42s - loss: 0.1620 - acc: 0.9348 - val_loss: 0.1599 - val_acc: 0.9353
Epoch 11/112
 - 42s - loss: 0.1617 - acc: 0.9348 - val_loss: 0.1551 - val_acc: 0.9361
Epoch 12/112
 - 42s - loss: 0.1615 - acc: 0.9350 - val_loss: 0.1563 - val_acc: 0.9367
Epoch 13/112
 - 42s - loss: 0.1608 - acc: 0.9353 - val_loss: 0.1553 - val_acc: 0.9364
Epoch 14/112
 - 42s - loss: 0.1608 - acc: 0.9352 - val_loss: 0.1573 - val_acc: 0.9358
Epoch 15/112
 - 42s - loss: 0.1604 - acc: 0.9355 - val_loss: 0.1577 - val_acc: 0.9367
Epoch 16/112
 - 42s - loss: 0.1603 - acc: 0.9354 - val_loss: 0.1548 - val_acc: 0.9368
Epoch 17/112
 - 42s - loss: 0.1602 - acc: 0.9355 - val_loss: 0.1547 - val_acc: 0.9371
Epoch 18/112
 - 42s - loss: 0.1600 - acc: 0.9355 - val_loss: 0.1578 - val_acc: 0.9362
Epoch 19/112
 - 42s - loss: 0.1595 - acc: 0.9356 - val_loss: 0.1592 - val_acc: 0.9353
Epoch 20/112
 - 42s - loss: 0.1597 - acc: 0.9357 - val_loss: 0.1569 - val_acc: 0.9361
Epoch 21/112
 - 42s - loss: 0.1593 - acc: 0.9356 - val_loss: 0.1564 - val_acc: 0.9354
Epoch 22/112
 - 42s - loss: 0.1593 - acc: 0.9360 - val_loss: 0.1534 - val_acc: 0.9376
Epoch 23/112
 - 42s - loss: 0.1590 - acc: 0.9357 - val_loss: 0.1544 - val_acc: 0.9369
Epoch 24/112
 - 42s - loss: 0.1590 - acc: 0.9360 - val_loss: 0.1561 - val_acc: 0.9361
Epoch 25/112
 - 42s - loss: 0.1585 - acc: 0.9359 - val_loss: 0.1572 - val_acc: 0.9355
Epoch 26/112
 - 42s - loss: 0.1587 - acc: 0.9361 - val_loss: 0.1546 - val_acc: 0.9368
Epoch 27/112
 - 42s - loss: 0.1586 - acc: 0.9361 - val_loss: 0.1549 - val_acc: 0.9368
Epoch 28/112
 - 42s - loss: 0.1582 - acc: 0.9361 - val_loss: 0.1553 - val_acc: 0.9363
Epoch 29/112
 - 42s - loss: 0.1584 - acc: 0.9361 - val_loss: 0.1556 - val_acc: 0.9368
Epoch 30/112
 - 42s - loss: 0.1581 - acc: 0.9362 - val_loss: 0.1573 - val_acc: 0.9356
Epoch 31/112
 - 42s - loss: 0.1582 - acc: 0.9363 - val_loss: 0.1549 - val_acc: 0.9369
Epoch 32/112
 - 42s - loss: 0.1584 - acc: 0.9364 - val_loss: 0.1558 - val_acc: 0.9372
Epoch 33/112
 - 42s - loss: 0.1584 - acc: 0.9364 - val_loss: 0.1579 - val_acc: 0.9358
Epoch 34/112
 - 42s - loss: 0.1581 - acc: 0.9362 - val_loss: 0.1544 - val_acc: 0.9368
Epoch 35/112
 - 42s - loss: 0.1576 - acc: 0.9366 - val_loss: 0.1539 - val_acc: 0.9369
Epoch 36/112
 - 42s - loss: 0.1576 - acc: 0.9366 - val_loss: 0.1562 - val_acc: 0.9361
Epoch 37/112
 - 42s - loss: 0.1575 - acc: 0.9365 - val_loss: 0.1542 - val_acc: 0.9373
Epoch 38/112
 - 42s - loss: 0.1576 - acc: 0.9366 - val_loss: 0.1566 - val_acc: 0.9360
Epoch 39/112
 - 42s - loss: 0.1578 - acc: 0.9365 - val_loss: 0.1544 - val_acc: 0.9371
Epoch 40/112
 - 42s - loss: 0.1575 - acc: 0.9364 - val_loss: 0.1551 - val_acc: 0.9364
Epoch 41/112
 - 42s - loss: 0.1574 - acc: 0.9364 - val_loss: 0.1532 - val_acc: 0.9372
Epoch 42/112
 - 42s - loss: 0.1574 - acc: 0.9366 - val_loss: 0.1551 - val_acc: 0.9373
Epoch 43/112
 - 42s - loss: 0.1577 - acc: 0.9365 - val_loss: 0.1544 - val_acc: 0.9364
Epoch 44/112
 - 42s - loss: 0.1572 - acc: 0.9365 - val_loss: 0.1528 - val_acc: 0.9377
Epoch 45/112
 - 42s - loss: 0.1573 - acc: 0.9369 - val_loss: 0.1549 - val_acc: 0.9368
Epoch 46/112
 - 42s - loss: 0.1570 - acc: 0.9367 - val_loss: 0.1544 - val_acc: 0.9372
Epoch 47/112
 - 42s - loss: 0.1576 - acc: 0.9367 - val_loss: 0.1532 - val_acc: 0.9375
Epoch 48/112
 - 42s - loss: 0.1572 - acc: 0.9367 - val_loss: 0.1560 - val_acc: 0.9363
Epoch 49/112
 - 42s - loss: 0.1571 - acc: 0.9366 - val_loss: 0.1548 - val_acc: 0.9369
Epoch 50/112
 - 42s - loss: 0.1570 - acc: 0.9369 - val_loss: 0.1553 - val_acc: 0.9355
Epoch 51/112
 - 42s - loss: 0.1568 - acc: 0.9368 - val_loss: 0.1537 - val_acc: 0.9377
Epoch 52/112
 - 42s - loss: 0.1570 - acc: 0.9370 - val_loss: 0.1558 - val_acc: 0.9367
Epoch 53/112
 - 42s - loss: 0.1570 - acc: 0.9367 - val_loss: 0.1536 - val_acc: 0.9369
Epoch 54/112
 - 42s - loss: 0.1571 - acc: 0.9369 - val_loss: 0.1531 - val_acc: 0.9375
Epoch 55/112
 - 42s - loss: 0.1572 - acc: 0.9368 - val_loss: 0.1554 - val_acc: 0.9370
Epoch 56/112
 - 42s - loss: 0.1568 - acc: 0.9371 - val_loss: 0.1545 - val_acc: 0.9370
Epoch 57/112
 - 42s - loss: 0.1568 - acc: 0.9367 - val_loss: 0.1542 - val_acc: 0.9373
Epoch 58/112
 - 42s - loss: 0.1569 - acc: 0.9367 - val_loss: 0.1542 - val_acc: 0.9374
Epoch 59/112
 - 42s - loss: 0.1564 - acc: 0.9369 - val_loss: 0.1539 - val_acc: 0.9373
Epoch 60/112
 - 42s - loss: 0.1566 - acc: 0.9370 - val_loss: 0.1561 - val_acc: 0.9366
Epoch 61/112
 - 42s - loss: 0.1568 - acc: 0.9368 - val_loss: 0.1534 - val_acc: 0.9379
Epoch 62/112
 - 42s - loss: 0.1566 - acc: 0.9369 - val_loss: 0.1538 - val_acc: 0.9370
Epoch 63/112
 - 42s - loss: 0.1565 - acc: 0.9370 - val_loss: 0.1528 - val_acc: 0.9377
Epoch 64/112
 - 42s - loss: 0.1565 - acc: 0.9370 - val_loss: 0.1549 - val_acc: 0.9373
Epoch 65/112
 - 42s - loss: 0.1568 - acc: 0.9369 - val_loss: 0.1540 - val_acc: 0.9378
Epoch 66/112
 - 42s - loss: 0.1565 - acc: 0.9371 - val_loss: 0.1536 - val_acc: 0.9374
Epoch 67/112
 - 42s - loss: 0.1568 - acc: 0.9369 - val_loss: 0.1527 - val_acc: 0.9371
Epoch 68/112
 - 42s - loss: 0.1565 - acc: 0.9368 - val_loss: 0.1525 - val_acc: 0.9379
Epoch 69/112
 - 42s - loss: 0.1565 - acc: 0.9369 - val_loss: 0.1520 - val_acc: 0.9383
Epoch 70/112
 - 42s - loss: 0.1562 - acc: 0.9371 - val_loss: 0.1536 - val_acc: 0.9375
Epoch 71/112
 - 42s - loss: 0.1564 - acc: 0.9371 - val_loss: 0.1543 - val_acc: 0.9374
Epoch 72/112
 - 42s - loss: 0.1563 - acc: 0.9372 - val_loss: 0.1537 - val_acc: 0.9381
Epoch 73/112
 - 42s - loss: 0.1560 - acc: 0.9372 - val_loss: 0.1535 - val_acc: 0.9371
Epoch 74/112
 - 42s - loss: 0.1562 - acc: 0.9372 - val_loss: 0.1546 - val_acc: 0.9368
Epoch 75/112
 - 42s - loss: 0.1563 - acc: 0.9372 - val_loss: 0.1533 - val_acc: 0.9375
Epoch 76/112
 - 42s - loss: 0.1562 - acc: 0.9371 - val_loss: 0.1525 - val_acc: 0.9377
Epoch 77/112
 - 42s - loss: 0.1558 - acc: 0.9373 - val_loss: 0.1545 - val_acc: 0.9373
Epoch 78/112
 - 42s - loss: 0.1559 - acc: 0.9373 - val_loss: 0.1533 - val_acc: 0.9377
Epoch 79/112
 - 42s - loss: 0.1563 - acc: 0.9370 - val_loss: 0.1527 - val_acc: 0.9381
Epoch 80/112
 - 42s - loss: 0.1564 - acc: 0.9371 - val_loss: 0.1533 - val_acc: 0.9376
Epoch 81/112
 - 42s - loss: 0.1562 - acc: 0.9370 - val_loss: 0.1539 - val_acc: 0.9372
Epoch 82/112
 - 42s - loss: 0.1561 - acc: 0.9371 - val_loss: 0.1516 - val_acc: 0.9387
Epoch 83/112
 - 42s - loss: 0.1560 - acc: 0.9372 - val_loss: 0.1543 - val_acc: 0.9368
Epoch 84/112
 - 42s - loss: 0.1561 - acc: 0.9370 - val_loss: 0.1532 - val_acc: 0.9377
Epoch 85/112
 - 42s - loss: 0.1561 - acc: 0.9373 - val_loss: 0.1530 - val_acc: 0.9377
Epoch 86/112
 - 42s - loss: 0.1564 - acc: 0.9372 - val_loss: 0.1518 - val_acc: 0.9381
Epoch 87/112
 - 42s - loss: 0.1557 - acc: 0.9373 - val_loss: 0.1534 - val_acc: 0.9375
Epoch 88/112
 - 42s - loss: 0.1561 - acc: 0.9373 - val_loss: 0.1550 - val_acc: 0.9366
Epoch 89/112
 - 42s - loss: 0.1561 - acc: 0.9373 - val_loss: 0.1536 - val_acc: 0.9380
Epoch 90/112
 - 42s - loss: 0.1558 - acc: 0.9373 - val_loss: 0.1527 - val_acc: 0.9378
Epoch 91/112
 - 42s - loss: 0.1560 - acc: 0.9372 - val_loss: 0.1528 - val_acc: 0.9377
Epoch 92/112
 - 42s - loss: 0.1560 - acc: 0.9372 - val_loss: 0.1532 - val_acc: 0.9376
Epoch 93/112
 - 42s - loss: 0.1558 - acc: 0.9372 - val_loss: 0.1526 - val_acc: 0.9377
Epoch 94/112
 - 42s - loss: 0.1558 - acc: 0.9375 - val_loss: 0.1525 - val_acc: 0.9377
Epoch 95/112
 - 42s - loss: 0.1559 - acc: 0.9374 - val_loss: 0.1545 - val_acc: 0.9366
Epoch 96/112
 - 42s - loss: 0.1560 - acc: 0.9373 - val_loss: 0.1530 - val_acc: 0.9375
Epoch 97/112
 - 42s - loss: 0.1555 - acc: 0.9372 - val_loss: 0.1525 - val_acc: 0.9381
Epoch 98/112
 - 42s - loss: 0.1559 - acc: 0.9373 - val_loss: 0.1540 - val_acc: 0.9380
Epoch 99/112
 - 42s - loss: 0.1561 - acc: 0.9373 - val_loss: 0.1531 - val_acc: 0.9378
Epoch 100/112
 - 42s - loss: 0.1560 - acc: 0.9372 - val_loss: 0.1523 - val_acc: 0.9378
Epoch 101/112
 - 42s - loss: 0.1557 - acc: 0.9374 - val_loss: 0.1537 - val_acc: 0.9376
Epoch 102/112
 - 42s - loss: 0.1558 - acc: 0.9374 - val_loss: 0.1534 - val_acc: 0.9374
Epoch 103/112
 - 42s - loss: 0.1559 - acc: 0.9373 - val_loss: 0.1526 - val_acc: 0.9374
Epoch 104/112
 - 42s - loss: 0.1554 - acc: 0.9378 - val_loss: 0.1515 - val_acc: 0.9385
Epoch 105/112
 - 42s - loss: 0.1559 - acc: 0.9373 - val_loss: 0.1531 - val_acc: 0.9374
Epoch 106/112
 - 42s - loss: 0.1554 - acc: 0.9373 - val_loss: 0.1540 - val_acc: 0.9375
Epoch 107/112
 - 42s - loss: 0.1557 - acc: 0.9374 - val_loss: 0.1534 - val_acc: 0.9378
Epoch 108/112
 - 42s - loss: 0.1556 - acc: 0.9374 - val_loss: 0.1532 - val_acc: 0.9381
Epoch 109/112
 - 42s - loss: 0.1557 - acc: 0.9375 - val_loss: 0.1543 - val_acc: 0.9375
Epoch 110/112
 - 42s - loss: 0.1558 - acc: 0.9371 - val_loss: 0.1569 - val_acc: 0.9365
Epoch 111/112
 - 42s - loss: 0.1555 - acc: 0.9373 - val_loss: 0.1532 - val_acc: 0.9379
Epoch 112/112
 - 42s - loss: 0.1558 - acc: 0.9373 - val_loss: 0.1544 - val_acc: 0.9371
Test accuracy: 0.93713
Train on 900000 samples, validate on 100000 samples
Epoch 1/92
 - 243s - loss: 0.3214 - acc: 0.8757 - val_loss: 0.2989 - val_acc: 0.8848
Epoch 2/92
 - 241s - loss: 0.3240 - acc: 0.8784 - val_loss: 0.2365 - val_acc: 0.9066
Epoch 3/92
 - 241s - loss: 0.3329 - acc: 0.8780 - val_loss: 0.3054 - val_acc: 0.8498
Epoch 4/92
 - 242s - loss: 0.3378 - acc: 0.8780 - val_loss: 0.3196 - val_acc: 0.8804
Epoch 5/92
 - 243s - loss: 0.3426 - acc: 0.8770 - val_loss: 0.3228 - val_acc: 0.8895
Epoch 6/92
 - 243s - loss: 0.3468 - acc: 0.8769 - val_loss: 0.3313 - val_acc: 0.8969
Epoch 7/92
 - 242s - loss: 0.3468 - acc: 0.8769 - val_loss: 0.4653 - val_acc: 0.8125
Epoch 8/92
 - 242s - loss: 0.3469 - acc: 0.8772 - val_loss: 0.3346 - val_acc: 0.8853
Epoch 9/92
 - 241s - loss: 0.3537 - acc: 0.8766 - val_loss: 0.3016 - val_acc: 0.8774
Epoch 10/92
 - 241s - loss: 0.3640 - acc: 0.8753 - val_loss: 0.4717 - val_acc: 0.7586
Epoch 11/92
 - 241s - loss: 0.3553 - acc: 0.8768 - val_loss: 0.3176 - val_acc: 0.8524
Epoch 12/92
 - 241s - loss: 0.3558 - acc: 0.8769 - val_loss: 0.4362 - val_acc: 0.8463
Epoch 13/92
 - 241s - loss: 0.3556 - acc: 0.8769 - val_loss: 0.3890 - val_acc: 0.8709
Epoch 14/92
 - 241s - loss: 0.3598 - acc: 0.8769 - val_loss: 0.3382 - val_acc: 0.8279
Epoch 15/92
 - 241s - loss: 0.3565 - acc: 0.8773 - val_loss: 0.3511 - val_acc: 0.8225
Epoch 16/92
 - 241s - loss: 0.3583 - acc: 0.8780 - val_loss: 0.4092 - val_acc: 0.8954
Epoch 17/92
 - 241s - loss: 0.3595 - acc: 0.8776 - val_loss: 0.5190 - val_acc: 0.8187
Epoch 18/92
 - 241s - loss: 0.3596 - acc: 0.8771 - val_loss: 0.2970 - val_acc: 0.9062
Epoch 19/92
 - 241s - loss: 0.3717 - acc: 0.8764 - val_loss: 0.3177 - val_acc: 0.8721
Epoch 20/92
 - 242s - loss: 0.3714 - acc: 0.8763 - val_loss: 0.2966 - val_acc: 0.8614
Epoch 21/92
 - 242s - loss: 0.3704 - acc: 0.8765 - val_loss: 0.3925 - val_acc: 0.8472
Epoch 22/92
 - 242s - loss: 0.3701 - acc: 0.8758 - val_loss: 0.3279 - val_acc: 0.8747
Epoch 23/92
 - 241s - loss: 0.3687 - acc: 0.8764 - val_loss: 0.2944 - val_acc: 0.8844
Epoch 24/92
 - 242s - loss: 0.3745 - acc: 0.8758 - val_loss: 0.3551 - val_acc: 0.8164
Epoch 25/92
 - 242s - loss: 0.3699 - acc: 0.8764 - val_loss: 0.3367 - val_acc: 0.8337
Epoch 26/92
 - 242s - loss: 0.3827 - acc: 0.8754 - val_loss: 0.3482 - val_acc: 0.8241
Epoch 27/92
 - 242s - loss: 0.3763 - acc: 0.8760 - val_loss: 0.3351 - val_acc: 0.8309
Epoch 28/92
 - 242s - loss: 0.3754 - acc: 0.8758 - val_loss: 0.3037 - val_acc: 0.8590
Epoch 29/92
 - 242s - loss: 0.3790 - acc: 0.8753 - val_loss: 0.3161 - val_acc: 0.8468
Epoch 30/92
 - 242s - loss: 0.4256 - acc: 0.8725 - val_loss: 0.3593 - val_acc: 0.8818
Epoch 31/92
 - 242s - loss: 0.4045 - acc: 0.8737 - val_loss: 0.3099 - val_acc: 0.8868
Epoch 32/92
 - 242s - loss: 0.4074 - acc: 0.8736 - val_loss: 0.3365 - val_acc: 0.8928
Epoch 33/92
 - 242s - loss: 0.3728 - acc: 0.8755 - val_loss: 0.3998 - val_acc: 0.8642
Epoch 34/92
 - 242s - loss: 0.3915 - acc: 0.8749 - val_loss: 0.3265 - val_acc: 0.8353
Epoch 35/92
 - 242s - loss: 0.3814 - acc: 0.8750 - val_loss: 0.5245 - val_acc: 0.7493
Epoch 36/92
 - 242s - loss: 0.3844 - acc: 0.8752 - val_loss: 0.3230 - val_acc: 0.8736
Epoch 37/92
 - 241s - loss: 0.3904 - acc: 0.8752 - val_loss: 0.3606 - val_acc: 0.8495
Epoch 38/92
 - 248s - loss: 1.0314 - acc: 0.8495 - val_loss: 0.3017 - val_acc: 0.9081
Epoch 39/92
 - 242s - loss: 0.3817 - acc: 0.8751 - val_loss: 0.4131 - val_acc: 0.7732
Epoch 40/92
 - 241s - loss: 0.3859 - acc: 0.8750 - val_loss: 0.3513 - val_acc: 0.8197
Epoch 41/92
 - 242s - loss: 0.4356 - acc: 0.8727 - val_loss: 2.0092 - val_acc: 0.7360
Epoch 42/92
 - 243s - loss: 0.6740 - acc: 0.8607 - val_loss: 0.3203 - val_acc: 0.9047
Epoch 43/92
 - 242s - loss: 0.4550 - acc: 0.8713 - val_loss: 0.3254 - val_acc: 0.9062
Epoch 44/92
 - 242s - loss: 0.3889 - acc: 0.8745 - val_loss: 0.4394 - val_acc: 0.7741
Epoch 45/92
 - 241s - loss: 0.3930 - acc: 0.8747 - val_loss: 0.4027 - val_acc: 0.8152
Epoch 46/92
 - 241s - loss: 0.3994 - acc: 0.8743 - val_loss: 0.3114 - val_acc: 0.8596
Epoch 47/92
 - 241s - loss: 0.3893 - acc: 0.8747 - val_loss: 0.4713 - val_acc: 0.7753
Epoch 48/92
 - 241s - loss: 0.4065 - acc: 0.8737 - val_loss: 1.2338 - val_acc: 0.7515
Epoch 49/92
 - 241s - loss: 0.3955 - acc: 0.8742 - val_loss: 0.3060 - val_acc: 0.8792
Epoch 50/92
 - 242s - loss: 0.4020 - acc: 0.8739 - val_loss: 0.4696 - val_acc: 0.7796
Epoch 51/92
 - 241s - loss: 0.3969 - acc: 0.8735 - val_loss: 0.3762 - val_acc: 0.7843
Epoch 52/92
 - 241s - loss: 0.3964 - acc: 0.8739 - val_loss: 0.3476 - val_acc: 0.9047
Epoch 53/92
 - 242s - loss: 0.4446 - acc: 0.8715 - val_loss: 0.3204 - val_acc: 0.9041
Epoch 54/92
 - 242s - loss: 0.3953 - acc: 0.8741 - val_loss: 0.3812 - val_acc: 0.7854
Epoch 55/92
 - 241s - loss: 0.4002 - acc: 0.8740 - val_loss: 0.3544 - val_acc: 0.7924
Epoch 56/92
 - 242s - loss: 0.4505 - acc: 0.8718 - val_loss: 0.3091 - val_acc: 0.9024
Epoch 57/92
 - 242s - loss: 0.4038 - acc: 0.8733 - val_loss: 0.3305 - val_acc: 0.8992
Epoch 58/92
 - 242s - loss: 0.7952 - acc: 0.8524 - val_loss: 0.4897 - val_acc: 0.7895
Epoch 59/92
 - 241s - loss: 0.4085 - acc: 0.8729 - val_loss: 0.5370 - val_acc: 0.7825
Epoch 60/92
 - 241s - loss: 0.8738 - acc: 0.8480 - val_loss: 0.3075 - val_acc: 0.8803
Epoch 61/92
 - 241s - loss: 0.4081 - acc: 0.8703 - val_loss: 0.3084 - val_acc: 0.9033
Epoch 62/92
 - 241s - loss: 0.4410 - acc: 0.8720 - val_loss: 0.3339 - val_acc: 0.8414
Epoch 63/92
 - 242s - loss: 0.5090 - acc: 0.8675 - val_loss: 0.5121 - val_acc: 0.7788
Epoch 64/92
 - 241s - loss: 0.4120 - acc: 0.8728 - val_loss: 0.3380 - val_acc: 0.7979
Epoch 65/92
 - 241s - loss: 0.4421 - acc: 0.8714 - val_loss: 0.4159 - val_acc: 0.7635
Epoch 66/92
 - 242s - loss: 0.4191 - acc: 0.8712 - val_loss: 0.3396 - val_acc: 0.8132
Epoch 67/92
 - 241s - loss: 0.4625 - acc: 0.8693 - val_loss: 0.3281 - val_acc: 0.8535
Epoch 68/92
 - 241s - loss: 0.5280 - acc: 0.8668 - val_loss: 0.3571 - val_acc: 0.8780
Epoch 69/92
 - 241s - loss: 0.4018 - acc: 0.8733 - val_loss: 0.3789 - val_acc: 0.8588
Epoch 70/92
 - 241s - loss: 0.4493 - acc: 0.8706 - val_loss: 0.3719 - val_acc: 0.7845
Epoch 71/92
 - 241s - loss: 0.4310 - acc: 0.8711 - val_loss: 0.3583 - val_acc: 0.7822
Epoch 72/92
 - 241s - loss: 0.4140 - acc: 0.8720 - val_loss: 0.3569 - val_acc: 0.8841
Epoch 73/92
 - 241s - loss: 0.4378 - acc: 0.8701 - val_loss: 0.3331 - val_acc: 0.8995
Epoch 74/92
 - 241s - loss: 0.4549 - acc: 0.8707 - val_loss: 0.3670 - val_acc: 0.8080
Epoch 75/92
 - 241s - loss: 0.4356 - acc: 0.8717 - val_loss: 0.3014 - val_acc: 0.8858
Epoch 76/92
 - 242s - loss: 0.4171 - acc: 0.8706 - val_loss: 0.3815 - val_acc: 0.7703
Epoch 77/92
 - 242s - loss: 0.4205 - acc: 0.8713 - val_loss: 0.3262 - val_acc: 0.8547
Epoch 78/92
 - 241s - loss: 0.5229 - acc: 0.8653 - val_loss: 0.3272 - val_acc: 0.8873
Epoch 79/92
 - 243s - loss: 0.5400 - acc: 0.8694 - val_loss: 0.3236 - val_acc: 0.8896
Epoch 80/92
 - 242s - loss: 0.4390 - acc: 0.8700 - val_loss: 0.3448 - val_acc: 0.8222
Epoch 81/92
 - 243s - loss: 0.6918 - acc: 0.8560 - val_loss: 0.3027 - val_acc: 0.9011
Epoch 82/92
 - 243s - loss: 0.4219 - acc: 0.8701 - val_loss: 0.3768 - val_acc: 0.8629
Epoch 83/92
 - 243s - loss: 0.4231 - acc: 0.8708 - val_loss: 0.3104 - val_acc: 0.8984
Epoch 84/92
 - 243s - loss: 0.4250 - acc: 0.8701 - val_loss: 0.4310 - val_acc: 0.7939
Epoch 85/92
 - 243s - loss: 0.5087 - acc: 0.8667 - val_loss: 0.4268 - val_acc: 0.7886
Epoch 86/92
 - 243s - loss: 0.5081 - acc: 0.8680 - val_loss: 0.3850 - val_acc: 0.7913
Epoch 87/92
 - 243s - loss: 0.7084 - acc: 0.8557 - val_loss: 0.3492 - val_acc: 0.8990
Epoch 88/92
 - 243s - loss: 0.5940 - acc: 0.8618 - val_loss: 0.3736 - val_acc: 0.7967
Epoch 89/92
 - 243s - loss: 0.4278 - acc: 0.8691 - val_loss: 0.3469 - val_acc: 0.7963
Epoch 90/92
 - 243s - loss: 0.4916 - acc: 0.8666 - val_loss: 0.4231 - val_acc: 0.7943
Epoch 91/92
 - 245s - loss: 0.5336 - acc: 0.8702 - val_loss: 0.3483 - val_acc: 0.7987
Epoch 92/92
 - 245s - loss: 0.7263 - acc: 0.8550 - val_loss: 0.3372 - val_acc: 0.8243
Test accuracy: 0.82429
(900000,)
(100000,)
MaxAbs

(900000, 7)
(100000, 7)
Evalutation of best performing model:

    32/100000 [..............................] - ETA: 10s
  1088/100000 [..............................] - ETA: 4s 
  2176/100000 [..............................] - ETA: 4s
  3232/100000 [..............................] - ETA: 4s
  4320/100000 [>.............................] - ETA: 4s
  5408/100000 [>.............................] - ETA: 4s
  6496/100000 [>.............................] - ETA: 4s
  7584/100000 [=>............................] - ETA: 4s
  8640/100000 [=>............................] - ETA: 4s
  9728/100000 [=>............................] - ETA: 4s
 10816/100000 [==>...........................] - ETA: 4s
 11904/100000 [==>...........................] - ETA: 4s
 12992/100000 [==>...........................] - ETA: 4s
 14080/100000 [===>..........................] - ETA: 4s
 15168/100000 [===>..........................] - ETA: 3s
 16256/100000 [===>..........................] - ETA: 3s
 17344/100000 [====>.........................] - ETA: 3s
 18432/100000 [====>.........................] - ETA: 3s
 19520/100000 [====>.........................] - ETA: 3s
 20608/100000 [=====>........................] - ETA: 3s
 21696/100000 [=====>........................] - ETA: 3s
 22784/100000 [=====>........................] - ETA: 3s
 23872/100000 [======>.......................] - ETA: 3s
 24960/100000 [======>.......................] - ETA: 3s
 26048/100000 [======>.......................] - ETA: 3s
 27136/100000 [=======>......................] - ETA: 3s
 28224/100000 [=======>......................] - ETA: 3s
 29312/100000 [=======>......................] - ETA: 3s
 30400/100000 [========>.....................] - ETA: 3s
 31488/100000 [========>.....................] - ETA: 3s
 32544/100000 [========>.....................] - ETA: 3s
 33600/100000 [=========>....................] - ETA: 3s
 34624/100000 [=========>....................] - ETA: 3s
 35680/100000 [=========>....................] - ETA: 3s
 36736/100000 [==========>...................] - ETA: 2s
 37824/100000 [==========>...................] - ETA: 2s
 38912/100000 [==========>...................] - ETA: 2s
 40000/100000 [===========>..................] - ETA: 2s
 41056/100000 [===========>..................] - ETA: 2s
 42112/100000 [===========>..................] - ETA: 2s
 43136/100000 [===========>..................] - ETA: 2s
 44224/100000 [============>.................] - ETA: 2s
 45312/100000 [============>.................] - ETA: 2s
 46400/100000 [============>.................] - ETA: 2s
 47488/100000 [=============>................] - ETA: 2s
 48544/100000 [=============>................] - ETA: 2s
 49632/100000 [=============>................] - ETA: 2s
 50688/100000 [==============>...............] - ETA: 2s
 51776/100000 [==============>...............] - ETA: 2s
 52832/100000 [==============>...............] - ETA: 2s
 53856/100000 [===============>..............] - ETA: 2s
 54912/100000 [===============>..............] - ETA: 2s
 55936/100000 [===============>..............] - ETA: 2s
 56992/100000 [================>.............] - ETA: 2s
 58048/100000 [================>.............] - ETA: 1s
 59104/100000 [================>.............] - ETA: 1s
 60192/100000 [=================>............] - ETA: 1s
 61280/100000 [=================>............] - ETA: 1s
 62368/100000 [=================>............] - ETA: 1s
 63456/100000 [==================>...........] - ETA: 1s
 64544/100000 [==================>...........] - ETA: 1s
 65632/100000 [==================>...........] - ETA: 1s
 66688/100000 [===================>..........] - ETA: 1s
 67744/100000 [===================>..........] - ETA: 1s
 68768/100000 [===================>..........] - ETA: 1s
 69792/100000 [===================>..........] - ETA: 1s
 70848/100000 [====================>.........] - ETA: 1s
 71872/100000 [====================>.........] - ETA: 1s
 72896/100000 [====================>.........] - ETA: 1s
 73952/100000 [=====================>........] - ETA: 1s
 75040/100000 [=====================>........] - ETA: 1s
 76096/100000 [=====================>........] - ETA: 1s
 77152/100000 [======================>.......] - ETA: 1s
 78208/100000 [======================>.......] - ETA: 1s
 79264/100000 [======================>.......] - ETA: 0s
 80352/100000 [=======================>......] - ETA: 0s
 81408/100000 [=======================>......] - ETA: 0s
 82496/100000 [=======================>......] - ETA: 0s
 83552/100000 [========================>.....] - ETA: 0s
 84608/100000 [========================>.....] - ETA: 0s
 85664/100000 [========================>.....] - ETA: 0s
 86752/100000 [=========================>....] - ETA: 0s
 87808/100000 [=========================>....] - ETA: 0s
 88896/100000 [=========================>....] - ETA: 0s
 89952/100000 [=========================>....] - ETA: 0s
 91008/100000 [==========================>...] - ETA: 0s
 92032/100000 [==========================>...] - ETA: 0s
 93088/100000 [==========================>...] - ETA: 0s
 94176/100000 [===========================>..] - ETA: 0s
 95232/100000 [===========================>..] - ETA: 0s
 96288/100000 [===========================>..] - ETA: 0s
 97344/100000 [============================>.] - ETA: 0s
 98400/100000 [============================>.] - ETA: 0s
 99456/100000 [============================>.] - ETA: 0s
100000/100000 [==============================] - 5s 48us/step
['0.16842668237507344', '0.93004']
Best performing model chosen hyper-parameters:
{'Dense_2': 41, 'Dense_1': 128, 'Dense': 958, 'Activation': 0, 'batch_size': 2032, 'Dropout_1': 0.11245974166556161, 'add': 1, 'Dropout_2': 0.3207527760045966, 'add_1': 1, 'optimizer': 0, 'add_2': 2, 'epochs': 193, 'Dropout': 0.039825089762879906}
