Using TensorFlow backend.
2018-07-11 10:53:41.959017: I tensorflow/core/platform/cpu_feature_guard.cc:140] Your CPU supports instructions that this TensorFlow binary was not compiled to use: SSE4.1 SSE4.2 AVX AVX2 FMA
2018-07-11 10:53:42.450282: I tensorflow/core/common_runtime/gpu/gpu_device.cc:1356] Found device 0 with properties: 
name: Tesla P100-PCIE-16GB major: 6 minor: 0 memoryClockRate(GHz): 1.3285
pciBusID: 0000:08:00.0
totalMemory: 15.90GiB freeMemory: 15.61GiB
2018-07-11 10:53:42.689430: I tensorflow/core/common_runtime/gpu/gpu_device.cc:1356] Found device 1 with properties: 
name: Tesla P100-PCIE-16GB major: 6 minor: 0 memoryClockRate(GHz): 1.3285
pciBusID: 0000:0b:00.0
totalMemory: 15.90GiB freeMemory: 15.61GiB
2018-07-11 10:53:42.949673: I tensorflow/core/common_runtime/gpu/gpu_device.cc:1356] Found device 2 with properties: 
name: Tesla P100-PCIE-16GB major: 6 minor: 0 memoryClockRate(GHz): 1.3285
pciBusID: 0000:0e:00.0
totalMemory: 15.90GiB freeMemory: 15.61GiB
2018-07-11 10:53:43.218209: I tensorflow/core/common_runtime/gpu/gpu_device.cc:1356] Found device 3 with properties: 
name: Tesla P100-PCIE-16GB major: 6 minor: 0 memoryClockRate(GHz): 1.3285
pciBusID: 0000:11:00.0
totalMemory: 15.90GiB freeMemory: 15.61GiB
2018-07-11 10:53:43.493887: I tensorflow/core/common_runtime/gpu/gpu_device.cc:1356] Found device 4 with properties: 
name: Tesla P100-PCIE-16GB major: 6 minor: 0 memoryClockRate(GHz): 1.3285
pciBusID: 0000:16:00.0
totalMemory: 15.90GiB freeMemory: 15.61GiB
2018-07-11 10:53:43.787191: I tensorflow/core/common_runtime/gpu/gpu_device.cc:1356] Found device 5 with properties: 
name: Tesla P100-PCIE-16GB major: 6 minor: 0 memoryClockRate(GHz): 1.3285
pciBusID: 0000:19:00.0
totalMemory: 15.90GiB freeMemory: 15.61GiB
/var/spool/slurmd/job00247/slurm_script: line 3:  4911 Segmentation fault      (core dumped) python /home/rice/jmc32/DNN_for_Pt_Assignment-master/DNN_Hyperparameters/Hyperasexamplerun2.py
