Using TensorFlow backend.
2018-06-10 15:08:54.238747: I tensorflow/core/platform/cpu_feature_guard.cc:140] Your CPU supports instructions that this TensorFlow binary was not compiled to use: SSE4.1 SSE4.2 AVX AVX2 FMA
2018-06-10 15:08:55.060017: I tensorflow/core/common_runtime/gpu/gpu_device.cc:1356] Found device 0 with properties: 
name: Tesla P100-PCIE-16GB major: 6 minor: 0 memoryClockRate(GHz): 1.3285
pciBusID: 0000:08:00.0
totalMemory: 15.89GiB freeMemory: 15.60GiB
2018-06-10 15:08:55.543400: I tensorflow/core/common_runtime/gpu/gpu_device.cc:1356] Found device 1 with properties: 
name: Tesla P100-PCIE-16GB major: 6 minor: 0 memoryClockRate(GHz): 1.3285
pciBusID: 0000:0b:00.0
totalMemory: 15.89GiB freeMemory: 15.60GiB
2018-06-10 15:08:56.030505: I tensorflow/core/common_runtime/gpu/gpu_device.cc:1356] Found device 2 with properties: 
name: Tesla P100-PCIE-16GB major: 6 minor: 0 memoryClockRate(GHz): 1.3285
pciBusID: 0000:0e:00.0
totalMemory: 15.89GiB freeMemory: 15.60GiB
2018-06-10 15:08:56.516394: I tensorflow/core/common_runtime/gpu/gpu_device.cc:1356] Found device 3 with properties: 
name: Tesla P100-PCIE-16GB major: 6 minor: 0 memoryClockRate(GHz): 1.3285
pciBusID: 0000:11:00.0
totalMemory: 15.89GiB freeMemory: 15.60GiB
2018-06-10 15:08:57.030331: I tensorflow/core/common_runtime/gpu/gpu_device.cc:1356] Found device 4 with properties: 
name: Tesla P100-PCIE-16GB major: 6 minor: 0 memoryClockRate(GHz): 1.3285
pciBusID: 0000:16:00.0
totalMemory: 15.89GiB freeMemory: 15.60GiB
2018-06-10 15:08:57.550015: I tensorflow/core/common_runtime/gpu/gpu_device.cc:1356] Found device 5 with properties: 
name: Tesla P100-PCIE-16GB major: 6 minor: 0 memoryClockRate(GHz): 1.3285
pciBusID: 0000:19:00.0
totalMemory: 15.89GiB freeMemory: 15.60GiB
/var/spool/slurmd/job01318/slurm_script: line 3: 16787 Segmentation fault      (core dumped) python /home/rice/jmc32/DNN_for_Pt_Assignment-master/DNN_Hyperparameters/UCI_hyperparameters_test_Keras2_BONNER.py
