Using TensorFlow backend.
/home/rice/jmc32/anaconda2/envs/tensorflow-gpu/lib/python2.7/site-packages/keras/models.py:981: UserWarning: The `nb_epoch` argument in `fit` has been renamed `epochs`.
  warnings.warn('The `nb_epoch` argument in `fit` '
2018-07-02 11:01:24.713823: I tensorflow/core/platform/cpu_feature_guard.cc:140] Your CPU supports instructions that this TensorFlow binary was not compiled to use: SSE4.1 SSE4.2 AVX AVX2 FMA
2018-07-02 11:01:25.758076: I tensorflow/core/common_runtime/gpu/gpu_device.cc:1356] Found device 0 with properties: 
name: Tesla V100-PCIE-16GB major: 7 minor: 0 memoryClockRate(GHz): 1.38
pciBusID: 0000:05:00.0
totalMemory: 15.77GiB freeMemory: 15.35GiB
2018-07-02 11:01:26.431793: I tensorflow/core/common_runtime/gpu/gpu_device.cc:1356] Found device 1 with properties: 
name: Tesla V100-PCIE-16GB major: 7 minor: 0 memoryClockRate(GHz): 1.38
pciBusID: 0000:08:00.0
totalMemory: 15.77GiB freeMemory: 15.35GiB
2018-07-02 11:01:27.102178: I tensorflow/core/common_runtime/gpu/gpu_device.cc:1356] Found device 2 with properties: 
name: Tesla V100-PCIE-16GB major: 7 minor: 0 memoryClockRate(GHz): 1.38
pciBusID: 0000:0d:00.0
totalMemory: 15.77GiB freeMemory: 15.35GiB
2018-07-02 11:01:27.790375: I tensorflow/core/common_runtime/gpu/gpu_device.cc:1356] Found device 3 with properties: 
name: Tesla V100-PCIE-16GB major: 7 minor: 0 memoryClockRate(GHz): 1.38
pciBusID: 0000:13:00.0
totalMemory: 15.77GiB freeMemory: 15.35GiB
2018-07-02 11:01:28.484197: I tensorflow/core/common_runtime/gpu/gpu_device.cc:1356] Found device 4 with properties: 
name: Tesla V100-PCIE-16GB major: 7 minor: 0 memoryClockRate(GHz): 1.38
pciBusID: 0000:83:00.0
totalMemory: 15.77GiB freeMemory: 15.35GiB
2018-07-02 11:01:29.193284: I tensorflow/core/common_runtime/gpu/gpu_device.cc:1356] Found device 5 with properties: 
name: Tesla V100-PCIE-16GB major: 7 minor: 0 memoryClockRate(GHz): 1.38
pciBusID: 0000:89:00.0
totalMemory: 15.77GiB freeMemory: 15.35GiB
2018-07-02 11:01:29.926376: I tensorflow/core/common_runtime/gpu/gpu_device.cc:1356] Found device 6 with properties: 
name: Tesla V100-PCIE-16GB major: 7 minor: 0 memoryClockRate(GHz): 1.38
pciBusID: 0000:8e:00.0
totalMemory: 15.77GiB freeMemory: 15.35GiB
2018-07-02 11:01:30.674953: I tensorflow/core/common_runtime/gpu/gpu_device.cc:1356] Found device 7 with properties: 
name: Tesla V100-PCIE-16GB major: 7 minor: 0 memoryClockRate(GHz): 1.38
pciBusID: 0000:91:00.0
totalMemory: 15.77GiB freeMemory: 15.35GiB
2018-07-02 11:01:30.698735: I tensorflow/core/common_runtime/gpu/gpu_device.cc:1435] Adding visible gpu devices: 0, 1, 2, 3, 4, 5, 6, 7
2018-07-02 11:01:34.084437: I tensorflow/core/common_runtime/gpu/gpu_device.cc:923] Device interconnect StreamExecutor with strength 1 edge matrix:
2018-07-02 11:01:34.084772: I tensorflow/core/common_runtime/gpu/gpu_device.cc:929]      0 1 2 3 4 5 6 7 
2018-07-02 11:01:34.084788: I tensorflow/core/common_runtime/gpu/gpu_device.cc:942] 0:   N Y Y Y N N N N 
2018-07-02 11:01:34.084796: I tensorflow/core/common_runtime/gpu/gpu_device.cc:942] 1:   Y N Y Y N N N N 
2018-07-02 11:01:34.084803: I tensorflow/core/common_runtime/gpu/gpu_device.cc:942] 2:   Y Y N Y N N N N 
2018-07-02 11:01:34.084810: I tensorflow/core/common_runtime/gpu/gpu_device.cc:942] 3:   Y Y Y N N N N N 
2018-07-02 11:01:34.084818: I tensorflow/core/common_runtime/gpu/gpu_device.cc:942] 4:   N N N N N Y Y Y 
2018-07-02 11:01:34.084825: I tensorflow/core/common_runtime/gpu/gpu_device.cc:942] 5:   N N N N Y N Y Y 
2018-07-02 11:01:34.084832: I tensorflow/core/common_runtime/gpu/gpu_device.cc:942] 6:   N N N N Y Y N Y 
2018-07-02 11:01:34.084839: I tensorflow/core/common_runtime/gpu/gpu_device.cc:942] 7:   N N N N Y Y Y N 
2018-07-02 11:01:34.088243: I tensorflow/core/common_runtime/gpu/gpu_device.cc:1053] Created TensorFlow device (/job:localhost/replica:0/task:0/device:GPU:0 with 14866 MB memory) -> physical GPU (device: 0, name: Tesla V100-PCIE-16GB, pci bus id: 0000:05:00.0, compute capability: 7.0)
2018-07-02 11:01:34.268310: I tensorflow/core/common_runtime/gpu/gpu_device.cc:1053] Created TensorFlow device (/job:localhost/replica:0/task:0/device:GPU:1 with 14866 MB memory) -> physical GPU (device: 1, name: Tesla V100-PCIE-16GB, pci bus id: 0000:08:00.0, compute capability: 7.0)
2018-07-02 11:01:34.433043: I tensorflow/core/common_runtime/gpu/gpu_device.cc:1053] Created TensorFlow device (/job:localhost/replica:0/task:0/device:GPU:2 with 14866 MB memory) -> physical GPU (device: 2, name: Tesla V100-PCIE-16GB, pci bus id: 0000:0d:00.0, compute capability: 7.0)
2018-07-02 11:01:34.608504: I tensorflow/core/common_runtime/gpu/gpu_device.cc:1053] Created TensorFlow device (/job:localhost/replica:0/task:0/device:GPU:3 with 14866 MB memory) -> physical GPU (device: 3, name: Tesla V100-PCIE-16GB, pci bus id: 0000:13:00.0, compute capability: 7.0)
2018-07-02 11:01:34.784952: I tensorflow/core/common_runtime/gpu/gpu_device.cc:1053] Created TensorFlow device (/job:localhost/replica:0/task:0/device:GPU:4 with 14866 MB memory) -> physical GPU (device: 4, name: Tesla V100-PCIE-16GB, pci bus id: 0000:83:00.0, compute capability: 7.0)
2018-07-02 11:01:34.962402: I tensorflow/core/common_runtime/gpu/gpu_device.cc:1053] Created TensorFlow device (/job:localhost/replica:0/task:0/device:GPU:5 with 14866 MB memory) -> physical GPU (device: 5, name: Tesla V100-PCIE-16GB, pci bus id: 0000:89:00.0, compute capability: 7.0)
2018-07-02 11:01:35.136120: I tensorflow/core/common_runtime/gpu/gpu_device.cc:1053] Created TensorFlow device (/job:localhost/replica:0/task:0/device:GPU:6 with 14866 MB memory) -> physical GPU (device: 6, name: Tesla V100-PCIE-16GB, pci bus id: 0000:8e:00.0, compute capability: 7.0)
2018-07-02 11:01:35.304262: I tensorflow/core/common_runtime/gpu/gpu_device.cc:1053] Created TensorFlow device (/job:localhost/replica:0/task:0/device:GPU:7 with 14866 MB memory) -> physical GPU (device: 7, name: Tesla V100-PCIE-16GB, pci bus id: 0000:91:00.0, compute capability: 7.0)
MaxAbs

Epoch 1/2
 - 42s - loss: 0.2080 - acc: 0.9155
Epoch 2/2
 - 31s - loss: 0.1737 - acc: 0.9300


AUC: 0.930908
Done
('True negative total is ', 39837, 'out of', 100000)
('True positive total is ', 53468)
('False negative total is ', 2958)
('False positive total is ', 3737)
('Any missed ones? ', 0)
