Using TensorFlow backend.
2018-07-10 16:11:20.456692: I tensorflow/core/platform/cpu_feature_guard.cc:140] Your CPU supports instructions that this TensorFlow binary was not compiled to use: SSE4.1 SSE4.2 AVX AVX2 FMA
2018-07-10 16:11:21.028422: I tensorflow/core/common_runtime/gpu/gpu_device.cc:1356] Found device 0 with properties: 
name: Tesla P100-PCIE-16GB major: 6 minor: 0 memoryClockRate(GHz): 1.3285
pciBusID: 0000:08:00.0
totalMemory: 15.90GiB freeMemory: 15.61GiB
2018-07-10 16:11:21.343902: I tensorflow/core/common_runtime/gpu/gpu_device.cc:1356] Found device 1 with properties: 
name: Tesla P100-PCIE-16GB major: 6 minor: 0 memoryClockRate(GHz): 1.3285
pciBusID: 0000:0b:00.0
totalMemory: 15.90GiB freeMemory: 15.61GiB
2018-07-10 16:11:21.635378: I tensorflow/core/common_runtime/gpu/gpu_device.cc:1356] Found device 2 with properties: 
name: Tesla P100-PCIE-16GB major: 6 minor: 0 memoryClockRate(GHz): 1.3285
pciBusID: 0000:0e:00.0
totalMemory: 15.90GiB freeMemory: 15.61GiB
2018-07-10 16:11:21.903198: I tensorflow/core/common_runtime/gpu/gpu_device.cc:1356] Found device 3 with properties: 
name: Tesla P100-PCIE-16GB major: 6 minor: 0 memoryClockRate(GHz): 1.3285
pciBusID: 0000:11:00.0
totalMemory: 15.90GiB freeMemory: 15.61GiB
2018-07-10 16:11:22.190624: I tensorflow/core/common_runtime/gpu/gpu_device.cc:1356] Found device 4 with properties: 
name: Tesla P100-PCIE-16GB major: 6 minor: 0 memoryClockRate(GHz): 1.3285
pciBusID: 0000:16:00.0
totalMemory: 15.90GiB freeMemory: 15.61GiB
2018-07-10 16:11:22.486542: I tensorflow/core/common_runtime/gpu/gpu_device.cc:1356] Found device 5 with properties: 
name: Tesla P100-PCIE-16GB major: 6 minor: 0 memoryClockRate(GHz): 1.3285
pciBusID: 0000:19:00.0
totalMemory: 15.90GiB freeMemory: 15.61GiB
/var/spool/slurmd/job00233/slurm_script: line 5:  4991 Segmentation fault      (core dumped) python /home/rice/jmc32/DNN_for_Pt_Assignment-master/DNN_Hyperparameters/TestandTrain1NetConfig1AI.py
('True negative total is ', 43579, 'out of', 100000)
('True positive total is ', 7)
('False negative total is ', 56412)
('False positive total is ', 2)
('Any missed ones? ', 0)
